[0.040s] Invoking command in '/home/tazimo/tazimo_ws/build/sllidar_ros2': CMAKE_PREFIX_PATH=/opt/ros/humble /usr/bin/cmake --build /home/tazimo/tazimo_ws/build/sllidar_ros2 -- -j4 -l4
[0.790s] [ 10%] Built target sllidar_client
[0.812s] [100%] Built target sllidar_node
[0.863s] Invoked command in '/home/tazimo/tazimo_ws/build/sllidar_ros2' returned '0': CMAKE_PREFIX_PATH=/opt/ros/humble /usr/bin/cmake --build /home/tazimo/tazimo_ws/build/sllidar_ros2 -- -j4 -l4
[0.876s] Invoking command in '/home/tazimo/tazimo_ws/build/sllidar_ros2': CMAKE_PREFIX_PATH=/opt/ros/humble /usr/bin/cmake --install /home/tazimo/tazimo_ws/build/sllidar_ros2
[0.917s] -- Install configuration: ""
[0.920s] -- Execute custom install script
[0.924s] -- Up-to-date symlink: /home/tazimo/tazimo_ws/install/sllidar_ros2/share/sllidar_ros2/launch/sllidar_a1_launch.py
[0.926s] -- Up-to-date symlink: /home/tazimo/tazimo_ws/install/sllidar_ros2/share/sllidar_ros2/launch/sllidar_a2m12_launch .py
[0.929s] -- Up-to-date symlink: /home/tazimo/tazimo_ws/install/sllidar_ros2/share/sllidar_ros2/launch/sllidar_a2m7_launch.py
[0.930s] -- Up-to-date symlink: /home/tazimo/tazimo_ws/install/sllidar_ros2/share/sllidar_ros2/launch/sllidar_a2m8_launch.py
[0.930s] -- Up-to-date symlink: /home/tazimo/tazimo_ws/install/sllidar_ros2/share/sllidar_ros2/launch/sllidar_a3_launch.py
[0.933s] -- Up-to-date symlink: /home/tazimo/tazimo_ws/install/sllidar_ros2/share/sllidar_ros2/launch/sllidar_c1_launch.py
[0.936s] -- Up-to-date symlink: /home/tazimo/tazimo_ws/install/sllidar_ros2/share/sllidar_ros2/launch/sllidar_s1_launch.py
[0.938s] -- Up-to-date symlink: /home/tazimo/tazimo_ws/install/sllidar_ros2/share/sllidar_ros2/launch/sllidar_s1_tcp_launch.py
[0.939s] -- Up-to-date symlink: /home/tazimo/tazimo_ws/install/sllidar_ros2/share/sllidar_ros2/launch/sllidar_s2_launch.py
[0.941s] -- Up-to-date symlink: /home/tazimo/tazimo_ws/install/sllidar_ros2/share/sllidar_ros2/launch/sllidar_s2e_launch.py
[0.943s] -- Up-to-date symlink: /home/tazimo/tazimo_ws/install/sllidar_ros2/share/sllidar_ros2/launch/sllidar_s3_launch.py
[0.945s] -- Up-to-date symlink: /home/tazimo/tazimo_ws/install/sllidar_ros2/share/sllidar_ros2/launch/sllidar_t1_launch.py
[0.953s] -- Up-to-date symlink: /home/tazimo/tazimo_ws/install/sllidar_ros2/share/sllidar_ros2/launch/view_sllidar_a1_launch.py
[0.954s] -- Up-to-date symlink: /home/tazimo/tazimo_ws/install/sllidar_ros2/share/sllidar_ros2/launch/view_sllidar_a2m12_launch.py
[0.954s] -- Up-to-date symlink: /home/tazimo/tazimo_ws/install/sllidar_ros2/share/sllidar_ros2/launch/view_sllidar_a2m7_launch.py
[0.957s] -- Up-to-date symlink: /home/tazimo/tazimo_ws/install/sllidar_ros2/share/sllidar_ros2/launch/view_sllidar_a2m8_launch.py
[0.958s] -- Up-to-date symlink: /home/tazimo/tazimo_ws/install/sllidar_ros2/share/sllidar_ros2/launch/view_sllidar_a3_launch.py
[0.958s] -- Up-to-date symlink: /home/tazimo/tazimo_ws/install/sllidar_ros2/share/sllidar_ros2/launch/view_sllidar_c1_launch.py
[0.965s] -- Up-to-date symlink: /home/tazimo/tazimo_ws/install/sllidar_ros2/share/sllidar_ros2/launch/view_sllidar_s1_launch.py
[0.965s] -- Up-to-date symlink: /home/tazimo/tazimo_ws/install/sllidar_ros2/share/sllidar_ros2/launch/view_sllidar_s1_tcp_launch.py
[0.968s] -- Up-to-date symlink: /home/tazimo/tazimo_ws/install/sllidar_ros2/share/sllidar_ros2/launch/view_sllidar_s2_launch.py
[0.970s] -- Up-to-date symlink: /home/tazimo/tazimo_ws/install/sllidar_ros2/share/sllidar_ros2/launch/view_sllidar_s2e_launch.py
[0.977s] -- Up-to-date symlink: /home/tazimo/tazimo_ws/install/sllidar_ros2/share/sllidar_ros2/launch/view_sllidar_s3_launch.py
[0.977s] -- Up-to-date symlink: /home/tazimo/tazimo_ws/install/sllidar_ros2/share/sllidar_ros2/launch/view_sllidar_t1_launch.py
[0.978s] -- Up-to-date symlink: /home/tazimo/tazimo_ws/install/sllidar_ros2/share/sllidar_ros2/rviz/sllidar_ros2.rviz
[0.979s] -- Up-to-date symlink: /home/tazimo/tazimo_ws/install/sllidar_ros2/lib/sllidar_ros2/sllidar_node
[0.979s] -- Up-to-date symlink: /home/tazimo/tazimo_ws/install/sllidar_ros2/lib/sllidar_ros2/sllidar_client
[0.980s] -- Up-to-date symlink: /home/tazimo/tazimo_ws/install/sllidar_ros2/share/ament_index/resource_index/package_run_dependencies/sllidar_ros2
[0.980s] -- Up-to-date symlink: /home/tazimo/tazimo_ws/install/sllidar_ros2/share/ament_index/resource_index/parent_prefix_path/sllidar_ros2
[0.981s] -- Up-to-date symlink: /home/tazimo/tazimo_ws/install/sllidar_ros2/share/sllidar_ros2/environment/ament_prefix_path.sh
[0.982s] -- Up-to-date symlink: /home/tazimo/tazimo_ws/install/sllidar_ros2/share/sllidar_ros2/environment/ament_prefix_path.dsv
[0.982s] -- Up-to-date symlink: /home/tazimo/tazimo_ws/install/sllidar_ros2/share/sllidar_ros2/environment/path.sh
[0.983s] -- Up-to-date symlink: /home/tazimo/tazimo_ws/install/sllidar_ros2/share/sllidar_ros2/environment/path.dsv
[0.983s] -- Up-to-date symlink: /home/tazimo/tazimo_ws/install/sllidar_ros2/share/sllidar_ros2/local_setup.bash
[0.984s] -- Up-to-date symlink: /home/tazimo/tazimo_ws/install/sllidar_ros2/share/sllidar_ros2/local_setup.sh
[0.986s] -- Up-to-date symlink: /home/tazimo/tazimo_ws/install/sllidar_ros2/share/sllidar_ros2/local_setup.zsh
[0.986s] -- Up-to-date symlink: /home/tazimo/tazimo_ws/install/sllidar_ros2/share/sllidar_ros2/local_setup.dsv
[0.987s] -- Symlinking: /home/tazimo/tazimo_ws/install/sllidar_ros2/share/sllidar_ros2/package.dsv
[1.033s] -- Up-to-date symlink: /home/tazimo/tazimo_ws/install/sllidar_ros2/share/ament_index/resource_index/packages/sllidar_ros2
[1.033s] -- Up-to-date symlink: /home/tazimo/tazimo_ws/install/sllidar_ros2/share/sllidar_ros2/cmake/ament_cmake_export_dependencies-extras.cmake
[1.037s] -- Up-to-date symlink: /home/tazimo/tazimo_ws/install/sllidar_ros2/share/sllidar_ros2/cmake/ament_cmake_export_include_directories-extras.cmake
[1.041s] -- Up-to-date symlink: /home/tazimo/tazimo_ws/install/sllidar_ros2/share/sllidar_ros2/cmake/sllidar_ros2Config.cmake
[1.044s] -- Up-to-date symlink: /home/tazimo/tazimo_ws/install/sllidar_ros2/share/sllidar_ros2/cmake/sllidar_ros2Config-version.cmake
[1.047s] -- Up-to-date symlink: /home/tazimo/tazimo_ws/install/sllidar_ros2/share/sllidar_ros2/package.xml
[1.062s] Invoked command in '/home/tazimo/tazimo_ws/build/sllidar_ros2' returned '0': CMAKE_PREFIX_PATH=/opt/ros/humble /usr/bin/cmake --install /home/tazimo/tazimo_ws/build/sllidar_ros2
