[0.055s] Invoking command in '/home/tazimo/tazimo_ws/build/sllidar_ros2': CMAKE_PREFIX_PATH=${CMAKE_PREFIX_PATH}:/home/tazimo/tazimo_ws/install/encoder_to_odom:/home/tazimo/tazimo_ws/install/diffdrive_arduino:/home/tazimo/tazimo_ws/install/cmdvel_to_serial:/opt/ros/humble /usr/bin/cmake --build /home/tazimo/tazimo_ws/build/sllidar_ros2 -- -j4 -l4
[0.474s] [ 10%] Built target sllidar_client
[0.514s] [100%] Built target sllidar_node
[0.582s] Invoked command in '/home/tazimo/tazimo_ws/build/sllidar_ros2' returned '0': CMAKE_PREFIX_PATH=${CMAKE_PREFIX_PATH}:/home/tazimo/tazimo_ws/install/encoder_to_odom:/home/tazimo/tazimo_ws/install/diffdrive_arduino:/home/tazimo/tazimo_ws/install/cmdvel_to_serial:/opt/ros/humble /usr/bin/cmake --build /home/tazimo/tazimo_ws/build/sllidar_ros2 -- -j4 -l4
[0.584s] Invoking command in '/home/tazimo/tazimo_ws/build/sllidar_ros2': CMAKE_PREFIX_PATH=${CMAKE_PREFIX_PATH}:/home/tazimo/tazimo_ws/install/encoder_to_odom:/home/tazimo/tazimo_ws/install/diffdrive_arduino:/home/tazimo/tazimo_ws/install/cmdvel_to_serial:/opt/ros/humble /usr/bin/cmake --install /home/tazimo/tazimo_ws/build/sllidar_ros2
[0.627s] -- Install configuration: ""
[0.634s] -- Execute custom install script
[0.642s] -- Up-to-date symlink: /home/tazimo/tazimo_ws/install/sllidar_ros2/share/sllidar_ros2/launch/sllidar_a1_launch.py
[0.645s] -- Up-to-date symlink: /home/tazimo/tazimo_ws/install/sllidar_ros2/share/sllidar_ros2/launch/sllidar_a2m12_launch .py
[0.649s] -- Up-to-date symlink: /home/tazimo/tazimo_ws/install/sllidar_ros2/share/sllidar_ros2/launch/sllidar_a2m7_launch.py
[0.652s] -- Up-to-date symlink: /home/tazimo/tazimo_ws/install/sllidar_ros2/share/sllidar_ros2/launch/sllidar_a2m8_launch.py
[0.655s] -- Up-to-date symlink: /home/tazimo/tazimo_ws/install/sllidar_ros2/share/sllidar_ros2/launch/sllidar_a3_launch.py
[0.658s] -- Up-to-date symlink: /home/tazimo/tazimo_ws/install/sllidar_ros2/share/sllidar_ros2/launch/sllidar_c1_launch.py
[0.662s] -- Up-to-date symlink: /home/tazimo/tazimo_ws/install/sllidar_ros2/share/sllidar_ros2/launch/sllidar_s1_launch.py
[0.665s] -- Up-to-date symlink: /home/tazimo/tazimo_ws/install/sllidar_ros2/share/sllidar_ros2/launch/sllidar_s1_tcp_launch.py
[0.668s] -- Up-to-date symlink: /home/tazimo/tazimo_ws/install/sllidar_ros2/share/sllidar_ros2/launch/sllidar_s2_launch.py
[0.671s] -- Up-to-date symlink: /home/tazimo/tazimo_ws/install/sllidar_ros2/share/sllidar_ros2/launch/sllidar_s2e_launch.py
[0.675s] -- Up-to-date symlink: /home/tazimo/tazimo_ws/install/sllidar_ros2/share/sllidar_ros2/launch/sllidar_s3_launch.py
[0.678s] -- Up-to-date symlink: /home/tazimo/tazimo_ws/install/sllidar_ros2/share/sllidar_ros2/launch/sllidar_t1_launch.py
[0.682s] -- Up-to-date symlink: /home/tazimo/tazimo_ws/install/sllidar_ros2/share/sllidar_ros2/launch/view_sllidar_a1_launch.py
[0.685s] -- Up-to-date symlink: /home/tazimo/tazimo_ws/install/sllidar_ros2/share/sllidar_ros2/launch/view_sllidar_a2m12_launch.py
[0.688s] -- Up-to-date symlink: /home/tazimo/tazimo_ws/install/sllidar_ros2/share/sllidar_ros2/launch/view_sllidar_a2m7_launch.py
[0.691s] -- Up-to-date symlink: /home/tazimo/tazimo_ws/install/sllidar_ros2/share/sllidar_ros2/launch/view_sllidar_a2m8_launch.py
[0.694s] -- Up-to-date symlink: /home/tazimo/tazimo_ws/install/sllidar_ros2/share/sllidar_ros2/launch/view_sllidar_a3_launch.py
[0.698s] -- Up-to-date symlink: /home/tazimo/tazimo_ws/install/sllidar_ros2/share/sllidar_ros2/launch/view_sllidar_c1_launch.py
[0.701s] -- Up-to-date symlink: /home/tazimo/tazimo_ws/install/sllidar_ros2/share/sllidar_ros2/launch/view_sllidar_s1_launch.py
[0.704s] -- Up-to-date symlink: /home/tazimo/tazimo_ws/install/sllidar_ros2/share/sllidar_ros2/launch/view_sllidar_s1_tcp_launch.py
[0.707s] -- Up-to-date symlink: /home/tazimo/tazimo_ws/install/sllidar_ros2/share/sllidar_ros2/launch/view_sllidar_s2_launch.py
[0.710s] -- Up-to-date symlink: /home/tazimo/tazimo_ws/install/sllidar_ros2/share/sllidar_ros2/launch/view_sllidar_s2e_launch.py
[0.713s] -- Up-to-date symlink: /home/tazimo/tazimo_ws/install/sllidar_ros2/share/sllidar_ros2/launch/view_sllidar_s3_launch.py
[0.717s] -- Up-to-date symlink: /home/tazimo/tazimo_ws/install/sllidar_ros2/share/sllidar_ros2/launch/view_sllidar_t1_launch.py
[0.720s] -- Up-to-date symlink: /home/tazimo/tazimo_ws/install/sllidar_ros2/share/sllidar_ros2/rviz/sllidar_ros2.rviz
[0.724s] -- Up-to-date symlink: /home/tazimo/tazimo_ws/install/sllidar_ros2/lib/sllidar_ros2/sllidar_node
[0.728s] -- Up-to-date symlink: /home/tazimo/tazimo_ws/install/sllidar_ros2/lib/sllidar_ros2/sllidar_client
[0.731s] -- Up-to-date symlink: /home/tazimo/tazimo_ws/install/sllidar_ros2/share/ament_index/resource_index/package_run_dependencies/sllidar_ros2
[0.736s] -- Up-to-date symlink: /home/tazimo/tazimo_ws/install/sllidar_ros2/share/ament_index/resource_index/parent_prefix_path/sllidar_ros2
[0.742s] -- Up-to-date symlink: /home/tazimo/tazimo_ws/install/sllidar_ros2/share/sllidar_ros2/environment/ament_prefix_path.sh
[0.745s] -- Up-to-date symlink: /home/tazimo/tazimo_ws/install/sllidar_ros2/share/sllidar_ros2/environment/ament_prefix_path.dsv
[0.749s] -- Up-to-date symlink: /home/tazimo/tazimo_ws/install/sllidar_ros2/share/sllidar_ros2/environment/path.sh
[0.752s] -- Up-to-date symlink: /home/tazimo/tazimo_ws/install/sllidar_ros2/share/sllidar_ros2/environment/path.dsv
[0.756s] -- Up-to-date symlink: /home/tazimo/tazimo_ws/install/sllidar_ros2/share/sllidar_ros2/local_setup.bash
[0.759s] -- Up-to-date symlink: /home/tazimo/tazimo_ws/install/sllidar_ros2/share/sllidar_ros2/local_setup.sh
[0.762s] -- Up-to-date symlink: /home/tazimo/tazimo_ws/install/sllidar_ros2/share/sllidar_ros2/local_setup.zsh
[0.766s] -- Up-to-date symlink: /home/tazimo/tazimo_ws/install/sllidar_ros2/share/sllidar_ros2/local_setup.dsv
[0.769s] -- Symlinking: /home/tazimo/tazimo_ws/install/sllidar_ros2/share/sllidar_ros2/package.dsv
[0.815s] -- Up-to-date symlink: /home/tazimo/tazimo_ws/install/sllidar_ros2/share/ament_index/resource_index/packages/sllidar_ros2
[0.818s] -- Up-to-date symlink: /home/tazimo/tazimo_ws/install/sllidar_ros2/share/sllidar_ros2/cmake/ament_cmake_export_dependencies-extras.cmake
[0.822s] -- Up-to-date symlink: /home/tazimo/tazimo_ws/install/sllidar_ros2/share/sllidar_ros2/cmake/ament_cmake_export_include_directories-extras.cmake
[0.825s] -- Up-to-date symlink: /home/tazimo/tazimo_ws/install/sllidar_ros2/share/sllidar_ros2/cmake/sllidar_ros2Config.cmake
[0.829s] -- Up-to-date symlink: /home/tazimo/tazimo_ws/install/sllidar_ros2/share/sllidar_ros2/cmake/sllidar_ros2Config-version.cmake
[0.835s] -- Up-to-date symlink: /home/tazimo/tazimo_ws/install/sllidar_ros2/share/sllidar_ros2/package.xml
[0.852s] Invoked command in '/home/tazimo/tazimo_ws/build/sllidar_ros2' returned '0': CMAKE_PREFIX_PATH=${CMAKE_PREFIX_PATH}:/home/tazimo/tazimo_ws/install/encoder_to_odom:/home/tazimo/tazimo_ws/install/diffdrive_arduino:/home/tazimo/tazimo_ws/install/cmdvel_to_serial:/opt/ros/humble /usr/bin/cmake --install /home/tazimo/tazimo_ws/build/sllidar_ros2
