[0.463s] DEBUG:colcon:Command line arguments: ['/usr/bin/colcon', 'build', '--packages-select', 'DiffDr']
[0.463s] DEBUG:colcon:Parsed command line arguments: Namespace(log_base=None, log_level=None, verb_name='build', build_base='build', install_base='install', merge_install=False, symlink_install=False, test_result_base=None, continue_on_error=False, executor='parallel', parallel_workers=4, event_handlers=None, ignore_user_meta=False, metas=['./colcon.meta'], base_paths=['.'], packages_ignore=None, packages_ignore_regex=None, paths=None, packages_up_to=None, packages_up_to_regex=None, packages_above=None, packages_above_and_dependencies=None, packages_above_depth=None, packages_select_by_dep=None, packages_skip_by_dep=None, packages_skip_up_to=None, packages_select_build_failed=False, packages_skip_build_finished=False, packages_select_test_failures=False, packages_skip_test_passed=False, packages_select=['DiffDr'], packages_skip=None, packages_select_regex=None, packages_skip_regex=None, packages_start=None, packages_end=None, allow_overriding=[], cmake_args=None, cmake_target=None, cmake_target_skip_unavailable=False, cmake_clean_cache=False, cmake_clean_first=False, cmake_force_configure=False, ament_cmake_args=None, catkin_cmake_args=None, catkin_skip_building_tests=False, mixin_files=None, mixin=None, verb_parser=<colcon_mixin.mixin.mixin_argument.MixinArgumentDecorator object at 0xffff9081b340>, verb_extension=<colcon_core.verb.build.BuildVerb object at 0xffff9081af20>, main=<bound method BuildVerb.main of <colcon_core.verb.build.BuildVerb object at 0xffff9081af20>>, mixin_verb=('build',))
[1.334s] Level 1:colcon.colcon_core.package_discovery:discover_packages(colcon_meta) check parameters
[1.334s] Level 1:colcon.colcon_core.package_discovery:discover_packages(recursive) check parameters
[1.335s] Level 1:colcon.colcon_core.package_discovery:discover_packages(ignore) check parameters
[1.335s] Level 1:colcon.colcon_core.package_discovery:discover_packages(path) check parameters
[1.335s] Level 1:colcon.colcon_core.package_discovery:discover_packages(colcon_meta) discover
[1.336s] Level 1:colcon.colcon_core.package_discovery:discover_packages(recursive) discover
[1.336s] INFO:colcon.colcon_core.package_discovery:Crawling recursively for packages in '/home/tazimo/tazimo_ws/src'
[1.336s] Level 1:colcon.colcon_core.package_identification:_identify(.) by extensions ['ignore', 'ignore_ament_install']
[1.337s] Level 1:colcon.colcon_core.package_identification:_identify(.) by extension 'ignore'
[1.337s] Level 1:colcon.colcon_core.package_identification:_identify(.) by extension 'ignore_ament_install'
[1.337s] Level 1:colcon.colcon_core.package_identification:_identify(.) by extensions ['colcon_pkg']
[1.338s] Level 1:colcon.colcon_core.package_identification:_identify(.) by extension 'colcon_pkg'
[1.338s] Level 1:colcon.colcon_core.package_identification:_identify(.) by extensions ['colcon_meta']
[1.338s] Level 1:colcon.colcon_core.package_identification:_identify(.) by extension 'colcon_meta'
[1.338s] Level 1:colcon.colcon_core.package_identification:_identify(.) by extensions ['ros']
[1.338s] Level 1:colcon.colcon_core.package_identification:_identify(.) by extension 'ros'
[1.381s] Level 1:colcon.colcon_core.package_identification:_identify(.) by extensions ['cmake', 'python']
[1.381s] Level 1:colcon.colcon_core.package_identification:_identify(.) by extension 'cmake'
[1.381s] Level 1:colcon.colcon_core.package_identification:_identify(.) by extension 'python'
[1.382s] Level 1:colcon.colcon_core.package_identification:_identify(.) by extensions ['python_setup_py']
[1.382s] Level 1:colcon.colcon_core.package_identification:_identify(.) by extension 'python_setup_py'
[1.383s] Level 1:colcon.colcon_core.package_identification:_identify(DiffDr) by extensions ['ignore', 'ignore_ament_install']
[1.383s] Level 1:colcon.colcon_core.package_identification:_identify(DiffDr) by extension 'ignore'
[1.383s] Level 1:colcon.colcon_core.package_identification:_identify(DiffDr) by extension 'ignore_ament_install'
[1.384s] Level 1:colcon.colcon_core.package_identification:_identify(DiffDr) by extensions ['colcon_pkg']
[1.384s] Level 1:colcon.colcon_core.package_identification:_identify(DiffDr) by extension 'colcon_pkg'
[1.384s] Level 1:colcon.colcon_core.package_identification:_identify(DiffDr) by extensions ['colcon_meta']
[1.384s] Level 1:colcon.colcon_core.package_identification:_identify(DiffDr) by extension 'colcon_meta'
[1.384s] Level 1:colcon.colcon_core.package_identification:_identify(DiffDr) by extensions ['ros']
[1.385s] Level 1:colcon.colcon_core.package_identification:_identify(DiffDr) by extension 'ros'
[1.393s] DEBUG:colcon.colcon_core.package_identification:Package 'DiffDr' with type 'ros.ament_cmake' and name 'DiffDr'
[1.393s] Level 1:colcon.colcon_core.package_identification:_identify(build) by extensions ['ignore', 'ignore_ament_install']
[1.394s] Level 1:colcon.colcon_core.package_identification:_identify(build) by extension 'ignore'
[1.394s] Level 1:colcon.colcon_core.package_identification:_identify(build) ignored
[1.395s] Level 1:colcon.colcon_core.package_identification:_identify(cmdvel_to_serial) by extensions ['ignore', 'ignore_ament_install']
[1.396s] Level 1:colcon.colcon_core.package_identification:_identify(cmdvel_to_serial) by extension 'ignore'
[1.396s] Level 1:colcon.colcon_core.package_identification:_identify(cmdvel_to_serial) by extension 'ignore_ament_install'
[1.396s] Level 1:colcon.colcon_core.package_identification:_identify(cmdvel_to_serial) by extensions ['colcon_pkg']
[1.397s] Level 1:colcon.colcon_core.package_identification:_identify(cmdvel_to_serial) by extension 'colcon_pkg'
[1.397s] Level 1:colcon.colcon_core.package_identification:_identify(cmdvel_to_serial) by extensions ['colcon_meta']
[1.397s] Level 1:colcon.colcon_core.package_identification:_identify(cmdvel_to_serial) by extension 'colcon_meta'
[1.397s] Level 1:colcon.colcon_core.package_identification:_identify(cmdvel_to_serial) by extensions ['ros']
[1.397s] Level 1:colcon.colcon_core.package_identification:_identify(cmdvel_to_serial) by extension 'ros'
[1.400s] DEBUG:colcon.colcon_core.package_identification:Package 'cmdvel_to_serial' with type 'ros.ament_python' and name 'cmdvel_to_serial'
[1.401s] Level 1:colcon.colcon_core.package_identification:_identify(diffdrive_arduino) by extensions ['ignore', 'ignore_ament_install']
[1.401s] Level 1:colcon.colcon_core.package_identification:_identify(diffdrive_arduino) by extension 'ignore'
[1.401s] Level 1:colcon.colcon_core.package_identification:_identify(diffdrive_arduino) by extension 'ignore_ament_install'
[1.402s] Level 1:colcon.colcon_core.package_identification:_identify(diffdrive_arduino) by extensions ['colcon_pkg']
[1.402s] Level 1:colcon.colcon_core.package_identification:_identify(diffdrive_arduino) by extension 'colcon_pkg'
[1.402s] Level 1:colcon.colcon_core.package_identification:_identify(diffdrive_arduino) by extensions ['colcon_meta']
[1.402s] Level 1:colcon.colcon_core.package_identification:_identify(diffdrive_arduino) by extension 'colcon_meta'
[1.402s] Level 1:colcon.colcon_core.package_identification:_identify(diffdrive_arduino) by extensions ['ros']
[1.403s] Level 1:colcon.colcon_core.package_identification:_identify(diffdrive_arduino) by extension 'ros'
[1.406s] DEBUG:colcon.colcon_core.package_identification:Package 'diffdrive_arduino' with type 'ros.ament_python' and name 'diffdrive_arduino'
[1.407s] Level 1:colcon.colcon_core.package_identification:_identify(encoder_to_odom) by extensions ['ignore', 'ignore_ament_install']
[1.407s] Level 1:colcon.colcon_core.package_identification:_identify(encoder_to_odom) by extension 'ignore'
[1.407s] Level 1:colcon.colcon_core.package_identification:_identify(encoder_to_odom) by extension 'ignore_ament_install'
[1.408s] Level 1:colcon.colcon_core.package_identification:_identify(encoder_to_odom) by extensions ['colcon_pkg']
[1.408s] Level 1:colcon.colcon_core.package_identification:_identify(encoder_to_odom) by extension 'colcon_pkg'
[1.408s] Level 1:colcon.colcon_core.package_identification:_identify(encoder_to_odom) by extensions ['colcon_meta']
[1.408s] Level 1:colcon.colcon_core.package_identification:_identify(encoder_to_odom) by extension 'colcon_meta'
[1.408s] Level 1:colcon.colcon_core.package_identification:_identify(encoder_to_odom) by extensions ['ros']
[1.409s] Level 1:colcon.colcon_core.package_identification:_identify(encoder_to_odom) by extension 'ros'
[1.412s] DEBUG:colcon.colcon_core.package_identification:Package 'encoder_to_odom' with type 'ros.ament_python' and name 'encoder_to_odom'
[1.413s] Level 1:colcon.colcon_core.package_identification:_identify(install) by extensions ['ignore', 'ignore_ament_install']
[1.413s] Level 1:colcon.colcon_core.package_identification:_identify(install) by extension 'ignore'
[1.414s] Level 1:colcon.colcon_core.package_identification:_identify(install) ignored
[1.414s] Level 1:colcon.colcon_core.package_identification:_identify(log) by extensions ['ignore', 'ignore_ament_install']
[1.415s] Level 1:colcon.colcon_core.package_identification:_identify(log) by extension 'ignore'
[1.415s] Level 1:colcon.colcon_core.package_identification:_identify(log) ignored
[1.415s] Level 1:colcon.colcon_core.package_identification:_identify(my_bot) by extensions ['ignore', 'ignore_ament_install']
[1.416s] Level 1:colcon.colcon_core.package_identification:_identify(my_bot) by extension 'ignore'
[1.416s] Level 1:colcon.colcon_core.package_identification:_identify(my_bot) by extension 'ignore_ament_install'
[1.416s] Level 1:colcon.colcon_core.package_identification:_identify(my_bot) by extensions ['colcon_pkg']
[1.416s] Level 1:colcon.colcon_core.package_identification:_identify(my_bot) by extension 'colcon_pkg'
[1.417s] Level 1:colcon.colcon_core.package_identification:_identify(my_bot) by extensions ['colcon_meta']
[1.417s] Level 1:colcon.colcon_core.package_identification:_identify(my_bot) by extension 'colcon_meta'
[1.417s] Level 1:colcon.colcon_core.package_identification:_identify(my_bot) by extensions ['ros']
[1.417s] Level 1:colcon.colcon_core.package_identification:_identify(my_bot) by extension 'ros'
[1.419s] DEBUG:colcon.colcon_core.package_identification:Package 'my_bot' with type 'ros.ament_cmake' and name 'my_bot'
[1.420s] Level 1:colcon.colcon_core.package_identification:_identify(sllidar_ros2) by extensions ['ignore', 'ignore_ament_install']
[1.421s] Level 1:colcon.colcon_core.package_identification:_identify(sllidar_ros2) by extension 'ignore'
[1.421s] Level 1:colcon.colcon_core.package_identification:_identify(sllidar_ros2) by extension 'ignore_ament_install'
[1.421s] Level 1:colcon.colcon_core.package_identification:_identify(sllidar_ros2) by extensions ['colcon_pkg']
[1.421s] Level 1:colcon.colcon_core.package_identification:_identify(sllidar_ros2) by extension 'colcon_pkg'
[1.422s] Level 1:colcon.colcon_core.package_identification:_identify(sllidar_ros2) by extensions ['colcon_meta']
[1.422s] Level 1:colcon.colcon_core.package_identification:_identify(sllidar_ros2) by extension 'colcon_meta'
[1.422s] Level 1:colcon.colcon_core.package_identification:_identify(sllidar_ros2) by extensions ['ros']
[1.422s] Level 1:colcon.colcon_core.package_identification:_identify(sllidar_ros2) by extension 'ros'
[1.425s] DEBUG:colcon.colcon_core.package_identification:Package 'sllidar_ros2' with type 'ros.ament_cmake' and name 'sllidar_ros2'
[1.426s] Level 1:colcon.colcon_core.package_identification:_identify(vel-to-ser) by extensions ['ignore', 'ignore_ament_install']
[1.426s] Level 1:colcon.colcon_core.package_identification:_identify(vel-to-ser) by extension 'ignore'
[1.426s] Level 1:colcon.colcon_core.package_identification:_identify(vel-to-ser) by extension 'ignore_ament_install'
[1.426s] Level 1:colcon.colcon_core.package_identification:_identify(vel-to-ser) by extensions ['colcon_pkg']
[1.427s] Level 1:colcon.colcon_core.package_identification:_identify(vel-to-ser) by extension 'colcon_pkg'
[1.427s] Level 1:colcon.colcon_core.package_identification:_identify(vel-to-ser) by extensions ['colcon_meta']
[1.427s] Level 1:colcon.colcon_core.package_identification:_identify(vel-to-ser) by extension 'colcon_meta'
[1.428s] Level 1:colcon.colcon_core.package_identification:_identify(vel-to-ser) by extensions ['ros']
[1.428s] Level 1:colcon.colcon_core.package_identification:_identify(vel-to-ser) by extension 'ros'
[1.430s] DEBUG:colcon.colcon_core.package_identification:Package 'vel-to-ser' with type 'ros.ament_cmake' and name 'vel-to-ser'
[1.431s] Level 1:colcon.colcon_core.package_discovery:discover_packages(recursive) using defaults
[1.431s] Level 1:colcon.colcon_core.package_discovery:discover_packages(ignore) discover
[1.431s] Level 1:colcon.colcon_core.package_discovery:discover_packages(ignore) using defaults
[1.431s] Level 1:colcon.colcon_core.package_discovery:discover_packages(path) discover
[1.431s] Level 1:colcon.colcon_core.package_discovery:discover_packages(path) using defaults
[1.547s] INFO:colcon.colcon_core.package_selection:Skipping not selected package 'cmdvel_to_serial' in 'cmdvel_to_serial'
[1.548s] INFO:colcon.colcon_core.package_selection:Skipping not selected package 'diffdrive_arduino' in 'diffdrive_arduino'
[1.548s] INFO:colcon.colcon_core.package_selection:Skipping not selected package 'encoder_to_odom' in 'encoder_to_odom'
[1.548s] INFO:colcon.colcon_core.package_selection:Skipping not selected package 'my_bot' in 'my_bot'
[1.548s] INFO:colcon.colcon_core.package_selection:Skipping not selected package 'sllidar_ros2' in 'sllidar_ros2'
[1.548s] INFO:colcon.colcon_core.package_selection:Skipping not selected package 'vel-to-ser' in 'vel-to-ser'
[1.550s] Level 1:colcon.colcon_core.package_discovery:discover_packages(prefix_path) check parameters
[1.550s] Level 1:colcon.colcon_core.package_discovery:discover_packages(prefix_path) discover
[1.561s] DEBUG:colcon.colcon_installed_package_information.package_discovery:Found 6 installed packages in /home/tazimo/tazimo_ws/install
[1.573s] DEBUG:colcon.colcon_installed_package_information.package_discovery:Found 382 installed packages in /opt/ros/humble
[1.582s] Level 1:colcon.colcon_core.package_discovery:discover_packages(prefix_path) using defaults
[1.806s] Level 5:colcon.colcon_core.verb:set package 'DiffDr' build argument 'cmake_args' from command line to 'None'
[1.806s] Level 5:colcon.colcon_core.verb:set package 'DiffDr' build argument 'cmake_target' from command line to 'None'
[1.806s] Level 5:colcon.colcon_core.verb:set package 'DiffDr' build argument 'cmake_target_skip_unavailable' from command line to 'False'
[1.806s] Level 5:colcon.colcon_core.verb:set package 'DiffDr' build argument 'cmake_clean_cache' from command line to 'False'
[1.806s] Level 5:colcon.colcon_core.verb:set package 'DiffDr' build argument 'cmake_clean_first' from command line to 'False'
[1.807s] Level 5:colcon.colcon_core.verb:set package 'DiffDr' build argument 'cmake_force_configure' from command line to 'False'
[1.807s] Level 5:colcon.colcon_core.verb:set package 'DiffDr' build argument 'ament_cmake_args' from command line to 'None'
[1.807s] Level 5:colcon.colcon_core.verb:set package 'DiffDr' build argument 'catkin_cmake_args' from command line to 'None'
[1.807s] Level 5:colcon.colcon_core.verb:set package 'DiffDr' build argument 'catkin_skip_building_tests' from command line to 'False'
[1.807s] DEBUG:colcon.colcon_core.verb:Building package 'DiffDr' with the following arguments: {'ament_cmake_args': None, 'build_base': '/home/tazimo/tazimo_ws/src/build/DiffDr', 'catkin_cmake_args': None, 'catkin_skip_building_tests': False, 'cmake_args': None, 'cmake_clean_cache': False, 'cmake_clean_first': False, 'cmake_force_configure': False, 'cmake_target': None, 'cmake_target_skip_unavailable': False, 'install_base': '/home/tazimo/tazimo_ws/src/install/DiffDr', 'merge_install': False, 'path': '/home/tazimo/tazimo_ws/src/DiffDr', 'symlink_install': False, 'test_result_base': None}
[1.808s] INFO:colcon.colcon_core.executor:Executing jobs using 'parallel' executor
[1.811s] DEBUG:colcon.colcon_parallel_executor.executor.parallel:run_until_complete
[1.812s] INFO:colcon.colcon_ros.task.ament_cmake.build:Building ROS package in '/home/tazimo/tazimo_ws/src/DiffDr' with build type 'ament_cmake'
[1.813s] INFO:colcon.colcon_cmake.task.cmake.build:Building CMake package in '/home/tazimo/tazimo_ws/src/DiffDr'
[1.822s] INFO:colcon.colcon_core.plugin_system:Skipping extension 'colcon_core.shell.bat': Not used on non-Windows systems
[1.823s] INFO:colcon.colcon_core.shell:Skip shell extension 'powershell' for command environment: Not usable outside of PowerShell
[1.823s] DEBUG:colcon.colcon_core.shell:Skip shell extension 'dsv' for command environment
[1.863s] DEBUG:colcon.colcon_core.event_handler.log_command:Invoking command in '/home/tazimo/tazimo_ws/src/build/DiffDr': CMAKE_PREFIX_PATH=${CMAKE_PREFIX_PATH}:/home/tazimo/tazimo_ws/install/encoder_to_odom:/home/tazimo/tazimo_ws/install/cmdvel_to_serial:/home/tazimo/tazimo_ws/install/diffdrive_arduino:/opt/ros/humble /usr/bin/cmake /home/tazimo/tazimo_ws/src/DiffDr -DCMAKE_INSTALL_PREFIX=/home/tazimo/tazimo_ws/src/install/DiffDr
[5.359s] DEBUG:colcon.colcon_core.event_handler.log_command:Invoked command in '/home/tazimo/tazimo_ws/src/build/DiffDr' returned '0': CMAKE_PREFIX_PATH=${CMAKE_PREFIX_PATH}:/home/tazimo/tazimo_ws/install/encoder_to_odom:/home/tazimo/tazimo_ws/install/cmdvel_to_serial:/home/tazimo/tazimo_ws/install/diffdrive_arduino:/opt/ros/humble /usr/bin/cmake /home/tazimo/tazimo_ws/src/DiffDr -DCMAKE_INSTALL_PREFIX=/home/tazimo/tazimo_ws/src/install/DiffDr
[5.368s] DEBUG:colcon.colcon_core.event_handler.log_command:Invoking command in '/home/tazimo/tazimo_ws/src/build/DiffDr': CMAKE_PREFIX_PATH=${CMAKE_PREFIX_PATH}:/home/tazimo/tazimo_ws/install/encoder_to_odom:/home/tazimo/tazimo_ws/install/cmdvel_to_serial:/home/tazimo/tazimo_ws/install/diffdrive_arduino:/opt/ros/humble /usr/bin/cmake --build /home/tazimo/tazimo_ws/src/build/DiffDr -- -j4 -l4
[5.510s] DEBUG:colcon.colcon_core.event_handler.log_command:Invoked command in '/home/tazimo/tazimo_ws/src/build/DiffDr' returned '0': CMAKE_PREFIX_PATH=${CMAKE_PREFIX_PATH}:/home/tazimo/tazimo_ws/install/encoder_to_odom:/home/tazimo/tazimo_ws/install/cmdvel_to_serial:/home/tazimo/tazimo_ws/install/diffdrive_arduino:/opt/ros/humble /usr/bin/cmake --build /home/tazimo/tazimo_ws/src/build/DiffDr -- -j4 -l4
[5.551s] DEBUG:colcon.colcon_core.event_handler.log_command:Invoking command in '/home/tazimo/tazimo_ws/src/build/DiffDr': CMAKE_PREFIX_PATH=${CMAKE_PREFIX_PATH}:/home/tazimo/tazimo_ws/install/encoder_to_odom:/home/tazimo/tazimo_ws/install/cmdvel_to_serial:/home/tazimo/tazimo_ws/install/diffdrive_arduino:/opt/ros/humble /usr/bin/cmake --install /home/tazimo/tazimo_ws/src/build/DiffDr
[5.619s] Level 1:colcon.colcon_core.environment:create_environment_scripts_only(DiffDr)
[5.643s] Level 1:colcon.colcon_core.environment:checking '/home/tazimo/tazimo_ws/src/install/DiffDr' for CMake module files
[5.646s] DEBUG:colcon.colcon_core.event_handler.log_command:Invoked command in '/home/tazimo/tazimo_ws/src/build/DiffDr' returned '0': CMAKE_PREFIX_PATH=${CMAKE_PREFIX_PATH}:/home/tazimo/tazimo_ws/install/encoder_to_odom:/home/tazimo/tazimo_ws/install/cmdvel_to_serial:/home/tazimo/tazimo_ws/install/diffdrive_arduino:/opt/ros/humble /usr/bin/cmake --install /home/tazimo/tazimo_ws/src/build/DiffDr
[5.647s] Level 1:colcon.colcon_core.environment:checking '/home/tazimo/tazimo_ws/src/install/DiffDr' for CMake config files
[5.648s] Level 1:colcon.colcon_core.shell:create_environment_hook('DiffDr', 'cmake_prefix_path')
[5.650s] INFO:colcon.colcon_core.shell:Creating environment hook '/home/tazimo/tazimo_ws/src/install/DiffDr/share/DiffDr/hook/cmake_prefix_path.ps1'
[5.654s] INFO:colcon.colcon_core.shell:Creating environment descriptor '/home/tazimo/tazimo_ws/src/install/DiffDr/share/DiffDr/hook/cmake_prefix_path.dsv'
[5.656s] INFO:colcon.colcon_core.shell:Creating environment hook '/home/tazimo/tazimo_ws/src/install/DiffDr/share/DiffDr/hook/cmake_prefix_path.sh'
[5.660s] Level 1:colcon.colcon_core.environment:checking '/home/tazimo/tazimo_ws/src/install/DiffDr/bin'
[5.661s] Level 1:colcon.colcon_core.environment:checking '/home/tazimo/tazimo_ws/src/install/DiffDr/lib/pkgconfig/DiffDr.pc'
[5.662s] Level 1:colcon.colcon_core.environment:checking '/home/tazimo/tazimo_ws/src/install/DiffDr/lib/python3.10/site-packages'
[5.663s] Level 1:colcon.colcon_core.environment:checking '/home/tazimo/tazimo_ws/src/install/DiffDr/bin'
[5.664s] INFO:colcon.colcon_core.shell:Creating package script '/home/tazimo/tazimo_ws/src/install/DiffDr/share/DiffDr/package.ps1'
[5.667s] INFO:colcon.colcon_core.shell:Creating package descriptor '/home/tazimo/tazimo_ws/src/install/DiffDr/share/DiffDr/package.dsv'
[5.670s] INFO:colcon.colcon_core.shell:Creating package script '/home/tazimo/tazimo_ws/src/install/DiffDr/share/DiffDr/package.sh'
[5.673s] INFO:colcon.colcon_core.shell:Creating package script '/home/tazimo/tazimo_ws/src/install/DiffDr/share/DiffDr/package.bash'
[5.676s] INFO:colcon.colcon_core.shell:Creating package script '/home/tazimo/tazimo_ws/src/install/DiffDr/share/DiffDr/package.zsh'
[5.679s] Level 1:colcon.colcon_core.environment:create_file_with_runtime_dependencies(/home/tazimo/tazimo_ws/src/install/DiffDr/share/colcon-core/packages/DiffDr)
[5.681s] Level 1:colcon.colcon_core.environment:create_environment_scripts_only(DiffDr)
[5.682s] Level 1:colcon.colcon_core.environment:checking '/home/tazimo/tazimo_ws/src/install/DiffDr' for CMake module files
[5.685s] Level 1:colcon.colcon_core.environment:checking '/home/tazimo/tazimo_ws/src/install/DiffDr' for CMake config files
[5.686s] Level 1:colcon.colcon_core.shell:create_environment_hook('DiffDr', 'cmake_prefix_path')
[5.687s] INFO:colcon.colcon_core.shell:Creating environment hook '/home/tazimo/tazimo_ws/src/install/DiffDr/share/DiffDr/hook/cmake_prefix_path.ps1'
[5.689s] INFO:colcon.colcon_core.shell:Creating environment descriptor '/home/tazimo/tazimo_ws/src/install/DiffDr/share/DiffDr/hook/cmake_prefix_path.dsv'
[5.691s] INFO:colcon.colcon_core.shell:Creating environment hook '/home/tazimo/tazimo_ws/src/install/DiffDr/share/DiffDr/hook/cmake_prefix_path.sh'
[5.693s] Level 1:colcon.colcon_core.environment:checking '/home/tazimo/tazimo_ws/src/install/DiffDr/bin'
[5.694s] Level 1:colcon.colcon_core.environment:checking '/home/tazimo/tazimo_ws/src/install/DiffDr/lib/pkgconfig/DiffDr.pc'
[5.695s] Level 1:colcon.colcon_core.environment:checking '/home/tazimo/tazimo_ws/src/install/DiffDr/lib/python3.10/site-packages'
[5.696s] Level 1:colcon.colcon_core.environment:checking '/home/tazimo/tazimo_ws/src/install/DiffDr/bin'
[5.697s] INFO:colcon.colcon_core.shell:Creating package script '/home/tazimo/tazimo_ws/src/install/DiffDr/share/DiffDr/package.ps1'
[5.699s] INFO:colcon.colcon_core.shell:Creating package descriptor '/home/tazimo/tazimo_ws/src/install/DiffDr/share/DiffDr/package.dsv'
[5.702s] INFO:colcon.colcon_core.shell:Creating package script '/home/tazimo/tazimo_ws/src/install/DiffDr/share/DiffDr/package.sh'
[5.704s] INFO:colcon.colcon_core.shell:Creating package script '/home/tazimo/tazimo_ws/src/install/DiffDr/share/DiffDr/package.bash'
[5.706s] INFO:colcon.colcon_core.shell:Creating package script '/home/tazimo/tazimo_ws/src/install/DiffDr/share/DiffDr/package.zsh'
[5.708s] Level 1:colcon.colcon_core.environment:create_file_with_runtime_dependencies(/home/tazimo/tazimo_ws/src/install/DiffDr/share/colcon-core/packages/DiffDr)
[5.709s] DEBUG:colcon.colcon_parallel_executor.executor.parallel:closing loop
[5.711s] DEBUG:colcon.colcon_parallel_executor.executor.parallel:loop closed
[5.711s] DEBUG:colcon.colcon_parallel_executor.executor.parallel:run_until_complete finished with '0'
[5.712s] DEBUG:colcon.colcon_core.event_reactor:joining thread
[5.735s] INFO:colcon.colcon_core.plugin_system:Skipping extension 'colcon_notification.desktop_notification.notify_send': Could not find 'notify-send'
[5.735s] INFO:colcon.colcon_core.plugin_system:Skipping extension 'colcon_notification.desktop_notification.terminal_notifier': Not used on non-Darwin systems
[5.735s] INFO:colcon.colcon_core.plugin_system:Skipping extension 'colcon_notification.desktop_notification.win32': Not used on non-Windows systems
[5.736s] INFO:colcon.colcon_notification.desktop_notification:Sending desktop notification using 'notify2'
[5.739s] DEBUG:colcon.colcon_notification.desktop_notification.notify2:Failed to initialize notify2: org.freedesktop.DBus.Error.ServiceUnknown: The name org.freedesktop.Notifications was not provided by any .service files
[5.739s] DEBUG:colcon.colcon_core.event_reactor:joined thread
[5.740s] INFO:colcon.colcon_core.shell:Creating prefix script '/home/tazimo/tazimo_ws/src/install/local_setup.ps1'
[5.744s] INFO:colcon.colcon_core.shell:Creating prefix util module '/home/tazimo/tazimo_ws/src/install/_local_setup_util_ps1.py'
[5.751s] INFO:colcon.colcon_core.shell:Creating prefix chain script '/home/tazimo/tazimo_ws/src/install/setup.ps1'
[5.757s] INFO:colcon.colcon_core.shell:Creating prefix script '/home/tazimo/tazimo_ws/src/install/local_setup.sh'
[5.760s] INFO:colcon.colcon_core.shell:Creating prefix util module '/home/tazimo/tazimo_ws/src/install/_local_setup_util_sh.py'
[5.763s] INFO:colcon.colcon_core.shell:Creating prefix chain script '/home/tazimo/tazimo_ws/src/install/setup.sh'
[5.769s] INFO:colcon.colcon_core.shell:Creating prefix script '/home/tazimo/tazimo_ws/src/install/local_setup.bash'
[5.771s] INFO:colcon.colcon_core.shell:Creating prefix chain script '/home/tazimo/tazimo_ws/src/install/setup.bash'
[5.777s] INFO:colcon.colcon_core.shell:Creating prefix script '/home/tazimo/tazimo_ws/src/install/local_setup.zsh'
[5.780s] INFO:colcon.colcon_core.shell:Creating prefix chain script '/home/tazimo/tazimo_ws/src/install/setup.zsh'
