[0.157s] Invoking command in '/home/tazimo/tazimo_ws/build/DiffDr': CMAKE_PREFIX_PATH=/opt/ros/humble /usr/bin/cmake --build /home/tazimo/tazimo_ws/build/DiffDr -- -j4 -l4
[2.799s] Invoked command in '/home/tazimo/tazimo_ws/build/DiffDr' returned '0': CMAKE_PREFIX_PATH=/opt/ros/humble /usr/bin/cmake --build /home/tazimo/tazimo_ws/build/DiffDr -- -j4 -l4
[2.840s] Invoking command in '/home/tazimo/tazimo_ws/build/DiffDr': CMAKE_PREFIX_PATH=/opt/ros/humble /usr/bin/cmake --install /home/tazimo/tazimo_ws/build/DiffDr
[4.140s] -- Install configuration: ""
[4.141s] -- Execute custom install script
[4.142s] -- Up-to-date symlink: /home/tazimo/tazimo_ws/install/DiffDr/share/ament_index/resource_index/package_run_dependencies/DiffDr
[4.143s] -- Up-to-date symlink: /home/tazimo/tazimo_ws/install/DiffDr/share/ament_index/resource_index/parent_prefix_path/DiffDr
[4.143s] -- Up-to-date symlink: /home/tazimo/tazimo_ws/install/DiffDr/share/DiffDr/environment/ament_prefix_path.sh
[4.144s] -- Up-to-date symlink: /home/tazimo/tazimo_ws/install/DiffDr/share/DiffDr/environment/ament_prefix_path.dsv
[4.145s] -- Up-to-date symlink: /home/tazimo/tazimo_ws/install/DiffDr/share/DiffDr/environment/path.sh
[4.145s] -- Up-to-date symlink: /home/tazimo/tazimo_ws/install/DiffDr/share/DiffDr/environment/path.dsv
[4.146s] -- Up-to-date symlink: /home/tazimo/tazimo_ws/install/DiffDr/share/DiffDr/local_setup.bash
[4.146s] -- Up-to-date symlink: /home/tazimo/tazimo_ws/install/DiffDr/share/DiffDr/local_setup.sh
[4.147s] -- Up-to-date symlink: /home/tazimo/tazimo_ws/install/DiffDr/share/DiffDr/local_setup.zsh
[4.147s] -- Up-to-date symlink: /home/tazimo/tazimo_ws/install/DiffDr/share/DiffDr/local_setup.dsv
[4.148s] -- Symlinking: /home/tazimo/tazimo_ws/install/DiffDr/share/DiffDr/package.dsv
[4.148s] -- Up-to-date symlink: /home/tazimo/tazimo_ws/install/DiffDr/share/ament_index/resource_index/packages/DiffDr
[4.148s] -- Up-to-date symlink: /home/tazimo/tazimo_ws/install/DiffDr/share/DiffDr/cmake/DiffDrConfig.cmake
[4.149s] -- Up-to-date symlink: /home/tazimo/tazimo_ws/install/DiffDr/share/DiffDr/cmake/DiffDrConfig-version.cmake
[4.149s] -- Up-to-date symlink: /home/tazimo/tazimo_ws/install/DiffDr/share/DiffDr/package.xml
[4.172s] Invoked command in '/home/tazimo/tazimo_ws/build/DiffDr' returned '0': CMAKE_PREFIX_PATH=/opt/ros/humble /usr/bin/cmake --install /home/tazimo/tazimo_ws/build/DiffDr
