[0.149s] Invoking command in '/home/tazimo/tazimo_ws/build/DiffDr': CMAKE_PREFIX_PATH=/opt/ros/humble /usr/bin/cmake /home/tazimo/tazimo_ws/src/DiffDr -DCMAKE_INSTALL_PREFIX=/home/tazimo/tazimo_ws/install/DiffDr
[3.387s] -- The C compiler identification is GNU 11.4.0
[3.391s] -- The CXX compiler identification is GNU 11.4.0
[3.396s] -- Detecting C compiler ABI info
[3.398s] -- Detecting C compiler ABI info - done
[3.398s] -- Check for working C compiler: /usr/bin/cc - skipped
[3.399s] -- Detecting C compile features
[3.400s] -- Detecting C compile features - done
[3.400s] -- Detecting CXX compiler ABI info
[3.400s] -- Detecting CXX compiler ABI info - done
[3.403s] -- Check for working CXX compiler: /usr/bin/c++ - skipped
[3.404s] -- Detecting CXX compile features
[3.404s] -- Detecting CXX compile features - done
[3.405s] -- Found ament_cmake: 1.3.12 (/opt/ros/humble/share/ament_cmake/cmake)
[3.596s] -- Found Python3: /usr/bin/python3 (found version "3.10.12") found components: Interpreter 
[4.371s] -- Found ament_lint_auto: 0.12.14 (/opt/ros/humble/share/ament_lint_auto/cmake)
[4.645s] WARNING: Package name "DiffDr" does not follow the naming conventions. It should start with a lower case letter and only contain lower case letters, digits, underscores, and dashes.
[4.969s] -- Added test 'cppcheck' to perform static code analysis on C / C++ code
[4.970s] -- Configured cppcheck include dirs: 
[4.970s] -- Configured cppcheck exclude dirs and/or files: 
[4.975s] -- Added test 'lint_cmake' to check CMake code style
[4.986s] -- Added test 'uncrustify' to check C / C++ code style
[4.987s] -- Configured uncrustify additional arguments: 
[4.994s] -- Added test 'xmllint' to check XML markup files
[5.013s] -- Configuring done
[5.113s] -- Generating done
[5.160s] -- Build files have been written to: /home/tazimo/tazimo_ws/build/DiffDr
[5.188s] Invoked command in '/home/tazimo/tazimo_ws/build/DiffDr' returned '0': CMAKE_PREFIX_PATH=/opt/ros/humble /usr/bin/cmake /home/tazimo/tazimo_ws/src/DiffDr -DCMAKE_INSTALL_PREFIX=/home/tazimo/tazimo_ws/install/DiffDr
[5.198s] Invoking command in '/home/tazimo/tazimo_ws/build/DiffDr': CMAKE_PREFIX_PATH=/opt/ros/humble /usr/bin/cmake --build /home/tazimo/tazimo_ws/build/DiffDr -- -j4 -l4
[5.401s] Invoked command in '/home/tazimo/tazimo_ws/build/DiffDr' returned '0': CMAKE_PREFIX_PATH=/opt/ros/humble /usr/bin/cmake --build /home/tazimo/tazimo_ws/build/DiffDr -- -j4 -l4
[5.503s] Invoking command in '/home/tazimo/tazimo_ws/build/DiffDr': CMAKE_PREFIX_PATH=/opt/ros/humble /usr/bin/cmake --install /home/tazimo/tazimo_ws/build/DiffDr
[5.619s] -- Install configuration: ""
[5.627s] -- Installing: /home/tazimo/tazimo_ws/install/DiffDr/share/ament_index/resource_index/package_run_dependencies/DiffDr
[5.651s] -- Installing: /home/tazimo/tazimo_ws/install/DiffDr/share/ament_index/resource_index/parent_prefix_path/DiffDr
[5.663s] -- Installing: /home/tazimo/tazimo_ws/install/DiffDr/share/DiffDr/environment/ament_prefix_path.sh
[5.669s] -- Installing: /home/tazimo/tazimo_ws/install/DiffDr/share/DiffDr/environment/ament_prefix_path.dsv
[5.674s] -- Installing: /home/tazimo/tazimo_ws/install/DiffDr/share/DiffDr/environment/path.sh
[5.679s] -- Installing: /home/tazimo/tazimo_ws/install/DiffDr/share/DiffDr/environment/path.dsv
[5.685s] -- Installing: /home/tazimo/tazimo_ws/install/DiffDr/share/DiffDr/local_setup.bash
[5.689s] -- Installing: /home/tazimo/tazimo_ws/install/DiffDr/share/DiffDr/local_setup.sh
[5.694s] -- Installing: /home/tazimo/tazimo_ws/install/DiffDr/share/DiffDr/local_setup.zsh
[5.699s] -- Installing: /home/tazimo/tazimo_ws/install/DiffDr/share/DiffDr/local_setup.dsv
[5.704s] -- Installing: /home/tazimo/tazimo_ws/install/DiffDr/share/DiffDr/package.dsv
[5.708s] -- Installing: /home/tazimo/tazimo_ws/install/DiffDr/share/ament_index/resource_index/packages/DiffDr
[5.714s] -- Installing: /home/tazimo/tazimo_ws/install/DiffDr/share/DiffDr/cmake/DiffDrConfig.cmake
[5.725s] -- Installing: /home/tazimo/tazimo_ws/install/DiffDr/share/DiffDr/cmake/DiffDrConfig-version.cmake
[5.730s] -- Installing: /home/tazimo/tazimo_ws/install/DiffDr/share/DiffDr/package.xml
[5.743s] Invoked command in '/home/tazimo/tazimo_ws/build/DiffDr' returned '0': CMAKE_PREFIX_PATH=/opt/ros/humble /usr/bin/cmake --install /home/tazimo/tazimo_ws/build/DiffDr
