[0.054s] Invoking command in '/home/tazimo/tazimo_ws/build/vel-to-ser': CMAKE_PREFIX_PATH=/opt/ros/humble /usr/bin/cmake --build /home/tazimo/tazimo_ws/build/vel-to-ser -- -j4 -l4
[0.275s] Invoked command in '/home/tazimo/tazimo_ws/build/vel-to-ser' returned '0': CMAKE_PREFIX_PATH=/opt/ros/humble /usr/bin/cmake --build /home/tazimo/tazimo_ws/build/vel-to-ser -- -j4 -l4
[0.289s] Invoking command in '/home/tazimo/tazimo_ws/build/vel-to-ser': CMAKE_PREFIX_PATH=/opt/ros/humble /usr/bin/cmake --install /home/tazimo/tazimo_ws/build/vel-to-ser
[0.335s] -- Install configuration: ""
[0.338s] -- Execute custom install script
[0.340s] -- Up-to-date symlink: /home/tazimo/tazimo_ws/install/vel-to-ser/lib/vel-to-ser/cmdvel_to_serial_node.py
[0.342s] -- Up-to-date symlink: /home/tazimo/tazimo_ws/install/vel-to-ser/share/ament_index/resource_index/package_run_dependencies/vel-to-ser
[0.345s] -- Up-to-date symlink: /home/tazimo/tazimo_ws/install/vel-to-ser/share/ament_index/resource_index/parent_prefix_path/vel-to-ser
[0.345s] -- Up-to-date symlink: /home/tazimo/tazimo_ws/install/vel-to-ser/share/vel-to-ser/environment/ament_prefix_path.sh
[0.352s] -- Up-to-date symlink: /home/tazimo/tazimo_ws/install/vel-to-ser/share/vel-to-ser/environment/ament_prefix_path.dsv
[0.353s] -- Up-to-date symlink: /home/tazimo/tazimo_ws/install/vel-to-ser/share/vel-to-ser/environment/path.sh
[0.355s] -- Up-to-date symlink: /home/tazimo/tazimo_ws/install/vel-to-ser/share/vel-to-ser/environment/path.dsv
[0.356s] -- Up-to-date symlink: /home/tazimo/tazimo_ws/install/vel-to-ser/share/vel-to-ser/local_setup.bash
[0.356s] -- Up-to-date symlink: /home/tazimo/tazimo_ws/install/vel-to-ser/share/vel-to-ser/local_setup.sh
[0.357s] -- Up-to-date symlink: /home/tazimo/tazimo_ws/install/vel-to-ser/share/vel-to-ser/local_setup.zsh
[0.358s] -- Up-to-date symlink: /home/tazimo/tazimo_ws/install/vel-to-ser/share/vel-to-ser/local_setup.dsv
[0.358s] -- Symlinking: /home/tazimo/tazimo_ws/install/vel-to-ser/share/vel-to-ser/package.dsv
[0.393s] -- Up-to-date symlink: /home/tazimo/tazimo_ws/install/vel-to-ser/share/ament_index/resource_index/packages/vel-to-ser
[0.395s] -- Up-to-date symlink: /home/tazimo/tazimo_ws/install/vel-to-ser/share/vel-to-ser/cmake/vel-to-serConfig.cmake
[0.397s] -- Up-to-date symlink: /home/tazimo/tazimo_ws/install/vel-to-ser/share/vel-to-ser/cmake/vel-to-serConfig-version.cmake
[0.398s] -- Up-to-date symlink: /home/tazimo/tazimo_ws/install/vel-to-ser/share/vel-to-ser/package.xml
[0.408s] Invoked command in '/home/tazimo/tazimo_ws/build/vel-to-ser' returned '0': CMAKE_PREFIX_PATH=/opt/ros/humble /usr/bin/cmake --install /home/tazimo/tazimo_ws/build/vel-to-ser
