[0.051s] Invoking command in '/home/tazimo/tazimo_ws/build/my_bot': CMAKE_PREFIX_PATH=${CMAKE_PREFIX_PATH}:/home/tazimo/tazimo_ws/install/encoder_to_odom:/home/tazimo/tazimo_ws/install/diffdrive_arduino:/home/tazimo/tazimo_ws/install/cmdvel_to_serial:/opt/ros/humble /usr/bin/cmake --build /home/tazimo/tazimo_ws/build/my_bot -- -j4 -l4
[0.199s] Invoked command in '/home/tazimo/tazimo_ws/build/my_bot' returned '0': CMAKE_PREFIX_PATH=${CMAKE_PREFIX_PATH}:/home/tazimo/tazimo_ws/install/encoder_to_odom:/home/tazimo/tazimo_ws/install/diffdrive_arduino:/home/tazimo/tazimo_ws/install/cmdvel_to_serial:/opt/ros/humble /usr/bin/cmake --build /home/tazimo/tazimo_ws/build/my_bot -- -j4 -l4
[0.240s] Invoking command in '/home/tazimo/tazimo_ws/build/my_bot': CMAKE_PREFIX_PATH=${CMAKE_PREFIX_PATH}:/home/tazimo/tazimo_ws/install/encoder_to_odom:/home/tazimo/tazimo_ws/install/diffdrive_arduino:/home/tazimo/tazimo_ws/install/cmdvel_to_serial:/opt/ros/humble /usr/bin/cmake --install /home/tazimo/tazimo_ws/build/my_bot
[0.267s] -- Install configuration: ""
[0.269s] -- Execute custom install script
[0.271s] -- Up-to-date symlink: /home/tazimo/tazimo_ws/install/my_bot/share/my_bot/config/READme.md
[0.274s] -- Up-to-date symlink: /home/tazimo/tazimo_ws/install/my_bot/share/my_bot/config/default_view.rviz
[0.277s] -- Up-to-date symlink: /home/tazimo/tazimo_ws/install/my_bot/share/my_bot/config/drive_bot.rviz
[0.277s] -- Up-to-date symlink: /home/tazimo/tazimo_ws/install/my_bot/share/my_bot/config/empty.yaml
[0.278s] -- Up-to-date symlink: /home/tazimo/tazimo_ws/install/my_bot/share/my_bot/config/gaz_ros2_ctl_use_sim.yaml
[0.279s] -- Up-to-date symlink: /home/tazimo/tazimo_ws/install/my_bot/share/my_bot/config/gazebo_params.yaml
[0.279s] -- Up-to-date symlink: /home/tazimo/tazimo_ws/install/my_bot/share/my_bot/config/joystick.yaml
[0.279s] -- Up-to-date symlink: /home/tazimo/tazimo_ws/install/my_bot/share/my_bot/config/main.rviz
[0.280s] -- Up-to-date symlink: /home/tazimo/tazimo_ws/install/my_bot/share/my_bot/config/main_bot.rviz
[0.280s] -- Up-to-date symlink: /home/tazimo/tazimo_ws/install/my_bot/share/my_bot/config/mapper_params_online_async.yaml
[0.281s] -- Up-to-date symlink: /home/tazimo/tazimo_ws/install/my_bot/share/my_bot/config/my_controllers.yaml
[0.281s] -- Up-to-date symlink: /home/tazimo/tazimo_ws/install/my_bot/share/my_bot/config/view_bot.rviz
[0.282s] -- Up-to-date symlink: /home/tazimo/tazimo_ws/install/my_bot/share/my_bot/description/READme.md
[0.282s] -- Up-to-date symlink: /home/tazimo/tazimo_ws/install/my_bot/share/my_bot/description/gazebo_control.xacro
[0.283s] -- Up-to-date symlink: /home/tazimo/tazimo_ws/install/my_bot/share/my_bot/description/inertial_macros.xacro
[0.284s] -- Up-to-date symlink: /home/tazimo/tazimo_ws/install/my_bot/share/my_bot/description/lidar.xacro
[0.284s] -- Up-to-date symlink: /home/tazimo/tazimo_ws/install/my_bot/share/my_bot/description/robot.urdf.xacro
[0.285s] -- Up-to-date symlink: /home/tazimo/tazimo_ws/install/my_bot/share/my_bot/description/robot_core.xacro
[0.286s] -- Up-to-date symlink: /home/tazimo/tazimo_ws/install/my_bot/share/my_bot/description/ros2_control.xacro
[0.287s] -- Up-to-date symlink: /home/tazimo/tazimo_ws/install/my_bot/share/my_bot/launch/READme.md
[0.289s] -- Up-to-date symlink: /home/tazimo/tazimo_ws/install/my_bot/share/my_bot/launch/bringup.launch.py
[0.290s] -- Up-to-date symlink: /home/tazimo/tazimo_ws/install/my_bot/share/my_bot/launch/joystick.launch.py
[0.291s] -- Up-to-date symlink: /home/tazimo/tazimo_ws/install/my_bot/share/my_bot/launch/launch_robot.launch.py
[0.291s] -- Up-to-date symlink: /home/tazimo/tazimo_ws/install/my_bot/share/my_bot/launch/launch_sim.launch.py
[0.292s] -- Up-to-date symlink: /home/tazimo/tazimo_ws/install/my_bot/share/my_bot/launch/online_async_launch.py
[0.293s] -- Up-to-date symlink: /home/tazimo/tazimo_ws/install/my_bot/share/my_bot/launch/rplidar.launch.py
[0.294s] -- Up-to-date symlink: /home/tazimo/tazimo_ws/install/my_bot/share/my_bot/launch/rsp.launch.py
[0.295s] -- Up-to-date symlink: /home/tazimo/tazimo_ws/install/my_bot/share/my_bot/worlds/READme.md
[0.296s] -- Up-to-date symlink: /home/tazimo/tazimo_ws/install/my_bot/share/my_bot/worlds/custom_world.world
[0.298s] -- Up-to-date symlink: /home/tazimo/tazimo_ws/install/my_bot/share/my_bot/worlds/empty.world
[0.299s] -- Up-to-date symlink: /home/tazimo/tazimo_ws/install/my_bot/share/my_bot/worlds/obstacles.world
[0.300s] -- Up-to-date symlink: /home/tazimo/tazimo_ws/install/my_bot/share/ament_index/resource_index/package_run_dependencies/my_bot
[0.301s] -- Up-to-date symlink: /home/tazimo/tazimo_ws/install/my_bot/share/ament_index/resource_index/parent_prefix_path/my_bot
[0.302s] -- Up-to-date symlink: /home/tazimo/tazimo_ws/install/my_bot/share/my_bot/environment/ament_prefix_path.sh
[0.303s] -- Up-to-date symlink: /home/tazimo/tazimo_ws/install/my_bot/share/my_bot/environment/ament_prefix_path.dsv
[0.304s] -- Up-to-date symlink: /home/tazimo/tazimo_ws/install/my_bot/share/my_bot/environment/path.sh
[0.305s] -- Up-to-date symlink: /home/tazimo/tazimo_ws/install/my_bot/share/my_bot/environment/path.dsv
[0.306s] -- Up-to-date symlink: /home/tazimo/tazimo_ws/install/my_bot/share/my_bot/local_setup.bash
[0.308s] -- Up-to-date symlink: /home/tazimo/tazimo_ws/install/my_bot/share/my_bot/local_setup.sh
[0.312s] -- Up-to-date symlink: /home/tazimo/tazimo_ws/install/my_bot/share/my_bot/local_setup.zsh
[0.314s] -- Up-to-date symlink: /home/tazimo/tazimo_ws/install/my_bot/share/my_bot/local_setup.dsv
[0.315s] -- Symlinking: /home/tazimo/tazimo_ws/install/my_bot/share/my_bot/package.dsv
[0.342s] -- Up-to-date symlink: /home/tazimo/tazimo_ws/install/my_bot/share/ament_index/resource_index/packages/my_bot
[0.343s] -- Up-to-date symlink: /home/tazimo/tazimo_ws/install/my_bot/share/my_bot/cmake/my_botConfig.cmake
[0.343s] -- Up-to-date symlink: /home/tazimo/tazimo_ws/install/my_bot/share/my_bot/cmake/my_botConfig-version.cmake
[0.344s] -- Up-to-date symlink: /home/tazimo/tazimo_ws/install/my_bot/share/my_bot/package.xml
[0.351s] Invoked command in '/home/tazimo/tazimo_ws/build/my_bot' returned '0': CMAKE_PREFIX_PATH=${CMAKE_PREFIX_PATH}:/home/tazimo/tazimo_ws/install/encoder_to_odom:/home/tazimo/tazimo_ws/install/diffdrive_arduino:/home/tazimo/tazimo_ws/install/cmdvel_to_serial:/opt/ros/humble /usr/bin/cmake --install /home/tazimo/tazimo_ws/build/my_bot
