[0.047s] Invoking command in '/home/tazimo/tazimo_ws/src/build/DiffDr': CMAKE_PREFIX_PATH=${CMAKE_PREFIX_PATH}:/home/tazimo/tazimo_ws/install/encoder_to_odom:/home/tazimo/tazimo_ws/install/cmdvel_to_serial:/home/tazimo/tazimo_ws/install/diffdrive_arduino:/opt/ros/humble /usr/bin/cmake /home/tazimo/tazimo_ws/src/DiffDr -DCMAKE_INSTALL_PREFIX=/home/tazimo/tazimo_ws/src/install/DiffDr
[0.319s] -- The C compiler identification is GNU 11.4.0
[0.564s] -- The CXX compiler identification is GNU 11.4.0
[0.595s] -- Detecting C compiler ABI info
[0.922s] -- Detecting C compiler ABI info - done
[0.951s] -- Check for working C compiler: /usr/bin/cc - skipped
[0.952s] -- Detecting C compile features
[0.953s] -- Detecting C compile features - done
[0.964s] -- Detecting CXX compiler ABI info
[1.315s] -- Detecting CXX compiler ABI info - done
[1.344s] -- Check for working CXX compiler: /usr/bin/c++ - skipped
[1.345s] -- Detecting CXX compile features
[1.346s] -- Detecting CXX compile features - done
[1.386s] -- Found ament_cmake: 1.3.12 (/opt/ros/humble/share/ament_cmake/cmake)
[2.188s] -- Found Python3: /usr/bin/python3 (found version "3.10.12") found components: Interpreter 
[2.956s] -- Found ament_lint_auto: 0.12.14 (/opt/ros/humble/share/ament_lint_auto/cmake)
[3.190s] WARNING: Package name "DiffDr" does not follow the naming conventions. It should start with a lower case letter and only contain lower case letters, digits, underscores, and dashes.
[3.483s] -- Added test 'lint_cmake' to check CMake code style
[3.492s] -- Added test 'xmllint' to check XML markup files
[3.500s] -- Configuring done
[3.520s] -- Generating done
[3.529s] -- Build files have been written to: /home/tazimo/tazimo_ws/src/build/DiffDr
[3.543s] Invoked command in '/home/tazimo/tazimo_ws/src/build/DiffDr' returned '0': CMAKE_PREFIX_PATH=${CMAKE_PREFIX_PATH}:/home/tazimo/tazimo_ws/install/encoder_to_odom:/home/tazimo/tazimo_ws/install/cmdvel_to_serial:/home/tazimo/tazimo_ws/install/diffdrive_arduino:/opt/ros/humble /usr/bin/cmake /home/tazimo/tazimo_ws/src/DiffDr -DCMAKE_INSTALL_PREFIX=/home/tazimo/tazimo_ws/src/install/DiffDr
[3.552s] Invoking command in '/home/tazimo/tazimo_ws/src/build/DiffDr': CMAKE_PREFIX_PATH=${CMAKE_PREFIX_PATH}:/home/tazimo/tazimo_ws/install/encoder_to_odom:/home/tazimo/tazimo_ws/install/cmdvel_to_serial:/home/tazimo/tazimo_ws/install/diffdrive_arduino:/opt/ros/humble /usr/bin/cmake --build /home/tazimo/tazimo_ws/src/build/DiffDr -- -j4 -l4
[3.695s] Invoked command in '/home/tazimo/tazimo_ws/src/build/DiffDr' returned '0': CMAKE_PREFIX_PATH=${CMAKE_PREFIX_PATH}:/home/tazimo/tazimo_ws/install/encoder_to_odom:/home/tazimo/tazimo_ws/install/cmdvel_to_serial:/home/tazimo/tazimo_ws/install/diffdrive_arduino:/opt/ros/humble /usr/bin/cmake --build /home/tazimo/tazimo_ws/src/build/DiffDr -- -j4 -l4
[3.735s] Invoking command in '/home/tazimo/tazimo_ws/src/build/DiffDr': CMAKE_PREFIX_PATH=${CMAKE_PREFIX_PATH}:/home/tazimo/tazimo_ws/install/encoder_to_odom:/home/tazimo/tazimo_ws/install/cmdvel_to_serial:/home/tazimo/tazimo_ws/install/diffdrive_arduino:/opt/ros/humble /usr/bin/cmake --install /home/tazimo/tazimo_ws/src/build/DiffDr
[3.781s] -- Install configuration: ""
[3.785s] -- Installing: /home/tazimo/tazimo_ws/src/install/DiffDr/share/ament_index/resource_index/package_run_dependencies/DiffDr
[3.788s] -- Installing: /home/tazimo/tazimo_ws/src/install/DiffDr/share/ament_index/resource_index/parent_prefix_path/DiffDr
[3.792s] -- Installing: /home/tazimo/tazimo_ws/src/install/DiffDr/share/DiffDr/environment/ament_prefix_path.sh
[3.795s] -- Installing: /home/tazimo/tazimo_ws/src/install/DiffDr/share/DiffDr/environment/ament_prefix_path.dsv
[3.798s] -- Installing: /home/tazimo/tazimo_ws/src/install/DiffDr/share/DiffDr/environment/path.sh
[3.801s] -- Installing: /home/tazimo/tazimo_ws/src/install/DiffDr/share/DiffDr/environment/path.dsv
[3.805s] -- Installing: /home/tazimo/tazimo_ws/src/install/DiffDr/share/DiffDr/local_setup.bash
[3.808s] -- Installing: /home/tazimo/tazimo_ws/src/install/DiffDr/share/DiffDr/local_setup.sh
[3.811s] -- Installing: /home/tazimo/tazimo_ws/src/install/DiffDr/share/DiffDr/local_setup.zsh
[3.813s] -- Installing: /home/tazimo/tazimo_ws/src/install/DiffDr/share/DiffDr/local_setup.dsv
[3.816s] -- Installing: /home/tazimo/tazimo_ws/src/install/DiffDr/share/DiffDr/package.dsv
[3.819s] -- Installing: /home/tazimo/tazimo_ws/src/install/DiffDr/share/ament_index/resource_index/packages/DiffDr
[3.821s] -- Installing: /home/tazimo/tazimo_ws/src/install/DiffDr/share/DiffDr/cmake/DiffDrConfig.cmake
[3.824s] -- Installing: /home/tazimo/tazimo_ws/src/install/DiffDr/share/DiffDr/cmake/DiffDrConfig-version.cmake
[3.828s] -- Installing: /home/tazimo/tazimo_ws/src/install/DiffDr/share/DiffDr/package.xml
[3.830s] Invoked command in '/home/tazimo/tazimo_ws/src/build/DiffDr' returned '0': CMAKE_PREFIX_PATH=${CMAKE_PREFIX_PATH}:/home/tazimo/tazimo_ws/install/encoder_to_odom:/home/tazimo/tazimo_ws/install/cmdvel_to_serial:/home/tazimo/tazimo_ws/install/diffdrive_arduino:/opt/ros/humble /usr/bin/cmake --install /home/tazimo/tazimo_ws/src/build/DiffDr
