[7.249s] Invoking command in '/home/tazimo/tazimo_ws/build/encoder_to_odom': PYTHONPATH=/home/tazimo/tazimo_ws/build/encoder_to_odom/prefix_override:/usr/lib/python3/dist-packages/colcon_core/task/python/colcon_distutils_commands:/home/tazimo/tazimo_ws/install/encoder_to_odom/lib/python3.10/site-packages:${PYTHONPATH} /usr/bin/python3 -W ignore:setup.py install is deprecated -W ignore:easy_install command is deprecated setup.py develop --editable --build-directory /home/tazimo/tazimo_ws/build/encoder_to_odom/build --no-deps symlink_data --force
[9.235s] running develop
[10.821s] running egg_info
[10.821s] writing encoder_to_odom.egg-info/PKG-INFO
[10.822s] writing dependency_links to encoder_to_odom.egg-info/dependency_links.txt
[10.823s] writing entry points to encoder_to_odom.egg-info/entry_points.txt
[10.825s] writing requirements to encoder_to_odom.egg-info/requires.txt
[10.826s] writing top-level names to encoder_to_odom.egg-info/top_level.txt
[10.830s] reading manifest file 'encoder_to_odom.egg-info/SOURCES.txt'
[10.835s] writing manifest file 'encoder_to_odom.egg-info/SOURCES.txt'
[10.844s] running build_ext
[10.846s] Creating /home/tazimo/tazimo_ws/install/encoder_to_odom/lib/python3.10/site-packages/encoder-to-odom.egg-link (link to .)
[10.848s] Installing encoder_to_odom script to /home/tazimo/tazimo_ws/install/encoder_to_odom/lib/encoder_to_odom
[10.866s] 
[10.866s] Installed /home/tazimo/tazimo_ws/build/encoder_to_odom
[10.867s] running symlink_data
[10.867s] symbolically linking /home/tazimo/tazimo_ws/build/encoder_to_odom/resource/encoder_to_odom -> /home/tazimo/tazimo_ws/install/encoder_to_odom/share/ament_index/resource_index/packages
[10.869s] symbolically linking /home/tazimo/tazimo_ws/build/encoder_to_odom/package.xml -> /home/tazimo/tazimo_ws/install/encoder_to_odom/share/encoder_to_odom
[10.870s] symbolically linking /home/tazimo/tazimo_ws/build/encoder_to_odom/launch/encoder_to_odom.launch.py -> /home/tazimo/tazimo_ws/install/encoder_to_odom/share/encoder_to_odom/launch
[11.040s] Invoked command in '/home/tazimo/tazimo_ws/build/encoder_to_odom' returned '0': PYTHONPATH=/home/tazimo/tazimo_ws/build/encoder_to_odom/prefix_override:/usr/lib/python3/dist-packages/colcon_core/task/python/colcon_distutils_commands:/home/tazimo/tazimo_ws/install/encoder_to_odom/lib/python3.10/site-packages:${PYTHONPATH} /usr/bin/python3 -W ignore:setup.py install is deprecated -W ignore:easy_install command is deprecated setup.py develop --editable --build-directory /home/tazimo/tazimo_ws/build/encoder_to_odom/build --no-deps symlink_data --force
