[0.048s] Invoking command in '/home/tazimo/tazimo_ws/build/my_bot': CMAKE_PREFIX_PATH=/opt/ros/humble /usr/bin/cmake --build /home/tazimo/tazimo_ws/build/my_bot -- -j4 -l4
[0.243s] Invoked command in '/home/tazimo/tazimo_ws/build/my_bot' returned '0': CMAKE_PREFIX_PATH=/opt/ros/humble /usr/bin/cmake --build /home/tazimo/tazimo_ws/build/my_bot -- -j4 -l4
[0.263s] Invoking command in '/home/tazimo/tazimo_ws/build/my_bot': CMAKE_PREFIX_PATH=/opt/ros/humble /usr/bin/cmake --install /home/tazimo/tazimo_ws/build/my_bot
[0.330s] -- Install configuration: ""
[0.334s] -- Up-to-date: /home/tazimo/tazimo_ws/install/my_bot/share/my_bot/config
[0.335s] -- Up-to-date: /home/tazimo/tazimo_ws/install/my_bot/share/my_bot/config/default_view.rviz
[0.337s] -- Up-to-date: /home/tazimo/tazimo_ws/install/my_bot/share/my_bot/config/gazebo_params.yaml
[0.338s] -- Up-to-date: /home/tazimo/tazimo_ws/install/my_bot/share/my_bot/config/gaz_ros2_ctl_use_sim.yaml
[0.340s] -- Up-to-date: /home/tazimo/tazimo_ws/install/my_bot/share/my_bot/config/mapper_params_online_async.yaml
[0.342s] -- Up-to-date: /home/tazimo/tazimo_ws/install/my_bot/share/my_bot/config/view_bot.rviz
[0.344s] -- Up-to-date: /home/tazimo/tazimo_ws/install/my_bot/share/my_bot/config/main.rviz
[0.345s] -- Up-to-date: /home/tazimo/tazimo_ws/install/my_bot/share/my_bot/config/my_controllers.yaml
[0.346s] -- Up-to-date: /home/tazimo/tazimo_ws/install/my_bot/share/my_bot/config/empty.yaml
[0.368s] -- Up-to-date: /home/tazimo/tazimo_ws/install/my_bot/share/my_bot/config/main_bot.rviz
[0.369s] -- Up-to-date: /home/tazimo/tazimo_ws/install/my_bot/share/my_bot/config/drive_bot.rviz
[0.369s] -- Up-to-date: /home/tazimo/tazimo_ws/install/my_bot/share/my_bot/description
[0.374s] -- Up-to-date: /home/tazimo/tazimo_ws/install/my_bot/share/my_bot/description/inertial_macros.xacro
[0.375s] -- Up-to-date: /home/tazimo/tazimo_ws/install/my_bot/share/my_bot/description/ros2_control.xacro
[0.376s] -- Up-to-date: /home/tazimo/tazimo_ws/install/my_bot/share/my_bot/description/robot.urdf.xacro
[0.376s] -- Up-to-date: /home/tazimo/tazimo_ws/install/my_bot/share/my_bot/description/lidar.xacro
[0.377s] -- Up-to-date: /home/tazimo/tazimo_ws/install/my_bot/share/my_bot/description/ROS2.xacro
[0.377s] -- Up-to-date: /home/tazimo/tazimo_ws/install/my_bot/share/my_bot/description/robot_core.xacro
[0.391s] -- Up-to-date: /home/tazimo/tazimo_ws/install/my_bot/share/my_bot/description/gazebo_control.xacro
[0.399s] -- Up-to-date: /home/tazimo/tazimo_ws/install/my_bot/share/my_bot/launch
[0.401s] -- Up-to-date: /home/tazimo/tazimo_ws/install/my_bot/share/my_bot/launch/rsp.launch.py
[0.413s] -- Installing: /home/tazimo/tazimo_ws/install/my_bot/share/my_bot/launch/launch_robot.launch.py
[0.416s] -- Up-to-date: /home/tazimo/tazimo_ws/install/my_bot/share/my_bot/launch/bringup.launch.py
[0.418s] -- Up-to-date: /home/tazimo/tazimo_ws/install/my_bot/share/my_bot/launch/launch_sim.launch.py
[0.428s] -- Up-to-date: /home/tazimo/tazimo_ws/install/my_bot/share/my_bot/launch/online_async_launch.py
[0.431s] -- Up-to-date: /home/tazimo/tazimo_ws/install/my_bot/share/my_bot/launch/rplidar.launch.py
[0.437s] -- Up-to-date: /home/tazimo/tazimo_ws/install/my_bot/share/my_bot/worlds
[0.440s] -- Up-to-date: /home/tazimo/tazimo_ws/install/my_bot/share/my_bot/worlds/obstacles.world
[0.445s] -- Up-to-date: /home/tazimo/tazimo_ws/install/my_bot/share/my_bot/worlds/custom_world.world
[0.455s] -- Up-to-date: /home/tazimo/tazimo_ws/install/my_bot/share/my_bot/worlds/empty.world
[0.459s] -- Up-to-date: /home/tazimo/tazimo_ws/install/my_bot/share/ament_index/resource_index/package_run_dependencies/my_bot
[0.463s] -- Up-to-date: /home/tazimo/tazimo_ws/install/my_bot/share/ament_index/resource_index/parent_prefix_path/my_bot
[0.466s] -- Up-to-date: /home/tazimo/tazimo_ws/install/my_bot/share/my_bot/environment/ament_prefix_path.sh
[0.471s] -- Up-to-date: /home/tazimo/tazimo_ws/install/my_bot/share/my_bot/environment/ament_prefix_path.dsv
[0.477s] -- Up-to-date: /home/tazimo/tazimo_ws/install/my_bot/share/my_bot/environment/path.sh
[0.480s] -- Up-to-date: /home/tazimo/tazimo_ws/install/my_bot/share/my_bot/environment/path.dsv
[0.487s] -- Up-to-date: /home/tazimo/tazimo_ws/install/my_bot/share/my_bot/local_setup.bash
[0.494s] -- Up-to-date: /home/tazimo/tazimo_ws/install/my_bot/share/my_bot/local_setup.sh
[0.496s] -- Up-to-date: /home/tazimo/tazimo_ws/install/my_bot/share/my_bot/local_setup.zsh
[0.500s] -- Up-to-date: /home/tazimo/tazimo_ws/install/my_bot/share/my_bot/local_setup.dsv
[0.506s] -- Up-to-date: /home/tazimo/tazimo_ws/install/my_bot/share/my_bot/package.dsv
[0.508s] -- Up-to-date: /home/tazimo/tazimo_ws/install/my_bot/share/ament_index/resource_index/packages/my_bot
[0.510s] -- Up-to-date: /home/tazimo/tazimo_ws/install/my_bot/share/my_bot/cmake/my_botConfig.cmake
[0.514s] -- Up-to-date: /home/tazimo/tazimo_ws/install/my_bot/share/my_bot/cmake/my_botConfig-version.cmake
[0.519s] -- Up-to-date: /home/tazimo/tazimo_ws/install/my_bot/share/my_bot/package.xml
[0.521s] Invoked command in '/home/tazimo/tazimo_ws/build/my_bot' returned '0': CMAKE_PREFIX_PATH=/opt/ros/humble /usr/bin/cmake --install /home/tazimo/tazimo_ws/build/my_bot
