[0.089s] Invoking command in '/home/tazimo/tazimo_ws/build/vel-to-ser': CMAKE_PREFIX_PATH=${CMAKE_PREFIX_PATH}:/home/tazimo/tazimo_ws/install/encoder_to_odom:/home/tazimo/tazimo_ws/install/diffdrive_arduino:/home/tazimo/tazimo_ws/install/cmdvel_to_serial:/opt/ros/humble /usr/bin/cmake /home/tazimo/tazimo_ws/src/vel-to-ser -DAMENT_CMAKE_SYMLINK_INSTALL=1 -DCMAKE_INSTALL_PREFIX=/home/tazimo/tazimo_ws/install/vel-to-ser
[0.449s] -- The C compiler identification is GNU 11.4.0
[0.729s] -- The CXX compiler identification is GNU 11.4.0
[0.766s] -- Detecting C compiler ABI info
[1.128s] -- Detecting C compiler ABI info - done
[1.171s] -- Check for working C compiler: /usr/bin/cc - skipped
[1.173s] -- Detecting C compile features
[1.175s] -- Detecting C compile features - done
[1.192s] -- Detecting CXX compiler ABI info
[1.585s] -- Detecting CXX compiler ABI info - done
[1.614s] -- Check for working CXX compiler: /usr/bin/c++ - skipped
[1.615s] -- Detecting CXX compile features
[1.617s] -- Detecting CXX compile features - done
[1.657s] -- Found ament_cmake: 1.3.12 (/opt/ros/humble/share/ament_cmake/cmake)
[2.541s] -- Found Python3: /usr/bin/python3 (found version "3.10.12") found components: Interpreter 
[2.867s] -- Override CMake install command with custom implementation using symlinks instead of copying resources
[3.309s] -- Found rclpy: 3.3.17 (/opt/ros/humble/share/rclpy/cmake)
[3.339s] -- Found geometry_msgs: 4.9.0 (/opt/ros/humble/share/geometry_msgs/cmake)
[3.752s] -- Found rosidl_generator_c: 3.1.7 (/opt/ros/humble/share/rosidl_generator_c/cmake)
[3.820s] -- Found rosidl_adapter: 3.1.7 (/opt/ros/humble/share/rosidl_adapter/cmake)
[3.900s] -- Found rosidl_generator_cpp: 3.1.7 (/opt/ros/humble/share/rosidl_generator_cpp/cmake)
[3.998s] -- Using all available rosidl_typesupport_c: rosidl_typesupport_fastrtps_c;rosidl_typesupport_introspection_c
[4.136s] -- Using all available rosidl_typesupport_cpp: rosidl_typesupport_fastrtps_cpp;rosidl_typesupport_introspection_cpp
[4.367s] -- Found ament_lint_auto: 0.12.14 (/opt/ros/humble/share/ament_lint_auto/cmake)
[4.891s] -- Added test 'flake8' to check Python code syntax and style conventions
[4.895s] -- Added test 'lint_cmake' to check CMake code style
[4.899s] -- Added test 'pep257' to check Python code against some of the docstring style conventions in PEP 257
[4.907s] -- Added test 'xmllint' to check XML markup files
[4.917s] -- Configuring done
[4.947s] -- Generating done
[4.957s] -- Build files have been written to: /home/tazimo/tazimo_ws/build/vel-to-ser
[4.981s] Invoked command in '/home/tazimo/tazimo_ws/build/vel-to-ser' returned '0': CMAKE_PREFIX_PATH=${CMAKE_PREFIX_PATH}:/home/tazimo/tazimo_ws/install/encoder_to_odom:/home/tazimo/tazimo_ws/install/diffdrive_arduino:/home/tazimo/tazimo_ws/install/cmdvel_to_serial:/opt/ros/humble /usr/bin/cmake /home/tazimo/tazimo_ws/src/vel-to-ser -DAMENT_CMAKE_SYMLINK_INSTALL=1 -DCMAKE_INSTALL_PREFIX=/home/tazimo/tazimo_ws/install/vel-to-ser
[4.989s] Invoking command in '/home/tazimo/tazimo_ws/build/vel-to-ser': CMAKE_PREFIX_PATH=${CMAKE_PREFIX_PATH}:/home/tazimo/tazimo_ws/install/encoder_to_odom:/home/tazimo/tazimo_ws/install/diffdrive_arduino:/home/tazimo/tazimo_ws/install/cmdvel_to_serial:/opt/ros/humble /usr/bin/cmake --build /home/tazimo/tazimo_ws/build/vel-to-ser -- -j4 -l4
[5.145s] Invoked command in '/home/tazimo/tazimo_ws/build/vel-to-ser' returned '0': CMAKE_PREFIX_PATH=${CMAKE_PREFIX_PATH}:/home/tazimo/tazimo_ws/install/encoder_to_odom:/home/tazimo/tazimo_ws/install/diffdrive_arduino:/home/tazimo/tazimo_ws/install/cmdvel_to_serial:/opt/ros/humble /usr/bin/cmake --build /home/tazimo/tazimo_ws/build/vel-to-ser -- -j4 -l4
[5.154s] Invoking command in '/home/tazimo/tazimo_ws/build/vel-to-ser': CMAKE_PREFIX_PATH=${CMAKE_PREFIX_PATH}:/home/tazimo/tazimo_ws/install/encoder_to_odom:/home/tazimo/tazimo_ws/install/diffdrive_arduino:/home/tazimo/tazimo_ws/install/cmdvel_to_serial:/opt/ros/humble /usr/bin/cmake --install /home/tazimo/tazimo_ws/build/vel-to-ser
[5.178s] -- Install configuration: ""
[5.179s] -- Execute custom install script
[5.181s] -- Symlinking: /home/tazimo/tazimo_ws/install/vel-to-ser/lib/vel-to-ser/cmdvel_to_serial_node.py
[5.211s] -- Symlinking: /home/tazimo/tazimo_ws/install/vel-to-ser/share/ament_index/resource_index/package_run_dependencies/vel-to-ser
[5.241s] -- Symlinking: /home/tazimo/tazimo_ws/install/vel-to-ser/share/ament_index/resource_index/parent_prefix_path/vel-to-ser
[5.272s] -- Symlinking: /home/tazimo/tazimo_ws/install/vel-to-ser/share/vel-to-ser/environment/ament_prefix_path.sh
[5.302s] -- Symlinking: /home/tazimo/tazimo_ws/install/vel-to-ser/share/vel-to-ser/environment/ament_prefix_path.dsv
[5.333s] -- Symlinking: /home/tazimo/tazimo_ws/install/vel-to-ser/share/vel-to-ser/environment/path.sh
[5.363s] -- Symlinking: /home/tazimo/tazimo_ws/install/vel-to-ser/share/vel-to-ser/environment/path.dsv
[5.394s] -- Symlinking: /home/tazimo/tazimo_ws/install/vel-to-ser/share/vel-to-ser/local_setup.bash
[5.424s] -- Symlinking: /home/tazimo/tazimo_ws/install/vel-to-ser/share/vel-to-ser/local_setup.sh
[5.454s] -- Symlinking: /home/tazimo/tazimo_ws/install/vel-to-ser/share/vel-to-ser/local_setup.zsh
[5.484s] -- Symlinking: /home/tazimo/tazimo_ws/install/vel-to-ser/share/vel-to-ser/local_setup.dsv
[5.513s] -- Symlinking: /home/tazimo/tazimo_ws/install/vel-to-ser/share/vel-to-ser/package.dsv
[5.544s] -- Symlinking: /home/tazimo/tazimo_ws/install/vel-to-ser/share/ament_index/resource_index/packages/vel-to-ser
[5.579s] -- Symlinking: /home/tazimo/tazimo_ws/install/vel-to-ser/share/vel-to-ser/cmake/vel-to-serConfig.cmake
[5.610s] -- Symlinking: /home/tazimo/tazimo_ws/install/vel-to-ser/share/vel-to-ser/cmake/vel-to-serConfig-version.cmake
[5.639s] -- Symlinking: /home/tazimo/tazimo_ws/install/vel-to-ser/share/vel-to-ser/package.xml
[5.675s] Invoked command in '/home/tazimo/tazimo_ws/build/vel-to-ser' returned '0': CMAKE_PREFIX_PATH=${CMAKE_PREFIX_PATH}:/home/tazimo/tazimo_ws/install/encoder_to_odom:/home/tazimo/tazimo_ws/install/diffdrive_arduino:/home/tazimo/tazimo_ws/install/cmdvel_to_serial:/opt/ros/humble /usr/bin/cmake --install /home/tazimo/tazimo_ws/build/vel-to-ser
