running egg_info
creating ../../build/encoder_to_odom/encoder_to_odom.egg-info
writing ../../build/encoder_to_odom/encoder_to_odom.egg-info/PKG-INFO
writing dependency_links to ../../build/encoder_to_odom/encoder_to_odom.egg-info/dependency_links.txt
writing entry points to ../../build/encoder_to_odom/encoder_to_odom.egg-info/entry_points.txt
writing requirements to ../../build/encoder_to_odom/encoder_to_odom.egg-info/requires.txt
writing top-level names to ../../build/encoder_to_odom/encoder_to_odom.egg-info/top_level.txt
writing manifest file '../../build/encoder_to_odom/encoder_to_odom.egg-info/SOURCES.txt'
reading manifest file '../../build/encoder_to_odom/encoder_to_odom.egg-info/SOURCES.txt'
writing manifest file '../../build/encoder_to_odom/encoder_to_odom.egg-info/SOURCES.txt'
running build
running build_py
creating /home/tazimo/tazimo_ws/build/encoder_to_odom/build
creating /home/tazimo/tazimo_ws/build/encoder_to_odom/build/lib
creating /home/tazimo/tazimo_ws/build/encoder_to_odom/build/lib/encoder_to_odom
copying encoder_to_odom/__init__.py -> /home/tazimo/tazimo_ws/build/encoder_to_odom/build/lib/encoder_to_odom
copying encoder_to_odom/encoder_to_odom.py -> /home/tazimo/tazimo_ws/build/encoder_to_odom/build/lib/encoder_to_odom
running install
running install_lib
creating /home/tazimo/tazimo_ws/install/encoder_to_odom/lib/python3.10/site-packages/encoder_to_odom
copying /home/tazimo/tazimo_ws/build/encoder_to_odom/build/lib/encoder_to_odom/__init__.py -> /home/tazimo/tazimo_ws/install/encoder_to_odom/lib/python3.10/site-packages/encoder_to_odom
copying /home/tazimo/tazimo_ws/build/encoder_to_odom/build/lib/encoder_to_odom/encoder_to_odom.py -> /home/tazimo/tazimo_ws/install/encoder_to_odom/lib/python3.10/site-packages/encoder_to_odom
byte-compiling /home/tazimo/tazimo_ws/install/encoder_to_odom/lib/python3.10/site-packages/encoder_to_odom/__init__.py to __init__.cpython-310.pyc
byte-compiling /home/tazimo/tazimo_ws/install/encoder_to_odom/lib/python3.10/site-packages/encoder_to_odom/encoder_to_odom.py to encoder_to_odom.cpython-310.pyc
running install_data
creating /home/tazimo/tazimo_ws/install/encoder_to_odom/share/ament_index
creating /home/tazimo/tazimo_ws/install/encoder_to_odom/share/ament_index/resource_index
creating /home/tazimo/tazimo_ws/install/encoder_to_odom/share/ament_index/resource_index/packages
copying resource/encoder_to_odom -> /home/tazimo/tazimo_ws/install/encoder_to_odom/share/ament_index/resource_index/packages
copying package.xml -> /home/tazimo/tazimo_ws/install/encoder_to_odom/share/encoder_to_odom
creating /home/tazimo/tazimo_ws/install/encoder_to_odom/share/encoder_to_odom/launch
copying launch/encoder_to_odom.launch.py -> /home/tazimo/tazimo_ws/install/encoder_to_odom/share/encoder_to_odom/launch
running install_egg_info
Copying ../../build/encoder_to_odom/encoder_to_odom.egg-info to /home/tazimo/tazimo_ws/install/encoder_to_odom/lib/python3.10/site-packages/encoder_to_odom-0.0.1-py3.10.egg-info
running install_scripts
Installing encoder_to_odom script to /home/tazimo/tazimo_ws/install/encoder_to_odom/lib/encoder_to_odom
writing list of installed files to '/home/tazimo/tazimo_ws/build/encoder_to_odom/install.log'
