[6.652s] Invoking command in '/home/tazimo/tazimo_ws/src/encoder_to_odom': PYTHONPATH=/home/tazimo/tazimo_ws/build/encoder_to_odom/prefix_override:/usr/lib/python3/dist-packages/colcon_core/task/python/colcon_distutils_commands:/home/tazimo/tazimo_ws/install/encoder_to_odom/lib/python3.10/site-packages:${PYTHONPATH} /usr/bin/python3 -W ignore:setup.py install is deprecated -W ignore:easy_install command is deprecated setup.py egg_info --egg-base ../../build/encoder_to_odom build --build-base /home/tazimo/tazimo_ws/build/encoder_to_odom/build install --record /home/tazimo/tazimo_ws/build/encoder_to_odom/install.log --single-version-externally-managed install_data
[8.432s] running egg_info
[8.438s] creating ../../build/encoder_to_odom/encoder_to_odom.egg-info
[8.442s] writing ../../build/encoder_to_odom/encoder_to_odom.egg-info/PKG-INFO
[8.450s] writing dependency_links to ../../build/encoder_to_odom/encoder_to_odom.egg-info/dependency_links.txt
[8.477s] writing entry points to ../../build/encoder_to_odom/encoder_to_odom.egg-info/entry_points.txt
[8.486s] writing requirements to ../../build/encoder_to_odom/encoder_to_odom.egg-info/requires.txt
[8.508s] writing top-level names to ../../build/encoder_to_odom/encoder_to_odom.egg-info/top_level.txt
[8.518s] writing manifest file '../../build/encoder_to_odom/encoder_to_odom.egg-info/SOURCES.txt'
[8.546s] reading manifest file '../../build/encoder_to_odom/encoder_to_odom.egg-info/SOURCES.txt'
[8.548s] writing manifest file '../../build/encoder_to_odom/encoder_to_odom.egg-info/SOURCES.txt'
[8.550s] running build
[8.551s] running build_py
[8.553s] creating /home/tazimo/tazimo_ws/build/encoder_to_odom/build
[8.558s] creating /home/tazimo/tazimo_ws/build/encoder_to_odom/build/lib
[8.559s] creating /home/tazimo/tazimo_ws/build/encoder_to_odom/build/lib/encoder_to_odom
[8.562s] copying encoder_to_odom/__init__.py -> /home/tazimo/tazimo_ws/build/encoder_to_odom/build/lib/encoder_to_odom
[8.564s] copying encoder_to_odom/encoder_to_odom.py -> /home/tazimo/tazimo_ws/build/encoder_to_odom/build/lib/encoder_to_odom
[8.565s] running install
[8.567s] running install_lib
[8.569s] creating /home/tazimo/tazimo_ws/install/encoder_to_odom/lib/python3.10/site-packages/encoder_to_odom
[8.570s] copying /home/tazimo/tazimo_ws/build/encoder_to_odom/build/lib/encoder_to_odom/__init__.py -> /home/tazimo/tazimo_ws/install/encoder_to_odom/lib/python3.10/site-packages/encoder_to_odom
[8.572s] copying /home/tazimo/tazimo_ws/build/encoder_to_odom/build/lib/encoder_to_odom/encoder_to_odom.py -> /home/tazimo/tazimo_ws/install/encoder_to_odom/lib/python3.10/site-packages/encoder_to_odom
[8.575s] byte-compiling /home/tazimo/tazimo_ws/install/encoder_to_odom/lib/python3.10/site-packages/encoder_to_odom/__init__.py to __init__.cpython-310.pyc
[8.577s] byte-compiling /home/tazimo/tazimo_ws/install/encoder_to_odom/lib/python3.10/site-packages/encoder_to_odom/encoder_to_odom.py to encoder_to_odom.cpython-310.pyc
[8.578s] running install_data
[8.594s] creating /home/tazimo/tazimo_ws/install/encoder_to_odom/share/ament_index
[8.594s] creating /home/tazimo/tazimo_ws/install/encoder_to_odom/share/ament_index/resource_index
[8.595s] creating /home/tazimo/tazimo_ws/install/encoder_to_odom/share/ament_index/resource_index/packages
[8.595s] copying resource/encoder_to_odom -> /home/tazimo/tazimo_ws/install/encoder_to_odom/share/ament_index/resource_index/packages
[8.596s] copying package.xml -> /home/tazimo/tazimo_ws/install/encoder_to_odom/share/encoder_to_odom
[8.597s] creating /home/tazimo/tazimo_ws/install/encoder_to_odom/share/encoder_to_odom/launch
[8.598s] copying launch/encoder_to_odom.launch.py -> /home/tazimo/tazimo_ws/install/encoder_to_odom/share/encoder_to_odom/launch
[8.599s] running install_egg_info
[8.599s] Copying ../../build/encoder_to_odom/encoder_to_odom.egg-info to /home/tazimo/tazimo_ws/install/encoder_to_odom/lib/python3.10/site-packages/encoder_to_odom-0.0.1-py3.10.egg-info
[8.600s] running install_scripts
[8.715s] Installing encoder_to_odom script to /home/tazimo/tazimo_ws/install/encoder_to_odom/lib/encoder_to_odom
[8.717s] writing list of installed files to '/home/tazimo/tazimo_ws/build/encoder_to_odom/install.log'
[8.939s] Invoked command in '/home/tazimo/tazimo_ws/src/encoder_to_odom' returned '0': PYTHONPATH=/home/tazimo/tazimo_ws/build/encoder_to_odom/prefix_override:/usr/lib/python3/dist-packages/colcon_core/task/python/colcon_distutils_commands:/home/tazimo/tazimo_ws/install/encoder_to_odom/lib/python3.10/site-packages:${PYTHONPATH} /usr/bin/python3 -W ignore:setup.py install is deprecated -W ignore:easy_install command is deprecated setup.py egg_info --egg-base ../../build/encoder_to_odom build --build-base /home/tazimo/tazimo_ws/build/encoder_to_odom/build install --record /home/tazimo/tazimo_ws/build/encoder_to_odom/install.log --single-version-externally-managed install_data
