[0.139s] Invoking command in '/home/tazimo/tazimo_ws/build/DiffDr': CMAKE_PREFIX_PATH=${CMAKE_PREFIX_PATH}:/home/tazimo/tazimo_ws/install/encoder_to_odom:/home/tazimo/tazimo_ws/install/diffdrive_arduino:/home/tazimo/tazimo_ws/install/cmdvel_to_serial:/opt/ros/humble /usr/bin/cmake /home/tazimo/tazimo_ws/src/DiffDr -DAMENT_CMAKE_SYMLINK_INSTALL=1 -DCMAKE_INSTALL_PREFIX=/home/tazimo/tazimo_ws/install/DiffDr
[3.002s] -- The C compiler identification is GNU 11.4.0
[3.004s] -- The CXX compiler identification is GNU 11.4.0
[3.005s] -- Detecting C compiler ABI info
[3.007s] -- Detecting C compiler ABI info - done
[3.008s] -- Check for working C compiler: /usr/bin/cc - skipped
[3.009s] -- Detecting C compile features
[3.012s] -- Detecting C compile features - done
[3.013s] -- Detecting CXX compiler ABI info
[3.013s] -- Detecting CXX compiler ABI info - done
[3.013s] -- Check for working CXX compiler: /usr/bin/c++ - skipped
[3.014s] -- Detecting CXX compile features
[3.014s] -- Detecting CXX compile features - done
[3.015s] -- Found ament_cmake: 1.3.12 (/opt/ros/humble/share/ament_cmake/cmake)
[3.257s] -- Found Python3: /usr/bin/python3 (found version "3.10.12") found components: Interpreter 
[3.559s] -- Override CMake install command with custom implementation using symlinks instead of copying resources
[3.979s] -- Found ament_lint_auto: 0.12.14 (/opt/ros/humble/share/ament_lint_auto/cmake)
[4.218s] WARNING: Package name "DiffDr" does not follow the naming conventions. It should start with a lower case letter and only contain lower case letters, digits, underscores, and dashes.
[4.523s] -- Added test 'cppcheck' to perform static code analysis on C / C++ code
[4.524s] -- Configured cppcheck include dirs: 
[4.525s] -- Configured cppcheck exclude dirs and/or files: 
[4.533s] -- Added test 'lint_cmake' to check CMake code style
[4.546s] -- Added test 'uncrustify' to check C / C++ code style
[4.548s] -- Configured uncrustify additional arguments: 
[4.553s] -- Added test 'xmllint' to check XML markup files
[4.567s] -- Configuring done
[4.593s] -- Generating done
[4.605s] -- Build files have been written to: /home/tazimo/tazimo_ws/build/DiffDr
[4.635s] Invoked command in '/home/tazimo/tazimo_ws/build/DiffDr' returned '0': CMAKE_PREFIX_PATH=${CMAKE_PREFIX_PATH}:/home/tazimo/tazimo_ws/install/encoder_to_odom:/home/tazimo/tazimo_ws/install/diffdrive_arduino:/home/tazimo/tazimo_ws/install/cmdvel_to_serial:/opt/ros/humble /usr/bin/cmake /home/tazimo/tazimo_ws/src/DiffDr -DAMENT_CMAKE_SYMLINK_INSTALL=1 -DCMAKE_INSTALL_PREFIX=/home/tazimo/tazimo_ws/install/DiffDr
[4.638s] Invoking command in '/home/tazimo/tazimo_ws/build/DiffDr': CMAKE_PREFIX_PATH=${CMAKE_PREFIX_PATH}:/home/tazimo/tazimo_ws/install/encoder_to_odom:/home/tazimo/tazimo_ws/install/diffdrive_arduino:/home/tazimo/tazimo_ws/install/cmdvel_to_serial:/opt/ros/humble /usr/bin/cmake --build /home/tazimo/tazimo_ws/build/DiffDr -- -j4 -l4
[4.834s] Invoked command in '/home/tazimo/tazimo_ws/build/DiffDr' returned '0': CMAKE_PREFIX_PATH=${CMAKE_PREFIX_PATH}:/home/tazimo/tazimo_ws/install/encoder_to_odom:/home/tazimo/tazimo_ws/install/diffdrive_arduino:/home/tazimo/tazimo_ws/install/cmdvel_to_serial:/opt/ros/humble /usr/bin/cmake --build /home/tazimo/tazimo_ws/build/DiffDr -- -j4 -l4
[4.880s] Invoking command in '/home/tazimo/tazimo_ws/build/DiffDr': CMAKE_PREFIX_PATH=${CMAKE_PREFIX_PATH}:/home/tazimo/tazimo_ws/install/encoder_to_odom:/home/tazimo/tazimo_ws/install/diffdrive_arduino:/home/tazimo/tazimo_ws/install/cmdvel_to_serial:/opt/ros/humble /usr/bin/cmake --install /home/tazimo/tazimo_ws/build/DiffDr
[4.921s] -- Install configuration: ""
[4.926s] -- Execute custom install script
[4.932s] -- Symlinking: /home/tazimo/tazimo_ws/install/DiffDr/share/ament_index/resource_index/package_run_dependencies/DiffDr
[4.981s] -- Symlinking: /home/tazimo/tazimo_ws/install/DiffDr/share/ament_index/resource_index/parent_prefix_path/DiffDr
[5.041s] -- Symlinking: /home/tazimo/tazimo_ws/install/DiffDr/share/DiffDr/environment/ament_prefix_path.sh
[5.079s] -- Symlinking: /home/tazimo/tazimo_ws/install/DiffDr/share/DiffDr/environment/ament_prefix_path.dsv
[5.117s] -- Symlinking: /home/tazimo/tazimo_ws/install/DiffDr/share/DiffDr/environment/path.sh
[5.168s] -- Symlinking: /home/tazimo/tazimo_ws/install/DiffDr/share/DiffDr/environment/path.dsv
[5.205s] -- Symlinking: /home/tazimo/tazimo_ws/install/DiffDr/share/DiffDr/local_setup.bash
[5.243s] -- Symlinking: /home/tazimo/tazimo_ws/install/DiffDr/share/DiffDr/local_setup.sh
[5.288s] -- Symlinking: /home/tazimo/tazimo_ws/install/DiffDr/share/DiffDr/local_setup.zsh
[5.326s] -- Symlinking: /home/tazimo/tazimo_ws/install/DiffDr/share/DiffDr/local_setup.dsv
[5.367s] -- Symlinking: /home/tazimo/tazimo_ws/install/DiffDr/share/DiffDr/package.dsv
[5.409s] -- Symlinking: /home/tazimo/tazimo_ws/install/DiffDr/share/ament_index/resource_index/packages/DiffDr
[5.450s] -- Symlinking: /home/tazimo/tazimo_ws/install/DiffDr/share/DiffDr/cmake/DiffDrConfig.cmake
[5.489s] -- Symlinking: /home/tazimo/tazimo_ws/install/DiffDr/share/DiffDr/cmake/DiffDrConfig-version.cmake
[5.527s] -- Symlinking: /home/tazimo/tazimo_ws/install/DiffDr/share/DiffDr/package.xml
[5.577s] Invoked command in '/home/tazimo/tazimo_ws/build/DiffDr' returned '0': CMAKE_PREFIX_PATH=${CMAKE_PREFIX_PATH}:/home/tazimo/tazimo_ws/install/encoder_to_odom:/home/tazimo/tazimo_ws/install/diffdrive_arduino:/home/tazimo/tazimo_ws/install/cmdvel_to_serial:/opt/ros/humble /usr/bin/cmake --install /home/tazimo/tazimo_ws/build/DiffDr
