[6.679s] Invoking command in '/home/tazimo/tazimo_ws/src/encoder_to_odom': PYTHONPATH=/home/tazimo/tazimo_ws/build/encoder_to_odom/prefix_override:/usr/lib/python3/dist-packages/colcon_core/task/python/colcon_distutils_commands:/home/tazimo/tazimo_ws/install/encoder_to_odom/lib/python3.10/site-packages:${PYTHONPATH} /usr/bin/python3 -W ignore:setup.py install is deprecated -W ignore:easy_install command is deprecated setup.py egg_info --egg-base ../../build/encoder_to_odom build --build-base /home/tazimo/tazimo_ws/build/encoder_to_odom/build install --record /home/tazimo/tazimo_ws/build/encoder_to_odom/install.log --single-version-externally-managed install_data
[8.336s] running egg_info
[8.339s] writing ../../build/encoder_to_odom/encoder_to_odom.egg-info/PKG-INFO
[8.340s] writing dependency_links to ../../build/encoder_to_odom/encoder_to_odom.egg-info/dependency_links.txt
[8.344s] writing entry points to ../../build/encoder_to_odom/encoder_to_odom.egg-info/entry_points.txt
[8.345s] writing requirements to ../../build/encoder_to_odom/encoder_to_odom.egg-info/requires.txt
[8.346s] writing top-level names to ../../build/encoder_to_odom/encoder_to_odom.egg-info/top_level.txt
[8.363s] reading manifest file '../../build/encoder_to_odom/encoder_to_odom.egg-info/SOURCES.txt'
[8.368s] writing manifest file '../../build/encoder_to_odom/encoder_to_odom.egg-info/SOURCES.txt'
[8.369s] running build
[8.370s] running build_py
[8.372s] running install
[8.374s] running install_lib
[8.388s] running install_data
[8.391s] running install_egg_info
[8.400s] removing '/home/tazimo/tazimo_ws/install/encoder_to_odom/lib/python3.10/site-packages/encoder_to_odom-0.0.1-py3.10.egg-info' (and everything under it)
[8.405s] Copying ../../build/encoder_to_odom/encoder_to_odom.egg-info to /home/tazimo/tazimo_ws/install/encoder_to_odom/lib/python3.10/site-packages/encoder_to_odom-0.0.1-py3.10.egg-info
[8.410s] running install_scripts
[8.488s] Installing encoder_to_odom script to /home/tazimo/tazimo_ws/install/encoder_to_odom/lib/encoder_to_odom
[8.490s] writing list of installed files to '/home/tazimo/tazimo_ws/build/encoder_to_odom/install.log'
[8.608s] Invoked command in '/home/tazimo/tazimo_ws/src/encoder_to_odom' returned '0': PYTHONPATH=/home/tazimo/tazimo_ws/build/encoder_to_odom/prefix_override:/usr/lib/python3/dist-packages/colcon_core/task/python/colcon_distutils_commands:/home/tazimo/tazimo_ws/install/encoder_to_odom/lib/python3.10/site-packages:${PYTHONPATH} /usr/bin/python3 -W ignore:setup.py install is deprecated -W ignore:easy_install command is deprecated setup.py egg_info --egg-base ../../build/encoder_to_odom build --build-base /home/tazimo/tazimo_ws/build/encoder_to_odom/build install --record /home/tazimo/tazimo_ws/build/encoder_to_odom/install.log --single-version-externally-managed install_data
