[0.468s] DEBUG:colcon:Command line arguments: ['/usr/bin/colcon', 'build', '--symlink-install']
[0.469s] DEBUG:colcon:Parsed command line arguments: Namespace(log_base=None, log_level=None, verb_name='build', build_base='build', install_base='install', merge_install=False, symlink_install=True, test_result_base=None, continue_on_error=False, executor='parallel', parallel_workers=4, event_handlers=None, ignore_user_meta=False, metas=['./colcon.meta'], base_paths=['.'], packages_ignore=None, packages_ignore_regex=None, paths=None, packages_up_to=None, packages_up_to_regex=None, packages_above=None, packages_above_and_dependencies=None, packages_above_depth=None, packages_select_by_dep=None, packages_skip_by_dep=None, packages_skip_up_to=None, packages_select_build_failed=False, packages_skip_build_finished=False, packages_select_test_failures=False, packages_skip_test_passed=False, packages_select=None, packages_skip=None, packages_select_regex=None, packages_skip_regex=None, packages_start=None, packages_end=None, allow_overriding=[], cmake_args=None, cmake_target=None, cmake_target_skip_unavailable=False, cmake_clean_cache=False, cmake_clean_first=False, cmake_force_configure=False, ament_cmake_args=None, catkin_cmake_args=None, catkin_skip_building_tests=False, mixin_files=None, mixin=None, verb_parser=<colcon_mixin.mixin.mixin_argument.MixinArgumentDecorator object at 0xffffaded3df0>, verb_extension=<colcon_core.verb.build.BuildVerb object at 0xffffaded3940>, main=<bound method BuildVerb.main of <colcon_core.verb.build.BuildVerb object at 0xffffaded3940>>, mixin_verb=('build',))
[1.340s] Level 1:colcon.colcon_core.package_discovery:discover_packages(colcon_meta) check parameters
[1.341s] Level 1:colcon.colcon_core.package_discovery:discover_packages(recursive) check parameters
[1.341s] Level 1:colcon.colcon_core.package_discovery:discover_packages(ignore) check parameters
[1.341s] Level 1:colcon.colcon_core.package_discovery:discover_packages(path) check parameters
[1.341s] Level 1:colcon.colcon_core.package_discovery:discover_packages(colcon_meta) discover
[1.341s] Level 1:colcon.colcon_core.package_discovery:discover_packages(recursive) discover
[1.341s] INFO:colcon.colcon_core.package_discovery:Crawling recursively for packages in '/home/tazimo/tazimo_ws'
[1.342s] Level 1:colcon.colcon_core.package_identification:_identify(.) by extensions ['ignore', 'ignore_ament_install']
[1.342s] Level 1:colcon.colcon_core.package_identification:_identify(.) by extension 'ignore'
[1.343s] Level 1:colcon.colcon_core.package_identification:_identify(.) by extension 'ignore_ament_install'
[1.343s] Level 1:colcon.colcon_core.package_identification:_identify(.) by extensions ['colcon_pkg']
[1.343s] Level 1:colcon.colcon_core.package_identification:_identify(.) by extension 'colcon_pkg'
[1.343s] Level 1:colcon.colcon_core.package_identification:_identify(.) by extensions ['colcon_meta']
[1.343s] Level 1:colcon.colcon_core.package_identification:_identify(.) by extension 'colcon_meta'
[1.344s] Level 1:colcon.colcon_core.package_identification:_identify(.) by extensions ['ros']
[1.344s] Level 1:colcon.colcon_core.package_identification:_identify(.) by extension 'ros'
[1.387s] Level 1:colcon.colcon_core.package_identification:_identify(.) by extensions ['cmake', 'python']
[1.387s] Level 1:colcon.colcon_core.package_identification:_identify(.) by extension 'cmake'
[1.387s] Level 1:colcon.colcon_core.package_identification:_identify(.) by extension 'python'
[1.387s] Level 1:colcon.colcon_core.package_identification:_identify(.) by extensions ['python_setup_py']
[1.387s] Level 1:colcon.colcon_core.package_identification:_identify(.) by extension 'python_setup_py'
[1.388s] Level 1:colcon.colcon_core.package_identification:_identify(build) by extensions ['ignore', 'ignore_ament_install']
[1.388s] Level 1:colcon.colcon_core.package_identification:_identify(build) by extension 'ignore'
[1.389s] Level 1:colcon.colcon_core.package_identification:_identify(build) ignored
[1.389s] Level 1:colcon.colcon_core.package_identification:_identify(install) by extensions ['ignore', 'ignore_ament_install']
[1.390s] Level 1:colcon.colcon_core.package_identification:_identify(install) by extension 'ignore'
[1.390s] Level 1:colcon.colcon_core.package_identification:_identify(install) ignored
[1.390s] Level 1:colcon.colcon_core.package_identification:_identify(log) by extensions ['ignore', 'ignore_ament_install']
[1.391s] Level 1:colcon.colcon_core.package_identification:_identify(log) by extension 'ignore'
[1.391s] Level 1:colcon.colcon_core.package_identification:_identify(log) ignored
[1.391s] Level 1:colcon.colcon_core.package_identification:_identify(src) by extensions ['ignore', 'ignore_ament_install']
[1.392s] Level 1:colcon.colcon_core.package_identification:_identify(src) by extension 'ignore'
[1.392s] Level 1:colcon.colcon_core.package_identification:_identify(src) by extension 'ignore_ament_install'
[1.392s] Level 1:colcon.colcon_core.package_identification:_identify(src) by extensions ['colcon_pkg']
[1.392s] Level 1:colcon.colcon_core.package_identification:_identify(src) by extension 'colcon_pkg'
[1.393s] Level 1:colcon.colcon_core.package_identification:_identify(src) by extensions ['colcon_meta']
[1.393s] Level 1:colcon.colcon_core.package_identification:_identify(src) by extension 'colcon_meta'
[1.393s] Level 1:colcon.colcon_core.package_identification:_identify(src) by extensions ['ros']
[1.393s] Level 1:colcon.colcon_core.package_identification:_identify(src) by extension 'ros'
[1.393s] Level 1:colcon.colcon_core.package_identification:_identify(src) by extensions ['cmake', 'python']
[1.394s] Level 1:colcon.colcon_core.package_identification:_identify(src) by extension 'cmake'
[1.394s] Level 1:colcon.colcon_core.package_identification:_identify(src) by extension 'python'
[1.394s] Level 1:colcon.colcon_core.package_identification:_identify(src) by extensions ['python_setup_py']
[1.394s] Level 1:colcon.colcon_core.package_identification:_identify(src) by extension 'python_setup_py'
[1.395s] Level 1:colcon.colcon_core.package_identification:_identify(src/DiffDr) by extensions ['ignore', 'ignore_ament_install']
[1.395s] Level 1:colcon.colcon_core.package_identification:_identify(src/DiffDr) by extension 'ignore'
[1.395s] Level 1:colcon.colcon_core.package_identification:_identify(src/DiffDr) by extension 'ignore_ament_install'
[1.395s] Level 1:colcon.colcon_core.package_identification:_identify(src/DiffDr) by extensions ['colcon_pkg']
[1.395s] Level 1:colcon.colcon_core.package_identification:_identify(src/DiffDr) by extension 'colcon_pkg'
[1.396s] Level 1:colcon.colcon_core.package_identification:_identify(src/DiffDr) by extensions ['colcon_meta']
[1.396s] Level 1:colcon.colcon_core.package_identification:_identify(src/DiffDr) by extension 'colcon_meta'
[1.396s] Level 1:colcon.colcon_core.package_identification:_identify(src/DiffDr) by extensions ['ros']
[1.396s] Level 1:colcon.colcon_core.package_identification:_identify(src/DiffDr) by extension 'ros'
[1.404s] DEBUG:colcon.colcon_core.package_identification:Package 'src/DiffDr' with type 'ros.ament_cmake' and name 'DiffDr'
[1.405s] Level 1:colcon.colcon_core.package_identification:_identify(src/build) by extensions ['ignore', 'ignore_ament_install']
[1.405s] Level 1:colcon.colcon_core.package_identification:_identify(src/build) by extension 'ignore'
[1.405s] Level 1:colcon.colcon_core.package_identification:_identify(src/build) ignored
[1.406s] Level 1:colcon.colcon_core.package_identification:_identify(src/cmdvel_to_serial) by extensions ['ignore', 'ignore_ament_install']
[1.406s] Level 1:colcon.colcon_core.package_identification:_identify(src/cmdvel_to_serial) by extension 'ignore'
[1.406s] Level 1:colcon.colcon_core.package_identification:_identify(src/cmdvel_to_serial) by extension 'ignore_ament_install'
[1.407s] Level 1:colcon.colcon_core.package_identification:_identify(src/cmdvel_to_serial) by extensions ['colcon_pkg']
[1.407s] Level 1:colcon.colcon_core.package_identification:_identify(src/cmdvel_to_serial) by extension 'colcon_pkg'
[1.407s] Level 1:colcon.colcon_core.package_identification:_identify(src/cmdvel_to_serial) by extensions ['colcon_meta']
[1.407s] Level 1:colcon.colcon_core.package_identification:_identify(src/cmdvel_to_serial) by extension 'colcon_meta'
[1.407s] Level 1:colcon.colcon_core.package_identification:_identify(src/cmdvel_to_serial) by extensions ['ros']
[1.408s] Level 1:colcon.colcon_core.package_identification:_identify(src/cmdvel_to_serial) by extension 'ros'
[1.410s] DEBUG:colcon.colcon_core.package_identification:Package 'src/cmdvel_to_serial' with type 'ros.ament_python' and name 'cmdvel_to_serial'
[1.411s] Level 1:colcon.colcon_core.package_identification:_identify(src/diffdrive_arduino) by extensions ['ignore', 'ignore_ament_install']
[1.417s] Level 1:colcon.colcon_core.package_identification:_identify(src/diffdrive_arduino) by extension 'ignore'
[1.417s] Level 1:colcon.colcon_core.package_identification:_identify(src/diffdrive_arduino) by extension 'ignore_ament_install'
[1.417s] Level 1:colcon.colcon_core.package_identification:_identify(src/diffdrive_arduino) by extensions ['colcon_pkg']
[1.418s] Level 1:colcon.colcon_core.package_identification:_identify(src/diffdrive_arduino) by extension 'colcon_pkg'
[1.418s] Level 1:colcon.colcon_core.package_identification:_identify(src/diffdrive_arduino) by extensions ['colcon_meta']
[1.418s] Level 1:colcon.colcon_core.package_identification:_identify(src/diffdrive_arduino) by extension 'colcon_meta'
[1.418s] Level 1:colcon.colcon_core.package_identification:_identify(src/diffdrive_arduino) by extensions ['ros']
[1.419s] Level 1:colcon.colcon_core.package_identification:_identify(src/diffdrive_arduino) by extension 'ros'
[1.421s] DEBUG:colcon.colcon_core.package_identification:Package 'src/diffdrive_arduino' with type 'ros.ament_python' and name 'diffdrive_arduino'
[1.422s] Level 1:colcon.colcon_core.package_identification:_identify(src/encoder_to_odom) by extensions ['ignore', 'ignore_ament_install']
[1.423s] Level 1:colcon.colcon_core.package_identification:_identify(src/encoder_to_odom) by extension 'ignore'
[1.423s] Level 1:colcon.colcon_core.package_identification:_identify(src/encoder_to_odom) by extension 'ignore_ament_install'
[1.423s] Level 1:colcon.colcon_core.package_identification:_identify(src/encoder_to_odom) by extensions ['colcon_pkg']
[1.423s] Level 1:colcon.colcon_core.package_identification:_identify(src/encoder_to_odom) by extension 'colcon_pkg'
[1.423s] Level 1:colcon.colcon_core.package_identification:_identify(src/encoder_to_odom) by extensions ['colcon_meta']
[1.424s] Level 1:colcon.colcon_core.package_identification:_identify(src/encoder_to_odom) by extension 'colcon_meta'
[1.424s] Level 1:colcon.colcon_core.package_identification:_identify(src/encoder_to_odom) by extensions ['ros']
[1.424s] Level 1:colcon.colcon_core.package_identification:_identify(src/encoder_to_odom) by extension 'ros'
[1.427s] DEBUG:colcon.colcon_core.package_identification:Package 'src/encoder_to_odom' with type 'ros.ament_python' and name 'encoder_to_odom'
[1.428s] Level 1:colcon.colcon_core.package_identification:_identify(src/install) by extensions ['ignore', 'ignore_ament_install']
[1.429s] Level 1:colcon.colcon_core.package_identification:_identify(src/install) by extension 'ignore'
[1.429s] Level 1:colcon.colcon_core.package_identification:_identify(src/install) ignored
[1.430s] Level 1:colcon.colcon_core.package_identification:_identify(src/log) by extensions ['ignore', 'ignore_ament_install']
[1.430s] Level 1:colcon.colcon_core.package_identification:_identify(src/log) by extension 'ignore'
[1.430s] Level 1:colcon.colcon_core.package_identification:_identify(src/log) ignored
[1.431s] Level 1:colcon.colcon_core.package_identification:_identify(src/my_bot) by extensions ['ignore', 'ignore_ament_install']
[1.431s] Level 1:colcon.colcon_core.package_identification:_identify(src/my_bot) by extension 'ignore'
[1.431s] Level 1:colcon.colcon_core.package_identification:_identify(src/my_bot) by extension 'ignore_ament_install'
[1.432s] Level 1:colcon.colcon_core.package_identification:_identify(src/my_bot) by extensions ['colcon_pkg']
[1.432s] Level 1:colcon.colcon_core.package_identification:_identify(src/my_bot) by extension 'colcon_pkg'
[1.432s] Level 1:colcon.colcon_core.package_identification:_identify(src/my_bot) by extensions ['colcon_meta']
[1.432s] Level 1:colcon.colcon_core.package_identification:_identify(src/my_bot) by extension 'colcon_meta'
[1.432s] Level 1:colcon.colcon_core.package_identification:_identify(src/my_bot) by extensions ['ros']
[1.433s] Level 1:colcon.colcon_core.package_identification:_identify(src/my_bot) by extension 'ros'
[1.435s] DEBUG:colcon.colcon_core.package_identification:Package 'src/my_bot' with type 'ros.ament_cmake' and name 'my_bot'
[1.436s] Level 1:colcon.colcon_core.package_identification:_identify(src/sllidar_ros2) by extensions ['ignore', 'ignore_ament_install']
[1.436s] Level 1:colcon.colcon_core.package_identification:_identify(src/sllidar_ros2) by extension 'ignore'
[1.436s] Level 1:colcon.colcon_core.package_identification:_identify(src/sllidar_ros2) by extension 'ignore_ament_install'
[1.436s] Level 1:colcon.colcon_core.package_identification:_identify(src/sllidar_ros2) by extensions ['colcon_pkg']
[1.437s] Level 1:colcon.colcon_core.package_identification:_identify(src/sllidar_ros2) by extension 'colcon_pkg'
[1.437s] Level 1:colcon.colcon_core.package_identification:_identify(src/sllidar_ros2) by extensions ['colcon_meta']
[1.437s] Level 1:colcon.colcon_core.package_identification:_identify(src/sllidar_ros2) by extension 'colcon_meta'
[1.437s] Level 1:colcon.colcon_core.package_identification:_identify(src/sllidar_ros2) by extensions ['ros']
[1.437s] Level 1:colcon.colcon_core.package_identification:_identify(src/sllidar_ros2) by extension 'ros'
[1.440s] DEBUG:colcon.colcon_core.package_identification:Package 'src/sllidar_ros2' with type 'ros.ament_cmake' and name 'sllidar_ros2'
[1.440s] Level 1:colcon.colcon_core.package_identification:_identify(src/vel-to-ser) by extensions ['ignore', 'ignore_ament_install']
[1.441s] Level 1:colcon.colcon_core.package_identification:_identify(src/vel-to-ser) by extension 'ignore'
[1.441s] Level 1:colcon.colcon_core.package_identification:_identify(src/vel-to-ser) by extension 'ignore_ament_install'
[1.441s] Level 1:colcon.colcon_core.package_identification:_identify(src/vel-to-ser) by extensions ['colcon_pkg']
[1.442s] Level 1:colcon.colcon_core.package_identification:_identify(src/vel-to-ser) by extension 'colcon_pkg'
[1.442s] Level 1:colcon.colcon_core.package_identification:_identify(src/vel-to-ser) by extensions ['colcon_meta']
[1.442s] Level 1:colcon.colcon_core.package_identification:_identify(src/vel-to-ser) by extension 'colcon_meta'
[1.442s] Level 1:colcon.colcon_core.package_identification:_identify(src/vel-to-ser) by extensions ['ros']
[1.442s] Level 1:colcon.colcon_core.package_identification:_identify(src/vel-to-ser) by extension 'ros'
[1.444s] DEBUG:colcon.colcon_core.package_identification:Package 'src/vel-to-ser' with type 'ros.ament_cmake' and name 'vel-to-ser'
[1.445s] Level 1:colcon.colcon_core.package_discovery:discover_packages(recursive) using defaults
[1.445s] Level 1:colcon.colcon_core.package_discovery:discover_packages(ignore) discover
[1.445s] Level 1:colcon.colcon_core.package_discovery:discover_packages(ignore) using defaults
[1.445s] Level 1:colcon.colcon_core.package_discovery:discover_packages(path) discover
[1.445s] Level 1:colcon.colcon_core.package_discovery:discover_packages(path) using defaults
[1.560s] Level 1:colcon.colcon_core.package_discovery:discover_packages(prefix_path) check parameters
[1.560s] Level 1:colcon.colcon_core.package_discovery:discover_packages(prefix_path) discover
[1.570s] DEBUG:colcon.colcon_installed_package_information.package_discovery:Found 7 installed packages in /home/tazimo/tazimo_ws/install
[1.582s] DEBUG:colcon.colcon_installed_package_information.package_discovery:Found 382 installed packages in /opt/ros/humble
[1.591s] Level 1:colcon.colcon_core.package_discovery:discover_packages(prefix_path) using defaults
[1.816s] Level 5:colcon.colcon_core.verb:set package 'DiffDr' build argument 'cmake_args' from command line to 'None'
[1.816s] Level 5:colcon.colcon_core.verb:set package 'DiffDr' build argument 'cmake_target' from command line to 'None'
[1.816s] Level 5:colcon.colcon_core.verb:set package 'DiffDr' build argument 'cmake_target_skip_unavailable' from command line to 'False'
[1.816s] Level 5:colcon.colcon_core.verb:set package 'DiffDr' build argument 'cmake_clean_cache' from command line to 'False'
[1.816s] Level 5:colcon.colcon_core.verb:set package 'DiffDr' build argument 'cmake_clean_first' from command line to 'False'
[1.816s] Level 5:colcon.colcon_core.verb:set package 'DiffDr' build argument 'cmake_force_configure' from command line to 'False'
[1.817s] Level 5:colcon.colcon_core.verb:set package 'DiffDr' build argument 'ament_cmake_args' from command line to 'None'
[1.817s] Level 5:colcon.colcon_core.verb:set package 'DiffDr' build argument 'catkin_cmake_args' from command line to 'None'
[1.817s] Level 5:colcon.colcon_core.verb:set package 'DiffDr' build argument 'catkin_skip_building_tests' from command line to 'False'
[1.817s] DEBUG:colcon.colcon_core.verb:Building package 'DiffDr' with the following arguments: {'ament_cmake_args': None, 'build_base': '/home/tazimo/tazimo_ws/build/DiffDr', 'catkin_cmake_args': None, 'catkin_skip_building_tests': False, 'cmake_args': None, 'cmake_clean_cache': False, 'cmake_clean_first': False, 'cmake_force_configure': False, 'cmake_target': None, 'cmake_target_skip_unavailable': False, 'install_base': '/home/tazimo/tazimo_ws/install/DiffDr', 'merge_install': False, 'path': '/home/tazimo/tazimo_ws/src/DiffDr', 'symlink_install': True, 'test_result_base': None}
[1.818s] Level 5:colcon.colcon_core.verb:set package 'cmdvel_to_serial' build argument 'cmake_args' from command line to 'None'
[1.819s] Level 5:colcon.colcon_core.verb:set package 'cmdvel_to_serial' build argument 'cmake_target' from command line to 'None'
[1.819s] Level 5:colcon.colcon_core.verb:set package 'cmdvel_to_serial' build argument 'cmake_target_skip_unavailable' from command line to 'False'
[1.819s] Level 5:colcon.colcon_core.verb:set package 'cmdvel_to_serial' build argument 'cmake_clean_cache' from command line to 'False'
[1.819s] Level 5:colcon.colcon_core.verb:set package 'cmdvel_to_serial' build argument 'cmake_clean_first' from command line to 'False'
[1.819s] Level 5:colcon.colcon_core.verb:set package 'cmdvel_to_serial' build argument 'cmake_force_configure' from command line to 'False'
[1.819s] Level 5:colcon.colcon_core.verb:set package 'cmdvel_to_serial' build argument 'ament_cmake_args' from command line to 'None'
[1.819s] Level 5:colcon.colcon_core.verb:set package 'cmdvel_to_serial' build argument 'catkin_cmake_args' from command line to 'None'
[1.819s] Level 5:colcon.colcon_core.verb:set package 'cmdvel_to_serial' build argument 'catkin_skip_building_tests' from command line to 'False'
[1.820s] DEBUG:colcon.colcon_core.verb:Building package 'cmdvel_to_serial' with the following arguments: {'ament_cmake_args': None, 'build_base': '/home/tazimo/tazimo_ws/build/cmdvel_to_serial', 'catkin_cmake_args': None, 'catkin_skip_building_tests': False, 'cmake_args': None, 'cmake_clean_cache': False, 'cmake_clean_first': False, 'cmake_force_configure': False, 'cmake_target': None, 'cmake_target_skip_unavailable': False, 'install_base': '/home/tazimo/tazimo_ws/install/cmdvel_to_serial', 'merge_install': False, 'path': '/home/tazimo/tazimo_ws/src/cmdvel_to_serial', 'symlink_install': True, 'test_result_base': None}
[1.821s] Level 5:colcon.colcon_core.verb:set package 'diffdrive_arduino' build argument 'cmake_args' from command line to 'None'
[1.821s] Level 5:colcon.colcon_core.verb:set package 'diffdrive_arduino' build argument 'cmake_target' from command line to 'None'
[1.821s] Level 5:colcon.colcon_core.verb:set package 'diffdrive_arduino' build argument 'cmake_target_skip_unavailable' from command line to 'False'
[1.821s] Level 5:colcon.colcon_core.verb:set package 'diffdrive_arduino' build argument 'cmake_clean_cache' from command line to 'False'
[1.822s] Level 5:colcon.colcon_core.verb:set package 'diffdrive_arduino' build argument 'cmake_clean_first' from command line to 'False'
[1.822s] Level 5:colcon.colcon_core.verb:set package 'diffdrive_arduino' build argument 'cmake_force_configure' from command line to 'False'
[1.822s] Level 5:colcon.colcon_core.verb:set package 'diffdrive_arduino' build argument 'ament_cmake_args' from command line to 'None'
[1.822s] Level 5:colcon.colcon_core.verb:set package 'diffdrive_arduino' build argument 'catkin_cmake_args' from command line to 'None'
[1.822s] Level 5:colcon.colcon_core.verb:set package 'diffdrive_arduino' build argument 'catkin_skip_building_tests' from command line to 'False'
[1.822s] DEBUG:colcon.colcon_core.verb:Building package 'diffdrive_arduino' with the following arguments: {'ament_cmake_args': None, 'build_base': '/home/tazimo/tazimo_ws/build/diffdrive_arduino', 'catkin_cmake_args': None, 'catkin_skip_building_tests': False, 'cmake_args': None, 'cmake_clean_cache': False, 'cmake_clean_first': False, 'cmake_force_configure': False, 'cmake_target': None, 'cmake_target_skip_unavailable': False, 'install_base': '/home/tazimo/tazimo_ws/install/diffdrive_arduino', 'merge_install': False, 'path': '/home/tazimo/tazimo_ws/src/diffdrive_arduino', 'symlink_install': True, 'test_result_base': None}
[1.824s] Level 5:colcon.colcon_core.verb:set package 'encoder_to_odom' build argument 'cmake_args' from command line to 'None'
[1.824s] Level 5:colcon.colcon_core.verb:set package 'encoder_to_odom' build argument 'cmake_target' from command line to 'None'
[1.824s] Level 5:colcon.colcon_core.verb:set package 'encoder_to_odom' build argument 'cmake_target_skip_unavailable' from command line to 'False'
[1.824s] Level 5:colcon.colcon_core.verb:set package 'encoder_to_odom' build argument 'cmake_clean_cache' from command line to 'False'
[1.824s] Level 5:colcon.colcon_core.verb:set package 'encoder_to_odom' build argument 'cmake_clean_first' from command line to 'False'
[1.824s] Level 5:colcon.colcon_core.verb:set package 'encoder_to_odom' build argument 'cmake_force_configure' from command line to 'False'
[1.824s] Level 5:colcon.colcon_core.verb:set package 'encoder_to_odom' build argument 'ament_cmake_args' from command line to 'None'
[1.824s] Level 5:colcon.colcon_core.verb:set package 'encoder_to_odom' build argument 'catkin_cmake_args' from command line to 'None'
[1.824s] Level 5:colcon.colcon_core.verb:set package 'encoder_to_odom' build argument 'catkin_skip_building_tests' from command line to 'False'
[1.825s] DEBUG:colcon.colcon_core.verb:Building package 'encoder_to_odom' with the following arguments: {'ament_cmake_args': None, 'build_base': '/home/tazimo/tazimo_ws/build/encoder_to_odom', 'catkin_cmake_args': None, 'catkin_skip_building_tests': False, 'cmake_args': None, 'cmake_clean_cache': False, 'cmake_clean_first': False, 'cmake_force_configure': False, 'cmake_target': None, 'cmake_target_skip_unavailable': False, 'install_base': '/home/tazimo/tazimo_ws/install/encoder_to_odom', 'merge_install': False, 'path': '/home/tazimo/tazimo_ws/src/encoder_to_odom', 'symlink_install': True, 'test_result_base': None}
[1.826s] Level 5:colcon.colcon_core.verb:set package 'my_bot' build argument 'cmake_args' from command line to 'None'
[1.826s] Level 5:colcon.colcon_core.verb:set package 'my_bot' build argument 'cmake_target' from command line to 'None'
[1.826s] Level 5:colcon.colcon_core.verb:set package 'my_bot' build argument 'cmake_target_skip_unavailable' from command line to 'False'
[1.826s] Level 5:colcon.colcon_core.verb:set package 'my_bot' build argument 'cmake_clean_cache' from command line to 'False'
[1.827s] Level 5:colcon.colcon_core.verb:set package 'my_bot' build argument 'cmake_clean_first' from command line to 'False'
[1.827s] Level 5:colcon.colcon_core.verb:set package 'my_bot' build argument 'cmake_force_configure' from command line to 'False'
[1.827s] Level 5:colcon.colcon_core.verb:set package 'my_bot' build argument 'ament_cmake_args' from command line to 'None'
[1.827s] Level 5:colcon.colcon_core.verb:set package 'my_bot' build argument 'catkin_cmake_args' from command line to 'None'
[1.827s] Level 5:colcon.colcon_core.verb:set package 'my_bot' build argument 'catkin_skip_building_tests' from command line to 'False'
[1.827s] DEBUG:colcon.colcon_core.verb:Building package 'my_bot' with the following arguments: {'ament_cmake_args': None, 'build_base': '/home/tazimo/tazimo_ws/build/my_bot', 'catkin_cmake_args': None, 'catkin_skip_building_tests': False, 'cmake_args': None, 'cmake_clean_cache': False, 'cmake_clean_first': False, 'cmake_force_configure': False, 'cmake_target': None, 'cmake_target_skip_unavailable': False, 'install_base': '/home/tazimo/tazimo_ws/install/my_bot', 'merge_install': False, 'path': '/home/tazimo/tazimo_ws/src/my_bot', 'symlink_install': True, 'test_result_base': None}
[1.829s] Level 5:colcon.colcon_core.verb:set package 'sllidar_ros2' build argument 'cmake_args' from command line to 'None'
[1.829s] Level 5:colcon.colcon_core.verb:set package 'sllidar_ros2' build argument 'cmake_target' from command line to 'None'
[1.829s] Level 5:colcon.colcon_core.verb:set package 'sllidar_ros2' build argument 'cmake_target_skip_unavailable' from command line to 'False'
[1.829s] Level 5:colcon.colcon_core.verb:set package 'sllidar_ros2' build argument 'cmake_clean_cache' from command line to 'False'
[1.829s] Level 5:colcon.colcon_core.verb:set package 'sllidar_ros2' build argument 'cmake_clean_first' from command line to 'False'
[1.829s] Level 5:colcon.colcon_core.verb:set package 'sllidar_ros2' build argument 'cmake_force_configure' from command line to 'False'
[1.829s] Level 5:colcon.colcon_core.verb:set package 'sllidar_ros2' build argument 'ament_cmake_args' from command line to 'None'
[1.829s] Level 5:colcon.colcon_core.verb:set package 'sllidar_ros2' build argument 'catkin_cmake_args' from command line to 'None'
[1.830s] Level 5:colcon.colcon_core.verb:set package 'sllidar_ros2' build argument 'catkin_skip_building_tests' from command line to 'False'
[1.830s] DEBUG:colcon.colcon_core.verb:Building package 'sllidar_ros2' with the following arguments: {'ament_cmake_args': None, 'build_base': '/home/tazimo/tazimo_ws/build/sllidar_ros2', 'catkin_cmake_args': None, 'catkin_skip_building_tests': False, 'cmake_args': None, 'cmake_clean_cache': False, 'cmake_clean_first': False, 'cmake_force_configure': False, 'cmake_target': None, 'cmake_target_skip_unavailable': False, 'install_base': '/home/tazimo/tazimo_ws/install/sllidar_ros2', 'merge_install': False, 'path': '/home/tazimo/tazimo_ws/src/sllidar_ros2', 'symlink_install': True, 'test_result_base': None}
[1.831s] Level 5:colcon.colcon_core.verb:set package 'vel-to-ser' build argument 'cmake_args' from command line to 'None'
[1.831s] Level 5:colcon.colcon_core.verb:set package 'vel-to-ser' build argument 'cmake_target' from command line to 'None'
[1.831s] Level 5:colcon.colcon_core.verb:set package 'vel-to-ser' build argument 'cmake_target_skip_unavailable' from command line to 'False'
[1.831s] Level 5:colcon.colcon_core.verb:set package 'vel-to-ser' build argument 'cmake_clean_cache' from command line to 'False'
[1.832s] Level 5:colcon.colcon_core.verb:set package 'vel-to-ser' build argument 'cmake_clean_first' from command line to 'False'
[1.832s] Level 5:colcon.colcon_core.verb:set package 'vel-to-ser' build argument 'cmake_force_configure' from command line to 'False'
[1.832s] Level 5:colcon.colcon_core.verb:set package 'vel-to-ser' build argument 'ament_cmake_args' from command line to 'None'
[1.832s] Level 5:colcon.colcon_core.verb:set package 'vel-to-ser' build argument 'catkin_cmake_args' from command line to 'None'
[1.832s] Level 5:colcon.colcon_core.verb:set package 'vel-to-ser' build argument 'catkin_skip_building_tests' from command line to 'False'
[1.832s] DEBUG:colcon.colcon_core.verb:Building package 'vel-to-ser' with the following arguments: {'ament_cmake_args': None, 'build_base': '/home/tazimo/tazimo_ws/build/vel-to-ser', 'catkin_cmake_args': None, 'catkin_skip_building_tests': False, 'cmake_args': None, 'cmake_clean_cache': False, 'cmake_clean_first': False, 'cmake_force_configure': False, 'cmake_target': None, 'cmake_target_skip_unavailable': False, 'install_base': '/home/tazimo/tazimo_ws/install/vel-to-ser', 'merge_install': False, 'path': '/home/tazimo/tazimo_ws/src/vel-to-ser', 'symlink_install': True, 'test_result_base': None}
[1.833s] INFO:colcon.colcon_core.executor:Executing jobs using 'parallel' executor
[1.836s] DEBUG:colcon.colcon_parallel_executor.executor.parallel:run_until_complete
[1.837s] INFO:colcon.colcon_ros.task.ament_cmake.build:Building ROS package in '/home/tazimo/tazimo_ws/src/DiffDr' with build type 'ament_cmake'
[1.838s] INFO:colcon.colcon_cmake.task.cmake.build:Building CMake package in '/home/tazimo/tazimo_ws/src/DiffDr'
[1.848s] INFO:colcon.colcon_core.plugin_system:Skipping extension 'colcon_core.shell.bat': Not used on non-Windows systems
[1.849s] INFO:colcon.colcon_core.shell:Skip shell extension 'powershell' for command environment: Not usable outside of PowerShell
[1.849s] DEBUG:colcon.colcon_core.shell:Skip shell extension 'dsv' for command environment
[1.872s] INFO:colcon.colcon_ros.task.ament_python.build:Building ROS package in '/home/tazimo/tazimo_ws/src/cmdvel_to_serial' with build type 'ament_python'
[1.873s] Level 1:colcon.colcon_core.shell:create_environment_hook('cmdvel_to_serial', 'ament_prefix_path')
[1.874s] INFO:colcon.colcon_core.shell:Creating environment hook '/home/tazimo/tazimo_ws/install/cmdvel_to_serial/share/cmdvel_to_serial/hook/ament_prefix_path.ps1'
[1.877s] INFO:colcon.colcon_core.shell:Creating environment descriptor '/home/tazimo/tazimo_ws/install/cmdvel_to_serial/share/cmdvel_to_serial/hook/ament_prefix_path.dsv'
[1.880s] INFO:colcon.colcon_core.shell:Creating environment hook '/home/tazimo/tazimo_ws/install/cmdvel_to_serial/share/cmdvel_to_serial/hook/ament_prefix_path.sh'
[1.884s] INFO:colcon.colcon_core.shell:Skip shell extension 'powershell' for command environment: Not usable outside of PowerShell
[1.884s] DEBUG:colcon.colcon_core.shell:Skip shell extension 'dsv' for command environment
[1.906s] INFO:colcon.colcon_ros.task.ament_python.build:Building ROS package in '/home/tazimo/tazimo_ws/src/diffdrive_arduino' with build type 'ament_python'
[1.907s] Level 1:colcon.colcon_core.shell:create_environment_hook('diffdrive_arduino', 'ament_prefix_path')
[1.908s] INFO:colcon.colcon_core.shell:Creating environment hook '/home/tazimo/tazimo_ws/install/diffdrive_arduino/share/diffdrive_arduino/hook/ament_prefix_path.ps1'
[1.911s] INFO:colcon.colcon_core.shell:Creating environment descriptor '/home/tazimo/tazimo_ws/install/diffdrive_arduino/share/diffdrive_arduino/hook/ament_prefix_path.dsv'
[1.913s] INFO:colcon.colcon_core.shell:Creating environment hook '/home/tazimo/tazimo_ws/install/diffdrive_arduino/share/diffdrive_arduino/hook/ament_prefix_path.sh'
[1.916s] INFO:colcon.colcon_core.shell:Skip shell extension 'powershell' for command environment: Not usable outside of PowerShell
[1.916s] DEBUG:colcon.colcon_core.shell:Skip shell extension 'dsv' for command environment
[1.939s] INFO:colcon.colcon_ros.task.ament_python.build:Building ROS package in '/home/tazimo/tazimo_ws/src/encoder_to_odom' with build type 'ament_python'
[1.940s] Level 1:colcon.colcon_core.shell:create_environment_hook('encoder_to_odom', 'ament_prefix_path')
[1.941s] INFO:colcon.colcon_core.shell:Creating environment hook '/home/tazimo/tazimo_ws/install/encoder_to_odom/share/encoder_to_odom/hook/ament_prefix_path.ps1'
[1.943s] INFO:colcon.colcon_core.shell:Creating environment descriptor '/home/tazimo/tazimo_ws/install/encoder_to_odom/share/encoder_to_odom/hook/ament_prefix_path.dsv'
[1.945s] INFO:colcon.colcon_core.shell:Creating environment hook '/home/tazimo/tazimo_ws/install/encoder_to_odom/share/encoder_to_odom/hook/ament_prefix_path.sh'
[1.949s] INFO:colcon.colcon_core.shell:Skip shell extension 'powershell' for command environment: Not usable outside of PowerShell
[1.949s] DEBUG:colcon.colcon_core.shell:Skip shell extension 'dsv' for command environment
[1.985s] DEBUG:colcon.colcon_core.event_handler.log_command:Invoking command in '/home/tazimo/tazimo_ws/build/DiffDr': CMAKE_PREFIX_PATH=${CMAKE_PREFIX_PATH}:/home/tazimo/tazimo_ws/install/encoder_to_odom:/home/tazimo/tazimo_ws/install/diffdrive_arduino:/home/tazimo/tazimo_ws/install/cmdvel_to_serial:/opt/ros/humble /usr/bin/cmake /home/tazimo/tazimo_ws/src/DiffDr -DAMENT_CMAKE_SYMLINK_INSTALL=1 -DCMAKE_INSTALL_PREFIX=/home/tazimo/tazimo_ws/install/DiffDr
[3.510s] INFO:colcon.colcon_core.task.python.build:Building Python package in '/home/tazimo/tazimo_ws/src/cmdvel_to_serial'
[3.511s] INFO:colcon.colcon_core.shell:Skip shell extension 'powershell' for command environment: Not usable outside of PowerShell
[3.511s] DEBUG:colcon.colcon_core.shell:Skip shell extension 'dsv' for command environment
[4.806s] INFO:colcon.colcon_core.task.python.build:Building Python package in '/home/tazimo/tazimo_ws/src/diffdrive_arduino'
[4.808s] INFO:colcon.colcon_core.shell:Skip shell extension 'powershell' for command environment: Not usable outside of PowerShell
[4.808s] DEBUG:colcon.colcon_core.shell:Skip shell extension 'dsv' for command environment
[6.329s] INFO:colcon.colcon_core.task.python.build:Building Python package in '/home/tazimo/tazimo_ws/src/encoder_to_odom'
[6.331s] INFO:colcon.colcon_core.shell:Skip shell extension 'powershell' for command environment: Not usable outside of PowerShell
[6.331s] DEBUG:colcon.colcon_core.shell:Skip shell extension 'dsv' for command environment
[6.355s] DEBUG:colcon.colcon_core.event_handler.log_command:Invoked command in '/home/tazimo/tazimo_ws/build/DiffDr' returned '0': CMAKE_PREFIX_PATH=${CMAKE_PREFIX_PATH}:/home/tazimo/tazimo_ws/install/encoder_to_odom:/home/tazimo/tazimo_ws/install/diffdrive_arduino:/home/tazimo/tazimo_ws/install/cmdvel_to_serial:/opt/ros/humble /usr/bin/cmake /home/tazimo/tazimo_ws/src/DiffDr -DAMENT_CMAKE_SYMLINK_INSTALL=1 -DCMAKE_INSTALL_PREFIX=/home/tazimo/tazimo_ws/install/DiffDr
[6.361s] DEBUG:colcon.colcon_core.event_handler.log_command:Invoking command in '/home/tazimo/tazimo_ws/build/DiffDr': CMAKE_PREFIX_PATH=${CMAKE_PREFIX_PATH}:/home/tazimo/tazimo_ws/install/encoder_to_odom:/home/tazimo/tazimo_ws/install/diffdrive_arduino:/home/tazimo/tazimo_ws/install/cmdvel_to_serial:/opt/ros/humble /usr/bin/cmake --build /home/tazimo/tazimo_ws/build/DiffDr -- -j4 -l4
[6.778s] DEBUG:colcon.colcon_core.event_handler.log_command:Invoked command in '/home/tazimo/tazimo_ws/build/DiffDr' returned '0': CMAKE_PREFIX_PATH=${CMAKE_PREFIX_PATH}:/home/tazimo/tazimo_ws/install/encoder_to_odom:/home/tazimo/tazimo_ws/install/diffdrive_arduino:/home/tazimo/tazimo_ws/install/cmdvel_to_serial:/opt/ros/humble /usr/bin/cmake --build /home/tazimo/tazimo_ws/build/DiffDr -- -j4 -l4
[6.854s] DEBUG:colcon.colcon_core.event_handler.log_command:Invoking command in '/home/tazimo/tazimo_ws/build/DiffDr': CMAKE_PREFIX_PATH=${CMAKE_PREFIX_PATH}:/home/tazimo/tazimo_ws/install/encoder_to_odom:/home/tazimo/tazimo_ws/install/diffdrive_arduino:/home/tazimo/tazimo_ws/install/cmdvel_to_serial:/opt/ros/humble /usr/bin/cmake --install /home/tazimo/tazimo_ws/build/DiffDr
[7.081s] Level 1:colcon.colcon_core.environment:create_environment_scripts_only(DiffDr)
[7.090s] DEBUG:colcon.colcon_core.event_handler.log_command:Invoked command in '/home/tazimo/tazimo_ws/build/DiffDr' returned '0': CMAKE_PREFIX_PATH=${CMAKE_PREFIX_PATH}:/home/tazimo/tazimo_ws/install/encoder_to_odom:/home/tazimo/tazimo_ws/install/diffdrive_arduino:/home/tazimo/tazimo_ws/install/cmdvel_to_serial:/opt/ros/humble /usr/bin/cmake --install /home/tazimo/tazimo_ws/build/DiffDr
[7.098s] Level 1:colcon.colcon_core.environment:checking '/home/tazimo/tazimo_ws/install/DiffDr' for CMake module files
[7.101s] Level 1:colcon.colcon_core.environment:checking '/home/tazimo/tazimo_ws/install/DiffDr' for CMake config files
[7.103s] Level 1:colcon.colcon_core.shell:create_environment_hook('DiffDr', 'cmake_prefix_path')
[7.105s] INFO:colcon.colcon_core.shell:Creating environment hook '/home/tazimo/tazimo_ws/install/DiffDr/share/DiffDr/hook/cmake_prefix_path.ps1'
[7.110s] INFO:colcon.colcon_core.shell:Creating environment descriptor '/home/tazimo/tazimo_ws/install/DiffDr/share/DiffDr/hook/cmake_prefix_path.dsv'
[7.114s] INFO:colcon.colcon_core.shell:Creating environment hook '/home/tazimo/tazimo_ws/install/DiffDr/share/DiffDr/hook/cmake_prefix_path.sh'
[7.132s] Level 1:colcon.colcon_core.environment:checking '/home/tazimo/tazimo_ws/install/DiffDr/bin'
[7.134s] Level 1:colcon.colcon_core.environment:checking '/home/tazimo/tazimo_ws/install/DiffDr/lib/pkgconfig/DiffDr.pc'
[7.135s] Level 1:colcon.colcon_core.environment:checking '/home/tazimo/tazimo_ws/install/DiffDr/lib/python3.10/site-packages'
[7.137s] Level 1:colcon.colcon_core.environment:checking '/home/tazimo/tazimo_ws/install/DiffDr/bin'
[7.139s] INFO:colcon.colcon_core.shell:Creating package script '/home/tazimo/tazimo_ws/install/DiffDr/share/DiffDr/package.ps1'
[7.145s] INFO:colcon.colcon_core.shell:Creating package descriptor '/home/tazimo/tazimo_ws/install/DiffDr/share/DiffDr/package.dsv'
[7.149s] INFO:colcon.colcon_core.shell:Creating package script '/home/tazimo/tazimo_ws/install/DiffDr/share/DiffDr/package.sh'
[7.154s] INFO:colcon.colcon_core.shell:Creating package script '/home/tazimo/tazimo_ws/install/DiffDr/share/DiffDr/package.bash'
[7.160s] INFO:colcon.colcon_core.shell:Creating package script '/home/tazimo/tazimo_ws/install/DiffDr/share/DiffDr/package.zsh'
[7.165s] Level 1:colcon.colcon_core.environment:create_file_with_runtime_dependencies(/home/tazimo/tazimo_ws/install/DiffDr/share/colcon-core/packages/DiffDr)
[7.169s] Level 1:colcon.colcon_core.environment:create_environment_scripts_only(DiffDr)
[7.171s] Level 1:colcon.colcon_core.environment:checking '/home/tazimo/tazimo_ws/install/DiffDr' for CMake module files
[7.174s] Level 1:colcon.colcon_core.environment:checking '/home/tazimo/tazimo_ws/install/DiffDr' for CMake config files
[7.176s] Level 1:colcon.colcon_core.shell:create_environment_hook('DiffDr', 'cmake_prefix_path')
[7.177s] INFO:colcon.colcon_core.shell:Creating environment hook '/home/tazimo/tazimo_ws/install/DiffDr/share/DiffDr/hook/cmake_prefix_path.ps1'
[7.183s] INFO:colcon.colcon_core.shell:Creating environment descriptor '/home/tazimo/tazimo_ws/install/DiffDr/share/DiffDr/hook/cmake_prefix_path.dsv'
[7.186s] INFO:colcon.colcon_core.shell:Creating environment hook '/home/tazimo/tazimo_ws/install/DiffDr/share/DiffDr/hook/cmake_prefix_path.sh'
[7.190s] Level 1:colcon.colcon_core.environment:checking '/home/tazimo/tazimo_ws/install/DiffDr/bin'
[7.191s] Level 1:colcon.colcon_core.environment:checking '/home/tazimo/tazimo_ws/install/DiffDr/lib/pkgconfig/DiffDr.pc'
[7.193s] Level 1:colcon.colcon_core.environment:checking '/home/tazimo/tazimo_ws/install/DiffDr/lib/python3.10/site-packages'
[7.194s] Level 1:colcon.colcon_core.environment:checking '/home/tazimo/tazimo_ws/install/DiffDr/bin'
[7.196s] INFO:colcon.colcon_core.shell:Creating package script '/home/tazimo/tazimo_ws/install/DiffDr/share/DiffDr/package.ps1'
[7.200s] INFO:colcon.colcon_core.shell:Creating package descriptor '/home/tazimo/tazimo_ws/install/DiffDr/share/DiffDr/package.dsv'
[7.204s] INFO:colcon.colcon_core.shell:Creating package script '/home/tazimo/tazimo_ws/install/DiffDr/share/DiffDr/package.sh'
[7.209s] INFO:colcon.colcon_core.shell:Creating package script '/home/tazimo/tazimo_ws/install/DiffDr/share/DiffDr/package.bash'
[7.213s] INFO:colcon.colcon_core.shell:Creating package script '/home/tazimo/tazimo_ws/install/DiffDr/share/DiffDr/package.zsh'
[7.217s] Level 1:colcon.colcon_core.environment:create_file_with_runtime_dependencies(/home/tazimo/tazimo_ws/install/DiffDr/share/colcon-core/packages/DiffDr)
[7.222s] INFO:colcon.colcon_ros.task.ament_cmake.build:Building ROS package in '/home/tazimo/tazimo_ws/src/my_bot' with build type 'ament_cmake'
[7.224s] INFO:colcon.colcon_cmake.task.cmake.build:Building CMake package in '/home/tazimo/tazimo_ws/src/my_bot'
[7.226s] INFO:colcon.colcon_core.shell:Skip shell extension 'powershell' for command environment: Not usable outside of PowerShell
[7.226s] DEBUG:colcon.colcon_core.shell:Skip shell extension 'dsv' for command environment
[7.275s] DEBUG:colcon.colcon_core.event_handler.log_command:Invoking command in '/home/tazimo/tazimo_ws/build/my_bot': CMAKE_PREFIX_PATH=${CMAKE_PREFIX_PATH}:/home/tazimo/tazimo_ws/install/encoder_to_odom:/home/tazimo/tazimo_ws/install/diffdrive_arduino:/home/tazimo/tazimo_ws/install/cmdvel_to_serial:/opt/ros/humble /usr/bin/cmake /home/tazimo/tazimo_ws/src/my_bot -DAMENT_CMAKE_SYMLINK_INSTALL=1 -DCMAKE_INSTALL_PREFIX=/home/tazimo/tazimo_ws/install/my_bot
[9.353s] DEBUG:colcon.colcon_core.task.python.build:While undoing a previous installation files outside the Python library path are being ignored: /home/tazimo/tazimo_ws/install/cmdvel_to_serial/share/ament_index/resource_index/packages/cmdvel_to_serial
[9.354s] DEBUG:colcon.colcon_core.task.python.build:While undoing a previous installation files outside the Python library path are being ignored: /home/tazimo/tazimo_ws/install/cmdvel_to_serial/share/cmdvel_to_serial/package.xml
[9.356s] DEBUG:colcon.colcon_core.task.python.build:While undoing a previous installation files outside the Python library path are being ignored: /home/tazimo/tazimo_ws/install/cmdvel_to_serial/lib/cmdvel_to_serial/cmdvel_to_serial
[9.365s] DEBUG:colcon.colcon_core.event_handler.log_command:Invoking command in '/home/tazimo/tazimo_ws/build/cmdvel_to_serial': PYTHONPATH=/home/tazimo/tazimo_ws/build/cmdvel_to_serial/prefix_override:/usr/lib/python3/dist-packages/colcon_core/task/python/colcon_distutils_commands:/home/tazimo/tazimo_ws/install/cmdvel_to_serial/lib/python3.10/site-packages:${PYTHONPATH} /usr/bin/python3 -W ignore:setup.py install is deprecated -W ignore:easy_install command is deprecated setup.py develop --editable --build-directory /home/tazimo/tazimo_ws/build/cmdvel_to_serial/build --no-deps symlink_data --force
[9.384s] DEBUG:colcon.colcon_core.task.python.build:While undoing a previous installation files outside the Python library path are being ignored: /home/tazimo/tazimo_ws/install/encoder_to_odom/share/ament_index/resource_index/packages/encoder_to_odom
[9.384s] DEBUG:colcon.colcon_core.task.python.build:While undoing a previous installation files outside the Python library path are being ignored: /home/tazimo/tazimo_ws/install/encoder_to_odom/share/encoder_to_odom/package.xml
[9.384s] DEBUG:colcon.colcon_core.task.python.build:While undoing a previous installation files outside the Python library path are being ignored: /home/tazimo/tazimo_ws/install/encoder_to_odom/share/encoder_to_odom/launch/encoder_to_odom.launch.py
[9.386s] DEBUG:colcon.colcon_core.task.python.build:While undoing a previous installation files outside the Python library path are being ignored: /home/tazimo/tazimo_ws/install/encoder_to_odom/lib/encoder_to_odom/encoder_to_odom
[9.392s] DEBUG:colcon.colcon_core.event_handler.log_command:Invoking command in '/home/tazimo/tazimo_ws/build/encoder_to_odom': PYTHONPATH=/home/tazimo/tazimo_ws/build/encoder_to_odom/prefix_override:/usr/lib/python3/dist-packages/colcon_core/task/python/colcon_distutils_commands:/home/tazimo/tazimo_ws/install/encoder_to_odom/lib/python3.10/site-packages:${PYTHONPATH} /usr/bin/python3 -W ignore:setup.py install is deprecated -W ignore:easy_install command is deprecated setup.py develop --editable --build-directory /home/tazimo/tazimo_ws/build/encoder_to_odom/build --no-deps symlink_data --force
[9.693s] DEBUG:colcon.colcon_core.event_handler.log_command:Invoked command in '/home/tazimo/tazimo_ws/build/my_bot' returned '0': CMAKE_PREFIX_PATH=${CMAKE_PREFIX_PATH}:/home/tazimo/tazimo_ws/install/encoder_to_odom:/home/tazimo/tazimo_ws/install/diffdrive_arduino:/home/tazimo/tazimo_ws/install/cmdvel_to_serial:/opt/ros/humble /usr/bin/cmake /home/tazimo/tazimo_ws/src/my_bot -DAMENT_CMAKE_SYMLINK_INSTALL=1 -DCMAKE_INSTALL_PREFIX=/home/tazimo/tazimo_ws/install/my_bot
[9.700s] DEBUG:colcon.colcon_core.event_handler.log_command:Invoking command in '/home/tazimo/tazimo_ws/build/my_bot': CMAKE_PREFIX_PATH=${CMAKE_PREFIX_PATH}:/home/tazimo/tazimo_ws/install/encoder_to_odom:/home/tazimo/tazimo_ws/install/diffdrive_arduino:/home/tazimo/tazimo_ws/install/cmdvel_to_serial:/opt/ros/humble /usr/bin/cmake --build /home/tazimo/tazimo_ws/build/my_bot -- -j4 -l4
[9.818s] DEBUG:colcon.colcon_core.task.python.build:While undoing a previous installation files outside the Python library path are being ignored: /home/tazimo/tazimo_ws/install/diffdrive_arduino/share/ament_index/resource_index/packages/diffdrive_arduino
[9.819s] DEBUG:colcon.colcon_core.task.python.build:While undoing a previous installation files outside the Python library path are being ignored: /home/tazimo/tazimo_ws/install/diffdrive_arduino/share/diffdrive_arduino/package.xml
[9.827s] DEBUG:colcon.colcon_core.task.python.build:While undoing a previous installation files outside the Python library path are being ignored: /home/tazimo/tazimo_ws/install/diffdrive_arduino/lib/diffdrive_arduino/diffdrive_node
[9.845s] DEBUG:colcon.colcon_core.event_handler.log_command:Invoking command in '/home/tazimo/tazimo_ws/build/diffdrive_arduino': PYTHONPATH=/home/tazimo/tazimo_ws/build/diffdrive_arduino/prefix_override:/usr/lib/python3/dist-packages/colcon_core/task/python/colcon_distutils_commands:/home/tazimo/tazimo_ws/install/diffdrive_arduino/lib/python3.10/site-packages:${PYTHONPATH} /usr/bin/python3 -W ignore:setup.py install is deprecated -W ignore:easy_install command is deprecated setup.py develop --editable --build-directory /home/tazimo/tazimo_ws/build/diffdrive_arduino/build --no-deps symlink_data --force
[10.080s] DEBUG:colcon.colcon_core.event_handler.log_command:Invoked command in '/home/tazimo/tazimo_ws/build/my_bot' returned '0': CMAKE_PREFIX_PATH=${CMAKE_PREFIX_PATH}:/home/tazimo/tazimo_ws/install/encoder_to_odom:/home/tazimo/tazimo_ws/install/diffdrive_arduino:/home/tazimo/tazimo_ws/install/cmdvel_to_serial:/opt/ros/humble /usr/bin/cmake --build /home/tazimo/tazimo_ws/build/my_bot -- -j4 -l4
[10.082s] DEBUG:colcon.colcon_core.event_handler.log_command:Invoking command in '/home/tazimo/tazimo_ws/build/my_bot': CMAKE_PREFIX_PATH=${CMAKE_PREFIX_PATH}:/home/tazimo/tazimo_ws/install/encoder_to_odom:/home/tazimo/tazimo_ws/install/diffdrive_arduino:/home/tazimo/tazimo_ws/install/cmdvel_to_serial:/opt/ros/humble /usr/bin/cmake --install /home/tazimo/tazimo_ws/build/my_bot
[10.258s] Level 1:colcon.colcon_core.environment:create_environment_scripts_only(my_bot)
[10.259s] Level 1:colcon.colcon_core.environment:checking '/home/tazimo/tazimo_ws/install/my_bot' for CMake module files
[10.263s] Level 1:colcon.colcon_core.environment:checking '/home/tazimo/tazimo_ws/install/my_bot' for CMake config files
[10.267s] Level 1:colcon.colcon_core.shell:create_environment_hook('my_bot', 'cmake_prefix_path')
[10.269s] INFO:colcon.colcon_core.shell:Creating environment hook '/home/tazimo/tazimo_ws/install/my_bot/share/my_bot/hook/cmake_prefix_path.ps1'
[10.276s] DEBUG:colcon.colcon_core.event_handler.log_command:Invoked command in '/home/tazimo/tazimo_ws/build/my_bot' returned '0': CMAKE_PREFIX_PATH=${CMAKE_PREFIX_PATH}:/home/tazimo/tazimo_ws/install/encoder_to_odom:/home/tazimo/tazimo_ws/install/diffdrive_arduino:/home/tazimo/tazimo_ws/install/cmdvel_to_serial:/opt/ros/humble /usr/bin/cmake --install /home/tazimo/tazimo_ws/build/my_bot
[10.277s] INFO:colcon.colcon_core.shell:Creating environment descriptor '/home/tazimo/tazimo_ws/install/my_bot/share/my_bot/hook/cmake_prefix_path.dsv'
[10.282s] INFO:colcon.colcon_core.shell:Creating environment hook '/home/tazimo/tazimo_ws/install/my_bot/share/my_bot/hook/cmake_prefix_path.sh'
[10.287s] Level 1:colcon.colcon_core.environment:checking '/home/tazimo/tazimo_ws/install/my_bot/bin'
[10.288s] Level 1:colcon.colcon_core.environment:checking '/home/tazimo/tazimo_ws/install/my_bot/lib/pkgconfig/my_bot.pc'
[10.290s] Level 1:colcon.colcon_core.environment:checking '/home/tazimo/tazimo_ws/install/my_bot/lib/python3.10/site-packages'
[10.292s] Level 1:colcon.colcon_core.environment:checking '/home/tazimo/tazimo_ws/install/my_bot/bin'
[10.294s] INFO:colcon.colcon_core.shell:Creating package script '/home/tazimo/tazimo_ws/install/my_bot/share/my_bot/package.ps1'
[10.298s] INFO:colcon.colcon_core.shell:Creating package descriptor '/home/tazimo/tazimo_ws/install/my_bot/share/my_bot/package.dsv'
[10.301s] INFO:colcon.colcon_core.shell:Creating package script '/home/tazimo/tazimo_ws/install/my_bot/share/my_bot/package.sh'
[10.305s] INFO:colcon.colcon_core.shell:Creating package script '/home/tazimo/tazimo_ws/install/my_bot/share/my_bot/package.bash'
[10.310s] INFO:colcon.colcon_core.shell:Creating package script '/home/tazimo/tazimo_ws/install/my_bot/share/my_bot/package.zsh'
[10.314s] Level 1:colcon.colcon_core.environment:create_file_with_runtime_dependencies(/home/tazimo/tazimo_ws/install/my_bot/share/colcon-core/packages/my_bot)
[10.318s] Level 1:colcon.colcon_core.environment:create_environment_scripts_only(my_bot)
[10.320s] Level 1:colcon.colcon_core.environment:checking '/home/tazimo/tazimo_ws/install/my_bot' for CMake module files
[10.324s] Level 1:colcon.colcon_core.environment:checking '/home/tazimo/tazimo_ws/install/my_bot' for CMake config files
[10.327s] Level 1:colcon.colcon_core.shell:create_environment_hook('my_bot', 'cmake_prefix_path')
[10.329s] INFO:colcon.colcon_core.shell:Creating environment hook '/home/tazimo/tazimo_ws/install/my_bot/share/my_bot/hook/cmake_prefix_path.ps1'
[10.333s] INFO:colcon.colcon_core.shell:Creating environment descriptor '/home/tazimo/tazimo_ws/install/my_bot/share/my_bot/hook/cmake_prefix_path.dsv'
[10.336s] INFO:colcon.colcon_core.shell:Creating environment hook '/home/tazimo/tazimo_ws/install/my_bot/share/my_bot/hook/cmake_prefix_path.sh'
[10.340s] Level 1:colcon.colcon_core.environment:checking '/home/tazimo/tazimo_ws/install/my_bot/bin'
[10.342s] Level 1:colcon.colcon_core.environment:checking '/home/tazimo/tazimo_ws/install/my_bot/lib/pkgconfig/my_bot.pc'
[10.344s] Level 1:colcon.colcon_core.environment:checking '/home/tazimo/tazimo_ws/install/my_bot/lib/python3.10/site-packages'
[10.346s] Level 1:colcon.colcon_core.environment:checking '/home/tazimo/tazimo_ws/install/my_bot/bin'
[10.348s] INFO:colcon.colcon_core.shell:Creating package script '/home/tazimo/tazimo_ws/install/my_bot/share/my_bot/package.ps1'
[10.351s] INFO:colcon.colcon_core.shell:Creating package descriptor '/home/tazimo/tazimo_ws/install/my_bot/share/my_bot/package.dsv'
[10.356s] INFO:colcon.colcon_core.shell:Creating package script '/home/tazimo/tazimo_ws/install/my_bot/share/my_bot/package.sh'
[10.361s] INFO:colcon.colcon_core.shell:Creating package script '/home/tazimo/tazimo_ws/install/my_bot/share/my_bot/package.bash'
[10.364s] INFO:colcon.colcon_core.shell:Creating package script '/home/tazimo/tazimo_ws/install/my_bot/share/my_bot/package.zsh'
[10.368s] Level 1:colcon.colcon_core.environment:create_file_with_runtime_dependencies(/home/tazimo/tazimo_ws/install/my_bot/share/colcon-core/packages/my_bot)
[10.374s] INFO:colcon.colcon_ros.task.ament_cmake.build:Building ROS package in '/home/tazimo/tazimo_ws/src/sllidar_ros2' with build type 'ament_cmake'
[10.377s] INFO:colcon.colcon_cmake.task.cmake.build:Building CMake package in '/home/tazimo/tazimo_ws/src/sllidar_ros2'
[10.378s] INFO:colcon.colcon_core.shell:Skip shell extension 'powershell' for command environment: Not usable outside of PowerShell
[10.378s] DEBUG:colcon.colcon_core.shell:Skip shell extension 'dsv' for command environment
[10.472s] DEBUG:colcon.colcon_core.event_handler.log_command:Invoking command in '/home/tazimo/tazimo_ws/build/sllidar_ros2': CMAKE_PREFIX_PATH=${CMAKE_PREFIX_PATH}:/home/tazimo/tazimo_ws/install/encoder_to_odom:/home/tazimo/tazimo_ws/install/diffdrive_arduino:/home/tazimo/tazimo_ws/install/cmdvel_to_serial:/opt/ros/humble /usr/bin/cmake /home/tazimo/tazimo_ws/src/sllidar_ros2 -DAMENT_CMAKE_SYMLINK_INSTALL=1 -DCMAKE_INSTALL_PREFIX=/home/tazimo/tazimo_ws/install/sllidar_ros2
[13.395s] Level 1:colcon.colcon_core.shell:create_environment_hook('diffdrive_arduino', 'pythonpath_develop')
[13.396s] INFO:colcon.colcon_core.shell:Creating environment hook '/home/tazimo/tazimo_ws/build/diffdrive_arduino/share/diffdrive_arduino/hook/pythonpath_develop.ps1'
[13.400s] DEBUG:colcon.colcon_core.event_handler.log_command:Invoked command in '/home/tazimo/tazimo_ws/build/diffdrive_arduino' returned '0': PYTHONPATH=/home/tazimo/tazimo_ws/build/diffdrive_arduino/prefix_override:/usr/lib/python3/dist-packages/colcon_core/task/python/colcon_distutils_commands:/home/tazimo/tazimo_ws/install/diffdrive_arduino/lib/python3.10/site-packages:${PYTHONPATH} /usr/bin/python3 -W ignore:setup.py install is deprecated -W ignore:easy_install command is deprecated setup.py develop --editable --build-directory /home/tazimo/tazimo_ws/build/diffdrive_arduino/build --no-deps symlink_data --force
[13.401s] INFO:colcon.colcon_core.shell:Creating environment descriptor '/home/tazimo/tazimo_ws/build/diffdrive_arduino/share/diffdrive_arduino/hook/pythonpath_develop.dsv'
[13.403s] INFO:colcon.colcon_core.shell:Creating environment hook '/home/tazimo/tazimo_ws/build/diffdrive_arduino/share/diffdrive_arduino/hook/pythonpath_develop.sh'
[13.417s] Level 1:colcon.colcon_core.environment:checking '/home/tazimo/tazimo_ws/install/diffdrive_arduino' for CMake module files
[13.420s] Level 1:colcon.colcon_core.environment:checking '/home/tazimo/tazimo_ws/install/diffdrive_arduino' for CMake config files
[13.424s] Level 1:colcon.colcon_core.environment:checking '/home/tazimo/tazimo_ws/install/diffdrive_arduino/lib'
[13.425s] Level 1:colcon.colcon_core.environment:checking '/home/tazimo/tazimo_ws/install/diffdrive_arduino/bin'
[13.425s] Level 1:colcon.colcon_core.environment:checking '/home/tazimo/tazimo_ws/install/diffdrive_arduino/lib/pkgconfig/diffdrive_arduino.pc'
[13.427s] Level 1:colcon.colcon_core.environment:checking '/home/tazimo/tazimo_ws/install/diffdrive_arduino/lib/python3.10/site-packages'
[13.440s] Level 1:colcon.colcon_core.shell:create_environment_hook('diffdrive_arduino', 'pythonpath')
[13.442s] INFO:colcon.colcon_core.shell:Creating environment hook '/home/tazimo/tazimo_ws/install/diffdrive_arduino/share/diffdrive_arduino/hook/pythonpath.ps1'
[13.444s] INFO:colcon.colcon_core.shell:Creating environment descriptor '/home/tazimo/tazimo_ws/install/diffdrive_arduino/share/diffdrive_arduino/hook/pythonpath.dsv'
[13.447s] INFO:colcon.colcon_core.shell:Creating environment hook '/home/tazimo/tazimo_ws/install/diffdrive_arduino/share/diffdrive_arduino/hook/pythonpath.sh'
[13.451s] Level 1:colcon.colcon_core.environment:checking '/home/tazimo/tazimo_ws/install/diffdrive_arduino/bin'
[13.451s] Level 1:colcon.colcon_core.environment:create_environment_scripts_only(diffdrive_arduino)
[13.453s] INFO:colcon.colcon_core.shell:Creating package script '/home/tazimo/tazimo_ws/install/diffdrive_arduino/share/diffdrive_arduino/package.ps1'
[13.472s] INFO:colcon.colcon_core.shell:Creating package descriptor '/home/tazimo/tazimo_ws/install/diffdrive_arduino/share/diffdrive_arduino/package.dsv'
[13.476s] INFO:colcon.colcon_core.shell:Creating package script '/home/tazimo/tazimo_ws/install/diffdrive_arduino/share/diffdrive_arduino/package.sh'
[13.479s] INFO:colcon.colcon_core.shell:Creating package script '/home/tazimo/tazimo_ws/install/diffdrive_arduino/share/diffdrive_arduino/package.bash'
[13.482s] INFO:colcon.colcon_core.shell:Creating package script '/home/tazimo/tazimo_ws/install/diffdrive_arduino/share/diffdrive_arduino/package.zsh'
[13.496s] Level 1:colcon.colcon_core.environment:create_file_with_runtime_dependencies(/home/tazimo/tazimo_ws/install/diffdrive_arduino/share/colcon-core/packages/diffdrive_arduino)
[13.501s] INFO:colcon.colcon_ros.task.ament_cmake.build:Building ROS package in '/home/tazimo/tazimo_ws/src/vel-to-ser' with build type 'ament_cmake'
[13.503s] INFO:colcon.colcon_cmake.task.cmake.build:Building CMake package in '/home/tazimo/tazimo_ws/src/vel-to-ser'
[13.504s] INFO:colcon.colcon_core.shell:Skip shell extension 'powershell' for command environment: Not usable outside of PowerShell
[13.504s] DEBUG:colcon.colcon_core.shell:Skip shell extension 'dsv' for command environment
[13.590s] DEBUG:colcon.colcon_core.event_handler.log_command:Invoking command in '/home/tazimo/tazimo_ws/build/vel-to-ser': CMAKE_PREFIX_PATH=${CMAKE_PREFIX_PATH}:/home/tazimo/tazimo_ws/install/encoder_to_odom:/home/tazimo/tazimo_ws/install/diffdrive_arduino:/home/tazimo/tazimo_ws/install/cmdvel_to_serial:/opt/ros/humble /usr/bin/cmake /home/tazimo/tazimo_ws/src/vel-to-ser -DAMENT_CMAKE_SYMLINK_INSTALL=1 -DCMAKE_INSTALL_PREFIX=/home/tazimo/tazimo_ws/install/vel-to-ser
[14.107s] Level 1:colcon.colcon_core.shell:create_environment_hook('encoder_to_odom', 'pythonpath_develop')
[14.109s] INFO:colcon.colcon_core.shell:Creating environment hook '/home/tazimo/tazimo_ws/build/encoder_to_odom/share/encoder_to_odom/hook/pythonpath_develop.ps1'
[14.113s] DEBUG:colcon.colcon_core.event_handler.log_command:Invoked command in '/home/tazimo/tazimo_ws/build/encoder_to_odom' returned '0': PYTHONPATH=/home/tazimo/tazimo_ws/build/encoder_to_odom/prefix_override:/usr/lib/python3/dist-packages/colcon_core/task/python/colcon_distutils_commands:/home/tazimo/tazimo_ws/install/encoder_to_odom/lib/python3.10/site-packages:${PYTHONPATH} /usr/bin/python3 -W ignore:setup.py install is deprecated -W ignore:easy_install command is deprecated setup.py develop --editable --build-directory /home/tazimo/tazimo_ws/build/encoder_to_odom/build --no-deps symlink_data --force
[14.114s] INFO:colcon.colcon_core.shell:Creating environment descriptor '/home/tazimo/tazimo_ws/build/encoder_to_odom/share/encoder_to_odom/hook/pythonpath_develop.dsv'
[14.117s] INFO:colcon.colcon_core.shell:Creating environment hook '/home/tazimo/tazimo_ws/build/encoder_to_odom/share/encoder_to_odom/hook/pythonpath_develop.sh'
[14.121s] Level 1:colcon.colcon_core.environment:checking '/home/tazimo/tazimo_ws/install/encoder_to_odom' for CMake module files
[14.124s] Level 1:colcon.colcon_core.environment:checking '/home/tazimo/tazimo_ws/install/encoder_to_odom' for CMake config files
[14.127s] Level 1:colcon.colcon_core.environment:checking '/home/tazimo/tazimo_ws/install/encoder_to_odom/lib'
[14.141s] Level 1:colcon.colcon_core.environment:checking '/home/tazimo/tazimo_ws/install/encoder_to_odom/bin'
[14.141s] Level 1:colcon.colcon_core.environment:checking '/home/tazimo/tazimo_ws/install/encoder_to_odom/lib/pkgconfig/encoder_to_odom.pc'
[14.142s] Level 1:colcon.colcon_core.environment:checking '/home/tazimo/tazimo_ws/install/encoder_to_odom/lib/python3.10/site-packages'
[14.143s] Level 1:colcon.colcon_core.shell:create_environment_hook('encoder_to_odom', 'pythonpath')
[14.144s] INFO:colcon.colcon_core.shell:Creating environment hook '/home/tazimo/tazimo_ws/install/encoder_to_odom/share/encoder_to_odom/hook/pythonpath.ps1'
[14.156s] INFO:colcon.colcon_core.shell:Creating environment descriptor '/home/tazimo/tazimo_ws/install/encoder_to_odom/share/encoder_to_odom/hook/pythonpath.dsv'
[14.159s] INFO:colcon.colcon_core.shell:Creating environment hook '/home/tazimo/tazimo_ws/install/encoder_to_odom/share/encoder_to_odom/hook/pythonpath.sh'
[14.163s] Level 1:colcon.colcon_core.environment:checking '/home/tazimo/tazimo_ws/install/encoder_to_odom/bin'
[14.164s] Level 1:colcon.colcon_core.environment:create_environment_scripts_only(encoder_to_odom)
[14.166s] INFO:colcon.colcon_core.shell:Creating package script '/home/tazimo/tazimo_ws/install/encoder_to_odom/share/encoder_to_odom/package.ps1'
[14.180s] INFO:colcon.colcon_core.shell:Creating package descriptor '/home/tazimo/tazimo_ws/install/encoder_to_odom/share/encoder_to_odom/package.dsv'
[14.184s] INFO:colcon.colcon_core.shell:Creating package script '/home/tazimo/tazimo_ws/install/encoder_to_odom/share/encoder_to_odom/package.sh'
[14.188s] INFO:colcon.colcon_core.shell:Creating package script '/home/tazimo/tazimo_ws/install/encoder_to_odom/share/encoder_to_odom/package.bash'
[14.192s] INFO:colcon.colcon_core.shell:Creating package script '/home/tazimo/tazimo_ws/install/encoder_to_odom/share/encoder_to_odom/package.zsh'
[14.195s] Level 1:colcon.colcon_core.environment:create_file_with_runtime_dependencies(/home/tazimo/tazimo_ws/install/encoder_to_odom/share/colcon-core/packages/encoder_to_odom)
[14.598s] Level 1:colcon.colcon_core.shell:create_environment_hook('cmdvel_to_serial', 'pythonpath_develop')
[14.599s] INFO:colcon.colcon_core.shell:Creating environment hook '/home/tazimo/tazimo_ws/build/cmdvel_to_serial/share/cmdvel_to_serial/hook/pythonpath_develop.ps1'
[14.603s] DEBUG:colcon.colcon_core.event_handler.log_command:Invoked command in '/home/tazimo/tazimo_ws/build/cmdvel_to_serial' returned '0': PYTHONPATH=/home/tazimo/tazimo_ws/build/cmdvel_to_serial/prefix_override:/usr/lib/python3/dist-packages/colcon_core/task/python/colcon_distutils_commands:/home/tazimo/tazimo_ws/install/cmdvel_to_serial/lib/python3.10/site-packages:${PYTHONPATH} /usr/bin/python3 -W ignore:setup.py install is deprecated -W ignore:easy_install command is deprecated setup.py develop --editable --build-directory /home/tazimo/tazimo_ws/build/cmdvel_to_serial/build --no-deps symlink_data --force
[14.604s] INFO:colcon.colcon_core.shell:Creating environment descriptor '/home/tazimo/tazimo_ws/build/cmdvel_to_serial/share/cmdvel_to_serial/hook/pythonpath_develop.dsv'
[14.607s] INFO:colcon.colcon_core.shell:Creating environment hook '/home/tazimo/tazimo_ws/build/cmdvel_to_serial/share/cmdvel_to_serial/hook/pythonpath_develop.sh'
[14.611s] Level 1:colcon.colcon_core.environment:checking '/home/tazimo/tazimo_ws/install/cmdvel_to_serial' for CMake module files
[14.614s] Level 1:colcon.colcon_core.environment:checking '/home/tazimo/tazimo_ws/install/cmdvel_to_serial' for CMake config files
[14.617s] Level 1:colcon.colcon_core.environment:checking '/home/tazimo/tazimo_ws/install/cmdvel_to_serial/lib'
[14.618s] Level 1:colcon.colcon_core.environment:checking '/home/tazimo/tazimo_ws/install/cmdvel_to_serial/bin'
[14.618s] Level 1:colcon.colcon_core.environment:checking '/home/tazimo/tazimo_ws/install/cmdvel_to_serial/lib/pkgconfig/cmdvel_to_serial.pc'
[14.620s] Level 1:colcon.colcon_core.environment:checking '/home/tazimo/tazimo_ws/install/cmdvel_to_serial/lib/python3.10/site-packages'
[14.620s] Level 1:colcon.colcon_core.shell:create_environment_hook('cmdvel_to_serial', 'pythonpath')
[14.621s] INFO:colcon.colcon_core.shell:Creating environment hook '/home/tazimo/tazimo_ws/install/cmdvel_to_serial/share/cmdvel_to_serial/hook/pythonpath.ps1'
[14.625s] INFO:colcon.colcon_core.shell:Creating environment descriptor '/home/tazimo/tazimo_ws/install/cmdvel_to_serial/share/cmdvel_to_serial/hook/pythonpath.dsv'
[14.627s] INFO:colcon.colcon_core.shell:Creating environment hook '/home/tazimo/tazimo_ws/install/cmdvel_to_serial/share/cmdvel_to_serial/hook/pythonpath.sh'
[14.631s] Level 1:colcon.colcon_core.environment:checking '/home/tazimo/tazimo_ws/install/cmdvel_to_serial/bin'
[14.631s] Level 1:colcon.colcon_core.environment:create_environment_scripts_only(cmdvel_to_serial)
[14.633s] INFO:colcon.colcon_core.shell:Creating package script '/home/tazimo/tazimo_ws/install/cmdvel_to_serial/share/cmdvel_to_serial/package.ps1'
[14.637s] INFO:colcon.colcon_core.shell:Creating package descriptor '/home/tazimo/tazimo_ws/install/cmdvel_to_serial/share/cmdvel_to_serial/package.dsv'
[14.640s] INFO:colcon.colcon_core.shell:Creating package script '/home/tazimo/tazimo_ws/install/cmdvel_to_serial/share/cmdvel_to_serial/package.sh'
[14.643s] INFO:colcon.colcon_core.shell:Creating package script '/home/tazimo/tazimo_ws/install/cmdvel_to_serial/share/cmdvel_to_serial/package.bash'
[14.647s] INFO:colcon.colcon_core.shell:Creating package script '/home/tazimo/tazimo_ws/install/cmdvel_to_serial/share/cmdvel_to_serial/package.zsh'
[14.649s] Level 1:colcon.colcon_core.environment:create_file_with_runtime_dependencies(/home/tazimo/tazimo_ws/install/cmdvel_to_serial/share/colcon-core/packages/cmdvel_to_serial)
[15.354s] DEBUG:colcon.colcon_core.event_handler.log_command:Invoked command in '/home/tazimo/tazimo_ws/build/sllidar_ros2' returned '0': CMAKE_PREFIX_PATH=${CMAKE_PREFIX_PATH}:/home/tazimo/tazimo_ws/install/encoder_to_odom:/home/tazimo/tazimo_ws/install/diffdrive_arduino:/home/tazimo/tazimo_ws/install/cmdvel_to_serial:/opt/ros/humble /usr/bin/cmake /home/tazimo/tazimo_ws/src/sllidar_ros2 -DAMENT_CMAKE_SYMLINK_INSTALL=1 -DCMAKE_INSTALL_PREFIX=/home/tazimo/tazimo_ws/install/sllidar_ros2
[15.356s] DEBUG:colcon.colcon_core.event_handler.log_command:Invoking command in '/home/tazimo/tazimo_ws/build/sllidar_ros2': CMAKE_PREFIX_PATH=${CMAKE_PREFIX_PATH}:/home/tazimo/tazimo_ws/install/encoder_to_odom:/home/tazimo/tazimo_ws/install/diffdrive_arduino:/home/tazimo/tazimo_ws/install/cmdvel_to_serial:/opt/ros/humble /usr/bin/cmake --build /home/tazimo/tazimo_ws/build/sllidar_ros2 -- -j4 -l4
[15.840s] DEBUG:colcon.colcon_core.event_handler.log_command:Invoked command in '/home/tazimo/tazimo_ws/build/sllidar_ros2' returned '0': CMAKE_PREFIX_PATH=${CMAKE_PREFIX_PATH}:/home/tazimo/tazimo_ws/install/encoder_to_odom:/home/tazimo/tazimo_ws/install/diffdrive_arduino:/home/tazimo/tazimo_ws/install/cmdvel_to_serial:/opt/ros/humble /usr/bin/cmake --build /home/tazimo/tazimo_ws/build/sllidar_ros2 -- -j4 -l4
[15.842s] DEBUG:colcon.colcon_core.event_handler.log_command:Invoking command in '/home/tazimo/tazimo_ws/build/sllidar_ros2': CMAKE_PREFIX_PATH=${CMAKE_PREFIX_PATH}:/home/tazimo/tazimo_ws/install/encoder_to_odom:/home/tazimo/tazimo_ws/install/diffdrive_arduino:/home/tazimo/tazimo_ws/install/cmdvel_to_serial:/opt/ros/humble /usr/bin/cmake --install /home/tazimo/tazimo_ws/build/sllidar_ros2
[15.938s] DEBUG:colcon.colcon_core.event_handler.log_command:Invoked command in '/home/tazimo/tazimo_ws/build/vel-to-ser' returned '0': CMAKE_PREFIX_PATH=${CMAKE_PREFIX_PATH}:/home/tazimo/tazimo_ws/install/encoder_to_odom:/home/tazimo/tazimo_ws/install/diffdrive_arduino:/home/tazimo/tazimo_ws/install/cmdvel_to_serial:/opt/ros/humble /usr/bin/cmake /home/tazimo/tazimo_ws/src/vel-to-ser -DAMENT_CMAKE_SYMLINK_INSTALL=1 -DCMAKE_INSTALL_PREFIX=/home/tazimo/tazimo_ws/install/vel-to-ser
[15.941s] DEBUG:colcon.colcon_core.event_handler.log_command:Invoking command in '/home/tazimo/tazimo_ws/build/vel-to-ser': CMAKE_PREFIX_PATH=${CMAKE_PREFIX_PATH}:/home/tazimo/tazimo_ws/install/encoder_to_odom:/home/tazimo/tazimo_ws/install/diffdrive_arduino:/home/tazimo/tazimo_ws/install/cmdvel_to_serial:/opt/ros/humble /usr/bin/cmake --build /home/tazimo/tazimo_ws/build/vel-to-ser -- -j4 -l4
[15.999s] Level 1:colcon.colcon_core.environment:create_environment_scripts_only(sllidar_ros2)
[16.000s] Level 1:colcon.colcon_core.environment:checking '/home/tazimo/tazimo_ws/install/sllidar_ros2' for CMake module files
[16.003s] Level 1:colcon.colcon_core.environment:checking '/home/tazimo/tazimo_ws/install/sllidar_ros2' for CMake config files
[16.005s] Level 1:colcon.colcon_core.shell:create_environment_hook('sllidar_ros2', 'cmake_prefix_path')
[16.007s] INFO:colcon.colcon_core.shell:Creating environment hook '/home/tazimo/tazimo_ws/install/sllidar_ros2/share/sllidar_ros2/hook/cmake_prefix_path.ps1'
[16.009s] DEBUG:colcon.colcon_core.event_handler.log_command:Invoked command in '/home/tazimo/tazimo_ws/build/sllidar_ros2' returned '0': CMAKE_PREFIX_PATH=${CMAKE_PREFIX_PATH}:/home/tazimo/tazimo_ws/install/encoder_to_odom:/home/tazimo/tazimo_ws/install/diffdrive_arduino:/home/tazimo/tazimo_ws/install/cmdvel_to_serial:/opt/ros/humble /usr/bin/cmake --install /home/tazimo/tazimo_ws/build/sllidar_ros2
[16.011s] INFO:colcon.colcon_core.shell:Creating environment descriptor '/home/tazimo/tazimo_ws/install/sllidar_ros2/share/sllidar_ros2/hook/cmake_prefix_path.dsv'
[16.013s] INFO:colcon.colcon_core.shell:Creating environment hook '/home/tazimo/tazimo_ws/install/sllidar_ros2/share/sllidar_ros2/hook/cmake_prefix_path.sh'
[16.017s] Level 1:colcon.colcon_core.environment:checking '/home/tazimo/tazimo_ws/install/sllidar_ros2/lib'
[16.018s] Level 1:colcon.colcon_core.environment:checking '/home/tazimo/tazimo_ws/install/sllidar_ros2/bin'
[16.018s] Level 1:colcon.colcon_core.environment:checking '/home/tazimo/tazimo_ws/install/sllidar_ros2/lib/pkgconfig/sllidar_ros2.pc'
[16.020s] Level 1:colcon.colcon_core.environment:checking '/home/tazimo/tazimo_ws/install/sllidar_ros2/lib/python3.10/site-packages'
[16.021s] Level 1:colcon.colcon_core.environment:checking '/home/tazimo/tazimo_ws/install/sllidar_ros2/bin'
[16.022s] INFO:colcon.colcon_core.shell:Creating package script '/home/tazimo/tazimo_ws/install/sllidar_ros2/share/sllidar_ros2/package.ps1'
[16.025s] INFO:colcon.colcon_core.shell:Creating package descriptor '/home/tazimo/tazimo_ws/install/sllidar_ros2/share/sllidar_ros2/package.dsv'
[16.027s] INFO:colcon.colcon_core.shell:Creating package script '/home/tazimo/tazimo_ws/install/sllidar_ros2/share/sllidar_ros2/package.sh'
[16.030s] INFO:colcon.colcon_core.shell:Creating package script '/home/tazimo/tazimo_ws/install/sllidar_ros2/share/sllidar_ros2/package.bash'
[16.033s] INFO:colcon.colcon_core.shell:Creating package script '/home/tazimo/tazimo_ws/install/sllidar_ros2/share/sllidar_ros2/package.zsh'
[16.035s] Level 1:colcon.colcon_core.environment:create_file_with_runtime_dependencies(/home/tazimo/tazimo_ws/install/sllidar_ros2/share/colcon-core/packages/sllidar_ros2)
[16.038s] Level 1:colcon.colcon_core.environment:create_environment_scripts_only(sllidar_ros2)
[16.039s] Level 1:colcon.colcon_core.environment:checking '/home/tazimo/tazimo_ws/install/sllidar_ros2' for CMake module files
[16.042s] Level 1:colcon.colcon_core.environment:checking '/home/tazimo/tazimo_ws/install/sllidar_ros2' for CMake config files
[16.044s] Level 1:colcon.colcon_core.shell:create_environment_hook('sllidar_ros2', 'cmake_prefix_path')
[16.046s] INFO:colcon.colcon_core.shell:Creating environment hook '/home/tazimo/tazimo_ws/install/sllidar_ros2/share/sllidar_ros2/hook/cmake_prefix_path.ps1'
[16.048s] INFO:colcon.colcon_core.shell:Creating environment descriptor '/home/tazimo/tazimo_ws/install/sllidar_ros2/share/sllidar_ros2/hook/cmake_prefix_path.dsv'
[16.050s] INFO:colcon.colcon_core.shell:Creating environment hook '/home/tazimo/tazimo_ws/install/sllidar_ros2/share/sllidar_ros2/hook/cmake_prefix_path.sh'
[16.053s] Level 1:colcon.colcon_core.environment:checking '/home/tazimo/tazimo_ws/install/sllidar_ros2/lib'
[16.054s] Level 1:colcon.colcon_core.environment:checking '/home/tazimo/tazimo_ws/install/sllidar_ros2/bin'
[16.054s] Level 1:colcon.colcon_core.environment:checking '/home/tazimo/tazimo_ws/install/sllidar_ros2/lib/pkgconfig/sllidar_ros2.pc'
[16.055s] Level 1:colcon.colcon_core.environment:checking '/home/tazimo/tazimo_ws/install/sllidar_ros2/lib/python3.10/site-packages'
[16.057s] Level 1:colcon.colcon_core.environment:checking '/home/tazimo/tazimo_ws/install/sllidar_ros2/bin'
[16.058s] INFO:colcon.colcon_core.shell:Creating package script '/home/tazimo/tazimo_ws/install/sllidar_ros2/share/sllidar_ros2/package.ps1'
[16.061s] INFO:colcon.colcon_core.shell:Creating package descriptor '/home/tazimo/tazimo_ws/install/sllidar_ros2/share/sllidar_ros2/package.dsv'
[16.064s] INFO:colcon.colcon_core.shell:Creating package script '/home/tazimo/tazimo_ws/install/sllidar_ros2/share/sllidar_ros2/package.sh'
[16.067s] INFO:colcon.colcon_core.shell:Creating package script '/home/tazimo/tazimo_ws/install/sllidar_ros2/share/sllidar_ros2/package.bash'
[16.071s] INFO:colcon.colcon_core.shell:Creating package script '/home/tazimo/tazimo_ws/install/sllidar_ros2/share/sllidar_ros2/package.zsh'
[16.074s] Level 1:colcon.colcon_core.environment:create_file_with_runtime_dependencies(/home/tazimo/tazimo_ws/install/sllidar_ros2/share/colcon-core/packages/sllidar_ros2)
[16.125s] DEBUG:colcon.colcon_core.event_handler.log_command:Invoked command in '/home/tazimo/tazimo_ws/build/vel-to-ser' returned '0': CMAKE_PREFIX_PATH=${CMAKE_PREFIX_PATH}:/home/tazimo/tazimo_ws/install/encoder_to_odom:/home/tazimo/tazimo_ws/install/diffdrive_arduino:/home/tazimo/tazimo_ws/install/cmdvel_to_serial:/opt/ros/humble /usr/bin/cmake --build /home/tazimo/tazimo_ws/build/vel-to-ser -- -j4 -l4
[16.126s] DEBUG:colcon.colcon_core.event_handler.log_command:Invoking command in '/home/tazimo/tazimo_ws/build/vel-to-ser': CMAKE_PREFIX_PATH=${CMAKE_PREFIX_PATH}:/home/tazimo/tazimo_ws/install/encoder_to_odom:/home/tazimo/tazimo_ws/install/diffdrive_arduino:/home/tazimo/tazimo_ws/install/cmdvel_to_serial:/opt/ros/humble /usr/bin/cmake --install /home/tazimo/tazimo_ws/build/vel-to-ser
[16.211s] Level 1:colcon.colcon_core.environment:create_environment_scripts_only(vel-to-ser)
[16.212s] Level 1:colcon.colcon_core.environment:checking '/home/tazimo/tazimo_ws/install/vel-to-ser' for CMake module files
[16.215s] Level 1:colcon.colcon_core.environment:checking '/home/tazimo/tazimo_ws/install/vel-to-ser' for CMake config files
[16.217s] DEBUG:colcon.colcon_core.event_handler.log_command:Invoked command in '/home/tazimo/tazimo_ws/build/vel-to-ser' returned '0': CMAKE_PREFIX_PATH=${CMAKE_PREFIX_PATH}:/home/tazimo/tazimo_ws/install/encoder_to_odom:/home/tazimo/tazimo_ws/install/diffdrive_arduino:/home/tazimo/tazimo_ws/install/cmdvel_to_serial:/opt/ros/humble /usr/bin/cmake --install /home/tazimo/tazimo_ws/build/vel-to-ser
[16.218s] Level 1:colcon.colcon_core.shell:create_environment_hook('vel-to-ser', 'cmake_prefix_path')
[16.219s] INFO:colcon.colcon_core.shell:Creating environment hook '/home/tazimo/tazimo_ws/install/vel-to-ser/share/vel-to-ser/hook/cmake_prefix_path.ps1'
[16.222s] INFO:colcon.colcon_core.shell:Creating environment descriptor '/home/tazimo/tazimo_ws/install/vel-to-ser/share/vel-to-ser/hook/cmake_prefix_path.dsv'
[16.224s] INFO:colcon.colcon_core.shell:Creating environment hook '/home/tazimo/tazimo_ws/install/vel-to-ser/share/vel-to-ser/hook/cmake_prefix_path.sh'
[16.227s] Level 1:colcon.colcon_core.environment:checking '/home/tazimo/tazimo_ws/install/vel-to-ser/lib'
[16.227s] Level 1:colcon.colcon_core.environment:checking '/home/tazimo/tazimo_ws/install/vel-to-ser/bin'
[16.228s] Level 1:colcon.colcon_core.environment:checking '/home/tazimo/tazimo_ws/install/vel-to-ser/lib/pkgconfig/vel-to-ser.pc'
[16.229s] Level 1:colcon.colcon_core.environment:checking '/home/tazimo/tazimo_ws/install/vel-to-ser/lib/python3.10/site-packages'
[16.230s] Level 1:colcon.colcon_core.environment:checking '/home/tazimo/tazimo_ws/install/vel-to-ser/bin'
[16.231s] INFO:colcon.colcon_core.shell:Creating package script '/home/tazimo/tazimo_ws/install/vel-to-ser/share/vel-to-ser/package.ps1'
[16.235s] INFO:colcon.colcon_core.shell:Creating package descriptor '/home/tazimo/tazimo_ws/install/vel-to-ser/share/vel-to-ser/package.dsv'
[16.237s] INFO:colcon.colcon_core.shell:Creating package script '/home/tazimo/tazimo_ws/install/vel-to-ser/share/vel-to-ser/package.sh'
[16.239s] INFO:colcon.colcon_core.shell:Creating package script '/home/tazimo/tazimo_ws/install/vel-to-ser/share/vel-to-ser/package.bash'
[16.242s] INFO:colcon.colcon_core.shell:Creating package script '/home/tazimo/tazimo_ws/install/vel-to-ser/share/vel-to-ser/package.zsh'
[16.244s] Level 1:colcon.colcon_core.environment:create_file_with_runtime_dependencies(/home/tazimo/tazimo_ws/install/vel-to-ser/share/colcon-core/packages/vel-to-ser)
[16.247s] Level 1:colcon.colcon_core.environment:create_environment_scripts_only(vel-to-ser)
[16.248s] Level 1:colcon.colcon_core.environment:checking '/home/tazimo/tazimo_ws/install/vel-to-ser' for CMake module files
[16.251s] Level 1:colcon.colcon_core.environment:checking '/home/tazimo/tazimo_ws/install/vel-to-ser' for CMake config files
[16.253s] Level 1:colcon.colcon_core.shell:create_environment_hook('vel-to-ser', 'cmake_prefix_path')
[16.254s] INFO:colcon.colcon_core.shell:Creating environment hook '/home/tazimo/tazimo_ws/install/vel-to-ser/share/vel-to-ser/hook/cmake_prefix_path.ps1'
[16.256s] INFO:colcon.colcon_core.shell:Creating environment descriptor '/home/tazimo/tazimo_ws/install/vel-to-ser/share/vel-to-ser/hook/cmake_prefix_path.dsv'
[16.259s] INFO:colcon.colcon_core.shell:Creating environment hook '/home/tazimo/tazimo_ws/install/vel-to-ser/share/vel-to-ser/hook/cmake_prefix_path.sh'
[16.262s] Level 1:colcon.colcon_core.environment:checking '/home/tazimo/tazimo_ws/install/vel-to-ser/lib'
[16.263s] Level 1:colcon.colcon_core.environment:checking '/home/tazimo/tazimo_ws/install/vel-to-ser/bin'
[16.263s] Level 1:colcon.colcon_core.environment:checking '/home/tazimo/tazimo_ws/install/vel-to-ser/lib/pkgconfig/vel-to-ser.pc'
[16.264s] Level 1:colcon.colcon_core.environment:checking '/home/tazimo/tazimo_ws/install/vel-to-ser/lib/python3.10/site-packages'
[16.265s] Level 1:colcon.colcon_core.environment:checking '/home/tazimo/tazimo_ws/install/vel-to-ser/bin'
[16.266s] INFO:colcon.colcon_core.shell:Creating package script '/home/tazimo/tazimo_ws/install/vel-to-ser/share/vel-to-ser/package.ps1'
[16.270s] INFO:colcon.colcon_core.shell:Creating package descriptor '/home/tazimo/tazimo_ws/install/vel-to-ser/share/vel-to-ser/package.dsv'
[16.272s] INFO:colcon.colcon_core.shell:Creating package script '/home/tazimo/tazimo_ws/install/vel-to-ser/share/vel-to-ser/package.sh'
[16.275s] INFO:colcon.colcon_core.shell:Creating package script '/home/tazimo/tazimo_ws/install/vel-to-ser/share/vel-to-ser/package.bash'
[16.277s] INFO:colcon.colcon_core.shell:Creating package script '/home/tazimo/tazimo_ws/install/vel-to-ser/share/vel-to-ser/package.zsh'
[16.279s] Level 1:colcon.colcon_core.environment:create_file_with_runtime_dependencies(/home/tazimo/tazimo_ws/install/vel-to-ser/share/colcon-core/packages/vel-to-ser)
[16.283s] DEBUG:colcon.colcon_parallel_executor.executor.parallel:closing loop
[16.283s] DEBUG:colcon.colcon_parallel_executor.executor.parallel:loop closed
[16.284s] DEBUG:colcon.colcon_parallel_executor.executor.parallel:run_until_complete finished with '0'
[16.284s] DEBUG:colcon.colcon_core.event_reactor:joining thread
[16.309s] INFO:colcon.colcon_core.plugin_system:Skipping extension 'colcon_notification.desktop_notification.notify_send': Could not find 'notify-send'
[16.310s] INFO:colcon.colcon_core.plugin_system:Skipping extension 'colcon_notification.desktop_notification.terminal_notifier': Not used on non-Darwin systems
[16.310s] INFO:colcon.colcon_core.plugin_system:Skipping extension 'colcon_notification.desktop_notification.win32': Not used on non-Windows systems
[16.311s] INFO:colcon.colcon_notification.desktop_notification:Sending desktop notification using 'notify2'
[16.314s] DEBUG:colcon.colcon_notification.desktop_notification.notify2:Failed to initialize notify2: org.freedesktop.DBus.Error.ServiceUnknown: The name org.freedesktop.Notifications was not provided by any .service files
[16.315s] DEBUG:colcon.colcon_core.event_reactor:joined thread
[16.316s] INFO:colcon.colcon_core.shell:Creating prefix script '/home/tazimo/tazimo_ws/install/local_setup.ps1'
[16.320s] INFO:colcon.colcon_core.shell:Creating prefix util module '/home/tazimo/tazimo_ws/install/_local_setup_util_ps1.py'
[16.328s] INFO:colcon.colcon_core.shell:Creating prefix chain script '/home/tazimo/tazimo_ws/install/setup.ps1'
[16.336s] INFO:colcon.colcon_core.shell:Creating prefix script '/home/tazimo/tazimo_ws/install/local_setup.sh'
[16.339s] INFO:colcon.colcon_core.shell:Creating prefix util module '/home/tazimo/tazimo_ws/install/_local_setup_util_sh.py'
[16.343s] INFO:colcon.colcon_core.shell:Creating prefix chain script '/home/tazimo/tazimo_ws/install/setup.sh'
[16.351s] INFO:colcon.colcon_core.shell:Creating prefix script '/home/tazimo/tazimo_ws/install/local_setup.bash'
[16.355s] INFO:colcon.colcon_core.shell:Creating prefix chain script '/home/tazimo/tazimo_ws/install/setup.bash'
[16.362s] INFO:colcon.colcon_core.shell:Creating prefix script '/home/tazimo/tazimo_ws/install/local_setup.zsh'
[16.366s] INFO:colcon.colcon_core.shell:Creating prefix chain script '/home/tazimo/tazimo_ws/install/setup.zsh'
