[1.060s] DEBUG:colcon:Command line arguments: ['/usr/bin/colcon', 'build', '--packages-select', 'diffdrive_arduino']
[1.061s] DEBUG:colcon:Parsed command line arguments: Namespace(log_base=None, log_level=None, verb_name='build', build_base='build', install_base='install', merge_install=False, symlink_install=False, test_result_base=None, continue_on_error=False, executor='parallel', parallel_workers=4, event_handlers=None, ignore_user_meta=False, metas=['./colcon.meta'], base_paths=['.'], packages_ignore=None, packages_ignore_regex=None, paths=None, packages_up_to=None, packages_up_to_regex=None, packages_above=None, packages_above_and_dependencies=None, packages_above_depth=None, packages_select_by_dep=None, packages_skip_by_dep=None, packages_skip_up_to=None, packages_select_build_failed=False, packages_skip_build_finished=False, packages_select_test_failures=False, packages_skip_test_passed=False, packages_select=['diffdrive_arduino'], packages_skip=None, packages_select_regex=None, packages_skip_regex=None, packages_start=None, packages_end=None, allow_overriding=[], cmake_args=None, cmake_target=None, cmake_target_skip_unavailable=False, cmake_clean_cache=False, cmake_clean_first=False, cmake_force_configure=False, ament_cmake_args=None, catkin_cmake_args=None, catkin_skip_building_tests=False, mixin_files=None, mixin=None, verb_parser=<colcon_mixin.mixin.mixin_argument.MixinArgumentDecorator object at 0xffff86be1330>, verb_extension=<colcon_core.verb.build.BuildVerb object at 0xffff86be0e80>, main=<bound method BuildVerb.main of <colcon_core.verb.build.BuildVerb object at 0xffff86be0e80>>, mixin_verb=('build',))
[2.825s] Level 1:colcon.colcon_core.package_discovery:discover_packages(colcon_meta) check parameters
[2.826s] Level 1:colcon.colcon_core.package_discovery:discover_packages(recursive) check parameters
[2.826s] Level 1:colcon.colcon_core.package_discovery:discover_packages(ignore) check parameters
[2.826s] Level 1:colcon.colcon_core.package_discovery:discover_packages(path) check parameters
[2.827s] Level 1:colcon.colcon_core.package_discovery:discover_packages(colcon_meta) discover
[2.827s] Level 1:colcon.colcon_core.package_discovery:discover_packages(recursive) discover
[2.828s] INFO:colcon.colcon_core.package_discovery:Crawling recursively for packages in '/home/tazimo/tazimo_ws'
[2.829s] Level 1:colcon.colcon_core.package_identification:_identify(.) by extensions ['ignore', 'ignore_ament_install']
[2.829s] Level 1:colcon.colcon_core.package_identification:_identify(.) by extension 'ignore'
[2.829s] Level 1:colcon.colcon_core.package_identification:_identify(.) by extension 'ignore_ament_install'
[2.830s] Level 1:colcon.colcon_core.package_identification:_identify(.) by extensions ['colcon_pkg']
[2.830s] Level 1:colcon.colcon_core.package_identification:_identify(.) by extension 'colcon_pkg'
[2.831s] Level 1:colcon.colcon_core.package_identification:_identify(.) by extensions ['colcon_meta']
[2.831s] Level 1:colcon.colcon_core.package_identification:_identify(.) by extension 'colcon_meta'
[2.832s] Level 1:colcon.colcon_core.package_identification:_identify(.) by extensions ['ros']
[2.832s] Level 1:colcon.colcon_core.package_identification:_identify(.) by extension 'ros'
[2.905s] Level 1:colcon.colcon_core.package_identification:_identify(.) by extensions ['cmake', 'python']
[2.906s] Level 1:colcon.colcon_core.package_identification:_identify(.) by extension 'cmake'
[2.906s] Level 1:colcon.colcon_core.package_identification:_identify(.) by extension 'python'
[2.906s] Level 1:colcon.colcon_core.package_identification:_identify(.) by extensions ['python_setup_py']
[2.907s] Level 1:colcon.colcon_core.package_identification:_identify(.) by extension 'python_setup_py'
[2.908s] Level 1:colcon.colcon_core.package_identification:_identify(build) by extensions ['ignore', 'ignore_ament_install']
[2.909s] Level 1:colcon.colcon_core.package_identification:_identify(build) by extension 'ignore'
[2.909s] Level 1:colcon.colcon_core.package_identification:_identify(build) ignored
[2.910s] Level 1:colcon.colcon_core.package_identification:_identify(install) by extensions ['ignore', 'ignore_ament_install']
[2.911s] Level 1:colcon.colcon_core.package_identification:_identify(install) by extension 'ignore'
[2.912s] Level 1:colcon.colcon_core.package_identification:_identify(install) ignored
[2.913s] Level 1:colcon.colcon_core.package_identification:_identify(log) by extensions ['ignore', 'ignore_ament_install']
[2.914s] Level 1:colcon.colcon_core.package_identification:_identify(log) by extension 'ignore'
[2.914s] Level 1:colcon.colcon_core.package_identification:_identify(log) ignored
[2.916s] Level 1:colcon.colcon_core.package_identification:_identify(src) by extensions ['ignore', 'ignore_ament_install']
[2.917s] Level 1:colcon.colcon_core.package_identification:_identify(src) by extension 'ignore'
[2.917s] Level 1:colcon.colcon_core.package_identification:_identify(src) by extension 'ignore_ament_install'
[2.918s] Level 1:colcon.colcon_core.package_identification:_identify(src) by extensions ['colcon_pkg']
[2.918s] Level 1:colcon.colcon_core.package_identification:_identify(src) by extension 'colcon_pkg'
[2.919s] Level 1:colcon.colcon_core.package_identification:_identify(src) by extensions ['colcon_meta']
[2.919s] Level 1:colcon.colcon_core.package_identification:_identify(src) by extension 'colcon_meta'
[2.919s] Level 1:colcon.colcon_core.package_identification:_identify(src) by extensions ['ros']
[2.920s] Level 1:colcon.colcon_core.package_identification:_identify(src) by extension 'ros'
[2.921s] Level 1:colcon.colcon_core.package_identification:_identify(src) by extensions ['cmake', 'python']
[2.922s] Level 1:colcon.colcon_core.package_identification:_identify(src) by extension 'cmake'
[2.922s] Level 1:colcon.colcon_core.package_identification:_identify(src) by extension 'python'
[2.923s] Level 1:colcon.colcon_core.package_identification:_identify(src) by extensions ['python_setup_py']
[2.923s] Level 1:colcon.colcon_core.package_identification:_identify(src) by extension 'python_setup_py'
[2.925s] Level 1:colcon.colcon_core.package_identification:_identify(src/cmdvel_to_serial) by extensions ['ignore', 'ignore_ament_install']
[2.926s] Level 1:colcon.colcon_core.package_identification:_identify(src/cmdvel_to_serial) by extension 'ignore'
[2.926s] Level 1:colcon.colcon_core.package_identification:_identify(src/cmdvel_to_serial) by extension 'ignore_ament_install'
[2.927s] Level 1:colcon.colcon_core.package_identification:_identify(src/cmdvel_to_serial) by extensions ['colcon_pkg']
[2.927s] Level 1:colcon.colcon_core.package_identification:_identify(src/cmdvel_to_serial) by extension 'colcon_pkg'
[2.928s] Level 1:colcon.colcon_core.package_identification:_identify(src/cmdvel_to_serial) by extensions ['colcon_meta']
[2.929s] Level 1:colcon.colcon_core.package_identification:_identify(src/cmdvel_to_serial) by extension 'colcon_meta'
[2.929s] Level 1:colcon.colcon_core.package_identification:_identify(src/cmdvel_to_serial) by extensions ['ros']
[2.930s] Level 1:colcon.colcon_core.package_identification:_identify(src/cmdvel_to_serial) by extension 'ros'
[2.946s] DEBUG:colcon.colcon_core.package_identification:Package 'src/cmdvel_to_serial' with type 'ros.ament_python' and name 'cmdvel_to_serial'
[2.948s] Level 1:colcon.colcon_core.package_identification:_identify(src/diffdrive_arduino) by extensions ['ignore', 'ignore_ament_install']
[2.959s] Level 1:colcon.colcon_core.package_identification:_identify(src/diffdrive_arduino) by extension 'ignore'
[2.959s] Level 1:colcon.colcon_core.package_identification:_identify(src/diffdrive_arduino) by extension 'ignore_ament_install'
[2.960s] Level 1:colcon.colcon_core.package_identification:_identify(src/diffdrive_arduino) by extensions ['colcon_pkg']
[2.961s] Level 1:colcon.colcon_core.package_identification:_identify(src/diffdrive_arduino) by extension 'colcon_pkg'
[2.961s] Level 1:colcon.colcon_core.package_identification:_identify(src/diffdrive_arduino) by extensions ['colcon_meta']
[2.962s] Level 1:colcon.colcon_core.package_identification:_identify(src/diffdrive_arduino) by extension 'colcon_meta'
[2.963s] Level 1:colcon.colcon_core.package_identification:_identify(src/diffdrive_arduino) by extensions ['ros']
[2.963s] Level 1:colcon.colcon_core.package_identification:_identify(src/diffdrive_arduino) by extension 'ros'
[2.968s] DEBUG:colcon.colcon_core.package_identification:Package 'src/diffdrive_arduino' with type 'ros.ament_python' and name 'diffdrive_arduino'
[2.969s] Level 1:colcon.colcon_core.package_identification:_identify(src/encoder_to_odom) by extensions ['ignore', 'ignore_ament_install']
[2.970s] Level 1:colcon.colcon_core.package_identification:_identify(src/encoder_to_odom) by extension 'ignore'
[2.970s] Level 1:colcon.colcon_core.package_identification:_identify(src/encoder_to_odom) by extension 'ignore_ament_install'
[2.971s] Level 1:colcon.colcon_core.package_identification:_identify(src/encoder_to_odom) by extensions ['colcon_pkg']
[2.971s] Level 1:colcon.colcon_core.package_identification:_identify(src/encoder_to_odom) by extension 'colcon_pkg'
[2.972s] Level 1:colcon.colcon_core.package_identification:_identify(src/encoder_to_odom) by extensions ['colcon_meta']
[2.972s] Level 1:colcon.colcon_core.package_identification:_identify(src/encoder_to_odom) by extension 'colcon_meta'
[2.973s] Level 1:colcon.colcon_core.package_identification:_identify(src/encoder_to_odom) by extensions ['ros']
[2.973s] Level 1:colcon.colcon_core.package_identification:_identify(src/encoder_to_odom) by extension 'ros'
[2.978s] DEBUG:colcon.colcon_core.package_identification:Package 'src/encoder_to_odom' with type 'ros.ament_python' and name 'encoder_to_odom'
[2.979s] Level 1:colcon.colcon_core.package_identification:_identify(src/my_bot) by extensions ['ignore', 'ignore_ament_install']
[2.980s] Level 1:colcon.colcon_core.package_identification:_identify(src/my_bot) by extension 'ignore'
[2.981s] Level 1:colcon.colcon_core.package_identification:_identify(src/my_bot) by extension 'ignore_ament_install'
[2.981s] Level 1:colcon.colcon_core.package_identification:_identify(src/my_bot) by extensions ['colcon_pkg']
[2.982s] Level 1:colcon.colcon_core.package_identification:_identify(src/my_bot) by extension 'colcon_pkg'
[2.983s] Level 1:colcon.colcon_core.package_identification:_identify(src/my_bot) by extensions ['colcon_meta']
[2.983s] Level 1:colcon.colcon_core.package_identification:_identify(src/my_bot) by extension 'colcon_meta'
[2.984s] Level 1:colcon.colcon_core.package_identification:_identify(src/my_bot) by extensions ['ros']
[2.984s] Level 1:colcon.colcon_core.package_identification:_identify(src/my_bot) by extension 'ros'
[2.988s] DEBUG:colcon.colcon_core.package_identification:Package 'src/my_bot' with type 'ros.ament_cmake' and name 'my_bot'
[2.990s] Level 1:colcon.colcon_core.package_identification:_identify(src/sllidar_ros2) by extensions ['ignore', 'ignore_ament_install']
[2.991s] Level 1:colcon.colcon_core.package_identification:_identify(src/sllidar_ros2) by extension 'ignore'
[2.992s] Level 1:colcon.colcon_core.package_identification:_identify(src/sllidar_ros2) by extension 'ignore_ament_install'
[2.992s] Level 1:colcon.colcon_core.package_identification:_identify(src/sllidar_ros2) by extensions ['colcon_pkg']
[2.993s] Level 1:colcon.colcon_core.package_identification:_identify(src/sllidar_ros2) by extension 'colcon_pkg'
[2.993s] Level 1:colcon.colcon_core.package_identification:_identify(src/sllidar_ros2) by extensions ['colcon_meta']
[2.994s] Level 1:colcon.colcon_core.package_identification:_identify(src/sllidar_ros2) by extension 'colcon_meta'
[2.995s] Level 1:colcon.colcon_core.package_identification:_identify(src/sllidar_ros2) by extensions ['ros']
[2.995s] Level 1:colcon.colcon_core.package_identification:_identify(src/sllidar_ros2) by extension 'ros'
[3.000s] DEBUG:colcon.colcon_core.package_identification:Package 'src/sllidar_ros2' with type 'ros.ament_cmake' and name 'sllidar_ros2'
[3.001s] Level 1:colcon.colcon_core.package_identification:_identify(src/vel-to-ser) by extensions ['ignore', 'ignore_ament_install']
[3.002s] Level 1:colcon.colcon_core.package_identification:_identify(src/vel-to-ser) by extension 'ignore'
[3.003s] Level 1:colcon.colcon_core.package_identification:_identify(src/vel-to-ser) by extension 'ignore_ament_install'
[3.004s] Level 1:colcon.colcon_core.package_identification:_identify(src/vel-to-ser) by extensions ['colcon_pkg']
[3.004s] Level 1:colcon.colcon_core.package_identification:_identify(src/vel-to-ser) by extension 'colcon_pkg'
[3.005s] Level 1:colcon.colcon_core.package_identification:_identify(src/vel-to-ser) by extensions ['colcon_meta']
[3.005s] Level 1:colcon.colcon_core.package_identification:_identify(src/vel-to-ser) by extension 'colcon_meta'
[3.006s] Level 1:colcon.colcon_core.package_identification:_identify(src/vel-to-ser) by extensions ['ros']
[3.006s] Level 1:colcon.colcon_core.package_identification:_identify(src/vel-to-ser) by extension 'ros'
[3.009s] DEBUG:colcon.colcon_core.package_identification:Package 'src/vel-to-ser' with type 'ros.ament_cmake' and name 'vel-to-ser'
[3.010s] Level 1:colcon.colcon_core.package_discovery:discover_packages(recursive) using defaults
[3.010s] Level 1:colcon.colcon_core.package_discovery:discover_packages(ignore) discover
[3.011s] Level 1:colcon.colcon_core.package_discovery:discover_packages(ignore) using defaults
[3.011s] Level 1:colcon.colcon_core.package_discovery:discover_packages(path) discover
[3.012s] Level 1:colcon.colcon_core.package_discovery:discover_packages(path) using defaults
[3.209s] INFO:colcon.colcon_core.package_selection:Skipping not selected package 'cmdvel_to_serial' in 'src/cmdvel_to_serial'
[3.209s] INFO:colcon.colcon_core.package_selection:Skipping not selected package 'encoder_to_odom' in 'src/encoder_to_odom'
[3.210s] INFO:colcon.colcon_core.package_selection:Skipping not selected package 'my_bot' in 'src/my_bot'
[3.210s] INFO:colcon.colcon_core.package_selection:Skipping not selected package 'sllidar_ros2' in 'src/sllidar_ros2'
[3.211s] INFO:colcon.colcon_core.package_selection:Skipping not selected package 'vel-to-ser' in 'src/vel-to-ser'
[3.214s] Level 1:colcon.colcon_core.package_discovery:discover_packages(prefix_path) check parameters
[3.215s] Level 1:colcon.colcon_core.package_discovery:discover_packages(prefix_path) discover
[3.225s] WARNING:colcon.colcon_ros.prefix_path.ament:The path '/home/tazimo/tazimo_ws/install/diffdrive_arduino' in the environment variable AMENT_PREFIX_PATH doesn't exist
[3.225s] WARNING:colcon.colcon_ros.prefix_path.ament:The path '/home/tazimo/tazimo_ws/install/vel-to-ser' in the environment variable AMENT_PREFIX_PATH doesn't exist
[3.226s] WARNING:colcon.colcon_ros.prefix_path.ament:The path '/home/tazimo/tazimo_ws/install/sllidar_ros2' in the environment variable AMENT_PREFIX_PATH doesn't exist
[3.227s] WARNING:colcon.colcon_ros.prefix_path.ament:The path '/home/tazimo/tazimo_ws/install/arduino_bridge' in the environment variable AMENT_PREFIX_PATH doesn't exist
[3.227s] WARNING:colcon.colcon_ros.prefix_path.ament:The path '/home/tazimo/tazimo_ws/install/serial' in the environment variable AMENT_PREFIX_PATH doesn't exist
[3.228s] WARNING:colcon.colcon_ros.prefix_path.ament:The path '/home/tazimo/tazimo_ws/install/robot_description' in the environment variable AMENT_PREFIX_PATH doesn't exist
[3.228s] WARNING:colcon.colcon_ros.prefix_path.ament:The path '/home/tazimo/tazimo_ws/install/nav2_bringup' in the environment variable AMENT_PREFIX_PATH doesn't exist
[3.228s] WARNING:colcon.colcon_ros.prefix_path.ament:The path '/home/tazimo/tazimo_ws/install/navigation2' in the environment variable AMENT_PREFIX_PATH doesn't exist
[3.229s] WARNING:colcon.colcon_ros.prefix_path.ament:The path '/home/tazimo/tazimo_ws/install/nav2_smoother' in the environment variable AMENT_PREFIX_PATH doesn't exist
[3.230s] WARNING:colcon.colcon_ros.prefix_path.ament:The path '/home/tazimo/tazimo_ws/install/nav2_rotation_shim_controller' in the environment variable AMENT_PREFIX_PATH doesn't exist
[3.230s] WARNING:colcon.colcon_ros.prefix_path.ament:The path '/home/tazimo/tazimo_ws/install/nav2_graceful_controller' in the environment variable AMENT_PREFIX_PATH doesn't exist
[3.231s] WARNING:colcon.colcon_ros.prefix_path.ament:The path '/home/tazimo/tazimo_ws/install/nav2_dwb_controller' in the environment variable AMENT_PREFIX_PATH doesn't exist
[3.232s] WARNING:colcon.colcon_ros.prefix_path.ament:The path '/home/tazimo/tazimo_ws/install/nav2_controller' in the environment variable AMENT_PREFIX_PATH doesn't exist
[3.233s] WARNING:colcon.colcon_ros.prefix_path.ament:The path '/home/tazimo/tazimo_ws/install/dwb_plugins' in the environment variable AMENT_PREFIX_PATH doesn't exist
[3.234s] WARNING:colcon.colcon_ros.prefix_path.ament:The path '/home/tazimo/tazimo_ws/install/dwb_critics' in the environment variable AMENT_PREFIX_PATH doesn't exist
[3.235s] WARNING:colcon.colcon_ros.prefix_path.ament:The path '/home/tazimo/tazimo_ws/install/dwb_core' in the environment variable AMENT_PREFIX_PATH doesn't exist
[3.236s] WARNING:colcon.colcon_ros.prefix_path.ament:The path '/home/tazimo/tazimo_ws/install/nav_2d_utils' in the environment variable AMENT_PREFIX_PATH doesn't exist
[3.237s] WARNING:colcon.colcon_ros.prefix_path.ament:The path '/home/tazimo/tazimo_ws/install/dwb_msgs' in the environment variable AMENT_PREFIX_PATH doesn't exist
[3.237s] WARNING:colcon.colcon_ros.prefix_path.ament:The path '/home/tazimo/tazimo_ws/install/nav_2d_msgs' in the environment variable AMENT_PREFIX_PATH doesn't exist
[3.238s] WARNING:colcon.colcon_ros.prefix_path.ament:The path '/home/tazimo/tazimo_ws/install/nav2_waypoint_follower' in the environment variable AMENT_PREFIX_PATH doesn't exist
[3.239s] WARNING:colcon.colcon_ros.prefix_path.ament:The path '/home/tazimo/tazimo_ws/install/nav2_theta_star_planner' in the environment variable AMENT_PREFIX_PATH doesn't exist
[3.240s] WARNING:colcon.colcon_ros.prefix_path.ament:The path '/home/tazimo/tazimo_ws/install/nav2_smac_planner' in the environment variable AMENT_PREFIX_PATH doesn't exist
[3.240s] WARNING:colcon.colcon_ros.prefix_path.ament:The path '/home/tazimo/tazimo_ws/install/nav2_route' in the environment variable AMENT_PREFIX_PATH doesn't exist
[3.241s] WARNING:colcon.colcon_ros.prefix_path.ament:The path '/home/tazimo/tazimo_ws/install/nav2_regulated_pure_pursuit_controller' in the environment variable AMENT_PREFIX_PATH doesn't exist
[3.242s] WARNING:colcon.colcon_ros.prefix_path.ament:The path '/home/tazimo/tazimo_ws/install/nav2_planner' in the environment variable AMENT_PREFIX_PATH doesn't exist
[3.243s] WARNING:colcon.colcon_ros.prefix_path.ament:The path '/home/tazimo/tazimo_ws/install/nav2_navfn_planner' in the environment variable AMENT_PREFIX_PATH doesn't exist
[3.245s] WARNING:colcon.colcon_ros.prefix_path.ament:The path '/home/tazimo/tazimo_ws/install/nav2_mppi_controller' in the environment variable AMENT_PREFIX_PATH doesn't exist
[3.245s] WARNING:colcon.colcon_ros.prefix_path.ament:The path '/home/tazimo/tazimo_ws/install/nav2_constrained_smoother' in the environment variable AMENT_PREFIX_PATH doesn't exist
[3.246s] WARNING:colcon.colcon_ros.prefix_path.ament:The path '/home/tazimo/tazimo_ws/install/nav2_bt_navigator' in the environment variable AMENT_PREFIX_PATH doesn't exist
[3.247s] WARNING:colcon.colcon_ros.prefix_path.ament:The path '/home/tazimo/tazimo_ws/install/nav2_behaviors' in the environment variable AMENT_PREFIX_PATH doesn't exist
[3.248s] WARNING:colcon.colcon_ros.prefix_path.ament:The path '/home/tazimo/tazimo_ws/install/nav2_core' in the environment variable AMENT_PREFIX_PATH doesn't exist
[3.249s] WARNING:colcon.colcon_ros.prefix_path.ament:The path '/home/tazimo/tazimo_ws/install/nav2_collision_monitor' in the environment variable AMENT_PREFIX_PATH doesn't exist
[3.250s] WARNING:colcon.colcon_ros.prefix_path.ament:The path '/home/tazimo/tazimo_ws/install/costmap_queue' in the environment variable AMENT_PREFIX_PATH doesn't exist
[3.251s] WARNING:colcon.colcon_ros.prefix_path.ament:The path '/home/tazimo/tazimo_ws/install/nav2_costmap_2d' in the environment variable AMENT_PREFIX_PATH doesn't exist
[3.252s] WARNING:colcon.colcon_ros.prefix_path.ament:The path '/home/tazimo/tazimo_ws/install/nav2_voxel_grid' in the environment variable AMENT_PREFIX_PATH doesn't exist
[3.252s] WARNING:colcon.colcon_ros.prefix_path.ament:The path '/home/tazimo/tazimo_ws/install/nav2_velocity_smoother' in the environment variable AMENT_PREFIX_PATH doesn't exist
[3.253s] WARNING:colcon.colcon_ros.prefix_path.ament:The path '/home/tazimo/tazimo_ws/install/nav2_rviz_plugins' in the environment variable AMENT_PREFIX_PATH doesn't exist
[3.254s] WARNING:colcon.colcon_ros.prefix_path.ament:The path '/home/tazimo/tazimo_ws/install/nav2_map_server' in the environment variable AMENT_PREFIX_PATH doesn't exist
[3.255s] WARNING:colcon.colcon_ros.prefix_path.ament:The path '/home/tazimo/tazimo_ws/install/nav2_lifecycle_manager' in the environment variable AMENT_PREFIX_PATH doesn't exist
[3.256s] WARNING:colcon.colcon_ros.prefix_path.ament:The path '/home/tazimo/tazimo_ws/install/nav2_behavior_tree' in the environment variable AMENT_PREFIX_PATH doesn't exist
[3.257s] WARNING:colcon.colcon_ros.prefix_path.ament:The path '/home/tazimo/tazimo_ws/install/nav2_amcl' in the environment variable AMENT_PREFIX_PATH doesn't exist
[3.258s] WARNING:colcon.colcon_ros.prefix_path.ament:The path '/home/tazimo/tazimo_ws/install/nav2_util' in the environment variable AMENT_PREFIX_PATH doesn't exist
[3.259s] WARNING:colcon.colcon_ros.prefix_path.ament:The path '/home/tazimo/tazimo_ws/install/nav2_simple_commander' in the environment variable AMENT_PREFIX_PATH doesn't exist
[3.259s] WARNING:colcon.colcon_ros.prefix_path.ament:The path '/home/tazimo/tazimo_ws/install/nav2_msgs' in the environment variable AMENT_PREFIX_PATH doesn't exist
[3.260s] WARNING:colcon.colcon_ros.prefix_path.ament:The path '/home/tazimo/tazimo_ws/install/nav2_common' in the environment variable AMENT_PREFIX_PATH doesn't exist
[3.261s] WARNING:colcon.colcon_ros.prefix_path.ament:The path '/home/tazimo/tazimo_ws/install/my_bot' in the environment variable AMENT_PREFIX_PATH doesn't exist
[3.262s] WARNING:colcon.colcon_ros.prefix_path.ament:The path '/home/tazimo/tazimo_ws/install/encoder_to_odom' in the environment variable AMENT_PREFIX_PATH doesn't exist
[3.262s] WARNING:colcon.colcon_ros.prefix_path.ament:The path '/home/tazimo/tazimo_ws/install/cmdvel_to_serial' in the environment variable AMENT_PREFIX_PATH doesn't exist
[3.264s] WARNING:colcon.colcon_ros.prefix_path.catkin:The path '/home/tazimo/tazimo_ws/install/diffdrive_arduino' in the environment variable CMAKE_PREFIX_PATH doesn't exist
[3.265s] WARNING:colcon.colcon_ros.prefix_path.catkin:The path '/home/tazimo/tazimo_ws/install/vel-to-ser' in the environment variable CMAKE_PREFIX_PATH doesn't exist
[3.266s] WARNING:colcon.colcon_ros.prefix_path.catkin:The path '/home/tazimo/tazimo_ws/install/sllidar_ros2' in the environment variable CMAKE_PREFIX_PATH doesn't exist
[3.266s] WARNING:colcon.colcon_ros.prefix_path.catkin:The path '/home/tazimo/tazimo_ws/install/serial' in the environment variable CMAKE_PREFIX_PATH doesn't exist
[3.267s] WARNING:colcon.colcon_ros.prefix_path.catkin:The path '/home/tazimo/tazimo_ws/install/robot_description' in the environment variable CMAKE_PREFIX_PATH doesn't exist
[3.268s] WARNING:colcon.colcon_ros.prefix_path.catkin:The path '/home/tazimo/tazimo_ws/install/nav2_bringup' in the environment variable CMAKE_PREFIX_PATH doesn't exist
[3.269s] WARNING:colcon.colcon_ros.prefix_path.catkin:The path '/home/tazimo/tazimo_ws/install/navigation2' in the environment variable CMAKE_PREFIX_PATH doesn't exist
[3.269s] WARNING:colcon.colcon_ros.prefix_path.catkin:The path '/home/tazimo/tazimo_ws/install/nav2_smoother' in the environment variable CMAKE_PREFIX_PATH doesn't exist
[3.270s] WARNING:colcon.colcon_ros.prefix_path.catkin:The path '/home/tazimo/tazimo_ws/install/nav2_rotation_shim_controller' in the environment variable CMAKE_PREFIX_PATH doesn't exist
[3.271s] WARNING:colcon.colcon_ros.prefix_path.catkin:The path '/home/tazimo/tazimo_ws/install/nav2_graceful_controller' in the environment variable CMAKE_PREFIX_PATH doesn't exist
[3.272s] WARNING:colcon.colcon_ros.prefix_path.catkin:The path '/home/tazimo/tazimo_ws/install/nav2_dwb_controller' in the environment variable CMAKE_PREFIX_PATH doesn't exist
[3.273s] WARNING:colcon.colcon_ros.prefix_path.catkin:The path '/home/tazimo/tazimo_ws/install/nav2_controller' in the environment variable CMAKE_PREFIX_PATH doesn't exist
[3.273s] WARNING:colcon.colcon_ros.prefix_path.catkin:The path '/home/tazimo/tazimo_ws/install/dwb_plugins' in the environment variable CMAKE_PREFIX_PATH doesn't exist
[3.274s] WARNING:colcon.colcon_ros.prefix_path.catkin:The path '/home/tazimo/tazimo_ws/install/dwb_critics' in the environment variable CMAKE_PREFIX_PATH doesn't exist
[3.275s] WARNING:colcon.colcon_ros.prefix_path.catkin:The path '/home/tazimo/tazimo_ws/install/dwb_core' in the environment variable CMAKE_PREFIX_PATH doesn't exist
[3.275s] WARNING:colcon.colcon_ros.prefix_path.catkin:The path '/home/tazimo/tazimo_ws/install/nav_2d_utils' in the environment variable CMAKE_PREFIX_PATH doesn't exist
[3.276s] WARNING:colcon.colcon_ros.prefix_path.catkin:The path '/home/tazimo/tazimo_ws/install/dwb_msgs' in the environment variable CMAKE_PREFIX_PATH doesn't exist
[3.277s] WARNING:colcon.colcon_ros.prefix_path.catkin:The path '/home/tazimo/tazimo_ws/install/nav_2d_msgs' in the environment variable CMAKE_PREFIX_PATH doesn't exist
[3.278s] WARNING:colcon.colcon_ros.prefix_path.catkin:The path '/home/tazimo/tazimo_ws/install/nav2_waypoint_follower' in the environment variable CMAKE_PREFIX_PATH doesn't exist
[3.279s] WARNING:colcon.colcon_ros.prefix_path.catkin:The path '/home/tazimo/tazimo_ws/install/nav2_theta_star_planner' in the environment variable CMAKE_PREFIX_PATH doesn't exist
[3.279s] WARNING:colcon.colcon_ros.prefix_path.catkin:The path '/home/tazimo/tazimo_ws/install/nav2_smac_planner' in the environment variable CMAKE_PREFIX_PATH doesn't exist
[3.280s] WARNING:colcon.colcon_ros.prefix_path.catkin:The path '/home/tazimo/tazimo_ws/install/nav2_route' in the environment variable CMAKE_PREFIX_PATH doesn't exist
[3.280s] WARNING:colcon.colcon_ros.prefix_path.catkin:The path '/home/tazimo/tazimo_ws/install/nav2_regulated_pure_pursuit_controller' in the environment variable CMAKE_PREFIX_PATH doesn't exist
[3.281s] WARNING:colcon.colcon_ros.prefix_path.catkin:The path '/home/tazimo/tazimo_ws/install/nav2_planner' in the environment variable CMAKE_PREFIX_PATH doesn't exist
[3.282s] WARNING:colcon.colcon_ros.prefix_path.catkin:The path '/home/tazimo/tazimo_ws/install/nav2_navfn_planner' in the environment variable CMAKE_PREFIX_PATH doesn't exist
[3.283s] WARNING:colcon.colcon_ros.prefix_path.catkin:The path '/home/tazimo/tazimo_ws/install/nav2_mppi_controller' in the environment variable CMAKE_PREFIX_PATH doesn't exist
[3.284s] WARNING:colcon.colcon_ros.prefix_path.catkin:The path '/home/tazimo/tazimo_ws/install/nav2_constrained_smoother' in the environment variable CMAKE_PREFIX_PATH doesn't exist
[3.284s] WARNING:colcon.colcon_ros.prefix_path.catkin:The path '/home/tazimo/tazimo_ws/install/nav2_bt_navigator' in the environment variable CMAKE_PREFIX_PATH doesn't exist
[3.285s] WARNING:colcon.colcon_ros.prefix_path.catkin:The path '/home/tazimo/tazimo_ws/install/nav2_behaviors' in the environment variable CMAKE_PREFIX_PATH doesn't exist
[3.286s] WARNING:colcon.colcon_ros.prefix_path.catkin:The path '/home/tazimo/tazimo_ws/install/nav2_core' in the environment variable CMAKE_PREFIX_PATH doesn't exist
[3.287s] WARNING:colcon.colcon_ros.prefix_path.catkin:The path '/home/tazimo/tazimo_ws/install/nav2_collision_monitor' in the environment variable CMAKE_PREFIX_PATH doesn't exist
[3.288s] WARNING:colcon.colcon_ros.prefix_path.catkin:The path '/home/tazimo/tazimo_ws/install/costmap_queue' in the environment variable CMAKE_PREFIX_PATH doesn't exist
[3.288s] WARNING:colcon.colcon_ros.prefix_path.catkin:The path '/home/tazimo/tazimo_ws/install/nav2_costmap_2d' in the environment variable CMAKE_PREFIX_PATH doesn't exist
[3.289s] WARNING:colcon.colcon_ros.prefix_path.catkin:The path '/home/tazimo/tazimo_ws/install/nav2_voxel_grid' in the environment variable CMAKE_PREFIX_PATH doesn't exist
[3.290s] WARNING:colcon.colcon_ros.prefix_path.catkin:The path '/home/tazimo/tazimo_ws/install/nav2_velocity_smoother' in the environment variable CMAKE_PREFIX_PATH doesn't exist
[3.290s] WARNING:colcon.colcon_ros.prefix_path.catkin:The path '/home/tazimo/tazimo_ws/install/nav2_rviz_plugins' in the environment variable CMAKE_PREFIX_PATH doesn't exist
[3.291s] WARNING:colcon.colcon_ros.prefix_path.catkin:The path '/home/tazimo/tazimo_ws/install/nav2_map_server' in the environment variable CMAKE_PREFIX_PATH doesn't exist
[3.292s] WARNING:colcon.colcon_ros.prefix_path.catkin:The path '/home/tazimo/tazimo_ws/install/nav2_lifecycle_manager' in the environment variable CMAKE_PREFIX_PATH doesn't exist
[3.293s] WARNING:colcon.colcon_ros.prefix_path.catkin:The path '/home/tazimo/tazimo_ws/install/nav2_behavior_tree' in the environment variable CMAKE_PREFIX_PATH doesn't exist
[3.294s] WARNING:colcon.colcon_ros.prefix_path.catkin:The path '/home/tazimo/tazimo_ws/install/nav2_amcl' in the environment variable CMAKE_PREFIX_PATH doesn't exist
[3.295s] WARNING:colcon.colcon_ros.prefix_path.catkin:The path '/home/tazimo/tazimo_ws/install/nav2_util' in the environment variable CMAKE_PREFIX_PATH doesn't exist
[3.296s] WARNING:colcon.colcon_ros.prefix_path.catkin:The path '/home/tazimo/tazimo_ws/install/nav2_msgs' in the environment variable CMAKE_PREFIX_PATH doesn't exist
[3.296s] WARNING:colcon.colcon_ros.prefix_path.catkin:The path '/home/tazimo/tazimo_ws/install/nav2_common' in the environment variable CMAKE_PREFIX_PATH doesn't exist
[3.297s] WARNING:colcon.colcon_ros.prefix_path.catkin:The path '/home/tazimo/tazimo_ws/install/my_bot' in the environment variable CMAKE_PREFIX_PATH doesn't exist
[3.305s] DEBUG:colcon.colcon_installed_package_information.package_discovery:Found 0 installed packages in /home/tazimo/tazimo_ws/install
[3.319s] DEBUG:colcon.colcon_installed_package_information.package_discovery:Found 382 installed packages in /opt/ros/humble
[3.330s] Level 1:colcon.colcon_core.package_discovery:discover_packages(prefix_path) using defaults
[3.798s] Level 5:colcon.colcon_core.verb:set package 'diffdrive_arduino' build argument 'cmake_args' from command line to 'None'
[3.799s] Level 5:colcon.colcon_core.verb:set package 'diffdrive_arduino' build argument 'cmake_target' from command line to 'None'
[3.801s] Level 5:colcon.colcon_core.verb:set package 'diffdrive_arduino' build argument 'cmake_target_skip_unavailable' from command line to 'False'
[3.802s] Level 5:colcon.colcon_core.verb:set package 'diffdrive_arduino' build argument 'cmake_clean_cache' from command line to 'False'
[3.803s] Level 5:colcon.colcon_core.verb:set package 'diffdrive_arduino' build argument 'cmake_clean_first' from command line to 'False'
[3.803s] Level 5:colcon.colcon_core.verb:set package 'diffdrive_arduino' build argument 'cmake_force_configure' from command line to 'False'
[3.804s] Level 5:colcon.colcon_core.verb:set package 'diffdrive_arduino' build argument 'ament_cmake_args' from command line to 'None'
[3.804s] Level 5:colcon.colcon_core.verb:set package 'diffdrive_arduino' build argument 'catkin_cmake_args' from command line to 'None'
[3.805s] Level 5:colcon.colcon_core.verb:set package 'diffdrive_arduino' build argument 'catkin_skip_building_tests' from command line to 'False'
[3.805s] DEBUG:colcon.colcon_core.verb:Building package 'diffdrive_arduino' with the following arguments: {'ament_cmake_args': None, 'build_base': '/home/tazimo/tazimo_ws/build/diffdrive_arduino', 'catkin_cmake_args': None, 'catkin_skip_building_tests': False, 'cmake_args': None, 'cmake_clean_cache': False, 'cmake_clean_first': False, 'cmake_force_configure': False, 'cmake_target': None, 'cmake_target_skip_unavailable': False, 'install_base': '/home/tazimo/tazimo_ws/install/diffdrive_arduino', 'merge_install': False, 'path': '/home/tazimo/tazimo_ws/src/diffdrive_arduino', 'symlink_install': False, 'test_result_base': None}
[3.807s] INFO:colcon.colcon_core.executor:Executing jobs using 'parallel' executor
[3.812s] DEBUG:colcon.colcon_parallel_executor.executor.parallel:run_until_complete
[3.813s] INFO:colcon.colcon_ros.task.ament_python.build:Building ROS package in '/home/tazimo/tazimo_ws/src/diffdrive_arduino' with build type 'ament_python'
[3.814s] Level 1:colcon.colcon_core.shell:create_environment_hook('diffdrive_arduino', 'ament_prefix_path')
[3.829s] INFO:colcon.colcon_core.plugin_system:Skipping extension 'colcon_core.shell.bat': Not used on non-Windows systems
[3.829s] INFO:colcon.colcon_core.shell:Creating environment hook '/home/tazimo/tazimo_ws/install/diffdrive_arduino/share/diffdrive_arduino/hook/ament_prefix_path.ps1'
[3.874s] INFO:colcon.colcon_core.shell:Creating environment descriptor '/home/tazimo/tazimo_ws/install/diffdrive_arduino/share/diffdrive_arduino/hook/ament_prefix_path.dsv'
[3.880s] INFO:colcon.colcon_core.shell:Creating environment hook '/home/tazimo/tazimo_ws/install/diffdrive_arduino/share/diffdrive_arduino/hook/ament_prefix_path.sh'
[3.885s] INFO:colcon.colcon_core.shell:Skip shell extension 'powershell' for command environment: Not usable outside of PowerShell
[3.886s] DEBUG:colcon.colcon_core.shell:Skip shell extension 'dsv' for command environment
[6.218s] INFO:colcon.colcon_core.task.python.build:Building Python package in '/home/tazimo/tazimo_ws/src/diffdrive_arduino'
[6.219s] INFO:colcon.colcon_core.shell:Skip shell extension 'powershell' for command environment: Not usable outside of PowerShell
[6.219s] DEBUG:colcon.colcon_core.shell:Skip shell extension 'dsv' for command environment
[9.130s] DEBUG:colcon.colcon_core.event_handler.log_command:Invoking command in '/home/tazimo/tazimo_ws/src/diffdrive_arduino': PYTHONPATH=/home/tazimo/tazimo_ws/build/diffdrive_arduino/prefix_override:/usr/lib/python3/dist-packages/colcon_core/task/python/colcon_distutils_commands:/home/tazimo/tazimo_ws/install/diffdrive_arduino/lib/python3.10/site-packages:${PYTHONPATH} /usr/bin/python3 -W ignore:setup.py install is deprecated -W ignore:easy_install command is deprecated setup.py egg_info --egg-base ../../build/diffdrive_arduino build --build-base /home/tazimo/tazimo_ws/build/diffdrive_arduino/build install --record /home/tazimo/tazimo_ws/build/diffdrive_arduino/install.log --single-version-externally-managed install_data
[10.852s] DEBUG:colcon.colcon_core.event_handler.log_command:Invoked command in '/home/tazimo/tazimo_ws/src/diffdrive_arduino' returned '0': PYTHONPATH=/home/tazimo/tazimo_ws/build/diffdrive_arduino/prefix_override:/usr/lib/python3/dist-packages/colcon_core/task/python/colcon_distutils_commands:/home/tazimo/tazimo_ws/install/diffdrive_arduino/lib/python3.10/site-packages:${PYTHONPATH} /usr/bin/python3 -W ignore:setup.py install is deprecated -W ignore:easy_install command is deprecated setup.py egg_info --egg-base ../../build/diffdrive_arduino build --build-base /home/tazimo/tazimo_ws/build/diffdrive_arduino/build install --record /home/tazimo/tazimo_ws/build/diffdrive_arduino/install.log --single-version-externally-managed install_data
[10.861s] Level 1:colcon.colcon_core.environment:checking '/home/tazimo/tazimo_ws/install/diffdrive_arduino' for CMake module files
[10.863s] Level 1:colcon.colcon_core.environment:checking '/home/tazimo/tazimo_ws/install/diffdrive_arduino' for CMake config files
[10.867s] Level 1:colcon.colcon_core.environment:checking '/home/tazimo/tazimo_ws/install/diffdrive_arduino/lib'
[10.868s] Level 1:colcon.colcon_core.environment:checking '/home/tazimo/tazimo_ws/install/diffdrive_arduino/bin'
[10.868s] Level 1:colcon.colcon_core.environment:checking '/home/tazimo/tazimo_ws/install/diffdrive_arduino/lib/pkgconfig/diffdrive_arduino.pc'
[10.869s] Level 1:colcon.colcon_core.environment:checking '/home/tazimo/tazimo_ws/install/diffdrive_arduino/lib/python3.10/site-packages'
[10.869s] Level 1:colcon.colcon_core.shell:create_environment_hook('diffdrive_arduino', 'pythonpath')
[10.870s] INFO:colcon.colcon_core.shell:Creating environment hook '/home/tazimo/tazimo_ws/install/diffdrive_arduino/share/diffdrive_arduino/hook/pythonpath.ps1'
[10.872s] INFO:colcon.colcon_core.shell:Creating environment descriptor '/home/tazimo/tazimo_ws/install/diffdrive_arduino/share/diffdrive_arduino/hook/pythonpath.dsv'
[10.874s] INFO:colcon.colcon_core.shell:Creating environment hook '/home/tazimo/tazimo_ws/install/diffdrive_arduino/share/diffdrive_arduino/hook/pythonpath.sh'
[10.877s] Level 1:colcon.colcon_core.environment:checking '/home/tazimo/tazimo_ws/install/diffdrive_arduino/bin'
[10.877s] Level 1:colcon.colcon_core.environment:create_environment_scripts_only(diffdrive_arduino)
[10.879s] INFO:colcon.colcon_core.shell:Creating package script '/home/tazimo/tazimo_ws/install/diffdrive_arduino/share/diffdrive_arduino/package.ps1'
[10.882s] INFO:colcon.colcon_core.shell:Creating package descriptor '/home/tazimo/tazimo_ws/install/diffdrive_arduino/share/diffdrive_arduino/package.dsv'
[10.885s] INFO:colcon.colcon_core.shell:Creating package script '/home/tazimo/tazimo_ws/install/diffdrive_arduino/share/diffdrive_arduino/package.sh'
[10.888s] INFO:colcon.colcon_core.shell:Creating package script '/home/tazimo/tazimo_ws/install/diffdrive_arduino/share/diffdrive_arduino/package.bash'
[10.892s] INFO:colcon.colcon_core.shell:Creating package script '/home/tazimo/tazimo_ws/install/diffdrive_arduino/share/diffdrive_arduino/package.zsh'
[10.894s] Level 1:colcon.colcon_core.environment:create_file_with_runtime_dependencies(/home/tazimo/tazimo_ws/install/diffdrive_arduino/share/colcon-core/packages/diffdrive_arduino)
[10.896s] DEBUG:colcon.colcon_parallel_executor.executor.parallel:closing loop
[10.897s] DEBUG:colcon.colcon_parallel_executor.executor.parallel:loop closed
[10.897s] DEBUG:colcon.colcon_parallel_executor.executor.parallel:run_until_complete finished with '0'
[10.898s] DEBUG:colcon.colcon_core.event_reactor:joining thread
[10.919s] INFO:colcon.colcon_core.plugin_system:Skipping extension 'colcon_notification.desktop_notification.notify_send': Could not find 'notify-send'
[10.919s] INFO:colcon.colcon_core.plugin_system:Skipping extension 'colcon_notification.desktop_notification.terminal_notifier': Not used on non-Darwin systems
[10.920s] INFO:colcon.colcon_core.plugin_system:Skipping extension 'colcon_notification.desktop_notification.win32': Not used on non-Windows systems
[10.920s] INFO:colcon.colcon_notification.desktop_notification:Sending desktop notification using 'notify2'
[10.922s] DEBUG:colcon.colcon_notification.desktop_notification.notify2:Failed to initialize notify2: org.freedesktop.DBus.Error.ServiceUnknown: The name org.freedesktop.Notifications was not provided by any .service files
[10.923s] DEBUG:colcon.colcon_core.event_reactor:joined thread
[10.924s] INFO:colcon.colcon_core.shell:Creating prefix script '/home/tazimo/tazimo_ws/install/local_setup.ps1'
[10.927s] INFO:colcon.colcon_core.shell:Creating prefix util module '/home/tazimo/tazimo_ws/install/_local_setup_util_ps1.py'
[10.938s] INFO:colcon.colcon_core.shell:Creating prefix chain script '/home/tazimo/tazimo_ws/install/setup.ps1'
[10.949s] INFO:colcon.colcon_core.shell:Creating prefix script '/home/tazimo/tazimo_ws/install/local_setup.sh'
[10.953s] INFO:colcon.colcon_core.shell:Creating prefix util module '/home/tazimo/tazimo_ws/install/_local_setup_util_sh.py'
[10.956s] INFO:colcon.colcon_core.shell:Creating prefix chain script '/home/tazimo/tazimo_ws/install/setup.sh'
[10.962s] INFO:colcon.colcon_core.shell:Creating prefix script '/home/tazimo/tazimo_ws/install/local_setup.bash'
[10.965s] INFO:colcon.colcon_core.shell:Creating prefix chain script '/home/tazimo/tazimo_ws/install/setup.bash'
[10.971s] INFO:colcon.colcon_core.shell:Creating prefix script '/home/tazimo/tazimo_ws/install/local_setup.zsh'
[10.973s] INFO:colcon.colcon_core.shell:Creating prefix chain script '/home/tazimo/tazimo_ws/install/setup.zsh'
