[0.046s] Invoking command in '/home/tazimo/tazimo_ws/build/sllidar_ros2': CMAKE_PREFIX_PATH=/opt/ros/humble /usr/bin/cmake --build /home/tazimo/tazimo_ws/build/sllidar_ros2 -- -j4 -l4
[0.605s] [ 90%] Built target sllidar_node
[0.616s] [100%] Built target sllidar_client
[0.666s] Invoked command in '/home/tazimo/tazimo_ws/build/sllidar_ros2' returned '0': CMAKE_PREFIX_PATH=/opt/ros/humble /usr/bin/cmake --build /home/tazimo/tazimo_ws/build/sllidar_ros2 -- -j4 -l4
[0.679s] Invoking command in '/home/tazimo/tazimo_ws/build/sllidar_ros2': CMAKE_PREFIX_PATH=/opt/ros/humble /usr/bin/cmake --install /home/tazimo/tazimo_ws/build/sllidar_ros2
[0.718s] -- Install configuration: ""
[0.723s] -- Execute custom install script
[0.736s] -- Up-to-date symlink: /home/tazimo/tazimo_ws/install/sllidar_ros2/share/sllidar_ros2/launch/sllidar_a1_launch.py
[0.739s] -- Up-to-date symlink: /home/tazimo/tazimo_ws/install/sllidar_ros2/share/sllidar_ros2/launch/sllidar_a2m12_launch .py
[0.742s] -- Up-to-date symlink: /home/tazimo/tazimo_ws/install/sllidar_ros2/share/sllidar_ros2/launch/sllidar_a2m7_launch.py
[0.745s] -- Up-to-date symlink: /home/tazimo/tazimo_ws/install/sllidar_ros2/share/sllidar_ros2/launch/sllidar_a2m8_launch.py
[0.748s] -- Up-to-date symlink: /home/tazimo/tazimo_ws/install/sllidar_ros2/share/sllidar_ros2/launch/sllidar_a3_launch.py
[0.751s] -- Up-to-date symlink: /home/tazimo/tazimo_ws/install/sllidar_ros2/share/sllidar_ros2/launch/sllidar_c1_launch.py
[0.754s] -- Up-to-date symlink: /home/tazimo/tazimo_ws/install/sllidar_ros2/share/sllidar_ros2/launch/sllidar_s1_launch.py
[0.757s] -- Up-to-date symlink: /home/tazimo/tazimo_ws/install/sllidar_ros2/share/sllidar_ros2/launch/sllidar_s1_tcp_launch.py
[0.760s] -- Up-to-date symlink: /home/tazimo/tazimo_ws/install/sllidar_ros2/share/sllidar_ros2/launch/sllidar_s2_launch.py
[0.762s] -- Up-to-date symlink: /home/tazimo/tazimo_ws/install/sllidar_ros2/share/sllidar_ros2/launch/sllidar_s2e_launch.py
[0.765s] -- Up-to-date symlink: /home/tazimo/tazimo_ws/install/sllidar_ros2/share/sllidar_ros2/launch/sllidar_s3_launch.py
[0.769s] -- Up-to-date symlink: /home/tazimo/tazimo_ws/install/sllidar_ros2/share/sllidar_ros2/launch/sllidar_t1_launch.py
[0.771s] -- Up-to-date symlink: /home/tazimo/tazimo_ws/install/sllidar_ros2/share/sllidar_ros2/launch/view_sllidar_a1_launch.py
[0.774s] -- Up-to-date symlink: /home/tazimo/tazimo_ws/install/sllidar_ros2/share/sllidar_ros2/launch/view_sllidar_a2m12_launch.py
[0.777s] -- Up-to-date symlink: /home/tazimo/tazimo_ws/install/sllidar_ros2/share/sllidar_ros2/launch/view_sllidar_a2m7_launch.py
[0.780s] -- Up-to-date symlink: /home/tazimo/tazimo_ws/install/sllidar_ros2/share/sllidar_ros2/launch/view_sllidar_a2m8_launch.py
[0.782s] -- Up-to-date symlink: /home/tazimo/tazimo_ws/install/sllidar_ros2/share/sllidar_ros2/launch/view_sllidar_a3_launch.py
[0.786s] -- Up-to-date symlink: /home/tazimo/tazimo_ws/install/sllidar_ros2/share/sllidar_ros2/launch/view_sllidar_c1_launch.py
[0.788s] -- Up-to-date symlink: /home/tazimo/tazimo_ws/install/sllidar_ros2/share/sllidar_ros2/launch/view_sllidar_s1_launch.py
[0.791s] -- Up-to-date symlink: /home/tazimo/tazimo_ws/install/sllidar_ros2/share/sllidar_ros2/launch/view_sllidar_s1_tcp_launch.py
[0.794s] -- Up-to-date symlink: /home/tazimo/tazimo_ws/install/sllidar_ros2/share/sllidar_ros2/launch/view_sllidar_s2_launch.py
[0.796s] -- Up-to-date symlink: /home/tazimo/tazimo_ws/install/sllidar_ros2/share/sllidar_ros2/launch/view_sllidar_s2e_launch.py
[0.799s] -- Up-to-date symlink: /home/tazimo/tazimo_ws/install/sllidar_ros2/share/sllidar_ros2/launch/view_sllidar_s3_launch.py
[0.802s] -- Up-to-date symlink: /home/tazimo/tazimo_ws/install/sllidar_ros2/share/sllidar_ros2/launch/view_sllidar_t1_launch.py
[0.807s] -- Up-to-date symlink: /home/tazimo/tazimo_ws/install/sllidar_ros2/share/sllidar_ros2/rviz/sllidar_ros2.rviz
[0.811s] -- Up-to-date symlink: /home/tazimo/tazimo_ws/install/sllidar_ros2/lib/sllidar_ros2/sllidar_node
[0.814s] -- Up-to-date symlink: /home/tazimo/tazimo_ws/install/sllidar_ros2/lib/sllidar_ros2/sllidar_client
[0.818s] -- Up-to-date symlink: /home/tazimo/tazimo_ws/install/sllidar_ros2/share/ament_index/resource_index/package_run_dependencies/sllidar_ros2
[0.822s] -- Up-to-date symlink: /home/tazimo/tazimo_ws/install/sllidar_ros2/share/ament_index/resource_index/parent_prefix_path/sllidar_ros2
[0.826s] -- Up-to-date symlink: /home/tazimo/tazimo_ws/install/sllidar_ros2/share/sllidar_ros2/environment/ament_prefix_path.sh
[0.829s] -- Up-to-date symlink: /home/tazimo/tazimo_ws/install/sllidar_ros2/share/sllidar_ros2/environment/ament_prefix_path.dsv
[0.832s] -- Up-to-date symlink: /home/tazimo/tazimo_ws/install/sllidar_ros2/share/sllidar_ros2/environment/path.sh
[0.835s] -- Up-to-date symlink: /home/tazimo/tazimo_ws/install/sllidar_ros2/share/sllidar_ros2/environment/path.dsv
[0.837s] -- Up-to-date symlink: /home/tazimo/tazimo_ws/install/sllidar_ros2/share/sllidar_ros2/local_setup.bash
[0.840s] -- Up-to-date symlink: /home/tazimo/tazimo_ws/install/sllidar_ros2/share/sllidar_ros2/local_setup.sh
[0.843s] -- Up-to-date symlink: /home/tazimo/tazimo_ws/install/sllidar_ros2/share/sllidar_ros2/local_setup.zsh
[0.846s] -- Up-to-date symlink: /home/tazimo/tazimo_ws/install/sllidar_ros2/share/sllidar_ros2/local_setup.dsv
[0.848s] -- Symlinking: /home/tazimo/tazimo_ws/install/sllidar_ros2/share/sllidar_ros2/package.dsv
[0.892s] -- Up-to-date symlink: /home/tazimo/tazimo_ws/install/sllidar_ros2/share/ament_index/resource_index/packages/sllidar_ros2
[0.896s] -- Up-to-date symlink: /home/tazimo/tazimo_ws/install/sllidar_ros2/share/sllidar_ros2/cmake/ament_cmake_export_dependencies-extras.cmake
[0.899s] -- Up-to-date symlink: /home/tazimo/tazimo_ws/install/sllidar_ros2/share/sllidar_ros2/cmake/ament_cmake_export_include_directories-extras.cmake
[0.902s] -- Up-to-date symlink: /home/tazimo/tazimo_ws/install/sllidar_ros2/share/sllidar_ros2/cmake/sllidar_ros2Config.cmake
[0.905s] -- Up-to-date symlink: /home/tazimo/tazimo_ws/install/sllidar_ros2/share/sllidar_ros2/cmake/sllidar_ros2Config-version.cmake
[0.907s] -- Up-to-date symlink: /home/tazimo/tazimo_ws/install/sllidar_ros2/share/sllidar_ros2/package.xml
[0.921s] Invoked command in '/home/tazimo/tazimo_ws/build/sllidar_ros2' returned '0': CMAKE_PREFIX_PATH=/opt/ros/humble /usr/bin/cmake --install /home/tazimo/tazimo_ws/build/sllidar_ros2
