[7.730s] Invoking command in '/home/tazimo/tazimo_ws/src/cmdvel_to_serial': PYTHONPATH=/home/tazimo/tazimo_ws/build/cmdvel_to_serial/prefix_override:/usr/lib/python3/dist-packages/colcon_core/task/python/colcon_distutils_commands:/home/tazimo/tazimo_ws/install/cmdvel_to_serial/lib/python3.10/site-packages:${PYTHONPATH} /usr/bin/python3 -W ignore:setup.py install is deprecated -W ignore:easy_install command is deprecated setup.py egg_info --egg-base ../../build/cmdvel_to_serial build --build-base /home/tazimo/tazimo_ws/build/cmdvel_to_serial/build install --record /home/tazimo/tazimo_ws/build/cmdvel_to_serial/install.log --single-version-externally-managed install_data
[9.446s] running egg_info
[9.450s] writing ../../build/cmdvel_to_serial/cmdvel_to_serial.egg-info/PKG-INFO
[9.452s] writing dependency_links to ../../build/cmdvel_to_serial/cmdvel_to_serial.egg-info/dependency_links.txt
[9.454s] writing entry points to ../../build/cmdvel_to_serial/cmdvel_to_serial.egg-info/entry_points.txt
[9.457s] writing requirements to ../../build/cmdvel_to_serial/cmdvel_to_serial.egg-info/requires.txt
[9.457s] writing top-level names to ../../build/cmdvel_to_serial/cmdvel_to_serial.egg-info/top_level.txt
[9.463s] reading manifest file '../../build/cmdvel_to_serial/cmdvel_to_serial.egg-info/SOURCES.txt'
[9.469s] writing manifest file '../../build/cmdvel_to_serial/cmdvel_to_serial.egg-info/SOURCES.txt'
[9.471s] running build
[9.474s] running build_py
[9.475s] running install
[9.476s] running install_lib
[9.485s] running install_data
[9.488s] running install_egg_info
[9.494s] removing '/home/tazimo/tazimo_ws/install/cmdvel_to_serial/lib/python3.10/site-packages/cmdvel_to_serial-0.0.0-py3.10.egg-info' (and everything under it)
[9.500s] Copying ../../build/cmdvel_to_serial/cmdvel_to_serial.egg-info to /home/tazimo/tazimo_ws/install/cmdvel_to_serial/lib/python3.10/site-packages/cmdvel_to_serial-0.0.0-py3.10.egg-info
[9.505s] running install_scripts
[9.609s] Installing cmdvel_to_serial script to /home/tazimo/tazimo_ws/install/cmdvel_to_serial/lib/cmdvel_to_serial
[9.611s] writing list of installed files to '/home/tazimo/tazimo_ws/build/cmdvel_to_serial/install.log'
[9.807s] Invoked command in '/home/tazimo/tazimo_ws/src/cmdvel_to_serial' returned '0': PYTHONPATH=/home/tazimo/tazimo_ws/build/cmdvel_to_serial/prefix_override:/usr/lib/python3/dist-packages/colcon_core/task/python/colcon_distutils_commands:/home/tazimo/tazimo_ws/install/cmdvel_to_serial/lib/python3.10/site-packages:${PYTHONPATH} /usr/bin/python3 -W ignore:setup.py install is deprecated -W ignore:easy_install command is deprecated setup.py egg_info --egg-base ../../build/cmdvel_to_serial build --build-base /home/tazimo/tazimo_ws/build/cmdvel_to_serial/build install --record /home/tazimo/tazimo_ws/build/cmdvel_to_serial/install.log --single-version-externally-managed install_data
