[0.056s] Invoking command in '/home/tazimo/tazimo_ws/build/sllidar_ros2': CMAKE_PREFIX_PATH=${CMAKE_PREFIX_PATH}:/home/tazimo/tazimo_ws/install/encoder_to_odom:/home/tazimo/tazimo_ws/install/diffdrive_arduino:/home/tazimo/tazimo_ws/install/cmdvel_to_serial:/opt/ros/humble /usr/bin/cmake --build /home/tazimo/tazimo_ws/build/sllidar_ros2 -- -j4 -l4
[0.491s] [ 10%] Built target sllidar_client
[0.546s] [100%] Built target sllidar_node
[0.624s] Invoked command in '/home/tazimo/tazimo_ws/build/sllidar_ros2' returned '0': CMAKE_PREFIX_PATH=${CMAKE_PREFIX_PATH}:/home/tazimo/tazimo_ws/install/encoder_to_odom:/home/tazimo/tazimo_ws/install/diffdrive_arduino:/home/tazimo/tazimo_ws/install/cmdvel_to_serial:/opt/ros/humble /usr/bin/cmake --build /home/tazimo/tazimo_ws/build/sllidar_ros2 -- -j4 -l4
[0.627s] Invoking command in '/home/tazimo/tazimo_ws/build/sllidar_ros2': CMAKE_PREFIX_PATH=${CMAKE_PREFIX_PATH}:/home/tazimo/tazimo_ws/install/encoder_to_odom:/home/tazimo/tazimo_ws/install/diffdrive_arduino:/home/tazimo/tazimo_ws/install/cmdvel_to_serial:/opt/ros/humble /usr/bin/cmake --install /home/tazimo/tazimo_ws/build/sllidar_ros2
[0.668s] -- Install configuration: ""
[0.672s] -- Execute custom install script
[0.679s] -- Up-to-date symlink: /home/tazimo/tazimo_ws/install/sllidar_ros2/share/sllidar_ros2/launch/sllidar_a1_launch.py
[0.682s] -- Up-to-date symlink: /home/tazimo/tazimo_ws/install/sllidar_ros2/share/sllidar_ros2/launch/sllidar_a2m12_launch .py
[0.686s] -- Up-to-date symlink: /home/tazimo/tazimo_ws/install/sllidar_ros2/share/sllidar_ros2/launch/sllidar_a2m7_launch.py
[0.690s] -- Up-to-date symlink: /home/tazimo/tazimo_ws/install/sllidar_ros2/share/sllidar_ros2/launch/sllidar_a2m8_launch.py
[0.694s] -- Up-to-date symlink: /home/tazimo/tazimo_ws/install/sllidar_ros2/share/sllidar_ros2/launch/sllidar_a3_launch.py
[0.697s] -- Up-to-date symlink: /home/tazimo/tazimo_ws/install/sllidar_ros2/share/sllidar_ros2/launch/sllidar_c1_launch.py
[0.700s] -- Up-to-date symlink: /home/tazimo/tazimo_ws/install/sllidar_ros2/share/sllidar_ros2/launch/sllidar_s1_launch.py
[0.703s] -- Up-to-date symlink: /home/tazimo/tazimo_ws/install/sllidar_ros2/share/sllidar_ros2/launch/sllidar_s1_tcp_launch.py
[0.707s] -- Up-to-date symlink: /home/tazimo/tazimo_ws/install/sllidar_ros2/share/sllidar_ros2/launch/sllidar_s2_launch.py
[0.710s] -- Up-to-date symlink: /home/tazimo/tazimo_ws/install/sllidar_ros2/share/sllidar_ros2/launch/sllidar_s2e_launch.py
[0.714s] -- Up-to-date symlink: /home/tazimo/tazimo_ws/install/sllidar_ros2/share/sllidar_ros2/launch/sllidar_s3_launch.py
[0.717s] -- Up-to-date symlink: /home/tazimo/tazimo_ws/install/sllidar_ros2/share/sllidar_ros2/launch/sllidar_t1_launch.py
[0.720s] -- Up-to-date symlink: /home/tazimo/tazimo_ws/install/sllidar_ros2/share/sllidar_ros2/launch/view_sllidar_a1_launch.py
[0.723s] -- Up-to-date symlink: /home/tazimo/tazimo_ws/install/sllidar_ros2/share/sllidar_ros2/launch/view_sllidar_a2m12_launch.py
[0.726s] -- Up-to-date symlink: /home/tazimo/tazimo_ws/install/sllidar_ros2/share/sllidar_ros2/launch/view_sllidar_a2m7_launch.py
[0.729s] -- Up-to-date symlink: /home/tazimo/tazimo_ws/install/sllidar_ros2/share/sllidar_ros2/launch/view_sllidar_a2m8_launch.py
[0.733s] -- Up-to-date symlink: /home/tazimo/tazimo_ws/install/sllidar_ros2/share/sllidar_ros2/launch/view_sllidar_a3_launch.py
[0.736s] -- Up-to-date symlink: /home/tazimo/tazimo_ws/install/sllidar_ros2/share/sllidar_ros2/launch/view_sllidar_c1_launch.py
[0.739s] -- Up-to-date symlink: /home/tazimo/tazimo_ws/install/sllidar_ros2/share/sllidar_ros2/launch/view_sllidar_s1_launch.py
[0.742s] -- Up-to-date symlink: /home/tazimo/tazimo_ws/install/sllidar_ros2/share/sllidar_ros2/launch/view_sllidar_s1_tcp_launch.py
[0.745s] -- Up-to-date symlink: /home/tazimo/tazimo_ws/install/sllidar_ros2/share/sllidar_ros2/launch/view_sllidar_s2_launch.py
[0.748s] -- Up-to-date symlink: /home/tazimo/tazimo_ws/install/sllidar_ros2/share/sllidar_ros2/launch/view_sllidar_s2e_launch.py
[0.751s] -- Up-to-date symlink: /home/tazimo/tazimo_ws/install/sllidar_ros2/share/sllidar_ros2/launch/view_sllidar_s3_launch.py
[0.755s] -- Up-to-date symlink: /home/tazimo/tazimo_ws/install/sllidar_ros2/share/sllidar_ros2/launch/view_sllidar_t1_launch.py
[0.759s] -- Up-to-date symlink: /home/tazimo/tazimo_ws/install/sllidar_ros2/share/sllidar_ros2/rviz/sllidar_ros2.rviz
[0.763s] -- Up-to-date symlink: /home/tazimo/tazimo_ws/install/sllidar_ros2/lib/sllidar_ros2/sllidar_node
[0.766s] -- Up-to-date symlink: /home/tazimo/tazimo_ws/install/sllidar_ros2/lib/sllidar_ros2/sllidar_client
[0.770s] -- Up-to-date symlink: /home/tazimo/tazimo_ws/install/sllidar_ros2/share/ament_index/resource_index/package_run_dependencies/sllidar_ros2
[0.773s] -- Up-to-date symlink: /home/tazimo/tazimo_ws/install/sllidar_ros2/share/ament_index/resource_index/parent_prefix_path/sllidar_ros2
[0.777s] -- Up-to-date symlink: /home/tazimo/tazimo_ws/install/sllidar_ros2/share/sllidar_ros2/environment/ament_prefix_path.sh
[0.780s] -- Up-to-date symlink: /home/tazimo/tazimo_ws/install/sllidar_ros2/share/sllidar_ros2/environment/ament_prefix_path.dsv
[0.783s] -- Up-to-date symlink: /home/tazimo/tazimo_ws/install/sllidar_ros2/share/sllidar_ros2/environment/path.sh
[0.785s] -- Up-to-date symlink: /home/tazimo/tazimo_ws/install/sllidar_ros2/share/sllidar_ros2/environment/path.dsv
[0.786s] -- Up-to-date symlink: /home/tazimo/tazimo_ws/install/sllidar_ros2/share/sllidar_ros2/local_setup.bash
[0.788s] -- Up-to-date symlink: /home/tazimo/tazimo_ws/install/sllidar_ros2/share/sllidar_ros2/local_setup.sh
[0.792s] -- Up-to-date symlink: /home/tazimo/tazimo_ws/install/sllidar_ros2/share/sllidar_ros2/local_setup.zsh
[0.794s] -- Up-to-date symlink: /home/tazimo/tazimo_ws/install/sllidar_ros2/share/sllidar_ros2/local_setup.dsv
[0.801s] -- Symlinking: /home/tazimo/tazimo_ws/install/sllidar_ros2/share/sllidar_ros2/package.dsv
[0.836s] -- Up-to-date symlink: /home/tazimo/tazimo_ws/install/sllidar_ros2/share/ament_index/resource_index/packages/sllidar_ros2
[0.838s] -- Up-to-date symlink: /home/tazimo/tazimo_ws/install/sllidar_ros2/share/sllidar_ros2/cmake/ament_cmake_export_dependencies-extras.cmake
[0.840s] -- Up-to-date symlink: /home/tazimo/tazimo_ws/install/sllidar_ros2/share/sllidar_ros2/cmake/ament_cmake_export_include_directories-extras.cmake
[0.842s] -- Up-to-date symlink: /home/tazimo/tazimo_ws/install/sllidar_ros2/share/sllidar_ros2/cmake/sllidar_ros2Config.cmake
[0.843s] -- Up-to-date symlink: /home/tazimo/tazimo_ws/install/sllidar_ros2/share/sllidar_ros2/cmake/sllidar_ros2Config-version.cmake
[0.845s] -- Up-to-date symlink: /home/tazimo/tazimo_ws/install/sllidar_ros2/share/sllidar_ros2/package.xml
[0.853s] Invoked command in '/home/tazimo/tazimo_ws/build/sllidar_ros2' returned '0': CMAKE_PREFIX_PATH=${CMAKE_PREFIX_PATH}:/home/tazimo/tazimo_ws/install/encoder_to_odom:/home/tazimo/tazimo_ws/install/diffdrive_arduino:/home/tazimo/tazimo_ws/install/cmdvel_to_serial:/opt/ros/humble /usr/bin/cmake --install /home/tazimo/tazimo_ws/build/sllidar_ros2
