[7.006s] Invoking command in '/home/tazimo/tazimo_ws/build/cmdvel_to_serial': PYTHONPATH=/home/tazimo/tazimo_ws/build/cmdvel_to_serial/prefix_override:/usr/lib/python3/dist-packages/colcon_core/task/python/colcon_distutils_commands:/home/tazimo/tazimo_ws/install/cmdvel_to_serial/lib/python3.10/site-packages:${PYTHONPATH} /usr/bin/python3 -W ignore:setup.py install is deprecated -W ignore:easy_install command is deprecated setup.py develop --editable --build-directory /home/tazimo/tazimo_ws/build/cmdvel_to_serial/build --no-deps symlink_data
[9.101s] running develop
[10.429s] running egg_info
[10.430s] creating cmdvel_to_serial.egg-info
[10.432s] writing cmdvel_to_serial.egg-info/PKG-INFO
[10.435s] writing dependency_links to cmdvel_to_serial.egg-info/dependency_links.txt
[10.438s] writing entry points to cmdvel_to_serial.egg-info/entry_points.txt
[10.440s] writing requirements to cmdvel_to_serial.egg-info/requires.txt
[10.442s] writing top-level names to cmdvel_to_serial.egg-info/top_level.txt
[10.445s] writing manifest file 'cmdvel_to_serial.egg-info/SOURCES.txt'
[10.461s] reading manifest file 'cmdvel_to_serial.egg-info/SOURCES.txt'
[10.467s] writing manifest file 'cmdvel_to_serial.egg-info/SOURCES.txt'
[10.479s] running build_ext
[10.482s] Creating /home/tazimo/tazimo_ws/install/cmdvel_to_serial/lib/python3.10/site-packages/cmdvel-to-serial.egg-link (link to .)
[10.489s] Installing cmdvel_to_serial script to /home/tazimo/tazimo_ws/install/cmdvel_to_serial/lib/cmdvel_to_serial
[10.492s] 
[10.494s] Installed /home/tazimo/tazimo_ws/build/cmdvel_to_serial
[10.496s] running symlink_data
[10.498s] creating /home/tazimo/tazimo_ws/install/cmdvel_to_serial/share/ament_index
[10.500s] creating /home/tazimo/tazimo_ws/install/cmdvel_to_serial/share/ament_index/resource_index
[10.502s] creating /home/tazimo/tazimo_ws/install/cmdvel_to_serial/share/ament_index/resource_index/packages
[10.503s] symbolically linking /home/tazimo/tazimo_ws/build/cmdvel_to_serial/resource/cmdvel_to_serial -> /home/tazimo/tazimo_ws/install/cmdvel_to_serial/share/ament_index/resource_index/packages
[10.504s] symbolically linking /home/tazimo/tazimo_ws/build/cmdvel_to_serial/package.xml -> /home/tazimo/tazimo_ws/install/cmdvel_to_serial/share/cmdvel_to_serial
[10.724s] Invoked command in '/home/tazimo/tazimo_ws/build/cmdvel_to_serial' returned '0': PYTHONPATH=/home/tazimo/tazimo_ws/build/cmdvel_to_serial/prefix_override:/usr/lib/python3/dist-packages/colcon_core/task/python/colcon_distutils_commands:/home/tazimo/tazimo_ws/install/cmdvel_to_serial/lib/python3.10/site-packages:${PYTHONPATH} /usr/bin/python3 -W ignore:setup.py install is deprecated -W ignore:easy_install command is deprecated setup.py develop --editable --build-directory /home/tazimo/tazimo_ws/build/cmdvel_to_serial/build --no-deps symlink_data
