[7.452s] Invoking command in '/home/tazimo/tazimo_ws/build/encoder_to_odom': PYTHONPATH=/home/tazimo/tazimo_ws/build/encoder_to_odom/prefix_override:/usr/lib/python3/dist-packages/colcon_core/task/python/colcon_distutils_commands:/home/tazimo/tazimo_ws/install/encoder_to_odom/lib/python3.10/site-packages:${PYTHONPATH} /usr/bin/python3 -W ignore:setup.py install is deprecated -W ignore:easy_install command is deprecated setup.py develop --editable --build-directory /home/tazimo/tazimo_ws/build/encoder_to_odom/build --no-deps symlink_data --force
[10.168s] running develop
[11.896s] running egg_info
[11.897s] writing encoder_to_odom.egg-info/PKG-INFO
[11.898s] writing dependency_links to encoder_to_odom.egg-info/dependency_links.txt
[11.899s] writing entry points to encoder_to_odom.egg-info/entry_points.txt
[11.900s] writing requirements to encoder_to_odom.egg-info/requires.txt
[11.901s] writing top-level names to encoder_to_odom.egg-info/top_level.txt
[11.911s] reading manifest file 'encoder_to_odom.egg-info/SOURCES.txt'
[11.915s] writing manifest file 'encoder_to_odom.egg-info/SOURCES.txt'
[11.923s] running build_ext
[11.924s] Creating /home/tazimo/tazimo_ws/install/encoder_to_odom/lib/python3.10/site-packages/encoder-to-odom.egg-link (link to .)
[11.928s] Installing encoder_to_odom script to /home/tazimo/tazimo_ws/install/encoder_to_odom/lib/encoder_to_odom
[11.930s] 
[11.930s] Installed /home/tazimo/tazimo_ws/build/encoder_to_odom
[11.931s] running symlink_data
[11.931s] symbolically linking /home/tazimo/tazimo_ws/build/encoder_to_odom/resource/encoder_to_odom -> /home/tazimo/tazimo_ws/install/encoder_to_odom/share/ament_index/resource_index/packages
[11.932s] symbolically linking /home/tazimo/tazimo_ws/build/encoder_to_odom/package.xml -> /home/tazimo/tazimo_ws/install/encoder_to_odom/share/encoder_to_odom
[11.934s] symbolically linking /home/tazimo/tazimo_ws/build/encoder_to_odom/launch/encoder_to_odom.launch.py -> /home/tazimo/tazimo_ws/install/encoder_to_odom/share/encoder_to_odom/launch
[12.173s] Invoked command in '/home/tazimo/tazimo_ws/build/encoder_to_odom' returned '0': PYTHONPATH=/home/tazimo/tazimo_ws/build/encoder_to_odom/prefix_override:/usr/lib/python3/dist-packages/colcon_core/task/python/colcon_distutils_commands:/home/tazimo/tazimo_ws/install/encoder_to_odom/lib/python3.10/site-packages:${PYTHONPATH} /usr/bin/python3 -W ignore:setup.py install is deprecated -W ignore:easy_install command is deprecated setup.py develop --editable --build-directory /home/tazimo/tazimo_ws/build/encoder_to_odom/build --no-deps symlink_data --force
