[0.056s] Invoking command in '/home/tazimo/tazimo_ws/build/my_bot': CMAKE_PREFIX_PATH=${CMAKE_PREFIX_PATH}:/home/tazimo/tazimo_ws/install/encoder_to_odom:/home/tazimo/tazimo_ws/install/diffdrive_arduino:/home/tazimo/tazimo_ws/install/cmdvel_to_serial:/opt/ros/humble /usr/bin/cmake --build /home/tazimo/tazimo_ws/build/my_bot -- -j4 -l4
[0.280s] Invoked command in '/home/tazimo/tazimo_ws/build/my_bot' returned '0': CMAKE_PREFIX_PATH=${CMAKE_PREFIX_PATH}:/home/tazimo/tazimo_ws/install/encoder_to_odom:/home/tazimo/tazimo_ws/install/diffdrive_arduino:/home/tazimo/tazimo_ws/install/cmdvel_to_serial:/opt/ros/humble /usr/bin/cmake --build /home/tazimo/tazimo_ws/build/my_bot -- -j4 -l4
[0.294s] Invoking command in '/home/tazimo/tazimo_ws/build/my_bot': CMAKE_PREFIX_PATH=${CMAKE_PREFIX_PATH}:/home/tazimo/tazimo_ws/install/encoder_to_odom:/home/tazimo/tazimo_ws/install/diffdrive_arduino:/home/tazimo/tazimo_ws/install/cmdvel_to_serial:/opt/ros/humble /usr/bin/cmake --install /home/tazimo/tazimo_ws/build/my_bot
[0.336s] -- Install configuration: ""
[0.338s] -- Up-to-date: /home/tazimo/tazimo_ws/install/my_bot/share/my_bot/config
[0.341s] -- Up-to-date: /home/tazimo/tazimo_ws/install/my_bot/share/my_bot/config/default_view.rviz
[0.347s] -- Up-to-date: /home/tazimo/tazimo_ws/install/my_bot/share/my_bot/config/gazebo_params.yaml
[0.349s] -- Up-to-date: /home/tazimo/tazimo_ws/install/my_bot/share/my_bot/config/gaz_ros2_ctl_use_sim.yaml
[0.350s] -- Up-to-date: /home/tazimo/tazimo_ws/install/my_bot/share/my_bot/config/mapper_params_online_async.yaml
[0.352s] -- Up-to-date: /home/tazimo/tazimo_ws/install/my_bot/share/my_bot/config/view_bot.rviz
[0.354s] -- Up-to-date: /home/tazimo/tazimo_ws/install/my_bot/share/my_bot/config/main.rviz
[0.355s] -- Up-to-date: /home/tazimo/tazimo_ws/install/my_bot/share/my_bot/config/my_controllers.yaml
[0.356s] -- Up-to-date: /home/tazimo/tazimo_ws/install/my_bot/share/my_bot/config/empty.yaml
[0.358s] -- Up-to-date: /home/tazimo/tazimo_ws/install/my_bot/share/my_bot/config/main_bot.rviz
[0.359s] -- Up-to-date: /home/tazimo/tazimo_ws/install/my_bot/share/my_bot/config/drive_bot.rviz
[0.360s] -- Up-to-date: /home/tazimo/tazimo_ws/install/my_bot/share/my_bot/description
[0.365s] -- Up-to-date: /home/tazimo/tazimo_ws/install/my_bot/share/my_bot/description/inertial_macros.xacro
[0.367s] -- Up-to-date: /home/tazimo/tazimo_ws/install/my_bot/share/my_bot/description/ros2_control.xacro
[0.368s] -- Up-to-date: /home/tazimo/tazimo_ws/install/my_bot/share/my_bot/description/robot.urdf.xacro
[0.370s] -- Up-to-date: /home/tazimo/tazimo_ws/install/my_bot/share/my_bot/description/lidar.xacro
[0.371s] -- Up-to-date: /home/tazimo/tazimo_ws/install/my_bot/share/my_bot/description/ROS2.xacro
[0.373s] -- Up-to-date: /home/tazimo/tazimo_ws/install/my_bot/share/my_bot/description/robot_core.xacro
[0.375s] -- Up-to-date: /home/tazimo/tazimo_ws/install/my_bot/share/my_bot/description/gazebo_control.xacro
[0.376s] -- Up-to-date: /home/tazimo/tazimo_ws/install/my_bot/share/my_bot/launch
[0.379s] -- Up-to-date: /home/tazimo/tazimo_ws/install/my_bot/share/my_bot/launch/rsp.launch.py
[0.381s] -- Up-to-date: /home/tazimo/tazimo_ws/install/my_bot/share/my_bot/launch/launch_robot.launch.py
[0.382s] -- Up-to-date: /home/tazimo/tazimo_ws/install/my_bot/share/my_bot/launch/bringup.launch.py
[0.384s] -- Up-to-date: /home/tazimo/tazimo_ws/install/my_bot/share/my_bot/launch/launch_sim.launch.py
[0.385s] -- Up-to-date: /home/tazimo/tazimo_ws/install/my_bot/share/my_bot/launch/online_async_launch.py
[0.387s] -- Up-to-date: /home/tazimo/tazimo_ws/install/my_bot/share/my_bot/launch/rplidar.launch.py
[0.388s] -- Up-to-date: /home/tazimo/tazimo_ws/install/my_bot/share/my_bot/worlds
[0.391s] -- Up-to-date: /home/tazimo/tazimo_ws/install/my_bot/share/my_bot/worlds/obstacles.world
[0.393s] -- Up-to-date: /home/tazimo/tazimo_ws/install/my_bot/share/my_bot/worlds/custom_world.world
[0.393s] -- Up-to-date: /home/tazimo/tazimo_ws/install/my_bot/share/my_bot/worlds/empty.world
[0.395s] -- Up-to-date: /home/tazimo/tazimo_ws/install/my_bot/share/ament_index/resource_index/package_run_dependencies/my_bot
[0.398s] -- Up-to-date: /home/tazimo/tazimo_ws/install/my_bot/share/ament_index/resource_index/parent_prefix_path/my_bot
[0.398s] -- Up-to-date: /home/tazimo/tazimo_ws/install/my_bot/share/my_bot/environment/ament_prefix_path.sh
[0.401s] -- Up-to-date: /home/tazimo/tazimo_ws/install/my_bot/share/my_bot/environment/ament_prefix_path.dsv
[0.401s] -- Up-to-date: /home/tazimo/tazimo_ws/install/my_bot/share/my_bot/environment/path.sh
[0.403s] -- Up-to-date: /home/tazimo/tazimo_ws/install/my_bot/share/my_bot/environment/path.dsv
[0.404s] -- Up-to-date: /home/tazimo/tazimo_ws/install/my_bot/share/my_bot/local_setup.bash
[0.405s] -- Up-to-date: /home/tazimo/tazimo_ws/install/my_bot/share/my_bot/local_setup.sh
[0.405s] -- Up-to-date: /home/tazimo/tazimo_ws/install/my_bot/share/my_bot/local_setup.zsh
[0.406s] -- Up-to-date: /home/tazimo/tazimo_ws/install/my_bot/share/my_bot/local_setup.dsv
[0.406s] -- Installing: /home/tazimo/tazimo_ws/install/my_bot/share/my_bot/package.dsv
[0.411s] -- Up-to-date: /home/tazimo/tazimo_ws/install/my_bot/share/ament_index/resource_index/packages/my_bot
[0.414s] -- Up-to-date: /home/tazimo/tazimo_ws/install/my_bot/share/my_bot/cmake/my_botConfig.cmake
[0.415s] -- Up-to-date: /home/tazimo/tazimo_ws/install/my_bot/share/my_bot/cmake/my_botConfig-version.cmake
[0.417s] -- Up-to-date: /home/tazimo/tazimo_ws/install/my_bot/share/my_bot/package.xml
[0.435s] Invoked command in '/home/tazimo/tazimo_ws/build/my_bot' returned '0': CMAKE_PREFIX_PATH=${CMAKE_PREFIX_PATH}:/home/tazimo/tazimo_ws/install/encoder_to_odom:/home/tazimo/tazimo_ws/install/diffdrive_arduino:/home/tazimo/tazimo_ws/install/cmdvel_to_serial:/opt/ros/humble /usr/bin/cmake --install /home/tazimo/tazimo_ws/build/my_bot
