[0.065s] Invoking command in '/home/tazimo/tazimo_ws/build/vel-to-ser': CMAKE_PREFIX_PATH=${CMAKE_PREFIX_PATH}:/home/tazimo/tazimo_ws/install/encoder_to_odom:/home/tazimo/tazimo_ws/install/diffdrive_arduino:/home/tazimo/tazimo_ws/install/cmdvel_to_serial:/opt/ros/humble /usr/bin/cmake --build /home/tazimo/tazimo_ws/build/vel-to-ser -- -j4 -l4
[0.440s] Invoked command in '/home/tazimo/tazimo_ws/build/vel-to-ser' returned '0': CMAKE_PREFIX_PATH=${CMAKE_PREFIX_PATH}:/home/tazimo/tazimo_ws/install/encoder_to_odom:/home/tazimo/tazimo_ws/install/diffdrive_arduino:/home/tazimo/tazimo_ws/install/cmdvel_to_serial:/opt/ros/humble /usr/bin/cmake --build /home/tazimo/tazimo_ws/build/vel-to-ser -- -j4 -l4
[0.443s] Invoking command in '/home/tazimo/tazimo_ws/build/vel-to-ser': CMAKE_PREFIX_PATH=${CMAKE_PREFIX_PATH}:/home/tazimo/tazimo_ws/install/encoder_to_odom:/home/tazimo/tazimo_ws/install/diffdrive_arduino:/home/tazimo/tazimo_ws/install/cmdvel_to_serial:/opt/ros/humble /usr/bin/cmake --install /home/tazimo/tazimo_ws/build/vel-to-ser
[0.495s] -- Install configuration: ""
[0.504s] -- Execute custom install script
[0.508s] -- Up-to-date symlink: /home/tazimo/tazimo_ws/install/vel-to-ser/lib/vel-to-ser/cmdvel_to_serial_node.py
[0.512s] -- Up-to-date symlink: /home/tazimo/tazimo_ws/install/vel-to-ser/share/ament_index/resource_index/package_run_dependencies/vel-to-ser
[0.516s] -- Up-to-date symlink: /home/tazimo/tazimo_ws/install/vel-to-ser/share/ament_index/resource_index/parent_prefix_path/vel-to-ser
[0.522s] -- Up-to-date symlink: /home/tazimo/tazimo_ws/install/vel-to-ser/share/vel-to-ser/environment/ament_prefix_path.sh
[0.527s] -- Up-to-date symlink: /home/tazimo/tazimo_ws/install/vel-to-ser/share/vel-to-ser/environment/ament_prefix_path.dsv
[0.533s] -- Up-to-date symlink: /home/tazimo/tazimo_ws/install/vel-to-ser/share/vel-to-ser/environment/path.sh
[0.537s] -- Up-to-date symlink: /home/tazimo/tazimo_ws/install/vel-to-ser/share/vel-to-ser/environment/path.dsv
[0.542s] -- Up-to-date symlink: /home/tazimo/tazimo_ws/install/vel-to-ser/share/vel-to-ser/local_setup.bash
[0.547s] -- Up-to-date symlink: /home/tazimo/tazimo_ws/install/vel-to-ser/share/vel-to-ser/local_setup.sh
[0.551s] -- Up-to-date symlink: /home/tazimo/tazimo_ws/install/vel-to-ser/share/vel-to-ser/local_setup.zsh
[0.554s] -- Up-to-date symlink: /home/tazimo/tazimo_ws/install/vel-to-ser/share/vel-to-ser/local_setup.dsv
[0.557s] -- Symlinking: /home/tazimo/tazimo_ws/install/vel-to-ser/share/vel-to-ser/package.dsv
[0.611s] -- Up-to-date symlink: /home/tazimo/tazimo_ws/install/vel-to-ser/share/ament_index/resource_index/packages/vel-to-ser
[0.612s] -- Up-to-date symlink: /home/tazimo/tazimo_ws/install/vel-to-ser/share/vel-to-ser/cmake/vel-to-serConfig.cmake
[0.616s] -- Up-to-date symlink: /home/tazimo/tazimo_ws/install/vel-to-ser/share/vel-to-ser/cmake/vel-to-serConfig-version.cmake
[0.619s] -- Up-to-date symlink: /home/tazimo/tazimo_ws/install/vel-to-ser/share/vel-to-ser/package.xml
[0.641s] Invoked command in '/home/tazimo/tazimo_ws/build/vel-to-ser' returned '0': CMAKE_PREFIX_PATH=${CMAKE_PREFIX_PATH}:/home/tazimo/tazimo_ws/install/encoder_to_odom:/home/tazimo/tazimo_ws/install/diffdrive_arduino:/home/tazimo/tazimo_ws/install/cmdvel_to_serial:/opt/ros/humble /usr/bin/cmake --install /home/tazimo/tazimo_ws/build/vel-to-ser
