[0.474s] DEBUG:colcon:Command line arguments: ['/usr/bin/colcon', 'build']
[0.474s] DEBUG:colcon:Parsed command line arguments: Namespace(log_base=None, log_level=None, verb_name='build', build_base='build', install_base='install', merge_install=False, symlink_install=False, test_result_base=None, continue_on_error=False, executor='parallel', parallel_workers=4, event_handlers=None, ignore_user_meta=False, metas=['./colcon.meta'], base_paths=['.'], packages_ignore=None, packages_ignore_regex=None, paths=None, packages_up_to=None, packages_up_to_regex=None, packages_above=None, packages_above_and_dependencies=None, packages_above_depth=None, packages_select_by_dep=None, packages_skip_by_dep=None, packages_skip_up_to=None, packages_select_build_failed=False, packages_skip_build_finished=False, packages_select_test_failures=False, packages_skip_test_passed=False, packages_select=None, packages_skip=None, packages_select_regex=None, packages_skip_regex=None, packages_start=None, packages_end=None, allow_overriding=[], cmake_args=None, cmake_target=None, cmake_target_skip_unavailable=False, cmake_clean_cache=False, cmake_clean_first=False, cmake_force_configure=False, ament_cmake_args=None, catkin_cmake_args=None, catkin_skip_building_tests=False, mixin_files=None, mixin=None, verb_parser=<colcon_mixin.mixin.mixin_argument.MixinArgumentDecorator object at 0xffff9ea9f400>, verb_extension=<colcon_core.verb.build.BuildVerb object at 0xffff9ea9efe0>, main=<bound method BuildVerb.main of <colcon_core.verb.build.BuildVerb object at 0xffff9ea9efe0>>, mixin_verb=('build',))
[1.385s] Level 1:colcon.colcon_core.package_discovery:discover_packages(colcon_meta) check parameters
[1.386s] Level 1:colcon.colcon_core.package_discovery:discover_packages(recursive) check parameters
[1.386s] Level 1:colcon.colcon_core.package_discovery:discover_packages(ignore) check parameters
[1.386s] Level 1:colcon.colcon_core.package_discovery:discover_packages(path) check parameters
[1.387s] Level 1:colcon.colcon_core.package_discovery:discover_packages(colcon_meta) discover
[1.387s] Level 1:colcon.colcon_core.package_discovery:discover_packages(recursive) discover
[1.387s] INFO:colcon.colcon_core.package_discovery:Crawling recursively for packages in '/home/tazimo/tazimo_ws'
[1.388s] Level 1:colcon.colcon_core.package_identification:_identify(.) by extensions ['ignore', 'ignore_ament_install']
[1.388s] Level 1:colcon.colcon_core.package_identification:_identify(.) by extension 'ignore'
[1.388s] Level 1:colcon.colcon_core.package_identification:_identify(.) by extension 'ignore_ament_install'
[1.389s] Level 1:colcon.colcon_core.package_identification:_identify(.) by extensions ['colcon_pkg']
[1.389s] Level 1:colcon.colcon_core.package_identification:_identify(.) by extension 'colcon_pkg'
[1.389s] Level 1:colcon.colcon_core.package_identification:_identify(.) by extensions ['colcon_meta']
[1.389s] Level 1:colcon.colcon_core.package_identification:_identify(.) by extension 'colcon_meta'
[1.389s] Level 1:colcon.colcon_core.package_identification:_identify(.) by extensions ['ros']
[1.389s] Level 1:colcon.colcon_core.package_identification:_identify(.) by extension 'ros'
[1.432s] Level 1:colcon.colcon_core.package_identification:_identify(.) by extensions ['cmake', 'python']
[1.433s] Level 1:colcon.colcon_core.package_identification:_identify(.) by extension 'cmake'
[1.433s] Level 1:colcon.colcon_core.package_identification:_identify(.) by extension 'python'
[1.433s] Level 1:colcon.colcon_core.package_identification:_identify(.) by extensions ['python_setup_py']
[1.433s] Level 1:colcon.colcon_core.package_identification:_identify(.) by extension 'python_setup_py'
[1.434s] Level 1:colcon.colcon_core.package_identification:_identify(build) by extensions ['ignore', 'ignore_ament_install']
[1.434s] Level 1:colcon.colcon_core.package_identification:_identify(build) by extension 'ignore'
[1.435s] Level 1:colcon.colcon_core.package_identification:_identify(build) ignored
[1.435s] Level 1:colcon.colcon_core.package_identification:_identify(install) by extensions ['ignore', 'ignore_ament_install']
[1.436s] Level 1:colcon.colcon_core.package_identification:_identify(install) by extension 'ignore'
[1.436s] Level 1:colcon.colcon_core.package_identification:_identify(install) ignored
[1.437s] Level 1:colcon.colcon_core.package_identification:_identify(log) by extensions ['ignore', 'ignore_ament_install']
[1.437s] Level 1:colcon.colcon_core.package_identification:_identify(log) by extension 'ignore'
[1.437s] Level 1:colcon.colcon_core.package_identification:_identify(log) ignored
[1.438s] Level 1:colcon.colcon_core.package_identification:_identify(src) by extensions ['ignore', 'ignore_ament_install']
[1.438s] Level 1:colcon.colcon_core.package_identification:_identify(src) by extension 'ignore'
[1.438s] Level 1:colcon.colcon_core.package_identification:_identify(src) by extension 'ignore_ament_install'
[1.439s] Level 1:colcon.colcon_core.package_identification:_identify(src) by extensions ['colcon_pkg']
[1.439s] Level 1:colcon.colcon_core.package_identification:_identify(src) by extension 'colcon_pkg'
[1.439s] Level 1:colcon.colcon_core.package_identification:_identify(src) by extensions ['colcon_meta']
[1.439s] Level 1:colcon.colcon_core.package_identification:_identify(src) by extension 'colcon_meta'
[1.439s] Level 1:colcon.colcon_core.package_identification:_identify(src) by extensions ['ros']
[1.440s] Level 1:colcon.colcon_core.package_identification:_identify(src) by extension 'ros'
[1.440s] Level 1:colcon.colcon_core.package_identification:_identify(src) by extensions ['cmake', 'python']
[1.440s] Level 1:colcon.colcon_core.package_identification:_identify(src) by extension 'cmake'
[1.440s] Level 1:colcon.colcon_core.package_identification:_identify(src) by extension 'python'
[1.440s] Level 1:colcon.colcon_core.package_identification:_identify(src) by extensions ['python_setup_py']
[1.440s] Level 1:colcon.colcon_core.package_identification:_identify(src) by extension 'python_setup_py'
[1.441s] Level 1:colcon.colcon_core.package_identification:_identify(src/DiffDr) by extensions ['ignore', 'ignore_ament_install']
[1.441s] Level 1:colcon.colcon_core.package_identification:_identify(src/DiffDr) by extension 'ignore'
[1.442s] Level 1:colcon.colcon_core.package_identification:_identify(src/DiffDr) by extension 'ignore_ament_install'
[1.442s] Level 1:colcon.colcon_core.package_identification:_identify(src/DiffDr) by extensions ['colcon_pkg']
[1.442s] Level 1:colcon.colcon_core.package_identification:_identify(src/DiffDr) by extension 'colcon_pkg'
[1.442s] Level 1:colcon.colcon_core.package_identification:_identify(src/DiffDr) by extensions ['colcon_meta']
[1.442s] Level 1:colcon.colcon_core.package_identification:_identify(src/DiffDr) by extension 'colcon_meta'
[1.443s] Level 1:colcon.colcon_core.package_identification:_identify(src/DiffDr) by extensions ['ros']
[1.443s] Level 1:colcon.colcon_core.package_identification:_identify(src/DiffDr) by extension 'ros'
[1.451s] DEBUG:colcon.colcon_core.package_identification:Package 'src/DiffDr' with type 'ros.ament_cmake' and name 'DiffDr'
[1.452s] Level 1:colcon.colcon_core.package_identification:_identify(src/build) by extensions ['ignore', 'ignore_ament_install']
[1.453s] Level 1:colcon.colcon_core.package_identification:_identify(src/build) by extension 'ignore'
[1.453s] Level 1:colcon.colcon_core.package_identification:_identify(src/build) ignored
[1.454s] Level 1:colcon.colcon_core.package_identification:_identify(src/cmdvel_to_serial) by extensions ['ignore', 'ignore_ament_install']
[1.454s] Level 1:colcon.colcon_core.package_identification:_identify(src/cmdvel_to_serial) by extension 'ignore'
[1.455s] Level 1:colcon.colcon_core.package_identification:_identify(src/cmdvel_to_serial) by extension 'ignore_ament_install'
[1.455s] Level 1:colcon.colcon_core.package_identification:_identify(src/cmdvel_to_serial) by extensions ['colcon_pkg']
[1.455s] Level 1:colcon.colcon_core.package_identification:_identify(src/cmdvel_to_serial) by extension 'colcon_pkg'
[1.456s] Level 1:colcon.colcon_core.package_identification:_identify(src/cmdvel_to_serial) by extensions ['colcon_meta']
[1.456s] Level 1:colcon.colcon_core.package_identification:_identify(src/cmdvel_to_serial) by extension 'colcon_meta'
[1.456s] Level 1:colcon.colcon_core.package_identification:_identify(src/cmdvel_to_serial) by extensions ['ros']
[1.457s] Level 1:colcon.colcon_core.package_identification:_identify(src/cmdvel_to_serial) by extension 'ros'
[1.460s] DEBUG:colcon.colcon_core.package_identification:Package 'src/cmdvel_to_serial' with type 'ros.ament_python' and name 'cmdvel_to_serial'
[1.460s] Level 1:colcon.colcon_core.package_identification:_identify(src/diffdrive_arduino) by extensions ['ignore', 'ignore_ament_install']
[1.461s] Level 1:colcon.colcon_core.package_identification:_identify(src/diffdrive_arduino) by extension 'ignore'
[1.461s] Level 1:colcon.colcon_core.package_identification:_identify(src/diffdrive_arduino) by extension 'ignore_ament_install'
[1.461s] Level 1:colcon.colcon_core.package_identification:_identify(src/diffdrive_arduino) by extensions ['colcon_pkg']
[1.462s] Level 1:colcon.colcon_core.package_identification:_identify(src/diffdrive_arduino) by extension 'colcon_pkg'
[1.462s] Level 1:colcon.colcon_core.package_identification:_identify(src/diffdrive_arduino) by extensions ['colcon_meta']
[1.462s] Level 1:colcon.colcon_core.package_identification:_identify(src/diffdrive_arduino) by extension 'colcon_meta'
[1.463s] Level 1:colcon.colcon_core.package_identification:_identify(src/diffdrive_arduino) by extensions ['ros']
[1.463s] Level 1:colcon.colcon_core.package_identification:_identify(src/diffdrive_arduino) by extension 'ros'
[1.467s] DEBUG:colcon.colcon_core.package_identification:Package 'src/diffdrive_arduino' with type 'ros.ament_python' and name 'diffdrive_arduino'
[1.467s] Level 1:colcon.colcon_core.package_identification:_identify(src/encoder_to_odom) by extensions ['ignore', 'ignore_ament_install']
[1.468s] Level 1:colcon.colcon_core.package_identification:_identify(src/encoder_to_odom) by extension 'ignore'
[1.468s] Level 1:colcon.colcon_core.package_identification:_identify(src/encoder_to_odom) by extension 'ignore_ament_install'
[1.468s] Level 1:colcon.colcon_core.package_identification:_identify(src/encoder_to_odom) by extensions ['colcon_pkg']
[1.469s] Level 1:colcon.colcon_core.package_identification:_identify(src/encoder_to_odom) by extension 'colcon_pkg'
[1.469s] Level 1:colcon.colcon_core.package_identification:_identify(src/encoder_to_odom) by extensions ['colcon_meta']
[1.469s] Level 1:colcon.colcon_core.package_identification:_identify(src/encoder_to_odom) by extension 'colcon_meta'
[1.469s] Level 1:colcon.colcon_core.package_identification:_identify(src/encoder_to_odom) by extensions ['ros']
[1.469s] Level 1:colcon.colcon_core.package_identification:_identify(src/encoder_to_odom) by extension 'ros'
[1.473s] DEBUG:colcon.colcon_core.package_identification:Package 'src/encoder_to_odom' with type 'ros.ament_python' and name 'encoder_to_odom'
[1.474s] Level 1:colcon.colcon_core.package_identification:_identify(src/install) by extensions ['ignore', 'ignore_ament_install']
[1.474s] Level 1:colcon.colcon_core.package_identification:_identify(src/install) by extension 'ignore'
[1.475s] Level 1:colcon.colcon_core.package_identification:_identify(src/install) ignored
[1.475s] Level 1:colcon.colcon_core.package_identification:_identify(src/log) by extensions ['ignore', 'ignore_ament_install']
[1.476s] Level 1:colcon.colcon_core.package_identification:_identify(src/log) by extension 'ignore'
[1.476s] Level 1:colcon.colcon_core.package_identification:_identify(src/log) ignored
[1.476s] Level 1:colcon.colcon_core.package_identification:_identify(src/my_bot) by extensions ['ignore', 'ignore_ament_install']
[1.477s] Level 1:colcon.colcon_core.package_identification:_identify(src/my_bot) by extension 'ignore'
[1.477s] Level 1:colcon.colcon_core.package_identification:_identify(src/my_bot) by extension 'ignore_ament_install'
[1.477s] Level 1:colcon.colcon_core.package_identification:_identify(src/my_bot) by extensions ['colcon_pkg']
[1.477s] Level 1:colcon.colcon_core.package_identification:_identify(src/my_bot) by extension 'colcon_pkg'
[1.478s] Level 1:colcon.colcon_core.package_identification:_identify(src/my_bot) by extensions ['colcon_meta']
[1.478s] Level 1:colcon.colcon_core.package_identification:_identify(src/my_bot) by extension 'colcon_meta'
[1.478s] Level 1:colcon.colcon_core.package_identification:_identify(src/my_bot) by extensions ['ros']
[1.478s] Level 1:colcon.colcon_core.package_identification:_identify(src/my_bot) by extension 'ros'
[1.481s] DEBUG:colcon.colcon_core.package_identification:Package 'src/my_bot' with type 'ros.ament_cmake' and name 'my_bot'
[1.482s] Level 1:colcon.colcon_core.package_identification:_identify(src/sllidar_ros2) by extensions ['ignore', 'ignore_ament_install']
[1.482s] Level 1:colcon.colcon_core.package_identification:_identify(src/sllidar_ros2) by extension 'ignore'
[1.482s] Level 1:colcon.colcon_core.package_identification:_identify(src/sllidar_ros2) by extension 'ignore_ament_install'
[1.483s] Level 1:colcon.colcon_core.package_identification:_identify(src/sllidar_ros2) by extensions ['colcon_pkg']
[1.483s] Level 1:colcon.colcon_core.package_identification:_identify(src/sllidar_ros2) by extension 'colcon_pkg'
[1.483s] Level 1:colcon.colcon_core.package_identification:_identify(src/sllidar_ros2) by extensions ['colcon_meta']
[1.483s] Level 1:colcon.colcon_core.package_identification:_identify(src/sllidar_ros2) by extension 'colcon_meta'
[1.483s] Level 1:colcon.colcon_core.package_identification:_identify(src/sllidar_ros2) by extensions ['ros']
[1.483s] Level 1:colcon.colcon_core.package_identification:_identify(src/sllidar_ros2) by extension 'ros'
[1.486s] DEBUG:colcon.colcon_core.package_identification:Package 'src/sllidar_ros2' with type 'ros.ament_cmake' and name 'sllidar_ros2'
[1.487s] Level 1:colcon.colcon_core.package_identification:_identify(src/vel-to-ser) by extensions ['ignore', 'ignore_ament_install']
[1.487s] Level 1:colcon.colcon_core.package_identification:_identify(src/vel-to-ser) by extension 'ignore'
[1.487s] Level 1:colcon.colcon_core.package_identification:_identify(src/vel-to-ser) by extension 'ignore_ament_install'
[1.488s] Level 1:colcon.colcon_core.package_identification:_identify(src/vel-to-ser) by extensions ['colcon_pkg']
[1.488s] Level 1:colcon.colcon_core.package_identification:_identify(src/vel-to-ser) by extension 'colcon_pkg'
[1.488s] Level 1:colcon.colcon_core.package_identification:_identify(src/vel-to-ser) by extensions ['colcon_meta']
[1.488s] Level 1:colcon.colcon_core.package_identification:_identify(src/vel-to-ser) by extension 'colcon_meta'
[1.488s] Level 1:colcon.colcon_core.package_identification:_identify(src/vel-to-ser) by extensions ['ros']
[1.488s] Level 1:colcon.colcon_core.package_identification:_identify(src/vel-to-ser) by extension 'ros'
[1.490s] DEBUG:colcon.colcon_core.package_identification:Package 'src/vel-to-ser' with type 'ros.ament_cmake' and name 'vel-to-ser'
[1.491s] Level 1:colcon.colcon_core.package_discovery:discover_packages(recursive) using defaults
[1.491s] Level 1:colcon.colcon_core.package_discovery:discover_packages(ignore) discover
[1.491s] Level 1:colcon.colcon_core.package_discovery:discover_packages(ignore) using defaults
[1.491s] Level 1:colcon.colcon_core.package_discovery:discover_packages(path) discover
[1.491s] Level 1:colcon.colcon_core.package_discovery:discover_packages(path) using defaults
[1.611s] Level 1:colcon.colcon_core.package_discovery:discover_packages(prefix_path) check parameters
[1.612s] Level 1:colcon.colcon_core.package_discovery:discover_packages(prefix_path) discover
[1.623s] DEBUG:colcon.colcon_installed_package_information.package_discovery:Found 7 installed packages in /home/tazimo/tazimo_ws/install
[1.636s] DEBUG:colcon.colcon_installed_package_information.package_discovery:Found 382 installed packages in /opt/ros/humble
[1.644s] Level 1:colcon.colcon_core.package_discovery:discover_packages(prefix_path) using defaults
[1.876s] Level 5:colcon.colcon_core.verb:set package 'DiffDr' build argument 'cmake_args' from command line to 'None'
[1.876s] Level 5:colcon.colcon_core.verb:set package 'DiffDr' build argument 'cmake_target' from command line to 'None'
[1.876s] Level 5:colcon.colcon_core.verb:set package 'DiffDr' build argument 'cmake_target_skip_unavailable' from command line to 'False'
[1.877s] Level 5:colcon.colcon_core.verb:set package 'DiffDr' build argument 'cmake_clean_cache' from command line to 'False'
[1.877s] Level 5:colcon.colcon_core.verb:set package 'DiffDr' build argument 'cmake_clean_first' from command line to 'False'
[1.877s] Level 5:colcon.colcon_core.verb:set package 'DiffDr' build argument 'cmake_force_configure' from command line to 'False'
[1.877s] Level 5:colcon.colcon_core.verb:set package 'DiffDr' build argument 'ament_cmake_args' from command line to 'None'
[1.877s] Level 5:colcon.colcon_core.verb:set package 'DiffDr' build argument 'catkin_cmake_args' from command line to 'None'
[1.877s] Level 5:colcon.colcon_core.verb:set package 'DiffDr' build argument 'catkin_skip_building_tests' from command line to 'False'
[1.877s] DEBUG:colcon.colcon_core.verb:Building package 'DiffDr' with the following arguments: {'ament_cmake_args': None, 'build_base': '/home/tazimo/tazimo_ws/build/DiffDr', 'catkin_cmake_args': None, 'catkin_skip_building_tests': False, 'cmake_args': None, 'cmake_clean_cache': False, 'cmake_clean_first': False, 'cmake_force_configure': False, 'cmake_target': None, 'cmake_target_skip_unavailable': False, 'install_base': '/home/tazimo/tazimo_ws/install/DiffDr', 'merge_install': False, 'path': '/home/tazimo/tazimo_ws/src/DiffDr', 'symlink_install': False, 'test_result_base': None}
[1.879s] Level 5:colcon.colcon_core.verb:set package 'cmdvel_to_serial' build argument 'cmake_args' from command line to 'None'
[1.879s] Level 5:colcon.colcon_core.verb:set package 'cmdvel_to_serial' build argument 'cmake_target' from command line to 'None'
[1.879s] Level 5:colcon.colcon_core.verb:set package 'cmdvel_to_serial' build argument 'cmake_target_skip_unavailable' from command line to 'False'
[1.879s] Level 5:colcon.colcon_core.verb:set package 'cmdvel_to_serial' build argument 'cmake_clean_cache' from command line to 'False'
[1.879s] Level 5:colcon.colcon_core.verb:set package 'cmdvel_to_serial' build argument 'cmake_clean_first' from command line to 'False'
[1.879s] Level 5:colcon.colcon_core.verb:set package 'cmdvel_to_serial' build argument 'cmake_force_configure' from command line to 'False'
[1.880s] Level 5:colcon.colcon_core.verb:set package 'cmdvel_to_serial' build argument 'ament_cmake_args' from command line to 'None'
[1.880s] Level 5:colcon.colcon_core.verb:set package 'cmdvel_to_serial' build argument 'catkin_cmake_args' from command line to 'None'
[1.880s] Level 5:colcon.colcon_core.verb:set package 'cmdvel_to_serial' build argument 'catkin_skip_building_tests' from command line to 'False'
[1.880s] DEBUG:colcon.colcon_core.verb:Building package 'cmdvel_to_serial' with the following arguments: {'ament_cmake_args': None, 'build_base': '/home/tazimo/tazimo_ws/build/cmdvel_to_serial', 'catkin_cmake_args': None, 'catkin_skip_building_tests': False, 'cmake_args': None, 'cmake_clean_cache': False, 'cmake_clean_first': False, 'cmake_force_configure': False, 'cmake_target': None, 'cmake_target_skip_unavailable': False, 'install_base': '/home/tazimo/tazimo_ws/install/cmdvel_to_serial', 'merge_install': False, 'path': '/home/tazimo/tazimo_ws/src/cmdvel_to_serial', 'symlink_install': False, 'test_result_base': None}
[1.881s] Level 5:colcon.colcon_core.verb:set package 'diffdrive_arduino' build argument 'cmake_args' from command line to 'None'
[1.882s] Level 5:colcon.colcon_core.verb:set package 'diffdrive_arduino' build argument 'cmake_target' from command line to 'None'
[1.882s] Level 5:colcon.colcon_core.verb:set package 'diffdrive_arduino' build argument 'cmake_target_skip_unavailable' from command line to 'False'
[1.882s] Level 5:colcon.colcon_core.verb:set package 'diffdrive_arduino' build argument 'cmake_clean_cache' from command line to 'False'
[1.882s] Level 5:colcon.colcon_core.verb:set package 'diffdrive_arduino' build argument 'cmake_clean_first' from command line to 'False'
[1.882s] Level 5:colcon.colcon_core.verb:set package 'diffdrive_arduino' build argument 'cmake_force_configure' from command line to 'False'
[1.882s] Level 5:colcon.colcon_core.verb:set package 'diffdrive_arduino' build argument 'ament_cmake_args' from command line to 'None'
[1.882s] Level 5:colcon.colcon_core.verb:set package 'diffdrive_arduino' build argument 'catkin_cmake_args' from command line to 'None'
[1.882s] Level 5:colcon.colcon_core.verb:set package 'diffdrive_arduino' build argument 'catkin_skip_building_tests' from command line to 'False'
[1.883s] DEBUG:colcon.colcon_core.verb:Building package 'diffdrive_arduino' with the following arguments: {'ament_cmake_args': None, 'build_base': '/home/tazimo/tazimo_ws/build/diffdrive_arduino', 'catkin_cmake_args': None, 'catkin_skip_building_tests': False, 'cmake_args': None, 'cmake_clean_cache': False, 'cmake_clean_first': False, 'cmake_force_configure': False, 'cmake_target': None, 'cmake_target_skip_unavailable': False, 'install_base': '/home/tazimo/tazimo_ws/install/diffdrive_arduino', 'merge_install': False, 'path': '/home/tazimo/tazimo_ws/src/diffdrive_arduino', 'symlink_install': False, 'test_result_base': None}
[1.884s] Level 5:colcon.colcon_core.verb:set package 'encoder_to_odom' build argument 'cmake_args' from command line to 'None'
[1.884s] Level 5:colcon.colcon_core.verb:set package 'encoder_to_odom' build argument 'cmake_target' from command line to 'None'
[1.884s] Level 5:colcon.colcon_core.verb:set package 'encoder_to_odom' build argument 'cmake_target_skip_unavailable' from command line to 'False'
[1.884s] Level 5:colcon.colcon_core.verb:set package 'encoder_to_odom' build argument 'cmake_clean_cache' from command line to 'False'
[1.884s] Level 5:colcon.colcon_core.verb:set package 'encoder_to_odom' build argument 'cmake_clean_first' from command line to 'False'
[1.885s] Level 5:colcon.colcon_core.verb:set package 'encoder_to_odom' build argument 'cmake_force_configure' from command line to 'False'
[1.885s] Level 5:colcon.colcon_core.verb:set package 'encoder_to_odom' build argument 'ament_cmake_args' from command line to 'None'
[1.885s] Level 5:colcon.colcon_core.verb:set package 'encoder_to_odom' build argument 'catkin_cmake_args' from command line to 'None'
[1.885s] Level 5:colcon.colcon_core.verb:set package 'encoder_to_odom' build argument 'catkin_skip_building_tests' from command line to 'False'
[1.885s] DEBUG:colcon.colcon_core.verb:Building package 'encoder_to_odom' with the following arguments: {'ament_cmake_args': None, 'build_base': '/home/tazimo/tazimo_ws/build/encoder_to_odom', 'catkin_cmake_args': None, 'catkin_skip_building_tests': False, 'cmake_args': None, 'cmake_clean_cache': False, 'cmake_clean_first': False, 'cmake_force_configure': False, 'cmake_target': None, 'cmake_target_skip_unavailable': False, 'install_base': '/home/tazimo/tazimo_ws/install/encoder_to_odom', 'merge_install': False, 'path': '/home/tazimo/tazimo_ws/src/encoder_to_odom', 'symlink_install': False, 'test_result_base': None}
[1.887s] Level 5:colcon.colcon_core.verb:set package 'my_bot' build argument 'cmake_args' from command line to 'None'
[1.887s] Level 5:colcon.colcon_core.verb:set package 'my_bot' build argument 'cmake_target' from command line to 'None'
[1.887s] Level 5:colcon.colcon_core.verb:set package 'my_bot' build argument 'cmake_target_skip_unavailable' from command line to 'False'
[1.887s] Level 5:colcon.colcon_core.verb:set package 'my_bot' build argument 'cmake_clean_cache' from command line to 'False'
[1.887s] Level 5:colcon.colcon_core.verb:set package 'my_bot' build argument 'cmake_clean_first' from command line to 'False'
[1.887s] Level 5:colcon.colcon_core.verb:set package 'my_bot' build argument 'cmake_force_configure' from command line to 'False'
[1.887s] Level 5:colcon.colcon_core.verb:set package 'my_bot' build argument 'ament_cmake_args' from command line to 'None'
[1.887s] Level 5:colcon.colcon_core.verb:set package 'my_bot' build argument 'catkin_cmake_args' from command line to 'None'
[1.887s] Level 5:colcon.colcon_core.verb:set package 'my_bot' build argument 'catkin_skip_building_tests' from command line to 'False'
[1.888s] DEBUG:colcon.colcon_core.verb:Building package 'my_bot' with the following arguments: {'ament_cmake_args': None, 'build_base': '/home/tazimo/tazimo_ws/build/my_bot', 'catkin_cmake_args': None, 'catkin_skip_building_tests': False, 'cmake_args': None, 'cmake_clean_cache': False, 'cmake_clean_first': False, 'cmake_force_configure': False, 'cmake_target': None, 'cmake_target_skip_unavailable': False, 'install_base': '/home/tazimo/tazimo_ws/install/my_bot', 'merge_install': False, 'path': '/home/tazimo/tazimo_ws/src/my_bot', 'symlink_install': False, 'test_result_base': None}
[1.889s] Level 5:colcon.colcon_core.verb:set package 'sllidar_ros2' build argument 'cmake_args' from command line to 'None'
[1.889s] Level 5:colcon.colcon_core.verb:set package 'sllidar_ros2' build argument 'cmake_target' from command line to 'None'
[1.889s] Level 5:colcon.colcon_core.verb:set package 'sllidar_ros2' build argument 'cmake_target_skip_unavailable' from command line to 'False'
[1.890s] Level 5:colcon.colcon_core.verb:set package 'sllidar_ros2' build argument 'cmake_clean_cache' from command line to 'False'
[1.890s] Level 5:colcon.colcon_core.verb:set package 'sllidar_ros2' build argument 'cmake_clean_first' from command line to 'False'
[1.890s] Level 5:colcon.colcon_core.verb:set package 'sllidar_ros2' build argument 'cmake_force_configure' from command line to 'False'
[1.890s] Level 5:colcon.colcon_core.verb:set package 'sllidar_ros2' build argument 'ament_cmake_args' from command line to 'None'
[1.890s] Level 5:colcon.colcon_core.verb:set package 'sllidar_ros2' build argument 'catkin_cmake_args' from command line to 'None'
[1.890s] Level 5:colcon.colcon_core.verb:set package 'sllidar_ros2' build argument 'catkin_skip_building_tests' from command line to 'False'
[1.890s] DEBUG:colcon.colcon_core.verb:Building package 'sllidar_ros2' with the following arguments: {'ament_cmake_args': None, 'build_base': '/home/tazimo/tazimo_ws/build/sllidar_ros2', 'catkin_cmake_args': None, 'catkin_skip_building_tests': False, 'cmake_args': None, 'cmake_clean_cache': False, 'cmake_clean_first': False, 'cmake_force_configure': False, 'cmake_target': None, 'cmake_target_skip_unavailable': False, 'install_base': '/home/tazimo/tazimo_ws/install/sllidar_ros2', 'merge_install': False, 'path': '/home/tazimo/tazimo_ws/src/sllidar_ros2', 'symlink_install': False, 'test_result_base': None}
[1.892s] Level 5:colcon.colcon_core.verb:set package 'vel-to-ser' build argument 'cmake_args' from command line to 'None'
[1.892s] Level 5:colcon.colcon_core.verb:set package 'vel-to-ser' build argument 'cmake_target' from command line to 'None'
[1.892s] Level 5:colcon.colcon_core.verb:set package 'vel-to-ser' build argument 'cmake_target_skip_unavailable' from command line to 'False'
[1.892s] Level 5:colcon.colcon_core.verb:set package 'vel-to-ser' build argument 'cmake_clean_cache' from command line to 'False'
[1.892s] Level 5:colcon.colcon_core.verb:set package 'vel-to-ser' build argument 'cmake_clean_first' from command line to 'False'
[1.892s] Level 5:colcon.colcon_core.verb:set package 'vel-to-ser' build argument 'cmake_force_configure' from command line to 'False'
[1.892s] Level 5:colcon.colcon_core.verb:set package 'vel-to-ser' build argument 'ament_cmake_args' from command line to 'None'
[1.892s] Level 5:colcon.colcon_core.verb:set package 'vel-to-ser' build argument 'catkin_cmake_args' from command line to 'None'
[1.893s] Level 5:colcon.colcon_core.verb:set package 'vel-to-ser' build argument 'catkin_skip_building_tests' from command line to 'False'
[1.893s] DEBUG:colcon.colcon_core.verb:Building package 'vel-to-ser' with the following arguments: {'ament_cmake_args': None, 'build_base': '/home/tazimo/tazimo_ws/build/vel-to-ser', 'catkin_cmake_args': None, 'catkin_skip_building_tests': False, 'cmake_args': None, 'cmake_clean_cache': False, 'cmake_clean_first': False, 'cmake_force_configure': False, 'cmake_target': None, 'cmake_target_skip_unavailable': False, 'install_base': '/home/tazimo/tazimo_ws/install/vel-to-ser', 'merge_install': False, 'path': '/home/tazimo/tazimo_ws/src/vel-to-ser', 'symlink_install': False, 'test_result_base': None}
[1.893s] INFO:colcon.colcon_core.executor:Executing jobs using 'parallel' executor
[1.897s] DEBUG:colcon.colcon_parallel_executor.executor.parallel:run_until_complete
[1.898s] INFO:colcon.colcon_ros.task.ament_cmake.build:Building ROS package in '/home/tazimo/tazimo_ws/src/DiffDr' with build type 'ament_cmake'
[1.899s] INFO:colcon.colcon_cmake.task.cmake.build:Building CMake package in '/home/tazimo/tazimo_ws/src/DiffDr'
[1.913s] INFO:colcon.colcon_core.plugin_system:Skipping extension 'colcon_core.shell.bat': Not used on non-Windows systems
[1.913s] INFO:colcon.colcon_core.shell:Skip shell extension 'powershell' for command environment: Not usable outside of PowerShell
[1.914s] DEBUG:colcon.colcon_core.shell:Skip shell extension 'dsv' for command environment
[1.938s] INFO:colcon.colcon_ros.task.ament_python.build:Building ROS package in '/home/tazimo/tazimo_ws/src/cmdvel_to_serial' with build type 'ament_python'
[1.938s] Level 1:colcon.colcon_core.shell:create_environment_hook('cmdvel_to_serial', 'ament_prefix_path')
[1.940s] INFO:colcon.colcon_core.shell:Creating environment hook '/home/tazimo/tazimo_ws/install/cmdvel_to_serial/share/cmdvel_to_serial/hook/ament_prefix_path.ps1'
[1.943s] INFO:colcon.colcon_core.shell:Creating environment descriptor '/home/tazimo/tazimo_ws/install/cmdvel_to_serial/share/cmdvel_to_serial/hook/ament_prefix_path.dsv'
[1.946s] INFO:colcon.colcon_core.shell:Creating environment hook '/home/tazimo/tazimo_ws/install/cmdvel_to_serial/share/cmdvel_to_serial/hook/ament_prefix_path.sh'
[1.950s] INFO:colcon.colcon_core.shell:Skip shell extension 'powershell' for command environment: Not usable outside of PowerShell
[1.951s] DEBUG:colcon.colcon_core.shell:Skip shell extension 'dsv' for command environment
[1.973s] INFO:colcon.colcon_ros.task.ament_python.build:Building ROS package in '/home/tazimo/tazimo_ws/src/diffdrive_arduino' with build type 'ament_python'
[1.973s] Level 1:colcon.colcon_core.shell:create_environment_hook('diffdrive_arduino', 'ament_prefix_path')
[1.975s] INFO:colcon.colcon_core.shell:Creating environment hook '/home/tazimo/tazimo_ws/install/diffdrive_arduino/share/diffdrive_arduino/hook/ament_prefix_path.ps1'
[1.977s] INFO:colcon.colcon_core.shell:Creating environment descriptor '/home/tazimo/tazimo_ws/install/diffdrive_arduino/share/diffdrive_arduino/hook/ament_prefix_path.dsv'
[1.980s] INFO:colcon.colcon_core.shell:Creating environment hook '/home/tazimo/tazimo_ws/install/diffdrive_arduino/share/diffdrive_arduino/hook/ament_prefix_path.sh'
[1.984s] INFO:colcon.colcon_core.shell:Skip shell extension 'powershell' for command environment: Not usable outside of PowerShell
[1.984s] DEBUG:colcon.colcon_core.shell:Skip shell extension 'dsv' for command environment
[2.011s] INFO:colcon.colcon_ros.task.ament_python.build:Building ROS package in '/home/tazimo/tazimo_ws/src/encoder_to_odom' with build type 'ament_python'
[2.012s] Level 1:colcon.colcon_core.shell:create_environment_hook('encoder_to_odom', 'ament_prefix_path')
[2.013s] INFO:colcon.colcon_core.shell:Creating environment hook '/home/tazimo/tazimo_ws/install/encoder_to_odom/share/encoder_to_odom/hook/ament_prefix_path.ps1'
[2.016s] INFO:colcon.colcon_core.shell:Creating environment descriptor '/home/tazimo/tazimo_ws/install/encoder_to_odom/share/encoder_to_odom/hook/ament_prefix_path.dsv'
[2.018s] INFO:colcon.colcon_core.shell:Creating environment hook '/home/tazimo/tazimo_ws/install/encoder_to_odom/share/encoder_to_odom/hook/ament_prefix_path.sh'
[2.022s] INFO:colcon.colcon_core.shell:Skip shell extension 'powershell' for command environment: Not usable outside of PowerShell
[2.022s] DEBUG:colcon.colcon_core.shell:Skip shell extension 'dsv' for command environment
[2.062s] DEBUG:colcon.colcon_core.event_handler.log_command:Invoking command in '/home/tazimo/tazimo_ws/build/DiffDr': CMAKE_PREFIX_PATH=${CMAKE_PREFIX_PATH}:/home/tazimo/tazimo_ws/install/encoder_to_odom:/home/tazimo/tazimo_ws/install/diffdrive_arduino:/home/tazimo/tazimo_ws/install/cmdvel_to_serial:/opt/ros/humble /usr/bin/cmake --build /home/tazimo/tazimo_ws/build/DiffDr -- -j4 -l4
[3.425s] INFO:colcon.colcon_core.task.python.build:Building Python package in '/home/tazimo/tazimo_ws/src/cmdvel_to_serial'
[3.426s] INFO:colcon.colcon_core.shell:Skip shell extension 'powershell' for command environment: Not usable outside of PowerShell
[3.426s] DEBUG:colcon.colcon_core.shell:Skip shell extension 'dsv' for command environment
[4.771s] INFO:colcon.colcon_core.task.python.build:Building Python package in '/home/tazimo/tazimo_ws/src/diffdrive_arduino'
[4.773s] INFO:colcon.colcon_core.shell:Skip shell extension 'powershell' for command environment: Not usable outside of PowerShell
[4.773s] DEBUG:colcon.colcon_core.shell:Skip shell extension 'dsv' for command environment
[4.809s] DEBUG:colcon.colcon_core.event_handler.log_command:Invoked command in '/home/tazimo/tazimo_ws/build/DiffDr' returned '0': CMAKE_PREFIX_PATH=${CMAKE_PREFIX_PATH}:/home/tazimo/tazimo_ws/install/encoder_to_odom:/home/tazimo/tazimo_ws/install/diffdrive_arduino:/home/tazimo/tazimo_ws/install/cmdvel_to_serial:/opt/ros/humble /usr/bin/cmake --build /home/tazimo/tazimo_ws/build/DiffDr -- -j4 -l4
[4.851s] DEBUG:colcon.colcon_core.event_handler.log_command:Invoking command in '/home/tazimo/tazimo_ws/build/DiffDr': CMAKE_PREFIX_PATH=${CMAKE_PREFIX_PATH}:/home/tazimo/tazimo_ws/install/encoder_to_odom:/home/tazimo/tazimo_ws/install/diffdrive_arduino:/home/tazimo/tazimo_ws/install/cmdvel_to_serial:/opt/ros/humble /usr/bin/cmake --install /home/tazimo/tazimo_ws/build/DiffDr
[6.219s] INFO:colcon.colcon_core.task.python.build:Building Python package in '/home/tazimo/tazimo_ws/src/encoder_to_odom'
[6.220s] INFO:colcon.colcon_core.shell:Skip shell extension 'powershell' for command environment: Not usable outside of PowerShell
[6.220s] DEBUG:colcon.colcon_core.shell:Skip shell extension 'dsv' for command environment
[6.270s] Level 1:colcon.colcon_core.environment:create_environment_scripts_only(DiffDr)
[6.273s] DEBUG:colcon.colcon_core.event_handler.log_command:Invoked command in '/home/tazimo/tazimo_ws/build/DiffDr' returned '0': CMAKE_PREFIX_PATH=${CMAKE_PREFIX_PATH}:/home/tazimo/tazimo_ws/install/encoder_to_odom:/home/tazimo/tazimo_ws/install/diffdrive_arduino:/home/tazimo/tazimo_ws/install/cmdvel_to_serial:/opt/ros/humble /usr/bin/cmake --install /home/tazimo/tazimo_ws/build/DiffDr
[6.285s] Level 1:colcon.colcon_core.environment:checking '/home/tazimo/tazimo_ws/install/DiffDr' for CMake module files
[6.287s] Level 1:colcon.colcon_core.environment:checking '/home/tazimo/tazimo_ws/install/DiffDr' for CMake config files
[6.289s] Level 1:colcon.colcon_core.shell:create_environment_hook('DiffDr', 'cmake_prefix_path')
[6.290s] INFO:colcon.colcon_core.shell:Creating environment hook '/home/tazimo/tazimo_ws/install/DiffDr/share/DiffDr/hook/cmake_prefix_path.ps1'
[6.298s] INFO:colcon.colcon_core.shell:Creating environment descriptor '/home/tazimo/tazimo_ws/install/DiffDr/share/DiffDr/hook/cmake_prefix_path.dsv'
[6.300s] INFO:colcon.colcon_core.shell:Creating environment hook '/home/tazimo/tazimo_ws/install/DiffDr/share/DiffDr/hook/cmake_prefix_path.sh'
[6.304s] Level 1:colcon.colcon_core.environment:checking '/home/tazimo/tazimo_ws/install/DiffDr/bin'
[6.304s] Level 1:colcon.colcon_core.environment:checking '/home/tazimo/tazimo_ws/install/DiffDr/lib/pkgconfig/DiffDr.pc'
[6.305s] Level 1:colcon.colcon_core.environment:checking '/home/tazimo/tazimo_ws/install/DiffDr/lib/python3.10/site-packages'
[6.307s] Level 1:colcon.colcon_core.environment:checking '/home/tazimo/tazimo_ws/install/DiffDr/bin'
[6.308s] INFO:colcon.colcon_core.shell:Creating package script '/home/tazimo/tazimo_ws/install/DiffDr/share/DiffDr/package.ps1'
[6.312s] INFO:colcon.colcon_core.shell:Creating package descriptor '/home/tazimo/tazimo_ws/install/DiffDr/share/DiffDr/package.dsv'
[6.315s] INFO:colcon.colcon_core.shell:Creating package script '/home/tazimo/tazimo_ws/install/DiffDr/share/DiffDr/package.sh'
[6.319s] INFO:colcon.colcon_core.shell:Creating package script '/home/tazimo/tazimo_ws/install/DiffDr/share/DiffDr/package.bash'
[6.324s] INFO:colcon.colcon_core.shell:Creating package script '/home/tazimo/tazimo_ws/install/DiffDr/share/DiffDr/package.zsh'
[6.328s] Level 1:colcon.colcon_core.environment:create_file_with_runtime_dependencies(/home/tazimo/tazimo_ws/install/DiffDr/share/colcon-core/packages/DiffDr)
[6.331s] Level 1:colcon.colcon_core.environment:create_environment_scripts_only(DiffDr)
[6.332s] Level 1:colcon.colcon_core.environment:checking '/home/tazimo/tazimo_ws/install/DiffDr' for CMake module files
[6.336s] Level 1:colcon.colcon_core.environment:checking '/home/tazimo/tazimo_ws/install/DiffDr' for CMake config files
[6.338s] Level 1:colcon.colcon_core.shell:create_environment_hook('DiffDr', 'cmake_prefix_path')
[6.339s] INFO:colcon.colcon_core.shell:Creating environment hook '/home/tazimo/tazimo_ws/install/DiffDr/share/DiffDr/hook/cmake_prefix_path.ps1'
[6.344s] INFO:colcon.colcon_core.shell:Creating environment descriptor '/home/tazimo/tazimo_ws/install/DiffDr/share/DiffDr/hook/cmake_prefix_path.dsv'
[6.346s] INFO:colcon.colcon_core.shell:Creating environment hook '/home/tazimo/tazimo_ws/install/DiffDr/share/DiffDr/hook/cmake_prefix_path.sh'
[6.349s] Level 1:colcon.colcon_core.environment:checking '/home/tazimo/tazimo_ws/install/DiffDr/bin'
[6.350s] Level 1:colcon.colcon_core.environment:checking '/home/tazimo/tazimo_ws/install/DiffDr/lib/pkgconfig/DiffDr.pc'
[6.351s] Level 1:colcon.colcon_core.environment:checking '/home/tazimo/tazimo_ws/install/DiffDr/lib/python3.10/site-packages'
[6.352s] Level 1:colcon.colcon_core.environment:checking '/home/tazimo/tazimo_ws/install/DiffDr/bin'
[6.353s] INFO:colcon.colcon_core.shell:Creating package script '/home/tazimo/tazimo_ws/install/DiffDr/share/DiffDr/package.ps1'
[6.356s] INFO:colcon.colcon_core.shell:Creating package descriptor '/home/tazimo/tazimo_ws/install/DiffDr/share/DiffDr/package.dsv'
[6.359s] INFO:colcon.colcon_core.shell:Creating package script '/home/tazimo/tazimo_ws/install/DiffDr/share/DiffDr/package.sh'
[6.361s] INFO:colcon.colcon_core.shell:Creating package script '/home/tazimo/tazimo_ws/install/DiffDr/share/DiffDr/package.bash'
[6.363s] INFO:colcon.colcon_core.shell:Creating package script '/home/tazimo/tazimo_ws/install/DiffDr/share/DiffDr/package.zsh'
[6.366s] Level 1:colcon.colcon_core.environment:create_file_with_runtime_dependencies(/home/tazimo/tazimo_ws/install/DiffDr/share/colcon-core/packages/DiffDr)
[6.379s] INFO:colcon.colcon_ros.task.ament_cmake.build:Building ROS package in '/home/tazimo/tazimo_ws/src/my_bot' with build type 'ament_cmake'
[6.379s] INFO:colcon.colcon_cmake.task.cmake.build:Building CMake package in '/home/tazimo/tazimo_ws/src/my_bot'
[6.381s] INFO:colcon.colcon_core.shell:Skip shell extension 'powershell' for command environment: Not usable outside of PowerShell
[6.381s] DEBUG:colcon.colcon_core.shell:Skip shell extension 'dsv' for command environment
[6.450s] DEBUG:colcon.colcon_core.event_handler.log_command:Invoking command in '/home/tazimo/tazimo_ws/build/my_bot': CMAKE_PREFIX_PATH=${CMAKE_PREFIX_PATH}:/home/tazimo/tazimo_ws/install/encoder_to_odom:/home/tazimo/tazimo_ws/install/diffdrive_arduino:/home/tazimo/tazimo_ws/install/cmdvel_to_serial:/opt/ros/humble /usr/bin/cmake --build /home/tazimo/tazimo_ws/build/my_bot -- -j4 -l4
[6.842s] DEBUG:colcon.colcon_core.event_handler.log_command:Invoked command in '/home/tazimo/tazimo_ws/build/my_bot' returned '0': CMAKE_PREFIX_PATH=${CMAKE_PREFIX_PATH}:/home/tazimo/tazimo_ws/install/encoder_to_odom:/home/tazimo/tazimo_ws/install/diffdrive_arduino:/home/tazimo/tazimo_ws/install/cmdvel_to_serial:/opt/ros/humble /usr/bin/cmake --build /home/tazimo/tazimo_ws/build/my_bot -- -j4 -l4
[6.852s] DEBUG:colcon.colcon_core.event_handler.log_command:Invoking command in '/home/tazimo/tazimo_ws/build/my_bot': CMAKE_PREFIX_PATH=${CMAKE_PREFIX_PATH}:/home/tazimo/tazimo_ws/install/encoder_to_odom:/home/tazimo/tazimo_ws/install/diffdrive_arduino:/home/tazimo/tazimo_ws/install/cmdvel_to_serial:/opt/ros/humble /usr/bin/cmake --install /home/tazimo/tazimo_ws/build/my_bot
[7.127s] Level 1:colcon.colcon_core.environment:create_environment_scripts_only(my_bot)
[7.128s] Level 1:colcon.colcon_core.environment:checking '/home/tazimo/tazimo_ws/install/my_bot' for CMake module files
[7.132s] Level 1:colcon.colcon_core.environment:checking '/home/tazimo/tazimo_ws/install/my_bot' for CMake config files
[7.133s] DEBUG:colcon.colcon_core.event_handler.log_command:Invoked command in '/home/tazimo/tazimo_ws/build/my_bot' returned '0': CMAKE_PREFIX_PATH=${CMAKE_PREFIX_PATH}:/home/tazimo/tazimo_ws/install/encoder_to_odom:/home/tazimo/tazimo_ws/install/diffdrive_arduino:/home/tazimo/tazimo_ws/install/cmdvel_to_serial:/opt/ros/humble /usr/bin/cmake --install /home/tazimo/tazimo_ws/build/my_bot
[7.140s] Level 1:colcon.colcon_core.shell:create_environment_hook('my_bot', 'cmake_prefix_path')
[7.142s] INFO:colcon.colcon_core.shell:Creating environment hook '/home/tazimo/tazimo_ws/install/my_bot/share/my_bot/hook/cmake_prefix_path.ps1'
[7.147s] INFO:colcon.colcon_core.shell:Creating environment descriptor '/home/tazimo/tazimo_ws/install/my_bot/share/my_bot/hook/cmake_prefix_path.dsv'
[7.163s] INFO:colcon.colcon_core.shell:Creating environment hook '/home/tazimo/tazimo_ws/install/my_bot/share/my_bot/hook/cmake_prefix_path.sh'
[7.169s] Level 1:colcon.colcon_core.environment:checking '/home/tazimo/tazimo_ws/install/my_bot/bin'
[7.171s] Level 1:colcon.colcon_core.environment:checking '/home/tazimo/tazimo_ws/install/my_bot/lib/pkgconfig/my_bot.pc'
[7.172s] Level 1:colcon.colcon_core.environment:checking '/home/tazimo/tazimo_ws/install/my_bot/lib/python3.10/site-packages'
[7.174s] Level 1:colcon.colcon_core.environment:checking '/home/tazimo/tazimo_ws/install/my_bot/bin'
[7.175s] INFO:colcon.colcon_core.shell:Creating package script '/home/tazimo/tazimo_ws/install/my_bot/share/my_bot/package.ps1'
[7.179s] INFO:colcon.colcon_core.shell:Creating package descriptor '/home/tazimo/tazimo_ws/install/my_bot/share/my_bot/package.dsv'
[7.183s] INFO:colcon.colcon_core.shell:Creating package script '/home/tazimo/tazimo_ws/install/my_bot/share/my_bot/package.sh'
[7.187s] INFO:colcon.colcon_core.shell:Creating package script '/home/tazimo/tazimo_ws/install/my_bot/share/my_bot/package.bash'
[7.191s] INFO:colcon.colcon_core.shell:Creating package script '/home/tazimo/tazimo_ws/install/my_bot/share/my_bot/package.zsh'
[7.195s] Level 1:colcon.colcon_core.environment:create_file_with_runtime_dependencies(/home/tazimo/tazimo_ws/install/my_bot/share/colcon-core/packages/my_bot)
[7.199s] Level 1:colcon.colcon_core.environment:create_environment_scripts_only(my_bot)
[7.204s] Level 1:colcon.colcon_core.environment:checking '/home/tazimo/tazimo_ws/install/my_bot' for CMake module files
[7.208s] Level 1:colcon.colcon_core.environment:checking '/home/tazimo/tazimo_ws/install/my_bot' for CMake config files
[7.211s] Level 1:colcon.colcon_core.shell:create_environment_hook('my_bot', 'cmake_prefix_path')
[7.212s] INFO:colcon.colcon_core.shell:Creating environment hook '/home/tazimo/tazimo_ws/install/my_bot/share/my_bot/hook/cmake_prefix_path.ps1'
[7.216s] INFO:colcon.colcon_core.shell:Creating environment descriptor '/home/tazimo/tazimo_ws/install/my_bot/share/my_bot/hook/cmake_prefix_path.dsv'
[7.219s] INFO:colcon.colcon_core.shell:Creating environment hook '/home/tazimo/tazimo_ws/install/my_bot/share/my_bot/hook/cmake_prefix_path.sh'
[7.223s] Level 1:colcon.colcon_core.environment:checking '/home/tazimo/tazimo_ws/install/my_bot/bin'
[7.224s] Level 1:colcon.colcon_core.environment:checking '/home/tazimo/tazimo_ws/install/my_bot/lib/pkgconfig/my_bot.pc'
[7.226s] Level 1:colcon.colcon_core.environment:checking '/home/tazimo/tazimo_ws/install/my_bot/lib/python3.10/site-packages'
[7.227s] Level 1:colcon.colcon_core.environment:checking '/home/tazimo/tazimo_ws/install/my_bot/bin'
[7.229s] INFO:colcon.colcon_core.shell:Creating package script '/home/tazimo/tazimo_ws/install/my_bot/share/my_bot/package.ps1'
[7.233s] INFO:colcon.colcon_core.shell:Creating package descriptor '/home/tazimo/tazimo_ws/install/my_bot/share/my_bot/package.dsv'
[7.238s] INFO:colcon.colcon_core.shell:Creating package script '/home/tazimo/tazimo_ws/install/my_bot/share/my_bot/package.sh'
[7.241s] INFO:colcon.colcon_core.shell:Creating package script '/home/tazimo/tazimo_ws/install/my_bot/share/my_bot/package.bash'
[7.245s] INFO:colcon.colcon_core.shell:Creating package script '/home/tazimo/tazimo_ws/install/my_bot/share/my_bot/package.zsh'
[7.255s] Level 1:colcon.colcon_core.environment:create_file_with_runtime_dependencies(/home/tazimo/tazimo_ws/install/my_bot/share/colcon-core/packages/my_bot)
[7.262s] INFO:colcon.colcon_ros.task.ament_cmake.build:Building ROS package in '/home/tazimo/tazimo_ws/src/sllidar_ros2' with build type 'ament_cmake'
[7.264s] INFO:colcon.colcon_cmake.task.cmake.build:Building CMake package in '/home/tazimo/tazimo_ws/src/sllidar_ros2'
[7.266s] INFO:colcon.colcon_core.shell:Skip shell extension 'powershell' for command environment: Not usable outside of PowerShell
[7.267s] DEBUG:colcon.colcon_core.shell:Skip shell extension 'dsv' for command environment
[7.327s] DEBUG:colcon.colcon_core.event_handler.log_command:Invoking command in '/home/tazimo/tazimo_ws/build/sllidar_ros2': CMAKE_PREFIX_PATH=${CMAKE_PREFIX_PATH}:/home/tazimo/tazimo_ws/install/encoder_to_odom:/home/tazimo/tazimo_ws/install/diffdrive_arduino:/home/tazimo/tazimo_ws/install/cmdvel_to_serial:/opt/ros/humble /usr/bin/cmake --build /home/tazimo/tazimo_ws/build/sllidar_ros2 -- -j4 -l4
[7.917s] DEBUG:colcon.colcon_core.event_handler.log_command:Invoked command in '/home/tazimo/tazimo_ws/build/sllidar_ros2' returned '0': CMAKE_PREFIX_PATH=${CMAKE_PREFIX_PATH}:/home/tazimo/tazimo_ws/install/encoder_to_odom:/home/tazimo/tazimo_ws/install/diffdrive_arduino:/home/tazimo/tazimo_ws/install/cmdvel_to_serial:/opt/ros/humble /usr/bin/cmake --build /home/tazimo/tazimo_ws/build/sllidar_ros2 -- -j4 -l4
[7.920s] DEBUG:colcon.colcon_core.event_handler.log_command:Invoking command in '/home/tazimo/tazimo_ws/build/sllidar_ros2': CMAKE_PREFIX_PATH=${CMAKE_PREFIX_PATH}:/home/tazimo/tazimo_ws/install/encoder_to_odom:/home/tazimo/tazimo_ws/install/diffdrive_arduino:/home/tazimo/tazimo_ws/install/cmdvel_to_serial:/opt/ros/humble /usr/bin/cmake --install /home/tazimo/tazimo_ws/build/sllidar_ros2
[8.124s] Level 1:colcon.colcon_core.environment:create_environment_scripts_only(sllidar_ros2)
[8.126s] Level 1:colcon.colcon_core.environment:checking '/home/tazimo/tazimo_ws/install/sllidar_ros2' for CMake module files
[8.129s] Level 1:colcon.colcon_core.environment:checking '/home/tazimo/tazimo_ws/install/sllidar_ros2' for CMake config files
[8.131s] DEBUG:colcon.colcon_core.event_handler.log_command:Invoked command in '/home/tazimo/tazimo_ws/build/sllidar_ros2' returned '0': CMAKE_PREFIX_PATH=${CMAKE_PREFIX_PATH}:/home/tazimo/tazimo_ws/install/encoder_to_odom:/home/tazimo/tazimo_ws/install/diffdrive_arduino:/home/tazimo/tazimo_ws/install/cmdvel_to_serial:/opt/ros/humble /usr/bin/cmake --install /home/tazimo/tazimo_ws/build/sllidar_ros2
[8.134s] Level 1:colcon.colcon_core.shell:create_environment_hook('sllidar_ros2', 'cmake_prefix_path')
[8.135s] INFO:colcon.colcon_core.shell:Creating environment hook '/home/tazimo/tazimo_ws/install/sllidar_ros2/share/sllidar_ros2/hook/cmake_prefix_path.ps1'
[8.138s] INFO:colcon.colcon_core.shell:Creating environment descriptor '/home/tazimo/tazimo_ws/install/sllidar_ros2/share/sllidar_ros2/hook/cmake_prefix_path.dsv'
[8.141s] INFO:colcon.colcon_core.shell:Creating environment hook '/home/tazimo/tazimo_ws/install/sllidar_ros2/share/sllidar_ros2/hook/cmake_prefix_path.sh'
[8.145s] Level 1:colcon.colcon_core.environment:checking '/home/tazimo/tazimo_ws/install/sllidar_ros2/lib'
[8.146s] Level 1:colcon.colcon_core.environment:checking '/home/tazimo/tazimo_ws/install/sllidar_ros2/bin'
[8.147s] Level 1:colcon.colcon_core.environment:checking '/home/tazimo/tazimo_ws/install/sllidar_ros2/lib/pkgconfig/sllidar_ros2.pc'
[8.148s] Level 1:colcon.colcon_core.environment:checking '/home/tazimo/tazimo_ws/install/sllidar_ros2/lib/python3.10/site-packages'
[8.150s] Level 1:colcon.colcon_core.environment:checking '/home/tazimo/tazimo_ws/install/sllidar_ros2/bin'
[8.152s] INFO:colcon.colcon_core.shell:Creating package script '/home/tazimo/tazimo_ws/install/sllidar_ros2/share/sllidar_ros2/package.ps1'
[8.157s] INFO:colcon.colcon_core.shell:Creating package descriptor '/home/tazimo/tazimo_ws/install/sllidar_ros2/share/sllidar_ros2/package.dsv'
[8.160s] INFO:colcon.colcon_core.shell:Creating package script '/home/tazimo/tazimo_ws/install/sllidar_ros2/share/sllidar_ros2/package.sh'
[8.163s] INFO:colcon.colcon_core.shell:Creating package script '/home/tazimo/tazimo_ws/install/sllidar_ros2/share/sllidar_ros2/package.bash'
[8.166s] INFO:colcon.colcon_core.shell:Creating package script '/home/tazimo/tazimo_ws/install/sllidar_ros2/share/sllidar_ros2/package.zsh'
[8.169s] Level 1:colcon.colcon_core.environment:create_file_with_runtime_dependencies(/home/tazimo/tazimo_ws/install/sllidar_ros2/share/colcon-core/packages/sllidar_ros2)
[8.172s] Level 1:colcon.colcon_core.environment:create_environment_scripts_only(sllidar_ros2)
[8.174s] Level 1:colcon.colcon_core.environment:checking '/home/tazimo/tazimo_ws/install/sllidar_ros2' for CMake module files
[8.178s] Level 1:colcon.colcon_core.environment:checking '/home/tazimo/tazimo_ws/install/sllidar_ros2' for CMake config files
[8.180s] Level 1:colcon.colcon_core.shell:create_environment_hook('sllidar_ros2', 'cmake_prefix_path')
[8.181s] INFO:colcon.colcon_core.shell:Creating environment hook '/home/tazimo/tazimo_ws/install/sllidar_ros2/share/sllidar_ros2/hook/cmake_prefix_path.ps1'
[8.184s] INFO:colcon.colcon_core.shell:Creating environment descriptor '/home/tazimo/tazimo_ws/install/sllidar_ros2/share/sllidar_ros2/hook/cmake_prefix_path.dsv'
[8.187s] INFO:colcon.colcon_core.shell:Creating environment hook '/home/tazimo/tazimo_ws/install/sllidar_ros2/share/sllidar_ros2/hook/cmake_prefix_path.sh'
[8.191s] Level 1:colcon.colcon_core.environment:checking '/home/tazimo/tazimo_ws/install/sllidar_ros2/lib'
[8.191s] Level 1:colcon.colcon_core.environment:checking '/home/tazimo/tazimo_ws/install/sllidar_ros2/bin'
[8.192s] Level 1:colcon.colcon_core.environment:checking '/home/tazimo/tazimo_ws/install/sllidar_ros2/lib/pkgconfig/sllidar_ros2.pc'
[8.193s] Level 1:colcon.colcon_core.environment:checking '/home/tazimo/tazimo_ws/install/sllidar_ros2/lib/python3.10/site-packages'
[8.195s] Level 1:colcon.colcon_core.environment:checking '/home/tazimo/tazimo_ws/install/sllidar_ros2/bin'
[8.197s] INFO:colcon.colcon_core.shell:Creating package script '/home/tazimo/tazimo_ws/install/sllidar_ros2/share/sllidar_ros2/package.ps1'
[8.200s] INFO:colcon.colcon_core.shell:Creating package descriptor '/home/tazimo/tazimo_ws/install/sllidar_ros2/share/sllidar_ros2/package.dsv'
[8.204s] INFO:colcon.colcon_core.shell:Creating package script '/home/tazimo/tazimo_ws/install/sllidar_ros2/share/sllidar_ros2/package.sh'
[8.207s] INFO:colcon.colcon_core.shell:Creating package script '/home/tazimo/tazimo_ws/install/sllidar_ros2/share/sllidar_ros2/package.bash'
[8.210s] INFO:colcon.colcon_core.shell:Creating package script '/home/tazimo/tazimo_ws/install/sllidar_ros2/share/sllidar_ros2/package.zsh'
[8.213s] Level 1:colcon.colcon_core.environment:create_file_with_runtime_dependencies(/home/tazimo/tazimo_ws/install/sllidar_ros2/share/colcon-core/packages/sllidar_ros2)
[8.219s] INFO:colcon.colcon_ros.task.ament_cmake.build:Building ROS package in '/home/tazimo/tazimo_ws/src/vel-to-ser' with build type 'ament_cmake'
[8.220s] INFO:colcon.colcon_cmake.task.cmake.build:Building CMake package in '/home/tazimo/tazimo_ws/src/vel-to-ser'
[8.221s] INFO:colcon.colcon_core.shell:Skip shell extension 'powershell' for command environment: Not usable outside of PowerShell
[8.222s] DEBUG:colcon.colcon_core.shell:Skip shell extension 'dsv' for command environment
[8.274s] DEBUG:colcon.colcon_core.event_handler.log_command:Invoking command in '/home/tazimo/tazimo_ws/build/vel-to-ser': CMAKE_PREFIX_PATH=${CMAKE_PREFIX_PATH}:/home/tazimo/tazimo_ws/install/encoder_to_odom:/home/tazimo/tazimo_ws/install/diffdrive_arduino:/home/tazimo/tazimo_ws/install/cmdvel_to_serial:/opt/ros/humble /usr/bin/cmake --build /home/tazimo/tazimo_ws/build/vel-to-ser -- -j4 -l4
[8.505s] DEBUG:colcon.colcon_core.event_handler.log_command:Invoked command in '/home/tazimo/tazimo_ws/build/vel-to-ser' returned '0': CMAKE_PREFIX_PATH=${CMAKE_PREFIX_PATH}:/home/tazimo/tazimo_ws/install/encoder_to_odom:/home/tazimo/tazimo_ws/install/diffdrive_arduino:/home/tazimo/tazimo_ws/install/cmdvel_to_serial:/opt/ros/humble /usr/bin/cmake --build /home/tazimo/tazimo_ws/build/vel-to-ser -- -j4 -l4
[8.513s] DEBUG:colcon.colcon_core.event_handler.log_command:Invoking command in '/home/tazimo/tazimo_ws/build/vel-to-ser': CMAKE_PREFIX_PATH=${CMAKE_PREFIX_PATH}:/home/tazimo/tazimo_ws/install/encoder_to_odom:/home/tazimo/tazimo_ws/install/diffdrive_arduino:/home/tazimo/tazimo_ws/install/cmdvel_to_serial:/opt/ros/humble /usr/bin/cmake --install /home/tazimo/tazimo_ws/build/vel-to-ser
[8.698s] Level 1:colcon.colcon_core.environment:create_environment_scripts_only(vel-to-ser)
[8.699s] Level 1:colcon.colcon_core.environment:checking '/home/tazimo/tazimo_ws/install/vel-to-ser' for CMake module files
[8.701s] DEBUG:colcon.colcon_core.event_handler.log_command:Invoked command in '/home/tazimo/tazimo_ws/build/vel-to-ser' returned '0': CMAKE_PREFIX_PATH=${CMAKE_PREFIX_PATH}:/home/tazimo/tazimo_ws/install/encoder_to_odom:/home/tazimo/tazimo_ws/install/diffdrive_arduino:/home/tazimo/tazimo_ws/install/cmdvel_to_serial:/opt/ros/humble /usr/bin/cmake --install /home/tazimo/tazimo_ws/build/vel-to-ser
[8.704s] Level 1:colcon.colcon_core.environment:checking '/home/tazimo/tazimo_ws/install/vel-to-ser' for CMake config files
[8.707s] Level 1:colcon.colcon_core.shell:create_environment_hook('vel-to-ser', 'cmake_prefix_path')
[8.709s] INFO:colcon.colcon_core.shell:Creating environment hook '/home/tazimo/tazimo_ws/install/vel-to-ser/share/vel-to-ser/hook/cmake_prefix_path.ps1'
[8.715s] INFO:colcon.colcon_core.shell:Creating environment descriptor '/home/tazimo/tazimo_ws/install/vel-to-ser/share/vel-to-ser/hook/cmake_prefix_path.dsv'
[8.720s] INFO:colcon.colcon_core.shell:Creating environment hook '/home/tazimo/tazimo_ws/install/vel-to-ser/share/vel-to-ser/hook/cmake_prefix_path.sh'
[8.727s] Level 1:colcon.colcon_core.environment:checking '/home/tazimo/tazimo_ws/install/vel-to-ser/lib'
[8.728s] Level 1:colcon.colcon_core.environment:checking '/home/tazimo/tazimo_ws/install/vel-to-ser/bin'
[8.729s] Level 1:colcon.colcon_core.environment:checking '/home/tazimo/tazimo_ws/install/vel-to-ser/lib/pkgconfig/vel-to-ser.pc'
[8.730s] Level 1:colcon.colcon_core.environment:checking '/home/tazimo/tazimo_ws/install/vel-to-ser/lib/python3.10/site-packages'
[8.732s] Level 1:colcon.colcon_core.environment:checking '/home/tazimo/tazimo_ws/install/vel-to-ser/bin'
[8.734s] INFO:colcon.colcon_core.shell:Creating package script '/home/tazimo/tazimo_ws/install/vel-to-ser/share/vel-to-ser/package.ps1'
[8.740s] INFO:colcon.colcon_core.shell:Creating package descriptor '/home/tazimo/tazimo_ws/install/vel-to-ser/share/vel-to-ser/package.dsv'
[8.745s] INFO:colcon.colcon_core.shell:Creating package script '/home/tazimo/tazimo_ws/install/vel-to-ser/share/vel-to-ser/package.sh'
[8.749s] INFO:colcon.colcon_core.shell:Creating package script '/home/tazimo/tazimo_ws/install/vel-to-ser/share/vel-to-ser/package.bash'
[8.753s] INFO:colcon.colcon_core.shell:Creating package script '/home/tazimo/tazimo_ws/install/vel-to-ser/share/vel-to-ser/package.zsh'
[8.757s] Level 1:colcon.colcon_core.environment:create_file_with_runtime_dependencies(/home/tazimo/tazimo_ws/install/vel-to-ser/share/colcon-core/packages/vel-to-ser)
[8.768s] Level 1:colcon.colcon_core.environment:create_environment_scripts_only(vel-to-ser)
[8.772s] Level 1:colcon.colcon_core.environment:checking '/home/tazimo/tazimo_ws/install/vel-to-ser' for CMake module files
[8.776s] Level 1:colcon.colcon_core.environment:checking '/home/tazimo/tazimo_ws/install/vel-to-ser' for CMake config files
[8.779s] Level 1:colcon.colcon_core.shell:create_environment_hook('vel-to-ser', 'cmake_prefix_path')
[8.783s] INFO:colcon.colcon_core.shell:Creating environment hook '/home/tazimo/tazimo_ws/install/vel-to-ser/share/vel-to-ser/hook/cmake_prefix_path.ps1'
[8.787s] INFO:colcon.colcon_core.shell:Creating environment descriptor '/home/tazimo/tazimo_ws/install/vel-to-ser/share/vel-to-ser/hook/cmake_prefix_path.dsv'
[8.791s] INFO:colcon.colcon_core.shell:Creating environment hook '/home/tazimo/tazimo_ws/install/vel-to-ser/share/vel-to-ser/hook/cmake_prefix_path.sh'
[8.797s] Level 1:colcon.colcon_core.environment:checking '/home/tazimo/tazimo_ws/install/vel-to-ser/lib'
[8.798s] Level 1:colcon.colcon_core.environment:checking '/home/tazimo/tazimo_ws/install/vel-to-ser/bin'
[8.800s] Level 1:colcon.colcon_core.environment:checking '/home/tazimo/tazimo_ws/install/vel-to-ser/lib/pkgconfig/vel-to-ser.pc'
[8.803s] Level 1:colcon.colcon_core.environment:checking '/home/tazimo/tazimo_ws/install/vel-to-ser/lib/python3.10/site-packages'
[8.805s] Level 1:colcon.colcon_core.environment:checking '/home/tazimo/tazimo_ws/install/vel-to-ser/bin'
[8.812s] INFO:colcon.colcon_core.shell:Creating package script '/home/tazimo/tazimo_ws/install/vel-to-ser/share/vel-to-ser/package.ps1'
[8.818s] INFO:colcon.colcon_core.shell:Creating package descriptor '/home/tazimo/tazimo_ws/install/vel-to-ser/share/vel-to-ser/package.dsv'
[8.824s] INFO:colcon.colcon_core.shell:Creating package script '/home/tazimo/tazimo_ws/install/vel-to-ser/share/vel-to-ser/package.sh'
[8.829s] INFO:colcon.colcon_core.shell:Creating package script '/home/tazimo/tazimo_ws/install/vel-to-ser/share/vel-to-ser/package.bash'
[8.833s] INFO:colcon.colcon_core.shell:Creating package script '/home/tazimo/tazimo_ws/install/vel-to-ser/share/vel-to-ser/package.zsh'
[8.838s] Level 1:colcon.colcon_core.environment:create_file_with_runtime_dependencies(/home/tazimo/tazimo_ws/install/vel-to-ser/share/colcon-core/packages/vel-to-ser)
[9.425s] DEBUG:colcon.colcon_core.event_handler.log_command:Invoking command in '/home/tazimo/tazimo_ws/src/cmdvel_to_serial': PYTHONPATH=/home/tazimo/tazimo_ws/build/cmdvel_to_serial/prefix_override:/usr/lib/python3/dist-packages/colcon_core/task/python/colcon_distutils_commands:/home/tazimo/tazimo_ws/install/cmdvel_to_serial/lib/python3.10/site-packages:${PYTHONPATH} /usr/bin/python3 -W ignore:setup.py install is deprecated -W ignore:easy_install command is deprecated setup.py egg_info --egg-base ../../build/cmdvel_to_serial build --build-base /home/tazimo/tazimo_ws/build/cmdvel_to_serial/build install --record /home/tazimo/tazimo_ws/build/cmdvel_to_serial/install.log --single-version-externally-managed install_data
[9.443s] DEBUG:colcon.colcon_core.event_handler.log_command:Invoking command in '/home/tazimo/tazimo_ws/src/diffdrive_arduino': PYTHONPATH=/home/tazimo/tazimo_ws/build/diffdrive_arduino/prefix_override:/usr/lib/python3/dist-packages/colcon_core/task/python/colcon_distutils_commands:/home/tazimo/tazimo_ws/install/diffdrive_arduino/lib/python3.10/site-packages:${PYTHONPATH} /usr/bin/python3 -W ignore:setup.py install is deprecated -W ignore:easy_install command is deprecated setup.py egg_info --egg-base ../../build/diffdrive_arduino build --build-base /home/tazimo/tazimo_ws/build/diffdrive_arduino/build install --record /home/tazimo/tazimo_ws/build/diffdrive_arduino/install.log --single-version-externally-managed install_data
[9.794s] DEBUG:colcon.colcon_core.event_handler.log_command:Invoking command in '/home/tazimo/tazimo_ws/src/encoder_to_odom': PYTHONPATH=/home/tazimo/tazimo_ws/build/encoder_to_odom/prefix_override:/usr/lib/python3/dist-packages/colcon_core/task/python/colcon_distutils_commands:/home/tazimo/tazimo_ws/install/encoder_to_odom/lib/python3.10/site-packages:${PYTHONPATH} /usr/bin/python3 -W ignore:setup.py install is deprecated -W ignore:easy_install command is deprecated setup.py egg_info --egg-base ../../build/encoder_to_odom build --build-base /home/tazimo/tazimo_ws/build/encoder_to_odom/build install --record /home/tazimo/tazimo_ws/build/encoder_to_odom/install.log --single-version-externally-managed install_data
[11.706s] Level 1:colcon.colcon_core.environment:checking '/home/tazimo/tazimo_ws/install/diffdrive_arduino' for CMake module files
[11.712s] Level 1:colcon.colcon_core.environment:checking '/home/tazimo/tazimo_ws/install/diffdrive_arduino' for CMake config files
[11.708s] DEBUG:colcon.colcon_core.event_handler.log_command:Invoked command in '/home/tazimo/tazimo_ws/src/diffdrive_arduino' returned '0': PYTHONPATH=/home/tazimo/tazimo_ws/build/diffdrive_arduino/prefix_override:/usr/lib/python3/dist-packages/colcon_core/task/python/colcon_distutils_commands:/home/tazimo/tazimo_ws/install/diffdrive_arduino/lib/python3.10/site-packages:${PYTHONPATH} /usr/bin/python3 -W ignore:setup.py install is deprecated -W ignore:easy_install command is deprecated setup.py egg_info --egg-base ../../build/diffdrive_arduino build --build-base /home/tazimo/tazimo_ws/build/diffdrive_arduino/build install --record /home/tazimo/tazimo_ws/build/diffdrive_arduino/install.log --single-version-externally-managed install_data
[11.723s] Level 1:colcon.colcon_core.environment:checking '/home/tazimo/tazimo_ws/install/diffdrive_arduino/lib'
[11.724s] Level 1:colcon.colcon_core.environment:checking '/home/tazimo/tazimo_ws/install/diffdrive_arduino/bin'
[11.725s] Level 1:colcon.colcon_core.environment:checking '/home/tazimo/tazimo_ws/install/diffdrive_arduino/lib/pkgconfig/diffdrive_arduino.pc'
[11.726s] Level 1:colcon.colcon_core.environment:checking '/home/tazimo/tazimo_ws/install/diffdrive_arduino/lib/python3.10/site-packages'
[11.727s] Level 1:colcon.colcon_core.shell:create_environment_hook('diffdrive_arduino', 'pythonpath')
[11.728s] INFO:colcon.colcon_core.shell:Creating environment hook '/home/tazimo/tazimo_ws/install/diffdrive_arduino/share/diffdrive_arduino/hook/pythonpath.ps1'
[11.732s] INFO:colcon.colcon_core.shell:Creating environment descriptor '/home/tazimo/tazimo_ws/install/diffdrive_arduino/share/diffdrive_arduino/hook/pythonpath.dsv'
[11.736s] INFO:colcon.colcon_core.shell:Creating environment hook '/home/tazimo/tazimo_ws/install/diffdrive_arduino/share/diffdrive_arduino/hook/pythonpath.sh'
[11.745s] Level 1:colcon.colcon_core.environment:checking '/home/tazimo/tazimo_ws/install/diffdrive_arduino/bin'
[11.746s] Level 1:colcon.colcon_core.environment:create_environment_scripts_only(diffdrive_arduino)
[11.748s] INFO:colcon.colcon_core.shell:Creating package script '/home/tazimo/tazimo_ws/install/diffdrive_arduino/share/diffdrive_arduino/package.ps1'
[11.753s] INFO:colcon.colcon_core.shell:Creating package descriptor '/home/tazimo/tazimo_ws/install/diffdrive_arduino/share/diffdrive_arduino/package.dsv'
[11.758s] INFO:colcon.colcon_core.shell:Creating package script '/home/tazimo/tazimo_ws/install/diffdrive_arduino/share/diffdrive_arduino/package.sh'
[11.761s] INFO:colcon.colcon_core.shell:Creating package script '/home/tazimo/tazimo_ws/install/diffdrive_arduino/share/diffdrive_arduino/package.bash'
[11.765s] INFO:colcon.colcon_core.shell:Creating package script '/home/tazimo/tazimo_ws/install/diffdrive_arduino/share/diffdrive_arduino/package.zsh'
[11.768s] Level 1:colcon.colcon_core.environment:create_file_with_runtime_dependencies(/home/tazimo/tazimo_ws/install/diffdrive_arduino/share/colcon-core/packages/diffdrive_arduino)
[11.774s] Level 1:colcon.colcon_core.environment:checking '/home/tazimo/tazimo_ws/install/cmdvel_to_serial' for CMake module files
[11.777s] DEBUG:colcon.colcon_core.event_handler.log_command:Invoked command in '/home/tazimo/tazimo_ws/src/cmdvel_to_serial' returned '0': PYTHONPATH=/home/tazimo/tazimo_ws/build/cmdvel_to_serial/prefix_override:/usr/lib/python3/dist-packages/colcon_core/task/python/colcon_distutils_commands:/home/tazimo/tazimo_ws/install/cmdvel_to_serial/lib/python3.10/site-packages:${PYTHONPATH} /usr/bin/python3 -W ignore:setup.py install is deprecated -W ignore:easy_install command is deprecated setup.py egg_info --egg-base ../../build/cmdvel_to_serial build --build-base /home/tazimo/tazimo_ws/build/cmdvel_to_serial/build install --record /home/tazimo/tazimo_ws/build/cmdvel_to_serial/install.log --single-version-externally-managed install_data
[11.779s] Level 1:colcon.colcon_core.environment:checking '/home/tazimo/tazimo_ws/install/cmdvel_to_serial' for CMake config files
[11.783s] Level 1:colcon.colcon_core.environment:checking '/home/tazimo/tazimo_ws/install/cmdvel_to_serial/lib'
[11.784s] Level 1:colcon.colcon_core.environment:checking '/home/tazimo/tazimo_ws/install/cmdvel_to_serial/bin'
[11.784s] Level 1:colcon.colcon_core.environment:checking '/home/tazimo/tazimo_ws/install/cmdvel_to_serial/lib/pkgconfig/cmdvel_to_serial.pc'
[11.786s] Level 1:colcon.colcon_core.environment:checking '/home/tazimo/tazimo_ws/install/cmdvel_to_serial/lib/python3.10/site-packages'
[11.786s] Level 1:colcon.colcon_core.shell:create_environment_hook('cmdvel_to_serial', 'pythonpath')
[11.788s] INFO:colcon.colcon_core.shell:Creating environment hook '/home/tazimo/tazimo_ws/install/cmdvel_to_serial/share/cmdvel_to_serial/hook/pythonpath.ps1'
[11.791s] INFO:colcon.colcon_core.shell:Creating environment descriptor '/home/tazimo/tazimo_ws/install/cmdvel_to_serial/share/cmdvel_to_serial/hook/pythonpath.dsv'
[11.794s] INFO:colcon.colcon_core.shell:Creating environment hook '/home/tazimo/tazimo_ws/install/cmdvel_to_serial/share/cmdvel_to_serial/hook/pythonpath.sh'
[11.798s] Level 1:colcon.colcon_core.environment:checking '/home/tazimo/tazimo_ws/install/cmdvel_to_serial/bin'
[11.798s] Level 1:colcon.colcon_core.environment:create_environment_scripts_only(cmdvel_to_serial)
[11.800s] INFO:colcon.colcon_core.shell:Creating package script '/home/tazimo/tazimo_ws/install/cmdvel_to_serial/share/cmdvel_to_serial/package.ps1'
[11.803s] INFO:colcon.colcon_core.shell:Creating package descriptor '/home/tazimo/tazimo_ws/install/cmdvel_to_serial/share/cmdvel_to_serial/package.dsv'
[11.805s] INFO:colcon.colcon_core.shell:Creating package script '/home/tazimo/tazimo_ws/install/cmdvel_to_serial/share/cmdvel_to_serial/package.sh'
[11.808s] INFO:colcon.colcon_core.shell:Creating package script '/home/tazimo/tazimo_ws/install/cmdvel_to_serial/share/cmdvel_to_serial/package.bash'
[11.811s] INFO:colcon.colcon_core.shell:Creating package script '/home/tazimo/tazimo_ws/install/cmdvel_to_serial/share/cmdvel_to_serial/package.zsh'
[11.814s] Level 1:colcon.colcon_core.environment:create_file_with_runtime_dependencies(/home/tazimo/tazimo_ws/install/cmdvel_to_serial/share/colcon-core/packages/cmdvel_to_serial)
[12.087s] Level 1:colcon.colcon_core.environment:checking '/home/tazimo/tazimo_ws/install/encoder_to_odom' for CMake module files
[12.089s] DEBUG:colcon.colcon_core.event_handler.log_command:Invoked command in '/home/tazimo/tazimo_ws/src/encoder_to_odom' returned '0': PYTHONPATH=/home/tazimo/tazimo_ws/build/encoder_to_odom/prefix_override:/usr/lib/python3/dist-packages/colcon_core/task/python/colcon_distutils_commands:/home/tazimo/tazimo_ws/install/encoder_to_odom/lib/python3.10/site-packages:${PYTHONPATH} /usr/bin/python3 -W ignore:setup.py install is deprecated -W ignore:easy_install command is deprecated setup.py egg_info --egg-base ../../build/encoder_to_odom build --build-base /home/tazimo/tazimo_ws/build/encoder_to_odom/build install --record /home/tazimo/tazimo_ws/build/encoder_to_odom/install.log --single-version-externally-managed install_data
[12.091s] Level 1:colcon.colcon_core.environment:checking '/home/tazimo/tazimo_ws/install/encoder_to_odom' for CMake config files
[12.096s] Level 1:colcon.colcon_core.environment:checking '/home/tazimo/tazimo_ws/install/encoder_to_odom/lib'
[12.097s] Level 1:colcon.colcon_core.environment:checking '/home/tazimo/tazimo_ws/install/encoder_to_odom/bin'
[12.098s] Level 1:colcon.colcon_core.environment:checking '/home/tazimo/tazimo_ws/install/encoder_to_odom/lib/pkgconfig/encoder_to_odom.pc'
[12.099s] Level 1:colcon.colcon_core.environment:checking '/home/tazimo/tazimo_ws/install/encoder_to_odom/lib/python3.10/site-packages'
[12.099s] Level 1:colcon.colcon_core.shell:create_environment_hook('encoder_to_odom', 'pythonpath')
[12.100s] INFO:colcon.colcon_core.shell:Creating environment hook '/home/tazimo/tazimo_ws/install/encoder_to_odom/share/encoder_to_odom/hook/pythonpath.ps1'
[12.102s] INFO:colcon.colcon_core.shell:Creating environment descriptor '/home/tazimo/tazimo_ws/install/encoder_to_odom/share/encoder_to_odom/hook/pythonpath.dsv'
[12.104s] INFO:colcon.colcon_core.shell:Creating environment hook '/home/tazimo/tazimo_ws/install/encoder_to_odom/share/encoder_to_odom/hook/pythonpath.sh'
[12.108s] Level 1:colcon.colcon_core.environment:checking '/home/tazimo/tazimo_ws/install/encoder_to_odom/bin'
[12.108s] Level 1:colcon.colcon_core.environment:create_environment_scripts_only(encoder_to_odom)
[12.110s] INFO:colcon.colcon_core.shell:Creating package script '/home/tazimo/tazimo_ws/install/encoder_to_odom/share/encoder_to_odom/package.ps1'
[12.112s] INFO:colcon.colcon_core.shell:Creating package descriptor '/home/tazimo/tazimo_ws/install/encoder_to_odom/share/encoder_to_odom/package.dsv'
[12.115s] INFO:colcon.colcon_core.shell:Creating package script '/home/tazimo/tazimo_ws/install/encoder_to_odom/share/encoder_to_odom/package.sh'
[12.117s] INFO:colcon.colcon_core.shell:Creating package script '/home/tazimo/tazimo_ws/install/encoder_to_odom/share/encoder_to_odom/package.bash'
[12.120s] INFO:colcon.colcon_core.shell:Creating package script '/home/tazimo/tazimo_ws/install/encoder_to_odom/share/encoder_to_odom/package.zsh'
[12.122s] Level 1:colcon.colcon_core.environment:create_file_with_runtime_dependencies(/home/tazimo/tazimo_ws/install/encoder_to_odom/share/colcon-core/packages/encoder_to_odom)
[12.124s] DEBUG:colcon.colcon_parallel_executor.executor.parallel:closing loop
[12.131s] DEBUG:colcon.colcon_parallel_executor.executor.parallel:loop closed
[12.131s] DEBUG:colcon.colcon_parallel_executor.executor.parallel:run_until_complete finished with '0'
[12.132s] DEBUG:colcon.colcon_core.event_reactor:joining thread
[12.160s] INFO:colcon.colcon_core.plugin_system:Skipping extension 'colcon_notification.desktop_notification.notify_send': Could not find 'notify-send'
[12.160s] INFO:colcon.colcon_core.plugin_system:Skipping extension 'colcon_notification.desktop_notification.terminal_notifier': Not used on non-Darwin systems
[12.160s] INFO:colcon.colcon_core.plugin_system:Skipping extension 'colcon_notification.desktop_notification.win32': Not used on non-Windows systems
[12.161s] INFO:colcon.colcon_notification.desktop_notification:Sending desktop notification using 'notify2'
[12.165s] DEBUG:colcon.colcon_notification.desktop_notification.notify2:Failed to initialize notify2: org.freedesktop.DBus.Error.ServiceUnknown: The name org.freedesktop.Notifications was not provided by any .service files
[12.165s] DEBUG:colcon.colcon_core.event_reactor:joined thread
[12.167s] INFO:colcon.colcon_core.shell:Creating prefix script '/home/tazimo/tazimo_ws/install/local_setup.ps1'
[12.170s] INFO:colcon.colcon_core.shell:Creating prefix util module '/home/tazimo/tazimo_ws/install/_local_setup_util_ps1.py'
[12.177s] INFO:colcon.colcon_core.shell:Creating prefix chain script '/home/tazimo/tazimo_ws/install/setup.ps1'
[12.183s] INFO:colcon.colcon_core.shell:Creating prefix script '/home/tazimo/tazimo_ws/install/local_setup.sh'
[12.187s] INFO:colcon.colcon_core.shell:Creating prefix util module '/home/tazimo/tazimo_ws/install/_local_setup_util_sh.py'
[12.190s] INFO:colcon.colcon_core.shell:Creating prefix chain script '/home/tazimo/tazimo_ws/install/setup.sh'
[12.197s] INFO:colcon.colcon_core.shell:Creating prefix script '/home/tazimo/tazimo_ws/install/local_setup.bash'
[12.199s] INFO:colcon.colcon_core.shell:Creating prefix chain script '/home/tazimo/tazimo_ws/install/setup.bash'
[12.206s] INFO:colcon.colcon_core.shell:Creating prefix script '/home/tazimo/tazimo_ws/install/local_setup.zsh'
[12.209s] INFO:colcon.colcon_core.shell:Creating prefix chain script '/home/tazimo/tazimo_ws/install/setup.zsh'
