[3.799s] Invoking command in '/home/tazimo/tazimo_ws/build/my_bot': CMAKE_PREFIX_PATH=/home/tazimo/tazimo_ws/install/diffdrive_arduino:/opt/ros/humble /usr/bin/cmake /home/tazimo/tazimo_ws/src/my_bot -DCMAKE_INSTALL_PREFIX=/home/tazimo/tazimo_ws/install/my_bot
[4.141s] -- The C compiler identification is GNU 11.4.0
[4.531s] -- The CXX compiler identification is GNU 11.4.0
[4.569s] -- Detecting C compiler ABI info
[5.035s] -- Detecting C compiler ABI info - done
[5.070s] -- Check for working C compiler: /usr/bin/cc - skipped
[5.073s] -- Detecting C compile features
[5.076s] -- Detecting C compile features - done
[5.096s] -- Detecting CXX compiler ABI info
[5.567s] -- Detecting CXX compiler ABI info - done
[5.635s] -- Check for working CXX compiler: /usr/bin/c++ - skipped
[5.638s] -- Detecting CXX compile features
[5.641s] -- Detecting CXX compile features - done
[5.700s] -- Found ament_cmake: 1.3.12 (/opt/ros/humble/share/ament_cmake/cmake)
[6.888s] -- Found Python3: /usr/bin/python3 (found version "3.10.12") found components: Interpreter 
[7.734s] -- Found ament_lint_auto: 0.12.14 (/opt/ros/humble/share/ament_lint_auto/cmake)
[8.563s] -- Added test 'copyright' to check source files copyright and LICENSE
[8.714s] -- Added test 'flake8' to check Python code syntax and style conventions
[8.754s] -- Added test 'lint_cmake' to check CMake code style
[8.770s] -- Added test 'pep257' to check Python code against some of the docstring style conventions in PEP 257
[8.842s] -- Added test 'xmllint' to check XML markup files
[8.868s] -- Configuring done
[8.889s] -- Generating done
[8.900s] -- Build files have been written to: /home/tazimo/tazimo_ws/build/my_bot
[8.976s] Invoked command in '/home/tazimo/tazimo_ws/build/my_bot' returned '0': CMAKE_PREFIX_PATH=/home/tazimo/tazimo_ws/install/diffdrive_arduino:/opt/ros/humble /usr/bin/cmake /home/tazimo/tazimo_ws/src/my_bot -DCMAKE_INSTALL_PREFIX=/home/tazimo/tazimo_ws/install/my_bot
[8.988s] Invoking command in '/home/tazimo/tazimo_ws/build/my_bot': CMAKE_PREFIX_PATH=/home/tazimo/tazimo_ws/install/diffdrive_arduino:/opt/ros/humble /usr/bin/cmake --build /home/tazimo/tazimo_ws/build/my_bot -- -j4 -l4
[9.154s] Invoked command in '/home/tazimo/tazimo_ws/build/my_bot' returned '0': CMAKE_PREFIX_PATH=/home/tazimo/tazimo_ws/install/diffdrive_arduino:/opt/ros/humble /usr/bin/cmake --build /home/tazimo/tazimo_ws/build/my_bot -- -j4 -l4
[9.203s] Invoking command in '/home/tazimo/tazimo_ws/build/my_bot': CMAKE_PREFIX_PATH=/home/tazimo/tazimo_ws/install/diffdrive_arduino:/opt/ros/humble /usr/bin/cmake --install /home/tazimo/tazimo_ws/build/my_bot
[9.235s] -- Install configuration: ""
[9.237s] -- Installing: /home/tazimo/tazimo_ws/install/my_bot/share/my_bot/config
[9.238s] -- Installing: /home/tazimo/tazimo_ws/install/my_bot/share/my_bot/config/default_view.rviz
[9.240s] -- Installing: /home/tazimo/tazimo_ws/install/my_bot/share/my_bot/config/gazebo_params.yaml
[9.240s] -- Installing: /home/tazimo/tazimo_ws/install/my_bot/share/my_bot/config/gaz_ros2_ctl_use_sim.yaml
[9.243s] -- Installing: /home/tazimo/tazimo_ws/install/my_bot/share/my_bot/config/mapper_params_online_async.yaml
[9.245s] -- Installing: /home/tazimo/tazimo_ws/install/my_bot/share/my_bot/config/view_bot.rviz
[9.248s] -- Installing: /home/tazimo/tazimo_ws/install/my_bot/share/my_bot/config/main.rviz
[9.248s] -- Installing: /home/tazimo/tazimo_ws/install/my_bot/share/my_bot/config/my_controllers.yaml
[9.250s] -- Installing: /home/tazimo/tazimo_ws/install/my_bot/share/my_bot/config/empty.yaml
[9.252s] -- Installing: /home/tazimo/tazimo_ws/install/my_bot/share/my_bot/config/main_bot.rviz
[9.254s] -- Installing: /home/tazimo/tazimo_ws/install/my_bot/share/my_bot/config/drive_bot.rviz
[9.255s] -- Installing: /home/tazimo/tazimo_ws/install/my_bot/share/my_bot/description
[9.258s] -- Installing: /home/tazimo/tazimo_ws/install/my_bot/share/my_bot/description/inertial_macros.xacro
[9.260s] -- Installing: /home/tazimo/tazimo_ws/install/my_bot/share/my_bot/description/ros2_control.xacro
[9.262s] -- Installing: /home/tazimo/tazimo_ws/install/my_bot/share/my_bot/description/robot.urdf.xacro
[9.264s] -- Installing: /home/tazimo/tazimo_ws/install/my_bot/share/my_bot/description/lidar.xacro
[9.265s] -- Installing: /home/tazimo/tazimo_ws/install/my_bot/share/my_bot/description/ROS2.xacro
[9.266s] -- Installing: /home/tazimo/tazimo_ws/install/my_bot/share/my_bot/description/robot_core.xacro
[9.268s] -- Installing: /home/tazimo/tazimo_ws/install/my_bot/share/my_bot/description/gazebo_control.xacro
[9.269s] -- Installing: /home/tazimo/tazimo_ws/install/my_bot/share/my_bot/launch
[9.275s] -- Installing: /home/tazimo/tazimo_ws/install/my_bot/share/my_bot/launch/rsp.launch.py
[9.277s] -- Installing: /home/tazimo/tazimo_ws/install/my_bot/share/my_bot/launch/launch_robot.launch.py
[9.279s] -- Installing: /home/tazimo/tazimo_ws/install/my_bot/share/my_bot/launch/bringup.launch.py
[9.283s] -- Installing: /home/tazimo/tazimo_ws/install/my_bot/share/my_bot/launch/launch_sim.launch.py
[9.283s] -- Installing: /home/tazimo/tazimo_ws/install/my_bot/share/my_bot/launch/online_async_launch.py
[9.285s] -- Installing: /home/tazimo/tazimo_ws/install/my_bot/share/my_bot/launch/rplidar.launch.py
[9.286s] -- Installing: /home/tazimo/tazimo_ws/install/my_bot/share/my_bot/worlds
[9.288s] -- Installing: /home/tazimo/tazimo_ws/install/my_bot/share/my_bot/worlds/obstacles.world
[9.289s] -- Installing: /home/tazimo/tazimo_ws/install/my_bot/share/my_bot/worlds/custom_world.world
[9.294s] -- Installing: /home/tazimo/tazimo_ws/install/my_bot/share/my_bot/worlds/empty.world
[9.298s] -- Installing: /home/tazimo/tazimo_ws/install/my_bot/share/ament_index/resource_index/package_run_dependencies/my_bot
[9.302s] -- Installing: /home/tazimo/tazimo_ws/install/my_bot/share/ament_index/resource_index/parent_prefix_path/my_bot
[9.303s] -- Installing: /home/tazimo/tazimo_ws/install/my_bot/share/my_bot/environment/ament_prefix_path.sh
[9.303s] -- Installing: /home/tazimo/tazimo_ws/install/my_bot/share/my_bot/environment/ament_prefix_path.dsv
[9.304s] -- Installing: /home/tazimo/tazimo_ws/install/my_bot/share/my_bot/environment/path.sh
[9.305s] -- Installing: /home/tazimo/tazimo_ws/install/my_bot/share/my_bot/environment/path.dsv
[9.306s] -- Installing: /home/tazimo/tazimo_ws/install/my_bot/share/my_bot/local_setup.bash
[9.307s] -- Installing: /home/tazimo/tazimo_ws/install/my_bot/share/my_bot/local_setup.sh
[9.309s] -- Installing: /home/tazimo/tazimo_ws/install/my_bot/share/my_bot/local_setup.zsh
[9.309s] -- Installing: /home/tazimo/tazimo_ws/install/my_bot/share/my_bot/local_setup.dsv
[9.310s] -- Installing: /home/tazimo/tazimo_ws/install/my_bot/share/my_bot/package.dsv
[9.311s] -- Installing: /home/tazimo/tazimo_ws/install/my_bot/share/ament_index/resource_index/packages/my_bot
[9.313s] -- Installing: /home/tazimo/tazimo_ws/install/my_bot/share/my_bot/cmake/my_botConfig.cmake
[9.313s] -- Installing: /home/tazimo/tazimo_ws/install/my_bot/share/my_bot/cmake/my_botConfig-version.cmake
[9.314s] -- Installing: /home/tazimo/tazimo_ws/install/my_bot/share/my_bot/package.xml
[9.315s] Invoked command in '/home/tazimo/tazimo_ws/build/my_bot' returned '0': CMAKE_PREFIX_PATH=/home/tazimo/tazimo_ws/install/diffdrive_arduino:/opt/ros/humble /usr/bin/cmake --install /home/tazimo/tazimo_ws/build/my_bot
