[0.101s] Invoking command in '/home/tazimo/tazimo_ws/build/vel-to-ser': CMAKE_PREFIX_PATH=/home/tazimo/tazimo_ws/install/diffdrive_arduino:/opt/ros/humble /usr/bin/cmake /home/tazimo/tazimo_ws/src/vel-to-ser -DCMAKE_INSTALL_PREFIX=/home/tazimo/tazimo_ws/install/vel-to-ser
[0.401s] -- The C compiler identification is GNU 11.4.0
[0.653s] -- The CXX compiler identification is GNU 11.4.0
[0.682s] -- Detecting C compiler ABI info
[1.012s] -- Detecting C compiler ABI info - done
[1.039s] -- Check for working C compiler: /usr/bin/cc - skipped
[1.040s] -- Detecting C compile features
[1.042s] -- Detecting C compile features - done
[1.055s] -- Detecting CXX compiler ABI info
[1.421s] -- Detecting CXX compiler ABI info - done
[1.451s] -- Check for working CXX compiler: /usr/bin/c++ - skipped
[1.452s] -- Detecting CXX compile features
[1.454s] -- Detecting CXX compile features - done
[1.489s] -- Found ament_cmake: 1.3.12 (/opt/ros/humble/share/ament_cmake/cmake)
[2.338s] -- Found Python3: /usr/bin/python3 (found version "3.10.12") found components: Interpreter 
[3.020s] -- Found rclpy: 3.3.17 (/opt/ros/humble/share/rclpy/cmake)
[3.045s] -- Found geometry_msgs: 4.9.0 (/opt/ros/humble/share/geometry_msgs/cmake)
[3.411s] -- Found rosidl_generator_c: 3.1.7 (/opt/ros/humble/share/rosidl_generator_c/cmake)
[3.471s] -- Found rosidl_adapter: 3.1.7 (/opt/ros/humble/share/rosidl_adapter/cmake)
[3.548s] -- Found rosidl_generator_cpp: 3.1.7 (/opt/ros/humble/share/rosidl_generator_cpp/cmake)
[3.636s] -- Using all available rosidl_typesupport_c: rosidl_typesupport_fastrtps_c;rosidl_typesupport_introspection_c
[3.758s] -- Using all available rosidl_typesupport_cpp: rosidl_typesupport_fastrtps_cpp;rosidl_typesupport_introspection_cpp
[3.977s] -- Found ament_lint_auto: 0.12.14 (/opt/ros/humble/share/ament_lint_auto/cmake)
[4.461s] -- Added test 'flake8' to check Python code syntax and style conventions
[4.464s] -- Added test 'lint_cmake' to check CMake code style
[4.466s] -- Added test 'pep257' to check Python code against some of the docstring style conventions in PEP 257
[4.474s] -- Added test 'xmllint' to check XML markup files
[4.483s] -- Configuring done
[4.512s] -- Generating done
[4.522s] -- Build files have been written to: /home/tazimo/tazimo_ws/build/vel-to-ser
[4.549s] Invoked command in '/home/tazimo/tazimo_ws/build/vel-to-ser' returned '0': CMAKE_PREFIX_PATH=/home/tazimo/tazimo_ws/install/diffdrive_arduino:/opt/ros/humble /usr/bin/cmake /home/tazimo/tazimo_ws/src/vel-to-ser -DCMAKE_INSTALL_PREFIX=/home/tazimo/tazimo_ws/install/vel-to-ser
[4.557s] Invoking command in '/home/tazimo/tazimo_ws/build/vel-to-ser': CMAKE_PREFIX_PATH=/home/tazimo/tazimo_ws/install/diffdrive_arduino:/opt/ros/humble /usr/bin/cmake --build /home/tazimo/tazimo_ws/build/vel-to-ser -- -j4 -l4
[4.696s] Invoked command in '/home/tazimo/tazimo_ws/build/vel-to-ser' returned '0': CMAKE_PREFIX_PATH=/home/tazimo/tazimo_ws/install/diffdrive_arduino:/opt/ros/humble /usr/bin/cmake --build /home/tazimo/tazimo_ws/build/vel-to-ser -- -j4 -l4
[4.704s] Invoking command in '/home/tazimo/tazimo_ws/build/vel-to-ser': CMAKE_PREFIX_PATH=/home/tazimo/tazimo_ws/install/diffdrive_arduino:/opt/ros/humble /usr/bin/cmake --install /home/tazimo/tazimo_ws/build/vel-to-ser
[4.728s] -- Install configuration: ""
[4.729s] -- Installing: /home/tazimo/tazimo_ws/install/vel-to-ser/lib/vel-to-ser/cmdvel_to_serial_node.py
[4.731s] -- Installing: /home/tazimo/tazimo_ws/install/vel-to-ser/share/ament_index/resource_index/package_run_dependencies/vel-to-ser
[4.733s] -- Installing: /home/tazimo/tazimo_ws/install/vel-to-ser/share/ament_index/resource_index/parent_prefix_path/vel-to-ser
[4.735s] -- Installing: /home/tazimo/tazimo_ws/install/vel-to-ser/share/vel-to-ser/environment/ament_prefix_path.sh
[4.736s] -- Installing: /home/tazimo/tazimo_ws/install/vel-to-ser/share/vel-to-ser/environment/ament_prefix_path.dsv
[4.737s] -- Installing: /home/tazimo/tazimo_ws/install/vel-to-ser/share/vel-to-ser/environment/path.sh
[4.738s] -- Installing: /home/tazimo/tazimo_ws/install/vel-to-ser/share/vel-to-ser/environment/path.dsv
[4.740s] -- Installing: /home/tazimo/tazimo_ws/install/vel-to-ser/share/vel-to-ser/local_setup.bash
[4.741s] -- Installing: /home/tazimo/tazimo_ws/install/vel-to-ser/share/vel-to-ser/local_setup.sh
[4.743s] -- Installing: /home/tazimo/tazimo_ws/install/vel-to-ser/share/vel-to-ser/local_setup.zsh
[4.744s] -- Installing: /home/tazimo/tazimo_ws/install/vel-to-ser/share/vel-to-ser/local_setup.dsv
[4.745s] -- Installing: /home/tazimo/tazimo_ws/install/vel-to-ser/share/vel-to-ser/package.dsv
[4.747s] -- Installing: /home/tazimo/tazimo_ws/install/vel-to-ser/share/ament_index/resource_index/packages/vel-to-ser
[4.748s] -- Installing: /home/tazimo/tazimo_ws/install/vel-to-ser/share/vel-to-ser/cmake/vel-to-serConfig.cmake
[4.749s] -- Installing: /home/tazimo/tazimo_ws/install/vel-to-ser/share/vel-to-ser/cmake/vel-to-serConfig-version.cmake
[4.751s] -- Installing: /home/tazimo/tazimo_ws/install/vel-to-ser/share/vel-to-ser/package.xml
[4.759s] Invoked command in '/home/tazimo/tazimo_ws/build/vel-to-ser' returned '0': CMAKE_PREFIX_PATH=/home/tazimo/tazimo_ws/install/diffdrive_arduino:/opt/ros/humble /usr/bin/cmake --install /home/tazimo/tazimo_ws/build/vel-to-ser
