[0.051s] Invoking command in '/home/tazimo/tazimo_ws/build/vel-to-ser': CMAKE_PREFIX_PATH=/opt/ros/humble /usr/bin/cmake --build /home/tazimo/tazimo_ws/build/vel-to-ser -- -j4 -l4
[0.213s] Invoked command in '/home/tazimo/tazimo_ws/build/vel-to-ser' returned '0': CMAKE_PREFIX_PATH=/opt/ros/humble /usr/bin/cmake --build /home/tazimo/tazimo_ws/build/vel-to-ser -- -j4 -l4
[0.238s] Invoking command in '/home/tazimo/tazimo_ws/build/vel-to-ser': CMAKE_PREFIX_PATH=/opt/ros/humble /usr/bin/cmake --install /home/tazimo/tazimo_ws/build/vel-to-ser
[0.271s] -- Install configuration: ""
[0.274s] -- Execute custom install script
[0.276s] -- Up-to-date symlink: /home/tazimo/tazimo_ws/install/vel-to-ser/lib/vel-to-ser/cmdvel_to_serial_node.py
[0.277s] -- Up-to-date symlink: /home/tazimo/tazimo_ws/install/vel-to-ser/share/ament_index/resource_index/package_run_dependencies/vel-to-ser
[0.279s] -- Up-to-date symlink: /home/tazimo/tazimo_ws/install/vel-to-ser/share/ament_index/resource_index/parent_prefix_path/vel-to-ser
[0.280s] -- Up-to-date symlink: /home/tazimo/tazimo_ws/install/vel-to-ser/share/vel-to-ser/environment/ament_prefix_path.sh
[0.281s] -- Up-to-date symlink: /home/tazimo/tazimo_ws/install/vel-to-ser/share/vel-to-ser/environment/ament_prefix_path.dsv
[0.283s] -- Up-to-date symlink: /home/tazimo/tazimo_ws/install/vel-to-ser/share/vel-to-ser/environment/path.sh
[0.284s] -- Up-to-date symlink: /home/tazimo/tazimo_ws/install/vel-to-ser/share/vel-to-ser/environment/path.dsv
[0.285s] -- Up-to-date symlink: /home/tazimo/tazimo_ws/install/vel-to-ser/share/vel-to-ser/local_setup.bash
[0.286s] -- Up-to-date symlink: /home/tazimo/tazimo_ws/install/vel-to-ser/share/vel-to-ser/local_setup.sh
[0.287s] -- Up-to-date symlink: /home/tazimo/tazimo_ws/install/vel-to-ser/share/vel-to-ser/local_setup.zsh
[0.294s] -- Up-to-date symlink: /home/tazimo/tazimo_ws/install/vel-to-ser/share/vel-to-ser/local_setup.dsv
[0.295s] -- Symlinking: /home/tazimo/tazimo_ws/install/vel-to-ser/share/vel-to-ser/package.dsv
[0.346s] -- Up-to-date symlink: /home/tazimo/tazimo_ws/install/vel-to-ser/share/ament_index/resource_index/packages/vel-to-ser
[0.347s] -- Up-to-date symlink: /home/tazimo/tazimo_ws/install/vel-to-ser/share/vel-to-ser/cmake/vel-to-serConfig.cmake
[0.348s] -- Up-to-date symlink: /home/tazimo/tazimo_ws/install/vel-to-ser/share/vel-to-ser/cmake/vel-to-serConfig-version.cmake
[0.349s] -- Up-to-date symlink: /home/tazimo/tazimo_ws/install/vel-to-ser/share/vel-to-ser/package.xml
[0.366s] Invoked command in '/home/tazimo/tazimo_ws/build/vel-to-ser' returned '0': CMAKE_PREFIX_PATH=/opt/ros/humble /usr/bin/cmake --install /home/tazimo/tazimo_ws/build/vel-to-ser
