[7.264s] Invoking command in '/home/tazimo/tazimo_ws/src/cmdvel_to_serial': PYTHONPATH=/home/tazimo/tazimo_ws/build/cmdvel_to_serial/prefix_override:/usr/lib/python3/dist-packages/colcon_core/task/python/colcon_distutils_commands:/home/tazimo/tazimo_ws/install/cmdvel_to_serial/lib/python3.10/site-packages:${PYTHONPATH} /usr/bin/python3 -W ignore:setup.py install is deprecated -W ignore:easy_install command is deprecated setup.py egg_info --egg-base ../../build/cmdvel_to_serial build --build-base /home/tazimo/tazimo_ws/build/cmdvel_to_serial/build install --record /home/tazimo/tazimo_ws/build/cmdvel_to_serial/install.log --single-version-externally-managed install_data
[9.173s] running egg_info
[9.177s] writing ../../build/cmdvel_to_serial/cmdvel_to_serial.egg-info/PKG-INFO
[9.179s] writing dependency_links to ../../build/cmdvel_to_serial/cmdvel_to_serial.egg-info/dependency_links.txt
[9.182s] writing entry points to ../../build/cmdvel_to_serial/cmdvel_to_serial.egg-info/entry_points.txt
[9.187s] writing requirements to ../../build/cmdvel_to_serial/cmdvel_to_serial.egg-info/requires.txt
[9.190s] writing top-level names to ../../build/cmdvel_to_serial/cmdvel_to_serial.egg-info/top_level.txt
[9.193s] reading manifest file '../../build/cmdvel_to_serial/cmdvel_to_serial.egg-info/SOURCES.txt'
[9.197s] writing manifest file '../../build/cmdvel_to_serial/cmdvel_to_serial.egg-info/SOURCES.txt'
[9.200s] running build
[9.202s] running build_py
[9.211s] running install
[9.211s] running install_lib
[9.218s] running install_data
[9.219s] running install_egg_info
[9.223s] removing '/home/tazimo/tazimo_ws/install/cmdvel_to_serial/lib/python3.10/site-packages/cmdvel_to_serial-0.0.0-py3.10.egg-info' (and everything under it)
[9.228s] Copying ../../build/cmdvel_to_serial/cmdvel_to_serial.egg-info to /home/tazimo/tazimo_ws/install/cmdvel_to_serial/lib/python3.10/site-packages/cmdvel_to_serial-0.0.0-py3.10.egg-info
[9.234s] running install_scripts
[9.330s] Installing cmdvel_to_serial script to /home/tazimo/tazimo_ws/install/cmdvel_to_serial/lib/cmdvel_to_serial
[9.334s] writing list of installed files to '/home/tazimo/tazimo_ws/build/cmdvel_to_serial/install.log'
[9.512s] Invoked command in '/home/tazimo/tazimo_ws/src/cmdvel_to_serial' returned '0': PYTHONPATH=/home/tazimo/tazimo_ws/build/cmdvel_to_serial/prefix_override:/usr/lib/python3/dist-packages/colcon_core/task/python/colcon_distutils_commands:/home/tazimo/tazimo_ws/install/cmdvel_to_serial/lib/python3.10/site-packages:${PYTHONPATH} /usr/bin/python3 -W ignore:setup.py install is deprecated -W ignore:easy_install command is deprecated setup.py egg_info --egg-base ../../build/cmdvel_to_serial build --build-base /home/tazimo/tazimo_ws/build/cmdvel_to_serial/build install --record /home/tazimo/tazimo_ws/build/cmdvel_to_serial/install.log --single-version-externally-managed install_data
