[0.664s] DEBUG:colcon:Command line arguments: ['/usr/bin/colcon', 'build']
[0.665s] DEBUG:colcon:Parsed command line arguments: Namespace(log_base=None, log_level=None, verb_name='build', build_base='build', install_base='install', merge_install=False, symlink_install=False, test_result_base=None, continue_on_error=False, executor='parallel', parallel_workers=4, event_handlers=None, ignore_user_meta=False, metas=['./colcon.meta'], base_paths=['.'], packages_ignore=None, packages_ignore_regex=None, paths=None, packages_up_to=None, packages_up_to_regex=None, packages_above=None, packages_above_and_dependencies=None, packages_above_depth=None, packages_select_by_dep=None, packages_skip_by_dep=None, packages_skip_up_to=None, packages_select_build_failed=False, packages_skip_build_finished=False, packages_select_test_failures=False, packages_skip_test_passed=False, packages_select=None, packages_skip=None, packages_select_regex=None, packages_skip_regex=None, packages_start=None, packages_end=None, allow_overriding=[], cmake_args=None, cmake_target=None, cmake_target_skip_unavailable=False, cmake_clean_cache=False, cmake_clean_first=False, cmake_force_configure=False, ament_cmake_args=None, catkin_cmake_args=None, catkin_skip_building_tests=False, mixin_files=None, mixin=None, verb_parser=<colcon_mixin.mixin.mixin_argument.MixinArgumentDecorator object at 0xffff8e002620>, verb_extension=<colcon_core.verb.build.BuildVerb object at 0xffff8e002170>, main=<bound method BuildVerb.main of <colcon_core.verb.build.BuildVerb object at 0xffff8e002170>>, mixin_verb=('build',))
[2.089s] Level 1:colcon.colcon_core.package_discovery:discover_packages(colcon_meta) check parameters
[2.090s] Level 1:colcon.colcon_core.package_discovery:discover_packages(recursive) check parameters
[2.090s] Level 1:colcon.colcon_core.package_discovery:discover_packages(ignore) check parameters
[2.090s] Level 1:colcon.colcon_core.package_discovery:discover_packages(path) check parameters
[2.090s] Level 1:colcon.colcon_core.package_discovery:discover_packages(colcon_meta) discover
[2.090s] Level 1:colcon.colcon_core.package_discovery:discover_packages(recursive) discover
[2.091s] INFO:colcon.colcon_core.package_discovery:Crawling recursively for packages in '/home/tazimo/tazimo_ws'
[2.091s] Level 1:colcon.colcon_core.package_identification:_identify(.) by extensions ['ignore', 'ignore_ament_install']
[2.092s] Level 1:colcon.colcon_core.package_identification:_identify(.) by extension 'ignore'
[2.092s] Level 1:colcon.colcon_core.package_identification:_identify(.) by extension 'ignore_ament_install'
[2.092s] Level 1:colcon.colcon_core.package_identification:_identify(.) by extensions ['colcon_pkg']
[2.093s] Level 1:colcon.colcon_core.package_identification:_identify(.) by extension 'colcon_pkg'
[2.093s] Level 1:colcon.colcon_core.package_identification:_identify(.) by extensions ['colcon_meta']
[2.093s] Level 1:colcon.colcon_core.package_identification:_identify(.) by extension 'colcon_meta'
[2.093s] Level 1:colcon.colcon_core.package_identification:_identify(.) by extensions ['ros']
[2.093s] Level 1:colcon.colcon_core.package_identification:_identify(.) by extension 'ros'
[2.171s] Level 1:colcon.colcon_core.package_identification:_identify(.) by extensions ['cmake', 'python']
[2.171s] Level 1:colcon.colcon_core.package_identification:_identify(.) by extension 'cmake'
[2.171s] Level 1:colcon.colcon_core.package_identification:_identify(.) by extension 'python'
[2.172s] Level 1:colcon.colcon_core.package_identification:_identify(.) by extensions ['python_setup_py']
[2.172s] Level 1:colcon.colcon_core.package_identification:_identify(.) by extension 'python_setup_py'
[2.173s] Level 1:colcon.colcon_core.package_identification:_identify(build) by extensions ['ignore', 'ignore_ament_install']
[2.174s] Level 1:colcon.colcon_core.package_identification:_identify(build) by extension 'ignore'
[2.174s] Level 1:colcon.colcon_core.package_identification:_identify(build) ignored
[2.175s] Level 1:colcon.colcon_core.package_identification:_identify(install) by extensions ['ignore', 'ignore_ament_install']
[2.176s] Level 1:colcon.colcon_core.package_identification:_identify(install) by extension 'ignore'
[2.176s] Level 1:colcon.colcon_core.package_identification:_identify(install) ignored
[2.177s] Level 1:colcon.colcon_core.package_identification:_identify(log) by extensions ['ignore', 'ignore_ament_install']
[2.178s] Level 1:colcon.colcon_core.package_identification:_identify(log) by extension 'ignore'
[2.179s] Level 1:colcon.colcon_core.package_identification:_identify(log) ignored
[2.179s] Level 1:colcon.colcon_core.package_identification:_identify(src) by extensions ['ignore', 'ignore_ament_install']
[2.180s] Level 1:colcon.colcon_core.package_identification:_identify(src) by extension 'ignore'
[2.180s] Level 1:colcon.colcon_core.package_identification:_identify(src) by extension 'ignore_ament_install'
[2.181s] Level 1:colcon.colcon_core.package_identification:_identify(src) by extensions ['colcon_pkg']
[2.181s] Level 1:colcon.colcon_core.package_identification:_identify(src) by extension 'colcon_pkg'
[2.182s] Level 1:colcon.colcon_core.package_identification:_identify(src) by extensions ['colcon_meta']
[2.182s] Level 1:colcon.colcon_core.package_identification:_identify(src) by extension 'colcon_meta'
[2.182s] Level 1:colcon.colcon_core.package_identification:_identify(src) by extensions ['ros']
[2.182s] Level 1:colcon.colcon_core.package_identification:_identify(src) by extension 'ros'
[2.183s] Level 1:colcon.colcon_core.package_identification:_identify(src) by extensions ['cmake', 'python']
[2.183s] Level 1:colcon.colcon_core.package_identification:_identify(src) by extension 'cmake'
[2.184s] Level 1:colcon.colcon_core.package_identification:_identify(src) by extension 'python'
[2.184s] Level 1:colcon.colcon_core.package_identification:_identify(src) by extensions ['python_setup_py']
[2.184s] Level 1:colcon.colcon_core.package_identification:_identify(src) by extension 'python_setup_py'
[2.185s] Level 1:colcon.colcon_core.package_identification:_identify(src/DiffDr) by extensions ['ignore', 'ignore_ament_install']
[2.186s] Level 1:colcon.colcon_core.package_identification:_identify(src/DiffDr) by extension 'ignore'
[2.186s] Level 1:colcon.colcon_core.package_identification:_identify(src/DiffDr) by extension 'ignore_ament_install'
[2.186s] Level 1:colcon.colcon_core.package_identification:_identify(src/DiffDr) by extensions ['colcon_pkg']
[2.187s] Level 1:colcon.colcon_core.package_identification:_identify(src/DiffDr) by extension 'colcon_pkg'
[2.187s] Level 1:colcon.colcon_core.package_identification:_identify(src/DiffDr) by extensions ['colcon_meta']
[2.187s] Level 1:colcon.colcon_core.package_identification:_identify(src/DiffDr) by extension 'colcon_meta'
[2.188s] Level 1:colcon.colcon_core.package_identification:_identify(src/DiffDr) by extensions ['ros']
[2.188s] Level 1:colcon.colcon_core.package_identification:_identify(src/DiffDr) by extension 'ros'
[2.202s] DEBUG:colcon.colcon_core.package_identification:Package 'src/DiffDr' with type 'ros.ament_cmake' and name 'DiffDr'
[2.203s] Level 1:colcon.colcon_core.package_identification:_identify(src/build) by extensions ['ignore', 'ignore_ament_install']
[2.204s] Level 1:colcon.colcon_core.package_identification:_identify(src/build) by extension 'ignore'
[2.204s] Level 1:colcon.colcon_core.package_identification:_identify(src/build) ignored
[2.205s] Level 1:colcon.colcon_core.package_identification:_identify(src/cmdvel_to_serial) by extensions ['ignore', 'ignore_ament_install']
[2.206s] Level 1:colcon.colcon_core.package_identification:_identify(src/cmdvel_to_serial) by extension 'ignore'
[2.206s] Level 1:colcon.colcon_core.package_identification:_identify(src/cmdvel_to_serial) by extension 'ignore_ament_install'
[2.207s] Level 1:colcon.colcon_core.package_identification:_identify(src/cmdvel_to_serial) by extensions ['colcon_pkg']
[2.207s] Level 1:colcon.colcon_core.package_identification:_identify(src/cmdvel_to_serial) by extension 'colcon_pkg'
[2.207s] Level 1:colcon.colcon_core.package_identification:_identify(src/cmdvel_to_serial) by extensions ['colcon_meta']
[2.208s] Level 1:colcon.colcon_core.package_identification:_identify(src/cmdvel_to_serial) by extension 'colcon_meta'
[2.208s] Level 1:colcon.colcon_core.package_identification:_identify(src/cmdvel_to_serial) by extensions ['ros']
[2.209s] Level 1:colcon.colcon_core.package_identification:_identify(src/cmdvel_to_serial) by extension 'ros'
[2.213s] DEBUG:colcon.colcon_core.package_identification:Package 'src/cmdvel_to_serial' with type 'ros.ament_python' and name 'cmdvel_to_serial'
[2.214s] Level 1:colcon.colcon_core.package_identification:_identify(src/diffdrive_arduino) by extensions ['ignore', 'ignore_ament_install']
[2.214s] Level 1:colcon.colcon_core.package_identification:_identify(src/diffdrive_arduino) by extension 'ignore'
[2.215s] Level 1:colcon.colcon_core.package_identification:_identify(src/diffdrive_arduino) by extension 'ignore_ament_install'
[2.215s] Level 1:colcon.colcon_core.package_identification:_identify(src/diffdrive_arduino) by extensions ['colcon_pkg']
[2.216s] Level 1:colcon.colcon_core.package_identification:_identify(src/diffdrive_arduino) by extension 'colcon_pkg'
[2.216s] Level 1:colcon.colcon_core.package_identification:_identify(src/diffdrive_arduino) by extensions ['colcon_meta']
[2.216s] Level 1:colcon.colcon_core.package_identification:_identify(src/diffdrive_arduino) by extension 'colcon_meta'
[2.217s] Level 1:colcon.colcon_core.package_identification:_identify(src/diffdrive_arduino) by extensions ['ros']
[2.217s] Level 1:colcon.colcon_core.package_identification:_identify(src/diffdrive_arduino) by extension 'ros'
[2.221s] DEBUG:colcon.colcon_core.package_identification:Package 'src/diffdrive_arduino' with type 'ros.ament_python' and name 'diffdrive_arduino'
[2.222s] Level 1:colcon.colcon_core.package_identification:_identify(src/encoder_to_odom) by extensions ['ignore', 'ignore_ament_install']
[2.223s] Level 1:colcon.colcon_core.package_identification:_identify(src/encoder_to_odom) by extension 'ignore'
[2.223s] Level 1:colcon.colcon_core.package_identification:_identify(src/encoder_to_odom) by extension 'ignore_ament_install'
[2.224s] Level 1:colcon.colcon_core.package_identification:_identify(src/encoder_to_odom) by extensions ['colcon_pkg']
[2.224s] Level 1:colcon.colcon_core.package_identification:_identify(src/encoder_to_odom) by extension 'colcon_pkg'
[2.224s] Level 1:colcon.colcon_core.package_identification:_identify(src/encoder_to_odom) by extensions ['colcon_meta']
[2.225s] Level 1:colcon.colcon_core.package_identification:_identify(src/encoder_to_odom) by extension 'colcon_meta'
[2.225s] Level 1:colcon.colcon_core.package_identification:_identify(src/encoder_to_odom) by extensions ['ros']
[2.225s] Level 1:colcon.colcon_core.package_identification:_identify(src/encoder_to_odom) by extension 'ros'
[2.229s] DEBUG:colcon.colcon_core.package_identification:Package 'src/encoder_to_odom' with type 'ros.ament_python' and name 'encoder_to_odom'
[2.230s] Level 1:colcon.colcon_core.package_identification:_identify(src/install) by extensions ['ignore', 'ignore_ament_install']
[2.231s] Level 1:colcon.colcon_core.package_identification:_identify(src/install) by extension 'ignore'
[2.231s] Level 1:colcon.colcon_core.package_identification:_identify(src/install) ignored
[2.232s] Level 1:colcon.colcon_core.package_identification:_identify(src/log) by extensions ['ignore', 'ignore_ament_install']
[2.232s] Level 1:colcon.colcon_core.package_identification:_identify(src/log) by extension 'ignore'
[2.233s] Level 1:colcon.colcon_core.package_identification:_identify(src/log) ignored
[2.234s] Level 1:colcon.colcon_core.package_identification:_identify(src/my_bot) by extensions ['ignore', 'ignore_ament_install']
[2.234s] Level 1:colcon.colcon_core.package_identification:_identify(src/my_bot) by extension 'ignore'
[2.235s] Level 1:colcon.colcon_core.package_identification:_identify(src/my_bot) by extension 'ignore_ament_install'
[2.235s] Level 1:colcon.colcon_core.package_identification:_identify(src/my_bot) by extensions ['colcon_pkg']
[2.235s] Level 1:colcon.colcon_core.package_identification:_identify(src/my_bot) by extension 'colcon_pkg'
[2.236s] Level 1:colcon.colcon_core.package_identification:_identify(src/my_bot) by extensions ['colcon_meta']
[2.236s] Level 1:colcon.colcon_core.package_identification:_identify(src/my_bot) by extension 'colcon_meta'
[2.236s] Level 1:colcon.colcon_core.package_identification:_identify(src/my_bot) by extensions ['ros']
[2.237s] Level 1:colcon.colcon_core.package_identification:_identify(src/my_bot) by extension 'ros'
[2.240s] DEBUG:colcon.colcon_core.package_identification:Package 'src/my_bot' with type 'ros.ament_cmake' and name 'my_bot'
[2.241s] Level 1:colcon.colcon_core.package_identification:_identify(src/sllidar_ros2) by extensions ['ignore', 'ignore_ament_install']
[2.241s] Level 1:colcon.colcon_core.package_identification:_identify(src/sllidar_ros2) by extension 'ignore'
[2.242s] Level 1:colcon.colcon_core.package_identification:_identify(src/sllidar_ros2) by extension 'ignore_ament_install'
[2.242s] Level 1:colcon.colcon_core.package_identification:_identify(src/sllidar_ros2) by extensions ['colcon_pkg']
[2.242s] Level 1:colcon.colcon_core.package_identification:_identify(src/sllidar_ros2) by extension 'colcon_pkg'
[2.243s] Level 1:colcon.colcon_core.package_identification:_identify(src/sllidar_ros2) by extensions ['colcon_meta']
[2.243s] Level 1:colcon.colcon_core.package_identification:_identify(src/sllidar_ros2) by extension 'colcon_meta'
[2.243s] Level 1:colcon.colcon_core.package_identification:_identify(src/sllidar_ros2) by extensions ['ros']
[2.243s] Level 1:colcon.colcon_core.package_identification:_identify(src/sllidar_ros2) by extension 'ros'
[2.247s] DEBUG:colcon.colcon_core.package_identification:Package 'src/sllidar_ros2' with type 'ros.ament_cmake' and name 'sllidar_ros2'
[2.248s] Level 1:colcon.colcon_core.package_identification:_identify(src/vel-to-ser) by extensions ['ignore', 'ignore_ament_install']
[2.249s] Level 1:colcon.colcon_core.package_identification:_identify(src/vel-to-ser) by extension 'ignore'
[2.249s] Level 1:colcon.colcon_core.package_identification:_identify(src/vel-to-ser) by extension 'ignore_ament_install'
[2.250s] Level 1:colcon.colcon_core.package_identification:_identify(src/vel-to-ser) by extensions ['colcon_pkg']
[2.250s] Level 1:colcon.colcon_core.package_identification:_identify(src/vel-to-ser) by extension 'colcon_pkg'
[2.250s] Level 1:colcon.colcon_core.package_identification:_identify(src/vel-to-ser) by extensions ['colcon_meta']
[2.250s] Level 1:colcon.colcon_core.package_identification:_identify(src/vel-to-ser) by extension 'colcon_meta'
[2.251s] Level 1:colcon.colcon_core.package_identification:_identify(src/vel-to-ser) by extensions ['ros']
[2.251s] Level 1:colcon.colcon_core.package_identification:_identify(src/vel-to-ser) by extension 'ros'
[2.254s] DEBUG:colcon.colcon_core.package_identification:Package 'src/vel-to-ser' with type 'ros.ament_cmake' and name 'vel-to-ser'
[2.255s] Level 1:colcon.colcon_core.package_discovery:discover_packages(recursive) using defaults
[2.255s] Level 1:colcon.colcon_core.package_discovery:discover_packages(ignore) discover
[2.255s] Level 1:colcon.colcon_core.package_discovery:discover_packages(ignore) using defaults
[2.255s] Level 1:colcon.colcon_core.package_discovery:discover_packages(path) discover
[2.255s] Level 1:colcon.colcon_core.package_discovery:discover_packages(path) using defaults
[2.404s] Level 1:colcon.colcon_core.package_discovery:discover_packages(prefix_path) check parameters
[2.405s] Level 1:colcon.colcon_core.package_discovery:discover_packages(prefix_path) discover
[2.429s] DEBUG:colcon.colcon_installed_package_information.package_discovery:Found 382 installed packages in /opt/ros/humble
[2.438s] Level 1:colcon.colcon_core.package_discovery:discover_packages(prefix_path) using defaults
[2.662s] Level 5:colcon.colcon_core.verb:set package 'DiffDr' build argument 'cmake_args' from command line to 'None'
[2.662s] Level 5:colcon.colcon_core.verb:set package 'DiffDr' build argument 'cmake_target' from command line to 'None'
[2.663s] Level 5:colcon.colcon_core.verb:set package 'DiffDr' build argument 'cmake_target_skip_unavailable' from command line to 'False'
[2.663s] Level 5:colcon.colcon_core.verb:set package 'DiffDr' build argument 'cmake_clean_cache' from command line to 'False'
[2.663s] Level 5:colcon.colcon_core.verb:set package 'DiffDr' build argument 'cmake_clean_first' from command line to 'False'
[2.663s] Level 5:colcon.colcon_core.verb:set package 'DiffDr' build argument 'cmake_force_configure' from command line to 'False'
[2.663s] Level 5:colcon.colcon_core.verb:set package 'DiffDr' build argument 'ament_cmake_args' from command line to 'None'
[2.663s] Level 5:colcon.colcon_core.verb:set package 'DiffDr' build argument 'catkin_cmake_args' from command line to 'None'
[2.663s] Level 5:colcon.colcon_core.verb:set package 'DiffDr' build argument 'catkin_skip_building_tests' from command line to 'False'
[2.663s] DEBUG:colcon.colcon_core.verb:Building package 'DiffDr' with the following arguments: {'ament_cmake_args': None, 'build_base': '/home/tazimo/tazimo_ws/build/DiffDr', 'catkin_cmake_args': None, 'catkin_skip_building_tests': False, 'cmake_args': None, 'cmake_clean_cache': False, 'cmake_clean_first': False, 'cmake_force_configure': False, 'cmake_target': None, 'cmake_target_skip_unavailable': False, 'install_base': '/home/tazimo/tazimo_ws/install/DiffDr', 'merge_install': False, 'path': '/home/tazimo/tazimo_ws/src/DiffDr', 'symlink_install': False, 'test_result_base': None}
[2.665s] Level 5:colcon.colcon_core.verb:set package 'cmdvel_to_serial' build argument 'cmake_args' from command line to 'None'
[2.665s] Level 5:colcon.colcon_core.verb:set package 'cmdvel_to_serial' build argument 'cmake_target' from command line to 'None'
[2.665s] Level 5:colcon.colcon_core.verb:set package 'cmdvel_to_serial' build argument 'cmake_target_skip_unavailable' from command line to 'False'
[2.665s] Level 5:colcon.colcon_core.verb:set package 'cmdvel_to_serial' build argument 'cmake_clean_cache' from command line to 'False'
[2.665s] Level 5:colcon.colcon_core.verb:set package 'cmdvel_to_serial' build argument 'cmake_clean_first' from command line to 'False'
[2.666s] Level 5:colcon.colcon_core.verb:set package 'cmdvel_to_serial' build argument 'cmake_force_configure' from command line to 'False'
[2.666s] Level 5:colcon.colcon_core.verb:set package 'cmdvel_to_serial' build argument 'ament_cmake_args' from command line to 'None'
[2.666s] Level 5:colcon.colcon_core.verb:set package 'cmdvel_to_serial' build argument 'catkin_cmake_args' from command line to 'None'
[2.666s] Level 5:colcon.colcon_core.verb:set package 'cmdvel_to_serial' build argument 'catkin_skip_building_tests' from command line to 'False'
[2.666s] DEBUG:colcon.colcon_core.verb:Building package 'cmdvel_to_serial' with the following arguments: {'ament_cmake_args': None, 'build_base': '/home/tazimo/tazimo_ws/build/cmdvel_to_serial', 'catkin_cmake_args': None, 'catkin_skip_building_tests': False, 'cmake_args': None, 'cmake_clean_cache': False, 'cmake_clean_first': False, 'cmake_force_configure': False, 'cmake_target': None, 'cmake_target_skip_unavailable': False, 'install_base': '/home/tazimo/tazimo_ws/install/cmdvel_to_serial', 'merge_install': False, 'path': '/home/tazimo/tazimo_ws/src/cmdvel_to_serial', 'symlink_install': False, 'test_result_base': None}
[2.667s] Level 5:colcon.colcon_core.verb:set package 'diffdrive_arduino' build argument 'cmake_args' from command line to 'None'
[2.668s] Level 5:colcon.colcon_core.verb:set package 'diffdrive_arduino' build argument 'cmake_target' from command line to 'None'
[2.668s] Level 5:colcon.colcon_core.verb:set package 'diffdrive_arduino' build argument 'cmake_target_skip_unavailable' from command line to 'False'
[2.668s] Level 5:colcon.colcon_core.verb:set package 'diffdrive_arduino' build argument 'cmake_clean_cache' from command line to 'False'
[2.668s] Level 5:colcon.colcon_core.verb:set package 'diffdrive_arduino' build argument 'cmake_clean_first' from command line to 'False'
[2.668s] Level 5:colcon.colcon_core.verb:set package 'diffdrive_arduino' build argument 'cmake_force_configure' from command line to 'False'
[2.668s] Level 5:colcon.colcon_core.verb:set package 'diffdrive_arduino' build argument 'ament_cmake_args' from command line to 'None'
[2.668s] Level 5:colcon.colcon_core.verb:set package 'diffdrive_arduino' build argument 'catkin_cmake_args' from command line to 'None'
[2.668s] Level 5:colcon.colcon_core.verb:set package 'diffdrive_arduino' build argument 'catkin_skip_building_tests' from command line to 'False'
[2.669s] DEBUG:colcon.colcon_core.verb:Building package 'diffdrive_arduino' with the following arguments: {'ament_cmake_args': None, 'build_base': '/home/tazimo/tazimo_ws/build/diffdrive_arduino', 'catkin_cmake_args': None, 'catkin_skip_building_tests': False, 'cmake_args': None, 'cmake_clean_cache': False, 'cmake_clean_first': False, 'cmake_force_configure': False, 'cmake_target': None, 'cmake_target_skip_unavailable': False, 'install_base': '/home/tazimo/tazimo_ws/install/diffdrive_arduino', 'merge_install': False, 'path': '/home/tazimo/tazimo_ws/src/diffdrive_arduino', 'symlink_install': False, 'test_result_base': None}
[2.670s] Level 5:colcon.colcon_core.verb:set package 'encoder_to_odom' build argument 'cmake_args' from command line to 'None'
[2.670s] Level 5:colcon.colcon_core.verb:set package 'encoder_to_odom' build argument 'cmake_target' from command line to 'None'
[2.670s] Level 5:colcon.colcon_core.verb:set package 'encoder_to_odom' build argument 'cmake_target_skip_unavailable' from command line to 'False'
[2.670s] Level 5:colcon.colcon_core.verb:set package 'encoder_to_odom' build argument 'cmake_clean_cache' from command line to 'False'
[2.671s] Level 5:colcon.colcon_core.verb:set package 'encoder_to_odom' build argument 'cmake_clean_first' from command line to 'False'
[2.671s] Level 5:colcon.colcon_core.verb:set package 'encoder_to_odom' build argument 'cmake_force_configure' from command line to 'False'
[2.671s] Level 5:colcon.colcon_core.verb:set package 'encoder_to_odom' build argument 'ament_cmake_args' from command line to 'None'
[2.671s] Level 5:colcon.colcon_core.verb:set package 'encoder_to_odom' build argument 'catkin_cmake_args' from command line to 'None'
[2.671s] Level 5:colcon.colcon_core.verb:set package 'encoder_to_odom' build argument 'catkin_skip_building_tests' from command line to 'False'
[2.671s] DEBUG:colcon.colcon_core.verb:Building package 'encoder_to_odom' with the following arguments: {'ament_cmake_args': None, 'build_base': '/home/tazimo/tazimo_ws/build/encoder_to_odom', 'catkin_cmake_args': None, 'catkin_skip_building_tests': False, 'cmake_args': None, 'cmake_clean_cache': False, 'cmake_clean_first': False, 'cmake_force_configure': False, 'cmake_target': None, 'cmake_target_skip_unavailable': False, 'install_base': '/home/tazimo/tazimo_ws/install/encoder_to_odom', 'merge_install': False, 'path': '/home/tazimo/tazimo_ws/src/encoder_to_odom', 'symlink_install': False, 'test_result_base': None}
[2.672s] Level 5:colcon.colcon_core.verb:set package 'my_bot' build argument 'cmake_args' from command line to 'None'
[2.673s] Level 5:colcon.colcon_core.verb:set package 'my_bot' build argument 'cmake_target' from command line to 'None'
[2.673s] Level 5:colcon.colcon_core.verb:set package 'my_bot' build argument 'cmake_target_skip_unavailable' from command line to 'False'
[2.673s] Level 5:colcon.colcon_core.verb:set package 'my_bot' build argument 'cmake_clean_cache' from command line to 'False'
[2.673s] Level 5:colcon.colcon_core.verb:set package 'my_bot' build argument 'cmake_clean_first' from command line to 'False'
[2.673s] Level 5:colcon.colcon_core.verb:set package 'my_bot' build argument 'cmake_force_configure' from command line to 'False'
[2.673s] Level 5:colcon.colcon_core.verb:set package 'my_bot' build argument 'ament_cmake_args' from command line to 'None'
[2.673s] Level 5:colcon.colcon_core.verb:set package 'my_bot' build argument 'catkin_cmake_args' from command line to 'None'
[2.673s] Level 5:colcon.colcon_core.verb:set package 'my_bot' build argument 'catkin_skip_building_tests' from command line to 'False'
[2.674s] DEBUG:colcon.colcon_core.verb:Building package 'my_bot' with the following arguments: {'ament_cmake_args': None, 'build_base': '/home/tazimo/tazimo_ws/build/my_bot', 'catkin_cmake_args': None, 'catkin_skip_building_tests': False, 'cmake_args': None, 'cmake_clean_cache': False, 'cmake_clean_first': False, 'cmake_force_configure': False, 'cmake_target': None, 'cmake_target_skip_unavailable': False, 'install_base': '/home/tazimo/tazimo_ws/install/my_bot', 'merge_install': False, 'path': '/home/tazimo/tazimo_ws/src/my_bot', 'symlink_install': False, 'test_result_base': None}
[2.675s] Level 5:colcon.colcon_core.verb:set package 'sllidar_ros2' build argument 'cmake_args' from command line to 'None'
[2.675s] Level 5:colcon.colcon_core.verb:set package 'sllidar_ros2' build argument 'cmake_target' from command line to 'None'
[2.675s] Level 5:colcon.colcon_core.verb:set package 'sllidar_ros2' build argument 'cmake_target_skip_unavailable' from command line to 'False'
[2.675s] Level 5:colcon.colcon_core.verb:set package 'sllidar_ros2' build argument 'cmake_clean_cache' from command line to 'False'
[2.676s] Level 5:colcon.colcon_core.verb:set package 'sllidar_ros2' build argument 'cmake_clean_first' from command line to 'False'
[2.676s] Level 5:colcon.colcon_core.verb:set package 'sllidar_ros2' build argument 'cmake_force_configure' from command line to 'False'
[2.676s] Level 5:colcon.colcon_core.verb:set package 'sllidar_ros2' build argument 'ament_cmake_args' from command line to 'None'
[2.676s] Level 5:colcon.colcon_core.verb:set package 'sllidar_ros2' build argument 'catkin_cmake_args' from command line to 'None'
[2.676s] Level 5:colcon.colcon_core.verb:set package 'sllidar_ros2' build argument 'catkin_skip_building_tests' from command line to 'False'
[2.676s] DEBUG:colcon.colcon_core.verb:Building package 'sllidar_ros2' with the following arguments: {'ament_cmake_args': None, 'build_base': '/home/tazimo/tazimo_ws/build/sllidar_ros2', 'catkin_cmake_args': None, 'catkin_skip_building_tests': False, 'cmake_args': None, 'cmake_clean_cache': False, 'cmake_clean_first': False, 'cmake_force_configure': False, 'cmake_target': None, 'cmake_target_skip_unavailable': False, 'install_base': '/home/tazimo/tazimo_ws/install/sllidar_ros2', 'merge_install': False, 'path': '/home/tazimo/tazimo_ws/src/sllidar_ros2', 'symlink_install': False, 'test_result_base': None}
[2.677s] Level 5:colcon.colcon_core.verb:set package 'vel-to-ser' build argument 'cmake_args' from command line to 'None'
[2.678s] Level 5:colcon.colcon_core.verb:set package 'vel-to-ser' build argument 'cmake_target' from command line to 'None'
[2.678s] Level 5:colcon.colcon_core.verb:set package 'vel-to-ser' build argument 'cmake_target_skip_unavailable' from command line to 'False'
[2.678s] Level 5:colcon.colcon_core.verb:set package 'vel-to-ser' build argument 'cmake_clean_cache' from command line to 'False'
[2.678s] Level 5:colcon.colcon_core.verb:set package 'vel-to-ser' build argument 'cmake_clean_first' from command line to 'False'
[2.678s] Level 5:colcon.colcon_core.verb:set package 'vel-to-ser' build argument 'cmake_force_configure' from command line to 'False'
[2.678s] Level 5:colcon.colcon_core.verb:set package 'vel-to-ser' build argument 'ament_cmake_args' from command line to 'None'
[2.678s] Level 5:colcon.colcon_core.verb:set package 'vel-to-ser' build argument 'catkin_cmake_args' from command line to 'None'
[2.678s] Level 5:colcon.colcon_core.verb:set package 'vel-to-ser' build argument 'catkin_skip_building_tests' from command line to 'False'
[2.679s] DEBUG:colcon.colcon_core.verb:Building package 'vel-to-ser' with the following arguments: {'ament_cmake_args': None, 'build_base': '/home/tazimo/tazimo_ws/build/vel-to-ser', 'catkin_cmake_args': None, 'catkin_skip_building_tests': False, 'cmake_args': None, 'cmake_clean_cache': False, 'cmake_clean_first': False, 'cmake_force_configure': False, 'cmake_target': None, 'cmake_target_skip_unavailable': False, 'install_base': '/home/tazimo/tazimo_ws/install/vel-to-ser', 'merge_install': False, 'path': '/home/tazimo/tazimo_ws/src/vel-to-ser', 'symlink_install': False, 'test_result_base': None}
[2.679s] INFO:colcon.colcon_core.executor:Executing jobs using 'parallel' executor
[2.682s] DEBUG:colcon.colcon_parallel_executor.executor.parallel:run_until_complete
[2.684s] INFO:colcon.colcon_ros.task.ament_cmake.build:Building ROS package in '/home/tazimo/tazimo_ws/src/DiffDr' with build type 'ament_cmake'
[2.684s] INFO:colcon.colcon_cmake.task.cmake.build:Building CMake package in '/home/tazimo/tazimo_ws/src/DiffDr'
[2.704s] INFO:colcon.colcon_core.plugin_system:Skipping extension 'colcon_core.shell.bat': Not used on non-Windows systems
[2.705s] INFO:colcon.colcon_core.shell:Skip shell extension 'powershell' for command environment: Not usable outside of PowerShell
[2.705s] DEBUG:colcon.colcon_core.shell:Skip shell extension 'dsv' for command environment
[2.726s] INFO:colcon.colcon_ros.task.ament_python.build:Building ROS package in '/home/tazimo/tazimo_ws/src/cmdvel_to_serial' with build type 'ament_python'
[2.727s] Level 1:colcon.colcon_core.shell:create_environment_hook('cmdvel_to_serial', 'ament_prefix_path')
[2.728s] INFO:colcon.colcon_core.shell:Creating environment hook '/home/tazimo/tazimo_ws/install/cmdvel_to_serial/share/cmdvel_to_serial/hook/ament_prefix_path.ps1'
[2.733s] INFO:colcon.colcon_core.shell:Creating environment descriptor '/home/tazimo/tazimo_ws/install/cmdvel_to_serial/share/cmdvel_to_serial/hook/ament_prefix_path.dsv'
[2.736s] INFO:colcon.colcon_core.shell:Creating environment hook '/home/tazimo/tazimo_ws/install/cmdvel_to_serial/share/cmdvel_to_serial/hook/ament_prefix_path.sh'
[2.741s] INFO:colcon.colcon_core.shell:Skip shell extension 'powershell' for command environment: Not usable outside of PowerShell
[2.741s] DEBUG:colcon.colcon_core.shell:Skip shell extension 'dsv' for command environment
[2.759s] INFO:colcon.colcon_ros.task.ament_python.build:Building ROS package in '/home/tazimo/tazimo_ws/src/diffdrive_arduino' with build type 'ament_python'
[2.760s] Level 1:colcon.colcon_core.shell:create_environment_hook('diffdrive_arduino', 'ament_prefix_path')
[2.762s] INFO:colcon.colcon_core.shell:Creating environment hook '/home/tazimo/tazimo_ws/install/diffdrive_arduino/share/diffdrive_arduino/hook/ament_prefix_path.ps1'
[2.764s] INFO:colcon.colcon_core.shell:Creating environment descriptor '/home/tazimo/tazimo_ws/install/diffdrive_arduino/share/diffdrive_arduino/hook/ament_prefix_path.dsv'
[2.767s] INFO:colcon.colcon_core.shell:Creating environment hook '/home/tazimo/tazimo_ws/install/diffdrive_arduino/share/diffdrive_arduino/hook/ament_prefix_path.sh'
[2.771s] INFO:colcon.colcon_core.shell:Skip shell extension 'powershell' for command environment: Not usable outside of PowerShell
[2.771s] DEBUG:colcon.colcon_core.shell:Skip shell extension 'dsv' for command environment
[2.789s] INFO:colcon.colcon_ros.task.ament_python.build:Building ROS package in '/home/tazimo/tazimo_ws/src/encoder_to_odom' with build type 'ament_python'
[2.791s] Level 1:colcon.colcon_core.shell:create_environment_hook('encoder_to_odom', 'ament_prefix_path')
[2.792s] INFO:colcon.colcon_core.shell:Creating environment hook '/home/tazimo/tazimo_ws/install/encoder_to_odom/share/encoder_to_odom/hook/ament_prefix_path.ps1'
[2.795s] INFO:colcon.colcon_core.shell:Creating environment descriptor '/home/tazimo/tazimo_ws/install/encoder_to_odom/share/encoder_to_odom/hook/ament_prefix_path.dsv'
[2.798s] INFO:colcon.colcon_core.shell:Creating environment hook '/home/tazimo/tazimo_ws/install/encoder_to_odom/share/encoder_to_odom/hook/ament_prefix_path.sh'
[2.801s] INFO:colcon.colcon_core.shell:Skip shell extension 'powershell' for command environment: Not usable outside of PowerShell
[2.802s] DEBUG:colcon.colcon_core.shell:Skip shell extension 'dsv' for command environment
[2.843s] DEBUG:colcon.colcon_core.event_handler.log_command:Invoking command in '/home/tazimo/tazimo_ws/build/DiffDr': CMAKE_PREFIX_PATH=/opt/ros/humble /usr/bin/cmake --build /home/tazimo/tazimo_ws/build/DiffDr -- -j4 -l4
[4.163s] INFO:colcon.colcon_core.task.python.build:Building Python package in '/home/tazimo/tazimo_ws/src/cmdvel_to_serial'
[4.164s] INFO:colcon.colcon_core.shell:Skip shell extension 'powershell' for command environment: Not usable outside of PowerShell
[4.164s] DEBUG:colcon.colcon_core.shell:Skip shell extension 'dsv' for command environment
[5.468s] INFO:colcon.colcon_core.task.python.build:Building Python package in '/home/tazimo/tazimo_ws/src/diffdrive_arduino'
[5.469s] INFO:colcon.colcon_core.shell:Skip shell extension 'powershell' for command environment: Not usable outside of PowerShell
[5.470s] DEBUG:colcon.colcon_core.shell:Skip shell extension 'dsv' for command environment
[6.762s] INFO:colcon.colcon_core.task.python.build:Building Python package in '/home/tazimo/tazimo_ws/src/encoder_to_odom'
[6.763s] INFO:colcon.colcon_core.shell:Skip shell extension 'powershell' for command environment: Not usable outside of PowerShell
[6.763s] DEBUG:colcon.colcon_core.shell:Skip shell extension 'dsv' for command environment
[6.788s] DEBUG:colcon.colcon_core.event_handler.log_command:Invoked command in '/home/tazimo/tazimo_ws/build/DiffDr' returned '0': CMAKE_PREFIX_PATH=/opt/ros/humble /usr/bin/cmake --build /home/tazimo/tazimo_ws/build/DiffDr -- -j4 -l4
[6.905s] DEBUG:colcon.colcon_core.event_handler.log_command:Invoking command in '/home/tazimo/tazimo_ws/build/DiffDr': CMAKE_PREFIX_PATH=/opt/ros/humble /usr/bin/cmake --install /home/tazimo/tazimo_ws/build/DiffDr
[7.022s] Level 1:colcon.colcon_core.environment:create_environment_scripts_only(DiffDr)
[7.030s] DEBUG:colcon.colcon_core.event_handler.log_command:Invoked command in '/home/tazimo/tazimo_ws/build/DiffDr' returned '0': CMAKE_PREFIX_PATH=/opt/ros/humble /usr/bin/cmake --install /home/tazimo/tazimo_ws/build/DiffDr
[7.064s] Level 1:colcon.colcon_core.environment:checking '/home/tazimo/tazimo_ws/install/DiffDr' for CMake module files
[7.068s] Level 1:colcon.colcon_core.environment:checking '/home/tazimo/tazimo_ws/install/DiffDr' for CMake config files
[7.069s] Level 1:colcon.colcon_core.shell:create_environment_hook('DiffDr', 'cmake_prefix_path')
[7.070s] INFO:colcon.colcon_core.shell:Creating environment hook '/home/tazimo/tazimo_ws/install/DiffDr/share/DiffDr/hook/cmake_prefix_path.ps1'
[7.073s] INFO:colcon.colcon_core.shell:Creating environment descriptor '/home/tazimo/tazimo_ws/install/DiffDr/share/DiffDr/hook/cmake_prefix_path.dsv'
[7.077s] INFO:colcon.colcon_core.shell:Creating environment hook '/home/tazimo/tazimo_ws/install/DiffDr/share/DiffDr/hook/cmake_prefix_path.sh'
[7.081s] Level 1:colcon.colcon_core.environment:checking '/home/tazimo/tazimo_ws/install/DiffDr/bin'
[7.082s] Level 1:colcon.colcon_core.environment:checking '/home/tazimo/tazimo_ws/install/DiffDr/lib/pkgconfig/DiffDr.pc'
[7.083s] Level 1:colcon.colcon_core.environment:checking '/home/tazimo/tazimo_ws/install/DiffDr/lib/python3.10/site-packages'
[7.084s] Level 1:colcon.colcon_core.environment:checking '/home/tazimo/tazimo_ws/install/DiffDr/bin'
[7.086s] INFO:colcon.colcon_core.shell:Creating package script '/home/tazimo/tazimo_ws/install/DiffDr/share/DiffDr/package.ps1'
[7.091s] INFO:colcon.colcon_core.shell:Creating package descriptor '/home/tazimo/tazimo_ws/install/DiffDr/share/DiffDr/package.dsv'
[7.105s] INFO:colcon.colcon_core.shell:Creating package script '/home/tazimo/tazimo_ws/install/DiffDr/share/DiffDr/package.sh'
[7.110s] INFO:colcon.colcon_core.shell:Creating package script '/home/tazimo/tazimo_ws/install/DiffDr/share/DiffDr/package.bash'
[7.120s] INFO:colcon.colcon_core.shell:Creating package script '/home/tazimo/tazimo_ws/install/DiffDr/share/DiffDr/package.zsh'
[7.149s] Level 1:colcon.colcon_core.environment:create_file_with_runtime_dependencies(/home/tazimo/tazimo_ws/install/DiffDr/share/colcon-core/packages/DiffDr)
[7.153s] Level 1:colcon.colcon_core.environment:create_environment_scripts_only(DiffDr)
[7.154s] Level 1:colcon.colcon_core.environment:checking '/home/tazimo/tazimo_ws/install/DiffDr' for CMake module files
[7.157s] Level 1:colcon.colcon_core.environment:checking '/home/tazimo/tazimo_ws/install/DiffDr' for CMake config files
[7.162s] Level 1:colcon.colcon_core.shell:create_environment_hook('DiffDr', 'cmake_prefix_path')
[7.164s] INFO:colcon.colcon_core.shell:Creating environment hook '/home/tazimo/tazimo_ws/install/DiffDr/share/DiffDr/hook/cmake_prefix_path.ps1'
[7.168s] INFO:colcon.colcon_core.shell:Creating environment descriptor '/home/tazimo/tazimo_ws/install/DiffDr/share/DiffDr/hook/cmake_prefix_path.dsv'
[7.171s] INFO:colcon.colcon_core.shell:Creating environment hook '/home/tazimo/tazimo_ws/install/DiffDr/share/DiffDr/hook/cmake_prefix_path.sh'
[7.176s] Level 1:colcon.colcon_core.environment:checking '/home/tazimo/tazimo_ws/install/DiffDr/bin'
[7.176s] Level 1:colcon.colcon_core.environment:checking '/home/tazimo/tazimo_ws/install/DiffDr/lib/pkgconfig/DiffDr.pc'
[7.178s] Level 1:colcon.colcon_core.environment:checking '/home/tazimo/tazimo_ws/install/DiffDr/lib/python3.10/site-packages'
[7.179s] Level 1:colcon.colcon_core.environment:checking '/home/tazimo/tazimo_ws/install/DiffDr/bin'
[7.181s] INFO:colcon.colcon_core.shell:Creating package script '/home/tazimo/tazimo_ws/install/DiffDr/share/DiffDr/package.ps1'
[7.185s] INFO:colcon.colcon_core.shell:Creating package descriptor '/home/tazimo/tazimo_ws/install/DiffDr/share/DiffDr/package.dsv'
[7.191s] INFO:colcon.colcon_core.shell:Creating package script '/home/tazimo/tazimo_ws/install/DiffDr/share/DiffDr/package.sh'
[7.194s] INFO:colcon.colcon_core.shell:Creating package script '/home/tazimo/tazimo_ws/install/DiffDr/share/DiffDr/package.bash'
[7.200s] INFO:colcon.colcon_core.shell:Creating package script '/home/tazimo/tazimo_ws/install/DiffDr/share/DiffDr/package.zsh'
[7.203s] Level 1:colcon.colcon_core.environment:create_file_with_runtime_dependencies(/home/tazimo/tazimo_ws/install/DiffDr/share/colcon-core/packages/DiffDr)
[7.211s] INFO:colcon.colcon_ros.task.ament_cmake.build:Building ROS package in '/home/tazimo/tazimo_ws/src/my_bot' with build type 'ament_cmake'
[7.218s] INFO:colcon.colcon_cmake.task.cmake.build:Building CMake package in '/home/tazimo/tazimo_ws/src/my_bot'
[7.220s] INFO:colcon.colcon_core.shell:Skip shell extension 'powershell' for command environment: Not usable outside of PowerShell
[7.224s] DEBUG:colcon.colcon_core.shell:Skip shell extension 'dsv' for command environment
[7.275s] DEBUG:colcon.colcon_core.event_handler.log_command:Invoking command in '/home/tazimo/tazimo_ws/build/my_bot': CMAKE_PREFIX_PATH=/opt/ros/humble /usr/bin/cmake --build /home/tazimo/tazimo_ws/build/my_bot -- -j4 -l4
[7.640s] DEBUG:colcon.colcon_core.event_handler.log_command:Invoked command in '/home/tazimo/tazimo_ws/build/my_bot' returned '0': CMAKE_PREFIX_PATH=/opt/ros/humble /usr/bin/cmake --build /home/tazimo/tazimo_ws/build/my_bot -- -j4 -l4
[7.651s] DEBUG:colcon.colcon_core.event_handler.log_command:Invoking command in '/home/tazimo/tazimo_ws/build/my_bot': CMAKE_PREFIX_PATH=/opt/ros/humble /usr/bin/cmake --install /home/tazimo/tazimo_ws/build/my_bot
[7.925s] Level 1:colcon.colcon_core.environment:create_environment_scripts_only(my_bot)
[7.927s] Level 1:colcon.colcon_core.environment:checking '/home/tazimo/tazimo_ws/install/my_bot' for CMake module files
[7.930s] Level 1:colcon.colcon_core.environment:checking '/home/tazimo/tazimo_ws/install/my_bot' for CMake config files
[7.935s] DEBUG:colcon.colcon_core.event_handler.log_command:Invoked command in '/home/tazimo/tazimo_ws/build/my_bot' returned '0': CMAKE_PREFIX_PATH=/opt/ros/humble /usr/bin/cmake --install /home/tazimo/tazimo_ws/build/my_bot
[7.938s] Level 1:colcon.colcon_core.shell:create_environment_hook('my_bot', 'cmake_prefix_path')
[7.940s] INFO:colcon.colcon_core.shell:Creating environment hook '/home/tazimo/tazimo_ws/install/my_bot/share/my_bot/hook/cmake_prefix_path.ps1'
[7.946s] INFO:colcon.colcon_core.shell:Creating environment descriptor '/home/tazimo/tazimo_ws/install/my_bot/share/my_bot/hook/cmake_prefix_path.dsv'
[7.950s] INFO:colcon.colcon_core.shell:Creating environment hook '/home/tazimo/tazimo_ws/install/my_bot/share/my_bot/hook/cmake_prefix_path.sh'
[7.955s] Level 1:colcon.colcon_core.environment:checking '/home/tazimo/tazimo_ws/install/my_bot/bin'
[7.956s] Level 1:colcon.colcon_core.environment:checking '/home/tazimo/tazimo_ws/install/my_bot/lib/pkgconfig/my_bot.pc'
[7.958s] Level 1:colcon.colcon_core.environment:checking '/home/tazimo/tazimo_ws/install/my_bot/lib/python3.10/site-packages'
[7.960s] Level 1:colcon.colcon_core.environment:checking '/home/tazimo/tazimo_ws/install/my_bot/bin'
[7.962s] INFO:colcon.colcon_core.shell:Creating package script '/home/tazimo/tazimo_ws/install/my_bot/share/my_bot/package.ps1'
[7.966s] INFO:colcon.colcon_core.shell:Creating package descriptor '/home/tazimo/tazimo_ws/install/my_bot/share/my_bot/package.dsv'
[7.971s] INFO:colcon.colcon_core.shell:Creating package script '/home/tazimo/tazimo_ws/install/my_bot/share/my_bot/package.sh'
[7.975s] INFO:colcon.colcon_core.shell:Creating package script '/home/tazimo/tazimo_ws/install/my_bot/share/my_bot/package.bash'
[7.979s] INFO:colcon.colcon_core.shell:Creating package script '/home/tazimo/tazimo_ws/install/my_bot/share/my_bot/package.zsh'
[7.983s] Level 1:colcon.colcon_core.environment:create_file_with_runtime_dependencies(/home/tazimo/tazimo_ws/install/my_bot/share/colcon-core/packages/my_bot)
[7.986s] Level 1:colcon.colcon_core.environment:create_environment_scripts_only(my_bot)
[7.988s] Level 1:colcon.colcon_core.environment:checking '/home/tazimo/tazimo_ws/install/my_bot' for CMake module files
[7.992s] Level 1:colcon.colcon_core.environment:checking '/home/tazimo/tazimo_ws/install/my_bot' for CMake config files
[7.995s] Level 1:colcon.colcon_core.shell:create_environment_hook('my_bot', 'cmake_prefix_path')
[7.996s] INFO:colcon.colcon_core.shell:Creating environment hook '/home/tazimo/tazimo_ws/install/my_bot/share/my_bot/hook/cmake_prefix_path.ps1'
[8.000s] INFO:colcon.colcon_core.shell:Creating environment descriptor '/home/tazimo/tazimo_ws/install/my_bot/share/my_bot/hook/cmake_prefix_path.dsv'
[8.004s] INFO:colcon.colcon_core.shell:Creating environment hook '/home/tazimo/tazimo_ws/install/my_bot/share/my_bot/hook/cmake_prefix_path.sh'
[8.008s] Level 1:colcon.colcon_core.environment:checking '/home/tazimo/tazimo_ws/install/my_bot/bin'
[8.009s] Level 1:colcon.colcon_core.environment:checking '/home/tazimo/tazimo_ws/install/my_bot/lib/pkgconfig/my_bot.pc'
[8.011s] Level 1:colcon.colcon_core.environment:checking '/home/tazimo/tazimo_ws/install/my_bot/lib/python3.10/site-packages'
[8.013s] Level 1:colcon.colcon_core.environment:checking '/home/tazimo/tazimo_ws/install/my_bot/bin'
[8.015s] INFO:colcon.colcon_core.shell:Creating package script '/home/tazimo/tazimo_ws/install/my_bot/share/my_bot/package.ps1'
[8.019s] INFO:colcon.colcon_core.shell:Creating package descriptor '/home/tazimo/tazimo_ws/install/my_bot/share/my_bot/package.dsv'
[8.023s] INFO:colcon.colcon_core.shell:Creating package script '/home/tazimo/tazimo_ws/install/my_bot/share/my_bot/package.sh'
[8.027s] INFO:colcon.colcon_core.shell:Creating package script '/home/tazimo/tazimo_ws/install/my_bot/share/my_bot/package.bash'
[8.031s] INFO:colcon.colcon_core.shell:Creating package script '/home/tazimo/tazimo_ws/install/my_bot/share/my_bot/package.zsh'
[8.035s] Level 1:colcon.colcon_core.environment:create_file_with_runtime_dependencies(/home/tazimo/tazimo_ws/install/my_bot/share/colcon-core/packages/my_bot)
[8.042s] INFO:colcon.colcon_ros.task.ament_cmake.build:Building ROS package in '/home/tazimo/tazimo_ws/src/sllidar_ros2' with build type 'ament_cmake'
[8.048s] INFO:colcon.colcon_cmake.task.cmake.build:Building CMake package in '/home/tazimo/tazimo_ws/src/sllidar_ros2'
[8.050s] INFO:colcon.colcon_core.shell:Skip shell extension 'powershell' for command environment: Not usable outside of PowerShell
[8.051s] DEBUG:colcon.colcon_core.shell:Skip shell extension 'dsv' for command environment
[8.096s] DEBUG:colcon.colcon_core.event_handler.log_command:Invoking command in '/home/tazimo/tazimo_ws/build/sllidar_ros2': CMAKE_PREFIX_PATH=/opt/ros/humble /usr/bin/cmake --build /home/tazimo/tazimo_ws/build/sllidar_ros2 -- -j4 -l4
[8.883s] DEBUG:colcon.colcon_core.event_handler.log_command:Invoked command in '/home/tazimo/tazimo_ws/build/sllidar_ros2' returned '0': CMAKE_PREFIX_PATH=/opt/ros/humble /usr/bin/cmake --build /home/tazimo/tazimo_ws/build/sllidar_ros2 -- -j4 -l4
[8.898s] DEBUG:colcon.colcon_core.event_handler.log_command:Invoking command in '/home/tazimo/tazimo_ws/build/sllidar_ros2': CMAKE_PREFIX_PATH=/opt/ros/humble /usr/bin/cmake --install /home/tazimo/tazimo_ws/build/sllidar_ros2
[9.057s] Level 1:colcon.colcon_core.environment:create_environment_scripts_only(sllidar_ros2)
[9.059s] Level 1:colcon.colcon_core.environment:checking '/home/tazimo/tazimo_ws/install/sllidar_ros2' for CMake module files
[9.067s] DEBUG:colcon.colcon_core.event_handler.log_command:Invoked command in '/home/tazimo/tazimo_ws/build/sllidar_ros2' returned '0': CMAKE_PREFIX_PATH=/opt/ros/humble /usr/bin/cmake --install /home/tazimo/tazimo_ws/build/sllidar_ros2
[9.069s] Level 1:colcon.colcon_core.environment:checking '/home/tazimo/tazimo_ws/install/sllidar_ros2' for CMake config files
[9.072s] Level 1:colcon.colcon_core.shell:create_environment_hook('sllidar_ros2', 'cmake_prefix_path')
[9.074s] INFO:colcon.colcon_core.shell:Creating environment hook '/home/tazimo/tazimo_ws/install/sllidar_ros2/share/sllidar_ros2/hook/cmake_prefix_path.ps1'
[9.077s] INFO:colcon.colcon_core.shell:Creating environment descriptor '/home/tazimo/tazimo_ws/install/sllidar_ros2/share/sllidar_ros2/hook/cmake_prefix_path.dsv'
[9.082s] INFO:colcon.colcon_core.shell:Creating environment hook '/home/tazimo/tazimo_ws/install/sllidar_ros2/share/sllidar_ros2/hook/cmake_prefix_path.sh'
[9.086s] Level 1:colcon.colcon_core.environment:checking '/home/tazimo/tazimo_ws/install/sllidar_ros2/lib'
[9.087s] Level 1:colcon.colcon_core.environment:checking '/home/tazimo/tazimo_ws/install/sllidar_ros2/bin'
[9.088s] Level 1:colcon.colcon_core.environment:checking '/home/tazimo/tazimo_ws/install/sllidar_ros2/lib/pkgconfig/sllidar_ros2.pc'
[9.089s] Level 1:colcon.colcon_core.environment:checking '/home/tazimo/tazimo_ws/install/sllidar_ros2/lib/python3.10/site-packages'
[9.090s] Level 1:colcon.colcon_core.environment:checking '/home/tazimo/tazimo_ws/install/sllidar_ros2/bin'
[9.092s] INFO:colcon.colcon_core.shell:Creating package script '/home/tazimo/tazimo_ws/install/sllidar_ros2/share/sllidar_ros2/package.ps1'
[9.095s] INFO:colcon.colcon_core.shell:Creating package descriptor '/home/tazimo/tazimo_ws/install/sllidar_ros2/share/sllidar_ros2/package.dsv'
[9.098s] INFO:colcon.colcon_core.shell:Creating package script '/home/tazimo/tazimo_ws/install/sllidar_ros2/share/sllidar_ros2/package.sh'
[9.101s] INFO:colcon.colcon_core.shell:Creating package script '/home/tazimo/tazimo_ws/install/sllidar_ros2/share/sllidar_ros2/package.bash'
[9.104s] INFO:colcon.colcon_core.shell:Creating package script '/home/tazimo/tazimo_ws/install/sllidar_ros2/share/sllidar_ros2/package.zsh'
[9.107s] Level 1:colcon.colcon_core.environment:create_file_with_runtime_dependencies(/home/tazimo/tazimo_ws/install/sllidar_ros2/share/colcon-core/packages/sllidar_ros2)
[9.110s] Level 1:colcon.colcon_core.environment:create_environment_scripts_only(sllidar_ros2)
[9.111s] Level 1:colcon.colcon_core.environment:checking '/home/tazimo/tazimo_ws/install/sllidar_ros2' for CMake module files
[9.115s] Level 1:colcon.colcon_core.environment:checking '/home/tazimo/tazimo_ws/install/sllidar_ros2' for CMake config files
[9.120s] Level 1:colcon.colcon_core.shell:create_environment_hook('sllidar_ros2', 'cmake_prefix_path')
[9.122s] INFO:colcon.colcon_core.shell:Creating environment hook '/home/tazimo/tazimo_ws/install/sllidar_ros2/share/sllidar_ros2/hook/cmake_prefix_path.ps1'
[9.124s] INFO:colcon.colcon_core.shell:Creating environment descriptor '/home/tazimo/tazimo_ws/install/sllidar_ros2/share/sllidar_ros2/hook/cmake_prefix_path.dsv'
[9.127s] INFO:colcon.colcon_core.shell:Creating environment hook '/home/tazimo/tazimo_ws/install/sllidar_ros2/share/sllidar_ros2/hook/cmake_prefix_path.sh'
[9.130s] Level 1:colcon.colcon_core.environment:checking '/home/tazimo/tazimo_ws/install/sllidar_ros2/lib'
[9.131s] Level 1:colcon.colcon_core.environment:checking '/home/tazimo/tazimo_ws/install/sllidar_ros2/bin'
[9.132s] Level 1:colcon.colcon_core.environment:checking '/home/tazimo/tazimo_ws/install/sllidar_ros2/lib/pkgconfig/sllidar_ros2.pc'
[9.133s] Level 1:colcon.colcon_core.environment:checking '/home/tazimo/tazimo_ws/install/sllidar_ros2/lib/python3.10/site-packages'
[9.134s] Level 1:colcon.colcon_core.environment:checking '/home/tazimo/tazimo_ws/install/sllidar_ros2/bin'
[9.136s] INFO:colcon.colcon_core.shell:Creating package script '/home/tazimo/tazimo_ws/install/sllidar_ros2/share/sllidar_ros2/package.ps1'
[9.139s] INFO:colcon.colcon_core.shell:Creating package descriptor '/home/tazimo/tazimo_ws/install/sllidar_ros2/share/sllidar_ros2/package.dsv'
[9.142s] INFO:colcon.colcon_core.shell:Creating package script '/home/tazimo/tazimo_ws/install/sllidar_ros2/share/sllidar_ros2/package.sh'
[9.145s] INFO:colcon.colcon_core.shell:Creating package script '/home/tazimo/tazimo_ws/install/sllidar_ros2/share/sllidar_ros2/package.bash'
[9.148s] INFO:colcon.colcon_core.shell:Creating package script '/home/tazimo/tazimo_ws/install/sllidar_ros2/share/sllidar_ros2/package.zsh'
[9.151s] Level 1:colcon.colcon_core.environment:create_file_with_runtime_dependencies(/home/tazimo/tazimo_ws/install/sllidar_ros2/share/colcon-core/packages/sllidar_ros2)
[9.154s] INFO:colcon.colcon_ros.task.ament_cmake.build:Building ROS package in '/home/tazimo/tazimo_ws/src/vel-to-ser' with build type 'ament_cmake'
[9.156s] INFO:colcon.colcon_cmake.task.cmake.build:Building CMake package in '/home/tazimo/tazimo_ws/src/vel-to-ser'
[9.158s] INFO:colcon.colcon_core.shell:Skip shell extension 'powershell' for command environment: Not usable outside of PowerShell
[9.158s] DEBUG:colcon.colcon_core.shell:Skip shell extension 'dsv' for command environment
[9.207s] DEBUG:colcon.colcon_core.event_handler.log_command:Invoking command in '/home/tazimo/tazimo_ws/build/vel-to-ser': CMAKE_PREFIX_PATH=/opt/ros/humble /usr/bin/cmake --build /home/tazimo/tazimo_ws/build/vel-to-ser -- -j4 -l4
[9.377s] DEBUG:colcon.colcon_core.event_handler.log_command:Invoked command in '/home/tazimo/tazimo_ws/build/vel-to-ser' returned '0': CMAKE_PREFIX_PATH=/opt/ros/humble /usr/bin/cmake --build /home/tazimo/tazimo_ws/build/vel-to-ser -- -j4 -l4
[9.394s] DEBUG:colcon.colcon_core.event_handler.log_command:Invoking command in '/home/tazimo/tazimo_ws/build/vel-to-ser': CMAKE_PREFIX_PATH=/opt/ros/humble /usr/bin/cmake --install /home/tazimo/tazimo_ws/build/vel-to-ser
[9.511s] Level 1:colcon.colcon_core.environment:create_environment_scripts_only(vel-to-ser)
[9.512s] Level 1:colcon.colcon_core.environment:checking '/home/tazimo/tazimo_ws/install/vel-to-ser' for CMake module files
[9.515s] Level 1:colcon.colcon_core.environment:checking '/home/tazimo/tazimo_ws/install/vel-to-ser' for CMake config files
[9.518s] Level 1:colcon.colcon_core.shell:create_environment_hook('vel-to-ser', 'cmake_prefix_path')
[9.519s] INFO:colcon.colcon_core.shell:Creating environment hook '/home/tazimo/tazimo_ws/install/vel-to-ser/share/vel-to-ser/hook/cmake_prefix_path.ps1'
[9.522s] DEBUG:colcon.colcon_core.event_handler.log_command:Invoked command in '/home/tazimo/tazimo_ws/build/vel-to-ser' returned '0': CMAKE_PREFIX_PATH=/opt/ros/humble /usr/bin/cmake --install /home/tazimo/tazimo_ws/build/vel-to-ser
[9.523s] INFO:colcon.colcon_core.shell:Creating environment descriptor '/home/tazimo/tazimo_ws/install/vel-to-ser/share/vel-to-ser/hook/cmake_prefix_path.dsv'
[9.525s] INFO:colcon.colcon_core.shell:Creating environment hook '/home/tazimo/tazimo_ws/install/vel-to-ser/share/vel-to-ser/hook/cmake_prefix_path.sh'
[9.528s] Level 1:colcon.colcon_core.environment:checking '/home/tazimo/tazimo_ws/install/vel-to-ser/lib'
[9.529s] Level 1:colcon.colcon_core.environment:checking '/home/tazimo/tazimo_ws/install/vel-to-ser/bin'
[9.529s] Level 1:colcon.colcon_core.environment:checking '/home/tazimo/tazimo_ws/install/vel-to-ser/lib/pkgconfig/vel-to-ser.pc'
[9.530s] Level 1:colcon.colcon_core.environment:checking '/home/tazimo/tazimo_ws/install/vel-to-ser/lib/python3.10/site-packages'
[9.531s] Level 1:colcon.colcon_core.environment:checking '/home/tazimo/tazimo_ws/install/vel-to-ser/bin'
[9.532s] INFO:colcon.colcon_core.shell:Creating package script '/home/tazimo/tazimo_ws/install/vel-to-ser/share/vel-to-ser/package.ps1'
[9.535s] INFO:colcon.colcon_core.shell:Creating package descriptor '/home/tazimo/tazimo_ws/install/vel-to-ser/share/vel-to-ser/package.dsv'
[9.537s] INFO:colcon.colcon_core.shell:Creating package script '/home/tazimo/tazimo_ws/install/vel-to-ser/share/vel-to-ser/package.sh'
[9.539s] INFO:colcon.colcon_core.shell:Creating package script '/home/tazimo/tazimo_ws/install/vel-to-ser/share/vel-to-ser/package.bash'
[9.541s] INFO:colcon.colcon_core.shell:Creating package script '/home/tazimo/tazimo_ws/install/vel-to-ser/share/vel-to-ser/package.zsh'
[9.543s] Level 1:colcon.colcon_core.environment:create_file_with_runtime_dependencies(/home/tazimo/tazimo_ws/install/vel-to-ser/share/colcon-core/packages/vel-to-ser)
[9.546s] Level 1:colcon.colcon_core.environment:create_environment_scripts_only(vel-to-ser)
[9.547s] Level 1:colcon.colcon_core.environment:checking '/home/tazimo/tazimo_ws/install/vel-to-ser' for CMake module files
[9.550s] Level 1:colcon.colcon_core.environment:checking '/home/tazimo/tazimo_ws/install/vel-to-ser' for CMake config files
[9.552s] Level 1:colcon.colcon_core.shell:create_environment_hook('vel-to-ser', 'cmake_prefix_path')
[9.553s] INFO:colcon.colcon_core.shell:Creating environment hook '/home/tazimo/tazimo_ws/install/vel-to-ser/share/vel-to-ser/hook/cmake_prefix_path.ps1'
[9.555s] INFO:colcon.colcon_core.shell:Creating environment descriptor '/home/tazimo/tazimo_ws/install/vel-to-ser/share/vel-to-ser/hook/cmake_prefix_path.dsv'
[9.557s] INFO:colcon.colcon_core.shell:Creating environment hook '/home/tazimo/tazimo_ws/install/vel-to-ser/share/vel-to-ser/hook/cmake_prefix_path.sh'
[9.560s] Level 1:colcon.colcon_core.environment:checking '/home/tazimo/tazimo_ws/install/vel-to-ser/lib'
[9.561s] Level 1:colcon.colcon_core.environment:checking '/home/tazimo/tazimo_ws/install/vel-to-ser/bin'
[9.561s] Level 1:colcon.colcon_core.environment:checking '/home/tazimo/tazimo_ws/install/vel-to-ser/lib/pkgconfig/vel-to-ser.pc'
[9.562s] Level 1:colcon.colcon_core.environment:checking '/home/tazimo/tazimo_ws/install/vel-to-ser/lib/python3.10/site-packages'
[9.563s] Level 1:colcon.colcon_core.environment:checking '/home/tazimo/tazimo_ws/install/vel-to-ser/bin'
[9.565s] INFO:colcon.colcon_core.shell:Creating package script '/home/tazimo/tazimo_ws/install/vel-to-ser/share/vel-to-ser/package.ps1'
[9.568s] INFO:colcon.colcon_core.shell:Creating package descriptor '/home/tazimo/tazimo_ws/install/vel-to-ser/share/vel-to-ser/package.dsv'
[9.571s] INFO:colcon.colcon_core.shell:Creating package script '/home/tazimo/tazimo_ws/install/vel-to-ser/share/vel-to-ser/package.sh'
[9.574s] INFO:colcon.colcon_core.shell:Creating package script '/home/tazimo/tazimo_ws/install/vel-to-ser/share/vel-to-ser/package.bash'
[9.577s] INFO:colcon.colcon_core.shell:Creating package script '/home/tazimo/tazimo_ws/install/vel-to-ser/share/vel-to-ser/package.zsh'
[9.579s] Level 1:colcon.colcon_core.environment:create_file_with_runtime_dependencies(/home/tazimo/tazimo_ws/install/vel-to-ser/share/colcon-core/packages/vel-to-ser)
[10.258s] DEBUG:colcon.colcon_core.event_handler.log_command:Invoking command in '/home/tazimo/tazimo_ws/src/diffdrive_arduino': PYTHONPATH=/home/tazimo/tazimo_ws/build/diffdrive_arduino/prefix_override:/usr/lib/python3/dist-packages/colcon_core/task/python/colcon_distutils_commands:/home/tazimo/tazimo_ws/install/diffdrive_arduino/lib/python3.10/site-packages:${PYTHONPATH} /usr/bin/python3 -W ignore:setup.py install is deprecated -W ignore:easy_install command is deprecated setup.py egg_info --egg-base ../../build/diffdrive_arduino build --build-base /home/tazimo/tazimo_ws/build/diffdrive_arduino/build install --record /home/tazimo/tazimo_ws/build/diffdrive_arduino/install.log --single-version-externally-managed install_data
[10.262s] DEBUG:colcon.colcon_core.event_handler.log_command:Invoking command in '/home/tazimo/tazimo_ws/src/cmdvel_to_serial': PYTHONPATH=/home/tazimo/tazimo_ws/build/cmdvel_to_serial/prefix_override:/usr/lib/python3/dist-packages/colcon_core/task/python/colcon_distutils_commands:/home/tazimo/tazimo_ws/install/cmdvel_to_serial/lib/python3.10/site-packages:${PYTHONPATH} /usr/bin/python3 -W ignore:setup.py install is deprecated -W ignore:easy_install command is deprecated setup.py egg_info --egg-base ../../build/cmdvel_to_serial build --build-base /home/tazimo/tazimo_ws/build/cmdvel_to_serial/build install --record /home/tazimo/tazimo_ws/build/cmdvel_to_serial/install.log --single-version-externally-managed install_data
[10.279s] DEBUG:colcon.colcon_core.event_handler.log_command:Invoking command in '/home/tazimo/tazimo_ws/src/encoder_to_odom': PYTHONPATH=/home/tazimo/tazimo_ws/build/encoder_to_odom/prefix_override:/usr/lib/python3/dist-packages/colcon_core/task/python/colcon_distutils_commands:/home/tazimo/tazimo_ws/install/encoder_to_odom/lib/python3.10/site-packages:${PYTHONPATH} /usr/bin/python3 -W ignore:setup.py install is deprecated -W ignore:easy_install command is deprecated setup.py egg_info --egg-base ../../build/encoder_to_odom build --build-base /home/tazimo/tazimo_ws/build/encoder_to_odom/build install --record /home/tazimo/tazimo_ws/build/encoder_to_odom/install.log --single-version-externally-managed install_data
[12.155s] Level 1:colcon.colcon_core.environment:checking '/home/tazimo/tazimo_ws/install/diffdrive_arduino' for CMake module files
[12.159s] DEBUG:colcon.colcon_core.event_handler.log_command:Invoked command in '/home/tazimo/tazimo_ws/src/diffdrive_arduino' returned '0': PYTHONPATH=/home/tazimo/tazimo_ws/build/diffdrive_arduino/prefix_override:/usr/lib/python3/dist-packages/colcon_core/task/python/colcon_distutils_commands:/home/tazimo/tazimo_ws/install/diffdrive_arduino/lib/python3.10/site-packages:${PYTHONPATH} /usr/bin/python3 -W ignore:setup.py install is deprecated -W ignore:easy_install command is deprecated setup.py egg_info --egg-base ../../build/diffdrive_arduino build --build-base /home/tazimo/tazimo_ws/build/diffdrive_arduino/build install --record /home/tazimo/tazimo_ws/build/diffdrive_arduino/install.log --single-version-externally-managed install_data
[12.170s] Level 1:colcon.colcon_core.environment:checking '/home/tazimo/tazimo_ws/install/diffdrive_arduino' for CMake config files
[12.182s] Level 1:colcon.colcon_core.environment:checking '/home/tazimo/tazimo_ws/install/diffdrive_arduino/lib'
[12.183s] Level 1:colcon.colcon_core.environment:checking '/home/tazimo/tazimo_ws/install/diffdrive_arduino/bin'
[12.184s] Level 1:colcon.colcon_core.environment:checking '/home/tazimo/tazimo_ws/install/diffdrive_arduino/lib/pkgconfig/diffdrive_arduino.pc'
[12.186s] Level 1:colcon.colcon_core.environment:checking '/home/tazimo/tazimo_ws/install/diffdrive_arduino/lib/python3.10/site-packages'
[12.188s] Level 1:colcon.colcon_core.shell:create_environment_hook('diffdrive_arduino', 'pythonpath')
[12.190s] INFO:colcon.colcon_core.shell:Creating environment hook '/home/tazimo/tazimo_ws/install/diffdrive_arduino/share/diffdrive_arduino/hook/pythonpath.ps1'
[12.196s] INFO:colcon.colcon_core.shell:Creating environment descriptor '/home/tazimo/tazimo_ws/install/diffdrive_arduino/share/diffdrive_arduino/hook/pythonpath.dsv'
[12.200s] INFO:colcon.colcon_core.shell:Creating environment hook '/home/tazimo/tazimo_ws/install/diffdrive_arduino/share/diffdrive_arduino/hook/pythonpath.sh'
[12.205s] Level 1:colcon.colcon_core.environment:checking '/home/tazimo/tazimo_ws/install/diffdrive_arduino/bin'
[12.206s] Level 1:colcon.colcon_core.environment:create_environment_scripts_only(diffdrive_arduino)
[12.208s] INFO:colcon.colcon_core.shell:Creating package script '/home/tazimo/tazimo_ws/install/diffdrive_arduino/share/diffdrive_arduino/package.ps1'
[12.216s] INFO:colcon.colcon_core.shell:Creating package descriptor '/home/tazimo/tazimo_ws/install/diffdrive_arduino/share/diffdrive_arduino/package.dsv'
[12.225s] INFO:colcon.colcon_core.shell:Creating package script '/home/tazimo/tazimo_ws/install/diffdrive_arduino/share/diffdrive_arduino/package.sh'
[12.236s] INFO:colcon.colcon_core.shell:Creating package script '/home/tazimo/tazimo_ws/install/diffdrive_arduino/share/diffdrive_arduino/package.bash'
[12.242s] INFO:colcon.colcon_core.shell:Creating package script '/home/tazimo/tazimo_ws/install/diffdrive_arduino/share/diffdrive_arduino/package.zsh'
[12.247s] Level 1:colcon.colcon_core.environment:create_file_with_runtime_dependencies(/home/tazimo/tazimo_ws/install/diffdrive_arduino/share/colcon-core/packages/diffdrive_arduino)
[12.258s] Level 1:colcon.colcon_core.environment:checking '/home/tazimo/tazimo_ws/install/cmdvel_to_serial' for CMake module files
[12.267s] DEBUG:colcon.colcon_core.event_handler.log_command:Invoked command in '/home/tazimo/tazimo_ws/src/cmdvel_to_serial' returned '0': PYTHONPATH=/home/tazimo/tazimo_ws/build/cmdvel_to_serial/prefix_override:/usr/lib/python3/dist-packages/colcon_core/task/python/colcon_distutils_commands:/home/tazimo/tazimo_ws/install/cmdvel_to_serial/lib/python3.10/site-packages:${PYTHONPATH} /usr/bin/python3 -W ignore:setup.py install is deprecated -W ignore:easy_install command is deprecated setup.py egg_info --egg-base ../../build/cmdvel_to_serial build --build-base /home/tazimo/tazimo_ws/build/cmdvel_to_serial/build install --record /home/tazimo/tazimo_ws/build/cmdvel_to_serial/install.log --single-version-externally-managed install_data
[12.269s] Level 1:colcon.colcon_core.environment:checking '/home/tazimo/tazimo_ws/install/cmdvel_to_serial' for CMake config files
[12.275s] Level 1:colcon.colcon_core.environment:checking '/home/tazimo/tazimo_ws/install/cmdvel_to_serial/lib'
[12.276s] Level 1:colcon.colcon_core.environment:checking '/home/tazimo/tazimo_ws/install/cmdvel_to_serial/bin'
[12.279s] Level 1:colcon.colcon_core.environment:checking '/home/tazimo/tazimo_ws/install/cmdvel_to_serial/lib/pkgconfig/cmdvel_to_serial.pc'
[12.281s] Level 1:colcon.colcon_core.environment:checking '/home/tazimo/tazimo_ws/install/cmdvel_to_serial/lib/python3.10/site-packages'
[12.282s] Level 1:colcon.colcon_core.shell:create_environment_hook('cmdvel_to_serial', 'pythonpath')
[12.284s] INFO:colcon.colcon_core.shell:Creating environment hook '/home/tazimo/tazimo_ws/install/cmdvel_to_serial/share/cmdvel_to_serial/hook/pythonpath.ps1'
[12.288s] INFO:colcon.colcon_core.shell:Creating environment descriptor '/home/tazimo/tazimo_ws/install/cmdvel_to_serial/share/cmdvel_to_serial/hook/pythonpath.dsv'
[12.293s] INFO:colcon.colcon_core.shell:Creating environment hook '/home/tazimo/tazimo_ws/install/cmdvel_to_serial/share/cmdvel_to_serial/hook/pythonpath.sh'
[12.300s] Level 1:colcon.colcon_core.environment:checking '/home/tazimo/tazimo_ws/install/cmdvel_to_serial/bin'
[12.301s] Level 1:colcon.colcon_core.environment:create_environment_scripts_only(cmdvel_to_serial)
[12.304s] INFO:colcon.colcon_core.shell:Creating package script '/home/tazimo/tazimo_ws/install/cmdvel_to_serial/share/cmdvel_to_serial/package.ps1'
[12.309s] INFO:colcon.colcon_core.shell:Creating package descriptor '/home/tazimo/tazimo_ws/install/cmdvel_to_serial/share/cmdvel_to_serial/package.dsv'
[12.314s] INFO:colcon.colcon_core.shell:Creating package script '/home/tazimo/tazimo_ws/install/cmdvel_to_serial/share/cmdvel_to_serial/package.sh'
[12.320s] INFO:colcon.colcon_core.shell:Creating package script '/home/tazimo/tazimo_ws/install/cmdvel_to_serial/share/cmdvel_to_serial/package.bash'
[12.324s] INFO:colcon.colcon_core.shell:Creating package script '/home/tazimo/tazimo_ws/install/cmdvel_to_serial/share/cmdvel_to_serial/package.zsh'
[12.327s] Level 1:colcon.colcon_core.environment:create_file_with_runtime_dependencies(/home/tazimo/tazimo_ws/install/cmdvel_to_serial/share/colcon-core/packages/cmdvel_to_serial)
[12.349s] Level 1:colcon.colcon_core.environment:checking '/home/tazimo/tazimo_ws/install/encoder_to_odom' for CMake module files
[12.351s] DEBUG:colcon.colcon_core.event_handler.log_command:Invoked command in '/home/tazimo/tazimo_ws/src/encoder_to_odom' returned '0': PYTHONPATH=/home/tazimo/tazimo_ws/build/encoder_to_odom/prefix_override:/usr/lib/python3/dist-packages/colcon_core/task/python/colcon_distutils_commands:/home/tazimo/tazimo_ws/install/encoder_to_odom/lib/python3.10/site-packages:${PYTHONPATH} /usr/bin/python3 -W ignore:setup.py install is deprecated -W ignore:easy_install command is deprecated setup.py egg_info --egg-base ../../build/encoder_to_odom build --build-base /home/tazimo/tazimo_ws/build/encoder_to_odom/build install --record /home/tazimo/tazimo_ws/build/encoder_to_odom/install.log --single-version-externally-managed install_data
[12.353s] Level 1:colcon.colcon_core.environment:checking '/home/tazimo/tazimo_ws/install/encoder_to_odom' for CMake config files
[12.357s] Level 1:colcon.colcon_core.environment:checking '/home/tazimo/tazimo_ws/install/encoder_to_odom/lib'
[12.358s] Level 1:colcon.colcon_core.environment:checking '/home/tazimo/tazimo_ws/install/encoder_to_odom/bin'
[12.358s] Level 1:colcon.colcon_core.environment:checking '/home/tazimo/tazimo_ws/install/encoder_to_odom/lib/pkgconfig/encoder_to_odom.pc'
[12.359s] Level 1:colcon.colcon_core.environment:checking '/home/tazimo/tazimo_ws/install/encoder_to_odom/lib/python3.10/site-packages'
[12.359s] Level 1:colcon.colcon_core.shell:create_environment_hook('encoder_to_odom', 'pythonpath')
[12.360s] INFO:colcon.colcon_core.shell:Creating environment hook '/home/tazimo/tazimo_ws/install/encoder_to_odom/share/encoder_to_odom/hook/pythonpath.ps1'
[12.362s] INFO:colcon.colcon_core.shell:Creating environment descriptor '/home/tazimo/tazimo_ws/install/encoder_to_odom/share/encoder_to_odom/hook/pythonpath.dsv'
[12.364s] INFO:colcon.colcon_core.shell:Creating environment hook '/home/tazimo/tazimo_ws/install/encoder_to_odom/share/encoder_to_odom/hook/pythonpath.sh'
[12.367s] Level 1:colcon.colcon_core.environment:checking '/home/tazimo/tazimo_ws/install/encoder_to_odom/bin'
[12.367s] Level 1:colcon.colcon_core.environment:create_environment_scripts_only(encoder_to_odom)
[12.369s] INFO:colcon.colcon_core.shell:Creating package script '/home/tazimo/tazimo_ws/install/encoder_to_odom/share/encoder_to_odom/package.ps1'
[12.372s] INFO:colcon.colcon_core.shell:Creating package descriptor '/home/tazimo/tazimo_ws/install/encoder_to_odom/share/encoder_to_odom/package.dsv'
[12.374s] INFO:colcon.colcon_core.shell:Creating package script '/home/tazimo/tazimo_ws/install/encoder_to_odom/share/encoder_to_odom/package.sh'
[12.376s] INFO:colcon.colcon_core.shell:Creating package script '/home/tazimo/tazimo_ws/install/encoder_to_odom/share/encoder_to_odom/package.bash'
[12.378s] INFO:colcon.colcon_core.shell:Creating package script '/home/tazimo/tazimo_ws/install/encoder_to_odom/share/encoder_to_odom/package.zsh'
[12.380s] Level 1:colcon.colcon_core.environment:create_file_with_runtime_dependencies(/home/tazimo/tazimo_ws/install/encoder_to_odom/share/colcon-core/packages/encoder_to_odom)
[12.381s] DEBUG:colcon.colcon_parallel_executor.executor.parallel:closing loop
[12.383s] DEBUG:colcon.colcon_parallel_executor.executor.parallel:loop closed
[12.383s] DEBUG:colcon.colcon_parallel_executor.executor.parallel:run_until_complete finished with '0'
[12.384s] DEBUG:colcon.colcon_core.event_reactor:joining thread
[12.410s] INFO:colcon.colcon_core.plugin_system:Skipping extension 'colcon_notification.desktop_notification.notify_send': Could not find 'notify-send'
[12.411s] INFO:colcon.colcon_core.plugin_system:Skipping extension 'colcon_notification.desktop_notification.terminal_notifier': Not used on non-Darwin systems
[12.411s] INFO:colcon.colcon_core.plugin_system:Skipping extension 'colcon_notification.desktop_notification.win32': Not used on non-Windows systems
[12.411s] INFO:colcon.colcon_notification.desktop_notification:Sending desktop notification using 'notify2'
[12.439s] DEBUG:colcon.colcon_notification.desktop_notification.notify2:Failed to initialize notify2: org.freedesktop.DBus.Error.ServiceUnknown: The name org.freedesktop.Notifications was not provided by any .service files
[12.439s] DEBUG:colcon.colcon_core.event_reactor:joined thread
[12.440s] INFO:colcon.colcon_core.shell:Creating prefix script '/home/tazimo/tazimo_ws/install/local_setup.ps1'
[12.446s] INFO:colcon.colcon_core.shell:Creating prefix util module '/home/tazimo/tazimo_ws/install/_local_setup_util_ps1.py'
[12.454s] INFO:colcon.colcon_core.shell:Creating prefix chain script '/home/tazimo/tazimo_ws/install/setup.ps1'
[12.460s] INFO:colcon.colcon_core.shell:Creating prefix script '/home/tazimo/tazimo_ws/install/local_setup.sh'
[12.463s] INFO:colcon.colcon_core.shell:Creating prefix util module '/home/tazimo/tazimo_ws/install/_local_setup_util_sh.py'
[12.466s] INFO:colcon.colcon_core.shell:Creating prefix chain script '/home/tazimo/tazimo_ws/install/setup.sh'
[12.471s] INFO:colcon.colcon_core.shell:Creating prefix script '/home/tazimo/tazimo_ws/install/local_setup.bash'
[12.475s] INFO:colcon.colcon_core.shell:Creating prefix chain script '/home/tazimo/tazimo_ws/install/setup.bash'
[12.480s] INFO:colcon.colcon_core.shell:Creating prefix script '/home/tazimo/tazimo_ws/install/local_setup.zsh'
[12.484s] INFO:colcon.colcon_core.shell:Creating prefix chain script '/home/tazimo/tazimo_ws/install/setup.zsh'
