[0.055s] Invoking command in '/home/tazimo/tazimo_ws/build/my_bot': CMAKE_PREFIX_PATH=${CMAKE_PREFIX_PATH}:/home/tazimo/tazimo_ws/install/encoder_to_odom:/home/tazimo/tazimo_ws/install/diffdrive_arduino:/home/tazimo/tazimo_ws/install/cmdvel_to_serial:/opt/ros/humble /usr/bin/cmake --build /home/tazimo/tazimo_ws/build/my_bot -- -j4 -l4
[0.272s] Invoked command in '/home/tazimo/tazimo_ws/build/my_bot' returned '0': CMAKE_PREFIX_PATH=${CMAKE_PREFIX_PATH}:/home/tazimo/tazimo_ws/install/encoder_to_odom:/home/tazimo/tazimo_ws/install/diffdrive_arduino:/home/tazimo/tazimo_ws/install/cmdvel_to_serial:/opt/ros/humble /usr/bin/cmake --build /home/tazimo/tazimo_ws/build/my_bot -- -j4 -l4
[0.274s] Invoking command in '/home/tazimo/tazimo_ws/build/my_bot': CMAKE_PREFIX_PATH=${CMAKE_PREFIX_PATH}:/home/tazimo/tazimo_ws/install/encoder_to_odom:/home/tazimo/tazimo_ws/install/diffdrive_arduino:/home/tazimo/tazimo_ws/install/cmdvel_to_serial:/opt/ros/humble /usr/bin/cmake --install /home/tazimo/tazimo_ws/build/my_bot
[0.318s] -- Install configuration: ""
[0.322s] -- Execute custom install script
[0.327s] -- Up-to-date symlink: /home/tazimo/tazimo_ws/install/my_bot/share/my_bot/config/default_view.rviz
[0.331s] -- Up-to-date symlink: /home/tazimo/tazimo_ws/install/my_bot/share/my_bot/config/drive_bot.rviz
[0.333s] -- Up-to-date symlink: /home/tazimo/tazimo_ws/install/my_bot/share/my_bot/config/empty.yaml
[0.335s] -- Up-to-date symlink: /home/tazimo/tazimo_ws/install/my_bot/share/my_bot/config/gaz_ros2_ctl_use_sim.yaml
[0.338s] -- Up-to-date symlink: /home/tazimo/tazimo_ws/install/my_bot/share/my_bot/config/gazebo_params.yaml
[0.340s] -- Up-to-date symlink: /home/tazimo/tazimo_ws/install/my_bot/share/my_bot/config/main.rviz
[0.342s] -- Up-to-date symlink: /home/tazimo/tazimo_ws/install/my_bot/share/my_bot/config/main_bot.rviz
[0.345s] -- Up-to-date symlink: /home/tazimo/tazimo_ws/install/my_bot/share/my_bot/config/mapper_params_online_async.yaml
[0.347s] -- Up-to-date symlink: /home/tazimo/tazimo_ws/install/my_bot/share/my_bot/config/my_controllers.yaml
[0.349s] -- Up-to-date symlink: /home/tazimo/tazimo_ws/install/my_bot/share/my_bot/config/view_bot.rviz
[0.353s] -- Up-to-date symlink: /home/tazimo/tazimo_ws/install/my_bot/share/my_bot/description/ROS2.xacro
[0.355s] -- Up-to-date symlink: /home/tazimo/tazimo_ws/install/my_bot/share/my_bot/description/gazebo_control.xacro
[0.357s] -- Up-to-date symlink: /home/tazimo/tazimo_ws/install/my_bot/share/my_bot/description/inertial_macros.xacro
[0.360s] -- Up-to-date symlink: /home/tazimo/tazimo_ws/install/my_bot/share/my_bot/description/lidar.xacro
[0.362s] -- Up-to-date symlink: /home/tazimo/tazimo_ws/install/my_bot/share/my_bot/description/robot.urdf.xacro
[0.365s] -- Up-to-date symlink: /home/tazimo/tazimo_ws/install/my_bot/share/my_bot/description/robot_core.xacro
[0.367s] -- Up-to-date symlink: /home/tazimo/tazimo_ws/install/my_bot/share/my_bot/description/ros2_control.xacro
[0.370s] -- Symlinking: /home/tazimo/tazimo_ws/install/my_bot/share/my_bot/launch/__pycache__/bringup.launch.cpython-310.pyc
[0.413s] -- Up-to-date symlink: /home/tazimo/tazimo_ws/install/my_bot/share/my_bot/launch/__pycache__/launch_robot.launch.cpython-310.pyc
[0.415s] -- Up-to-date symlink: /home/tazimo/tazimo_ws/install/my_bot/share/my_bot/launch/__pycache__/rsp.launch.cpython-310.pyc
[0.417s] -- Up-to-date symlink: /home/tazimo/tazimo_ws/install/my_bot/share/my_bot/launch/bringup.launch.py
[0.420s] -- Up-to-date symlink: /home/tazimo/tazimo_ws/install/my_bot/share/my_bot/launch/launch_robot.launch.py
[0.422s] -- Up-to-date symlink: /home/tazimo/tazimo_ws/install/my_bot/share/my_bot/launch/launch_sim.launch.py
[0.424s] -- Up-to-date symlink: /home/tazimo/tazimo_ws/install/my_bot/share/my_bot/launch/online_async_launch.py
[0.426s] -- Up-to-date symlink: /home/tazimo/tazimo_ws/install/my_bot/share/my_bot/launch/rplidar.launch.py
[0.428s] -- Up-to-date symlink: /home/tazimo/tazimo_ws/install/my_bot/share/my_bot/launch/rsp.launch.py
[0.432s] -- Up-to-date symlink: /home/tazimo/tazimo_ws/install/my_bot/share/my_bot/worlds/custom_world.world
[0.434s] -- Up-to-date symlink: /home/tazimo/tazimo_ws/install/my_bot/share/my_bot/worlds/empty.world
[0.436s] -- Up-to-date symlink: /home/tazimo/tazimo_ws/install/my_bot/share/my_bot/worlds/obstacles.world
[0.439s] -- Up-to-date symlink: /home/tazimo/tazimo_ws/install/my_bot/share/ament_index/resource_index/package_run_dependencies/my_bot
[0.441s] -- Up-to-date symlink: /home/tazimo/tazimo_ws/install/my_bot/share/ament_index/resource_index/parent_prefix_path/my_bot
[0.443s] -- Up-to-date symlink: /home/tazimo/tazimo_ws/install/my_bot/share/my_bot/environment/ament_prefix_path.sh
[0.446s] -- Up-to-date symlink: /home/tazimo/tazimo_ws/install/my_bot/share/my_bot/environment/ament_prefix_path.dsv
[0.448s] -- Up-to-date symlink: /home/tazimo/tazimo_ws/install/my_bot/share/my_bot/environment/path.sh
[0.451s] -- Up-to-date symlink: /home/tazimo/tazimo_ws/install/my_bot/share/my_bot/environment/path.dsv
[0.453s] -- Up-to-date symlink: /home/tazimo/tazimo_ws/install/my_bot/share/my_bot/local_setup.bash
[0.456s] -- Up-to-date symlink: /home/tazimo/tazimo_ws/install/my_bot/share/my_bot/local_setup.sh
[0.465s] -- Up-to-date symlink: /home/tazimo/tazimo_ws/install/my_bot/share/my_bot/local_setup.zsh
[0.467s] -- Up-to-date symlink: /home/tazimo/tazimo_ws/install/my_bot/share/my_bot/local_setup.dsv
[0.470s] -- Symlinking: /home/tazimo/tazimo_ws/install/my_bot/share/my_bot/package.dsv
[0.513s] -- Up-to-date symlink: /home/tazimo/tazimo_ws/install/my_bot/share/ament_index/resource_index/packages/my_bot
[0.515s] -- Up-to-date symlink: /home/tazimo/tazimo_ws/install/my_bot/share/my_bot/cmake/my_botConfig.cmake
[0.517s] -- Up-to-date symlink: /home/tazimo/tazimo_ws/install/my_bot/share/my_bot/cmake/my_botConfig-version.cmake
[0.520s] -- Up-to-date symlink: /home/tazimo/tazimo_ws/install/my_bot/share/my_bot/package.xml
[0.534s] Invoked command in '/home/tazimo/tazimo_ws/build/my_bot' returned '0': CMAKE_PREFIX_PATH=${CMAKE_PREFIX_PATH}:/home/tazimo/tazimo_ws/install/encoder_to_odom:/home/tazimo/tazimo_ws/install/diffdrive_arduino:/home/tazimo/tazimo_ws/install/cmdvel_to_serial:/opt/ros/humble /usr/bin/cmake --install /home/tazimo/tazimo_ws/build/my_bot
