running develop
Removing /home/tazimo/tazimo_ws/install/cmdvel_to_serial/lib/python3.10/site-packages/cmdvel-to-serial.egg-link (link to .)
running egg_info
writing ../../build/cmdvel_to_serial/cmdvel_to_serial.egg-info/PKG-INFO
writing dependency_links to ../../build/cmdvel_to_serial/cmdvel_to_serial.egg-info/dependency_links.txt
writing entry points to ../../build/cmdvel_to_serial/cmdvel_to_serial.egg-info/entry_points.txt
writing requirements to ../../build/cmdvel_to_serial/cmdvel_to_serial.egg-info/requires.txt
writing top-level names to ../../build/cmdvel_to_serial/cmdvel_to_serial.egg-info/top_level.txt
reading manifest file '../../build/cmdvel_to_serial/cmdvel_to_serial.egg-info/SOURCES.txt'
writing manifest file '../../build/cmdvel_to_serial/cmdvel_to_serial.egg-info/SOURCES.txt'
running build
running build_py
running install
running install_lib
creating /home/tazimo/tazimo_ws/install/cmdvel_to_serial/lib/python3.10/site-packages/cmdvel_to_serial
copying /home/tazimo/tazimo_ws/build/cmdvel_to_serial/build/lib/cmdvel_to_serial/__init__.py -> /home/tazimo/tazimo_ws/install/cmdvel_to_serial/lib/python3.10/site-packages/cmdvel_to_serial
copying /home/tazimo/tazimo_ws/build/cmdvel_to_serial/build/lib/cmdvel_to_serial/cmdvel_to_serial_node.py -> /home/tazimo/tazimo_ws/install/cmdvel_to_serial/lib/python3.10/site-packages/cmdvel_to_serial
byte-compiling /home/tazimo/tazimo_ws/install/cmdvel_to_serial/lib/python3.10/site-packages/cmdvel_to_serial/__init__.py to __init__.cpython-310.pyc
byte-compiling /home/tazimo/tazimo_ws/install/cmdvel_to_serial/lib/python3.10/site-packages/cmdvel_to_serial/cmdvel_to_serial_node.py to cmdvel_to_serial_node.cpython-310.pyc
running install_data
copying resource/cmdvel_to_serial -> /home/tazimo/tazimo_ws/install/cmdvel_to_serial/share/ament_index/resource_index/packages
copying package.xml -> /home/tazimo/tazimo_ws/install/cmdvel_to_serial/share/cmdvel_to_serial
running install_egg_info
Copying ../../build/cmdvel_to_serial/cmdvel_to_serial.egg-info to /home/tazimo/tazimo_ws/install/cmdvel_to_serial/lib/python3.10/site-packages/cmdvel_to_serial-0.0.0-py3.10.egg-info
running install_scripts
Installing cmdvel_to_serial script to /home/tazimo/tazimo_ws/install/cmdvel_to_serial/lib/cmdvel_to_serial
writing list of installed files to '/home/tazimo/tazimo_ws/build/cmdvel_to_serial/install.log'
