[6.925s] Invoking command in '/home/tazimo/tazimo_ws/build/cmdvel_to_serial': PYTHONPATH=/home/tazimo/tazimo_ws/build/cmdvel_to_serial/prefix_override:/usr/lib/python3/dist-packages/colcon_core/task/python/colcon_distutils_commands:/home/tazimo/tazimo_ws/install/cmdvel_to_serial/lib/python3.10/site-packages:${PYTHONPATH} /usr/bin/python3 -W ignore:setup.py install is deprecated -W ignore:easy_install command is deprecated setup.py develop --uninstall --editable --build-directory /home/tazimo/tazimo_ws/build/cmdvel_to_serial/build
[8.914s] running develop
[10.289s] Removing /home/tazimo/tazimo_ws/install/cmdvel_to_serial/lib/python3.10/site-packages/cmdvel-to-serial.egg-link (link to .)
[10.531s] Invoked command in '/home/tazimo/tazimo_ws/build/cmdvel_to_serial' returned '0': PYTHONPATH=/home/tazimo/tazimo_ws/build/cmdvel_to_serial/prefix_override:/usr/lib/python3/dist-packages/colcon_core/task/python/colcon_distutils_commands:/home/tazimo/tazimo_ws/install/cmdvel_to_serial/lib/python3.10/site-packages:${PYTHONPATH} /usr/bin/python3 -W ignore:setup.py install is deprecated -W ignore:easy_install command is deprecated setup.py develop --uninstall --editable --build-directory /home/tazimo/tazimo_ws/build/cmdvel_to_serial/build
[10.534s] Invoking command in '/home/tazimo/tazimo_ws/src/cmdvel_to_serial': PYTHONPATH=/home/tazimo/tazimo_ws/build/cmdvel_to_serial/prefix_override:/usr/lib/python3/dist-packages/colcon_core/task/python/colcon_distutils_commands:/home/tazimo/tazimo_ws/install/cmdvel_to_serial/lib/python3.10/site-packages:${PYTHONPATH} /usr/bin/python3 -W ignore:setup.py install is deprecated -W ignore:easy_install command is deprecated setup.py egg_info --egg-base ../../build/cmdvel_to_serial build --build-base /home/tazimo/tazimo_ws/build/cmdvel_to_serial/build install --record /home/tazimo/tazimo_ws/build/cmdvel_to_serial/install.log --single-version-externally-managed install_data --force
[12.458s] running egg_info
[12.462s] writing ../../build/cmdvel_to_serial/cmdvel_to_serial.egg-info/PKG-INFO
[12.466s] writing dependency_links to ../../build/cmdvel_to_serial/cmdvel_to_serial.egg-info/dependency_links.txt
[12.467s] writing entry points to ../../build/cmdvel_to_serial/cmdvel_to_serial.egg-info/entry_points.txt
[12.469s] writing requirements to ../../build/cmdvel_to_serial/cmdvel_to_serial.egg-info/requires.txt
[12.470s] writing top-level names to ../../build/cmdvel_to_serial/cmdvel_to_serial.egg-info/top_level.txt
[12.477s] reading manifest file '../../build/cmdvel_to_serial/cmdvel_to_serial.egg-info/SOURCES.txt'
[12.482s] writing manifest file '../../build/cmdvel_to_serial/cmdvel_to_serial.egg-info/SOURCES.txt'
[12.485s] running build
[12.485s] running build_py
[12.488s] running install
[12.489s] running install_lib
[12.493s] creating /home/tazimo/tazimo_ws/install/cmdvel_to_serial/lib/python3.10/site-packages/cmdvel_to_serial
[12.493s] copying /home/tazimo/tazimo_ws/build/cmdvel_to_serial/build/lib/cmdvel_to_serial/__init__.py -> /home/tazimo/tazimo_ws/install/cmdvel_to_serial/lib/python3.10/site-packages/cmdvel_to_serial
[12.494s] copying /home/tazimo/tazimo_ws/build/cmdvel_to_serial/build/lib/cmdvel_to_serial/cmdvel_to_serial_node.py -> /home/tazimo/tazimo_ws/install/cmdvel_to_serial/lib/python3.10/site-packages/cmdvel_to_serial
[12.497s] byte-compiling /home/tazimo/tazimo_ws/install/cmdvel_to_serial/lib/python3.10/site-packages/cmdvel_to_serial/__init__.py to __init__.cpython-310.pyc
[12.499s] byte-compiling /home/tazimo/tazimo_ws/install/cmdvel_to_serial/lib/python3.10/site-packages/cmdvel_to_serial/cmdvel_to_serial_node.py to cmdvel_to_serial_node.cpython-310.pyc
[12.504s] running install_data
[12.505s] copying resource/cmdvel_to_serial -> /home/tazimo/tazimo_ws/install/cmdvel_to_serial/share/ament_index/resource_index/packages
[12.505s] copying package.xml -> /home/tazimo/tazimo_ws/install/cmdvel_to_serial/share/cmdvel_to_serial
[12.506s] running install_egg_info
[12.516s] Copying ../../build/cmdvel_to_serial/cmdvel_to_serial.egg-info to /home/tazimo/tazimo_ws/install/cmdvel_to_serial/lib/python3.10/site-packages/cmdvel_to_serial-0.0.0-py3.10.egg-info
[12.524s] running install_scripts
[12.629s] Installing cmdvel_to_serial script to /home/tazimo/tazimo_ws/install/cmdvel_to_serial/lib/cmdvel_to_serial
[12.631s] writing list of installed files to '/home/tazimo/tazimo_ws/build/cmdvel_to_serial/install.log'
[12.826s] Invoked command in '/home/tazimo/tazimo_ws/src/cmdvel_to_serial' returned '0': PYTHONPATH=/home/tazimo/tazimo_ws/build/cmdvel_to_serial/prefix_override:/usr/lib/python3/dist-packages/colcon_core/task/python/colcon_distutils_commands:/home/tazimo/tazimo_ws/install/cmdvel_to_serial/lib/python3.10/site-packages:${PYTHONPATH} /usr/bin/python3 -W ignore:setup.py install is deprecated -W ignore:easy_install command is deprecated setup.py egg_info --egg-base ../../build/cmdvel_to_serial build --build-base /home/tazimo/tazimo_ws/build/cmdvel_to_serial/build install --record /home/tazimo/tazimo_ws/build/cmdvel_to_serial/install.log --single-version-externally-managed install_data --force
