[8.282s] Invoking command in '/home/tazimo/tazimo_ws/src/diffdrive_arduino': PYTHONPATH=/home/tazimo/tazimo_ws/build/diffdrive_arduino/prefix_override:/usr/lib/python3/dist-packages/colcon_core/task/python/colcon_distutils_commands:/home/tazimo/tazimo_ws/install/diffdrive_arduino/lib/python3.10/site-packages:${PYTHONPATH} /usr/bin/python3 -W ignore:setup.py install is deprecated -W ignore:easy_install command is deprecated setup.py egg_info --egg-base ../../build/diffdrive_arduino build --build-base /home/tazimo/tazimo_ws/build/diffdrive_arduino/build install --record /home/tazimo/tazimo_ws/build/diffdrive_arduino/install.log --single-version-externally-managed install_data
[10.063s] running egg_info
[10.067s] writing ../../build/diffdrive_arduino/diffdrive_arduino.egg-info/PKG-INFO
[10.070s] writing dependency_links to ../../build/diffdrive_arduino/diffdrive_arduino.egg-info/dependency_links.txt
[10.071s] writing entry points to ../../build/diffdrive_arduino/diffdrive_arduino.egg-info/entry_points.txt
[10.072s] writing requirements to ../../build/diffdrive_arduino/diffdrive_arduino.egg-info/requires.txt
[10.073s] writing top-level names to ../../build/diffdrive_arduino/diffdrive_arduino.egg-info/top_level.txt
[10.083s] reading manifest file '../../build/diffdrive_arduino/diffdrive_arduino.egg-info/SOURCES.txt'
[10.088s] writing manifest file '../../build/diffdrive_arduino/diffdrive_arduino.egg-info/SOURCES.txt'
[10.089s] running build
[10.089s] running build_py
[10.092s] running install
[10.093s] running install_lib
[10.102s] running install_data
[10.103s] running install_egg_info
[10.113s] removing '/home/tazimo/tazimo_ws/install/diffdrive_arduino/lib/python3.10/site-packages/diffdrive_arduino-0.0.0-py3.10.egg-info' (and everything under it)
[10.115s] Copying ../../build/diffdrive_arduino/diffdrive_arduino.egg-info to /home/tazimo/tazimo_ws/install/diffdrive_arduino/lib/python3.10/site-packages/diffdrive_arduino-0.0.0-py3.10.egg-info
[10.125s] running install_scripts
[10.265s] Installing diffdrive_node script to /home/tazimo/tazimo_ws/install/diffdrive_arduino/lib/diffdrive_arduino
[10.269s] writing list of installed files to '/home/tazimo/tazimo_ws/build/diffdrive_arduino/install.log'
[10.465s] Invoked command in '/home/tazimo/tazimo_ws/src/diffdrive_arduino' returned '0': PYTHONPATH=/home/tazimo/tazimo_ws/build/diffdrive_arduino/prefix_override:/usr/lib/python3/dist-packages/colcon_core/task/python/colcon_distutils_commands:/home/tazimo/tazimo_ws/install/diffdrive_arduino/lib/python3.10/site-packages:${PYTHONPATH} /usr/bin/python3 -W ignore:setup.py install is deprecated -W ignore:easy_install command is deprecated setup.py egg_info --egg-base ../../build/diffdrive_arduino build --build-base /home/tazimo/tazimo_ws/build/diffdrive_arduino/build install --record /home/tazimo/tazimo_ws/build/diffdrive_arduino/install.log --single-version-externally-managed install_data
