[0.078s] Invoking command in '/home/tazimo/tazimo_ws/build/sllidar_ros2': CMAKE_PREFIX_PATH=${CMAKE_PREFIX_PATH}:/home/tazimo/tazimo_ws/install/encoder_to_odom:/home/tazimo/tazimo_ws/install/diffdrive_arduino:/home/tazimo/tazimo_ws/install/cmdvel_to_serial:/opt/ros/humble /usr/bin/cmake --build /home/tazimo/tazimo_ws/build/sllidar_ros2 -- -j4 -l4
[0.588s] [ 90%] Built target sllidar_node
[0.594s] [100%] Built target sllidar_client
[0.655s] Invoked command in '/home/tazimo/tazimo_ws/build/sllidar_ros2' returned '0': CMAKE_PREFIX_PATH=${CMAKE_PREFIX_PATH}:/home/tazimo/tazimo_ws/install/encoder_to_odom:/home/tazimo/tazimo_ws/install/diffdrive_arduino:/home/tazimo/tazimo_ws/install/cmdvel_to_serial:/opt/ros/humble /usr/bin/cmake --build /home/tazimo/tazimo_ws/build/sllidar_ros2 -- -j4 -l4
[0.657s] Invoking command in '/home/tazimo/tazimo_ws/build/sllidar_ros2': CMAKE_PREFIX_PATH=${CMAKE_PREFIX_PATH}:/home/tazimo/tazimo_ws/install/encoder_to_odom:/home/tazimo/tazimo_ws/install/diffdrive_arduino:/home/tazimo/tazimo_ws/install/cmdvel_to_serial:/opt/ros/humble /usr/bin/cmake --install /home/tazimo/tazimo_ws/build/sllidar_ros2
[0.707s] -- Install configuration: ""
[0.711s] -- Execute custom install script
[0.717s] -- Up-to-date symlink: /home/tazimo/tazimo_ws/install/sllidar_ros2/share/sllidar_ros2/launch/sllidar_a1_launch.py
[0.720s] -- Up-to-date symlink: /home/tazimo/tazimo_ws/install/sllidar_ros2/share/sllidar_ros2/launch/sllidar_a2m12_launch .py
[0.727s] -- Up-to-date symlink: /home/tazimo/tazimo_ws/install/sllidar_ros2/share/sllidar_ros2/launch/sllidar_a2m7_launch.py
[0.731s] -- Up-to-date symlink: /home/tazimo/tazimo_ws/install/sllidar_ros2/share/sllidar_ros2/launch/sllidar_a2m8_launch.py
[0.736s] -- Up-to-date symlink: /home/tazimo/tazimo_ws/install/sllidar_ros2/share/sllidar_ros2/launch/sllidar_a3_launch.py
[0.739s] -- Up-to-date symlink: /home/tazimo/tazimo_ws/install/sllidar_ros2/share/sllidar_ros2/launch/sllidar_c1_launch.py
[0.746s] -- Up-to-date symlink: /home/tazimo/tazimo_ws/install/sllidar_ros2/share/sllidar_ros2/launch/sllidar_s1_launch.py
[0.749s] -- Up-to-date symlink: /home/tazimo/tazimo_ws/install/sllidar_ros2/share/sllidar_ros2/launch/sllidar_s1_tcp_launch.py
[0.752s] -- Up-to-date symlink: /home/tazimo/tazimo_ws/install/sllidar_ros2/share/sllidar_ros2/launch/sllidar_s2_launch.py
[0.756s] -- Up-to-date symlink: /home/tazimo/tazimo_ws/install/sllidar_ros2/share/sllidar_ros2/launch/sllidar_s2e_launch.py
[0.761s] -- Up-to-date symlink: /home/tazimo/tazimo_ws/install/sllidar_ros2/share/sllidar_ros2/launch/sllidar_s3_launch.py
[0.764s] -- Up-to-date symlink: /home/tazimo/tazimo_ws/install/sllidar_ros2/share/sllidar_ros2/launch/sllidar_t1_launch.py
[0.768s] -- Up-to-date symlink: /home/tazimo/tazimo_ws/install/sllidar_ros2/share/sllidar_ros2/launch/view_sllidar_a1_launch.py
[0.771s] -- Up-to-date symlink: /home/tazimo/tazimo_ws/install/sllidar_ros2/share/sllidar_ros2/launch/view_sllidar_a2m12_launch.py
[0.774s] -- Up-to-date symlink: /home/tazimo/tazimo_ws/install/sllidar_ros2/share/sllidar_ros2/launch/view_sllidar_a2m7_launch.py
[0.779s] -- Up-to-date symlink: /home/tazimo/tazimo_ws/install/sllidar_ros2/share/sllidar_ros2/launch/view_sllidar_a2m8_launch.py
[0.783s] -- Up-to-date symlink: /home/tazimo/tazimo_ws/install/sllidar_ros2/share/sllidar_ros2/launch/view_sllidar_a3_launch.py
[0.786s] -- Up-to-date symlink: /home/tazimo/tazimo_ws/install/sllidar_ros2/share/sllidar_ros2/launch/view_sllidar_c1_launch.py
[0.789s] -- Up-to-date symlink: /home/tazimo/tazimo_ws/install/sllidar_ros2/share/sllidar_ros2/launch/view_sllidar_s1_launch.py
[0.794s] -- Up-to-date symlink: /home/tazimo/tazimo_ws/install/sllidar_ros2/share/sllidar_ros2/launch/view_sllidar_s1_tcp_launch.py
[0.797s] -- Up-to-date symlink: /home/tazimo/tazimo_ws/install/sllidar_ros2/share/sllidar_ros2/launch/view_sllidar_s2_launch.py
[0.800s] -- Up-to-date symlink: /home/tazimo/tazimo_ws/install/sllidar_ros2/share/sllidar_ros2/launch/view_sllidar_s2e_launch.py
[0.803s] -- Up-to-date symlink: /home/tazimo/tazimo_ws/install/sllidar_ros2/share/sllidar_ros2/launch/view_sllidar_s3_launch.py
[0.806s] -- Up-to-date symlink: /home/tazimo/tazimo_ws/install/sllidar_ros2/share/sllidar_ros2/launch/view_sllidar_t1_launch.py
[0.810s] -- Up-to-date symlink: /home/tazimo/tazimo_ws/install/sllidar_ros2/share/sllidar_ros2/rviz/sllidar_ros2.rviz
[0.813s] -- Up-to-date symlink: /home/tazimo/tazimo_ws/install/sllidar_ros2/lib/sllidar_ros2/sllidar_node
[0.816s] -- Up-to-date symlink: /home/tazimo/tazimo_ws/install/sllidar_ros2/lib/sllidar_ros2/sllidar_client
[0.820s] -- Up-to-date symlink: /home/tazimo/tazimo_ws/install/sllidar_ros2/share/ament_index/resource_index/package_run_dependencies/sllidar_ros2
[0.823s] -- Up-to-date symlink: /home/tazimo/tazimo_ws/install/sllidar_ros2/share/ament_index/resource_index/parent_prefix_path/sllidar_ros2
[0.827s] -- Up-to-date symlink: /home/tazimo/tazimo_ws/install/sllidar_ros2/share/sllidar_ros2/environment/ament_prefix_path.sh
[0.831s] -- Up-to-date symlink: /home/tazimo/tazimo_ws/install/sllidar_ros2/share/sllidar_ros2/environment/ament_prefix_path.dsv
[0.835s] -- Up-to-date symlink: /home/tazimo/tazimo_ws/install/sllidar_ros2/share/sllidar_ros2/environment/path.sh
[0.837s] -- Up-to-date symlink: /home/tazimo/tazimo_ws/install/sllidar_ros2/share/sllidar_ros2/environment/path.dsv
[0.841s] -- Up-to-date symlink: /home/tazimo/tazimo_ws/install/sllidar_ros2/share/sllidar_ros2/local_setup.bash
[0.846s] -- Up-to-date symlink: /home/tazimo/tazimo_ws/install/sllidar_ros2/share/sllidar_ros2/local_setup.sh
[0.850s] -- Up-to-date symlink: /home/tazimo/tazimo_ws/install/sllidar_ros2/share/sllidar_ros2/local_setup.zsh
[0.853s] -- Up-to-date symlink: /home/tazimo/tazimo_ws/install/sllidar_ros2/share/sllidar_ros2/local_setup.dsv
[0.856s] -- Symlinking: /home/tazimo/tazimo_ws/install/sllidar_ros2/share/sllidar_ros2/package.dsv
[0.903s] -- Up-to-date symlink: /home/tazimo/tazimo_ws/install/sllidar_ros2/share/ament_index/resource_index/packages/sllidar_ros2
[0.905s] -- Up-to-date symlink: /home/tazimo/tazimo_ws/install/sllidar_ros2/share/sllidar_ros2/cmake/ament_cmake_export_dependencies-extras.cmake
[0.909s] -- Up-to-date symlink: /home/tazimo/tazimo_ws/install/sllidar_ros2/share/sllidar_ros2/cmake/ament_cmake_export_include_directories-extras.cmake
[0.912s] -- Up-to-date symlink: /home/tazimo/tazimo_ws/install/sllidar_ros2/share/sllidar_ros2/cmake/sllidar_ros2Config.cmake
[0.915s] -- Up-to-date symlink: /home/tazimo/tazimo_ws/install/sllidar_ros2/share/sllidar_ros2/cmake/sllidar_ros2Config-version.cmake
[0.919s] -- Up-to-date symlink: /home/tazimo/tazimo_ws/install/sllidar_ros2/share/sllidar_ros2/package.xml
[0.937s] Invoked command in '/home/tazimo/tazimo_ws/build/sllidar_ros2' returned '0': CMAKE_PREFIX_PATH=${CMAKE_PREFIX_PATH}:/home/tazimo/tazimo_ws/install/encoder_to_odom:/home/tazimo/tazimo_ws/install/diffdrive_arduino:/home/tazimo/tazimo_ws/install/cmdvel_to_serial:/opt/ros/humble /usr/bin/cmake --install /home/tazimo/tazimo_ws/build/sllidar_ros2
