[0.063s] Invoking command in '/home/tazimo/tazimo_ws/build/my_bot': CMAKE_PREFIX_PATH=${CMAKE_PREFIX_PATH}:/home/tazimo/tazimo_ws/install/encoder_to_odom:/home/tazimo/tazimo_ws/install/diffdrive_arduino:/home/tazimo/tazimo_ws/install/cmdvel_to_serial:/opt/ros/humble /usr/bin/cmake --build /home/tazimo/tazimo_ws/build/my_bot -- -j4 -l4
[0.647s] Invoked command in '/home/tazimo/tazimo_ws/build/my_bot' returned '0': CMAKE_PREFIX_PATH=${CMAKE_PREFIX_PATH}:/home/tazimo/tazimo_ws/install/encoder_to_odom:/home/tazimo/tazimo_ws/install/diffdrive_arduino:/home/tazimo/tazimo_ws/install/cmdvel_to_serial:/opt/ros/humble /usr/bin/cmake --build /home/tazimo/tazimo_ws/build/my_bot -- -j4 -l4
[0.688s] Invoking command in '/home/tazimo/tazimo_ws/build/my_bot': CMAKE_PREFIX_PATH=${CMAKE_PREFIX_PATH}:/home/tazimo/tazimo_ws/install/encoder_to_odom:/home/tazimo/tazimo_ws/install/diffdrive_arduino:/home/tazimo/tazimo_ws/install/cmdvel_to_serial:/opt/ros/humble /usr/bin/cmake --install /home/tazimo/tazimo_ws/build/my_bot
[0.717s] -- Install configuration: ""
[0.721s] -- Execute custom install script
[0.730s] -- Up-to-date symlink: /home/tazimo/tazimo_ws/install/my_bot/share/my_bot/config/READme.md
[0.731s] -- Up-to-date symlink: /home/tazimo/tazimo_ws/install/my_bot/share/my_bot/config/default_view.rviz
[0.732s] -- Up-to-date symlink: /home/tazimo/tazimo_ws/install/my_bot/share/my_bot/config/drive_bot.rviz
[0.733s] -- Up-to-date symlink: /home/tazimo/tazimo_ws/install/my_bot/share/my_bot/config/empty.yaml
[0.734s] -- Up-to-date symlink: /home/tazimo/tazimo_ws/install/my_bot/share/my_bot/config/gaz_ros2_ctl_use_sim.yaml
[0.735s] -- Up-to-date symlink: /home/tazimo/tazimo_ws/install/my_bot/share/my_bot/config/gazebo_params.yaml
[0.736s] -- Up-to-date symlink: /home/tazimo/tazimo_ws/install/my_bot/share/my_bot/config/joystick.yaml
[0.737s] -- Up-to-date symlink: /home/tazimo/tazimo_ws/install/my_bot/share/my_bot/config/main.rviz
[0.738s] -- Up-to-date symlink: /home/tazimo/tazimo_ws/install/my_bot/share/my_bot/config/main_bot.rviz
[0.739s] -- Up-to-date symlink: /home/tazimo/tazimo_ws/install/my_bot/share/my_bot/config/mapper_params_online_async.yaml
[0.739s] -- Up-to-date symlink: /home/tazimo/tazimo_ws/install/my_bot/share/my_bot/config/my_controllers.yaml
[0.740s] -- Up-to-date symlink: /home/tazimo/tazimo_ws/install/my_bot/share/my_bot/config/twist_mux.yaml
[0.741s] -- Up-to-date symlink: /home/tazimo/tazimo_ws/install/my_bot/share/my_bot/config/view_bot.rviz
[0.743s] -- Up-to-date symlink: /home/tazimo/tazimo_ws/install/my_bot/share/my_bot/description/READme.md
[0.743s] -- Up-to-date symlink: /home/tazimo/tazimo_ws/install/my_bot/share/my_bot/description/gazebo_control.xacro
[0.744s] -- Up-to-date symlink: /home/tazimo/tazimo_ws/install/my_bot/share/my_bot/description/inertial_macros.xacro
[0.745s] -- Up-to-date symlink: /home/tazimo/tazimo_ws/install/my_bot/share/my_bot/description/lidar.xacro
[0.745s] -- Up-to-date symlink: /home/tazimo/tazimo_ws/install/my_bot/share/my_bot/description/robot.urdf.xacro
[0.746s] -- Up-to-date symlink: /home/tazimo/tazimo_ws/install/my_bot/share/my_bot/description/robot_core.xacro
[0.747s] -- Up-to-date symlink: /home/tazimo/tazimo_ws/install/my_bot/share/my_bot/description/ros2_control.xacro
[0.749s] -- Up-to-date symlink: /home/tazimo/tazimo_ws/install/my_bot/share/my_bot/launch/READme.md
[0.749s] -- Up-to-date symlink: /home/tazimo/tazimo_ws/install/my_bot/share/my_bot/launch/bringup.launch.py
[0.750s] -- Up-to-date symlink: /home/tazimo/tazimo_ws/install/my_bot/share/my_bot/launch/joystick.launch.py
[0.751s] -- Up-to-date symlink: /home/tazimo/tazimo_ws/install/my_bot/share/my_bot/launch/launch_robot.launch.py
[0.751s] -- Up-to-date symlink: /home/tazimo/tazimo_ws/install/my_bot/share/my_bot/launch/launch_sim.launch.py
[0.752s] -- Up-to-date symlink: /home/tazimo/tazimo_ws/install/my_bot/share/my_bot/launch/online_async_launch.py
[0.753s] -- Up-to-date symlink: /home/tazimo/tazimo_ws/install/my_bot/share/my_bot/launch/rplidar.launch.py
[0.753s] -- Up-to-date symlink: /home/tazimo/tazimo_ws/install/my_bot/share/my_bot/launch/rsp.launch.py
[0.755s] -- Up-to-date symlink: /home/tazimo/tazimo_ws/install/my_bot/share/my_bot/worlds/READme.md
[0.755s] -- Up-to-date symlink: /home/tazimo/tazimo_ws/install/my_bot/share/my_bot/worlds/custom_world.world
[0.756s] -- Up-to-date symlink: /home/tazimo/tazimo_ws/install/my_bot/share/my_bot/worlds/empty.world
[0.757s] -- Up-to-date symlink: /home/tazimo/tazimo_ws/install/my_bot/share/my_bot/worlds/obstacles.world
[0.758s] -- Up-to-date symlink: /home/tazimo/tazimo_ws/install/my_bot/share/ament_index/resource_index/package_run_dependencies/my_bot
[0.760s] -- Up-to-date symlink: /home/tazimo/tazimo_ws/install/my_bot/share/ament_index/resource_index/parent_prefix_path/my_bot
[0.761s] -- Up-to-date symlink: /home/tazimo/tazimo_ws/install/my_bot/share/my_bot/environment/ament_prefix_path.sh
[0.762s] -- Up-to-date symlink: /home/tazimo/tazimo_ws/install/my_bot/share/my_bot/environment/ament_prefix_path.dsv
[0.763s] -- Up-to-date symlink: /home/tazimo/tazimo_ws/install/my_bot/share/my_bot/environment/path.sh
[0.764s] -- Up-to-date symlink: /home/tazimo/tazimo_ws/install/my_bot/share/my_bot/environment/path.dsv
[0.765s] -- Up-to-date symlink: /home/tazimo/tazimo_ws/install/my_bot/share/my_bot/local_setup.bash
[0.765s] -- Up-to-date symlink: /home/tazimo/tazimo_ws/install/my_bot/share/my_bot/local_setup.sh
[0.767s] -- Up-to-date symlink: /home/tazimo/tazimo_ws/install/my_bot/share/my_bot/local_setup.zsh
[0.767s] -- Up-to-date symlink: /home/tazimo/tazimo_ws/install/my_bot/share/my_bot/local_setup.dsv
[0.768s] -- Symlinking: /home/tazimo/tazimo_ws/install/my_bot/share/my_bot/package.dsv
[0.800s] -- Up-to-date symlink: /home/tazimo/tazimo_ws/install/my_bot/share/ament_index/resource_index/packages/my_bot
[0.802s] -- Up-to-date symlink: /home/tazimo/tazimo_ws/install/my_bot/share/my_bot/cmake/my_botConfig.cmake
[0.802s] -- Up-to-date symlink: /home/tazimo/tazimo_ws/install/my_bot/share/my_bot/cmake/my_botConfig-version.cmake
[0.803s] -- Up-to-date symlink: /home/tazimo/tazimo_ws/install/my_bot/share/my_bot/package.xml
[0.810s] Invoked command in '/home/tazimo/tazimo_ws/build/my_bot' returned '0': CMAKE_PREFIX_PATH=${CMAKE_PREFIX_PATH}:/home/tazimo/tazimo_ws/install/encoder_to_odom:/home/tazimo/tazimo_ws/install/diffdrive_arduino:/home/tazimo/tazimo_ws/install/cmdvel_to_serial:/opt/ros/humble /usr/bin/cmake --install /home/tazimo/tazimo_ws/build/my_bot
