[0.061s] Invoking command in '/home/tazimo/tazimo_ws/build/my_bot': CMAKE_PREFIX_PATH=${CMAKE_PREFIX_PATH}:/home/tazimo/tazimo_ws/install/encoder_to_odom:/home/tazimo/tazimo_ws/install/diffdrive_arduino:/home/tazimo/tazimo_ws/install/cmdvel_to_serial:/opt/ros/humble /usr/bin/cmake --build /home/tazimo/tazimo_ws/build/my_bot -- -j4 -l4
[0.304s] Invoked command in '/home/tazimo/tazimo_ws/build/my_bot' returned '0': CMAKE_PREFIX_PATH=${CMAKE_PREFIX_PATH}:/home/tazimo/tazimo_ws/install/encoder_to_odom:/home/tazimo/tazimo_ws/install/diffdrive_arduino:/home/tazimo/tazimo_ws/install/cmdvel_to_serial:/opt/ros/humble /usr/bin/cmake --build /home/tazimo/tazimo_ws/build/my_bot -- -j4 -l4
[0.306s] Invoking command in '/home/tazimo/tazimo_ws/build/my_bot': CMAKE_PREFIX_PATH=${CMAKE_PREFIX_PATH}:/home/tazimo/tazimo_ws/install/encoder_to_odom:/home/tazimo/tazimo_ws/install/diffdrive_arduino:/home/tazimo/tazimo_ws/install/cmdvel_to_serial:/opt/ros/humble /usr/bin/cmake --install /home/tazimo/tazimo_ws/build/my_bot
[0.382s] -- Install configuration: ""
[0.384s] -- Execute custom install script
[0.388s] -- Up-to-date symlink: /home/tazimo/tazimo_ws/install/my_bot/share/my_bot/config/READme.md
[0.399s] -- Up-to-date symlink: /home/tazimo/tazimo_ws/install/my_bot/share/my_bot/config/default_view.rviz
[0.400s] -- Up-to-date symlink: /home/tazimo/tazimo_ws/install/my_bot/share/my_bot/config/drive_bot.rviz
[0.402s] -- Up-to-date symlink: /home/tazimo/tazimo_ws/install/my_bot/share/my_bot/config/empty.yaml
[0.404s] -- Up-to-date symlink: /home/tazimo/tazimo_ws/install/my_bot/share/my_bot/config/gaz_ros2_ctl_use_sim.yaml
[0.406s] -- Up-to-date symlink: /home/tazimo/tazimo_ws/install/my_bot/share/my_bot/config/gazebo_params.yaml
[0.407s] -- Up-to-date symlink: /home/tazimo/tazimo_ws/install/my_bot/share/my_bot/config/joystick.yaml
[0.411s] -- Up-to-date symlink: /home/tazimo/tazimo_ws/install/my_bot/share/my_bot/config/main.rviz
[0.412s] -- Up-to-date symlink: /home/tazimo/tazimo_ws/install/my_bot/share/my_bot/config/main_bot.rviz
[0.412s] -- Up-to-date symlink: /home/tazimo/tazimo_ws/install/my_bot/share/my_bot/config/mapper_params_online_async.yaml
[0.413s] -- Up-to-date symlink: /home/tazimo/tazimo_ws/install/my_bot/share/my_bot/config/my_controllers.yaml
[0.413s] -- Up-to-date symlink: /home/tazimo/tazimo_ws/install/my_bot/share/my_bot/config/view_bot.rviz
[0.421s] -- Up-to-date symlink: /home/tazimo/tazimo_ws/install/my_bot/share/my_bot/description/READme.md
[0.427s] -- Up-to-date symlink: /home/tazimo/tazimo_ws/install/my_bot/share/my_bot/description/gazebo_control.xacro
[0.432s] -- Up-to-date symlink: /home/tazimo/tazimo_ws/install/my_bot/share/my_bot/description/inertial_macros.xacro
[0.436s] -- Up-to-date symlink: /home/tazimo/tazimo_ws/install/my_bot/share/my_bot/description/lidar.xacro
[0.437s] -- Up-to-date symlink: /home/tazimo/tazimo_ws/install/my_bot/share/my_bot/description/robot.urdf.xacro
[0.437s] -- Up-to-date symlink: /home/tazimo/tazimo_ws/install/my_bot/share/my_bot/description/robot_core.xacro
[0.448s] -- Up-to-date symlink: /home/tazimo/tazimo_ws/install/my_bot/share/my_bot/description/ros2_control.xacro
[0.450s] -- Up-to-date symlink: /home/tazimo/tazimo_ws/install/my_bot/share/my_bot/launch/READme.md
[0.452s] -- Up-to-date symlink: /home/tazimo/tazimo_ws/install/my_bot/share/my_bot/launch/bringup.launch.py
[0.454s] -- Up-to-date symlink: /home/tazimo/tazimo_ws/install/my_bot/share/my_bot/launch/joystick.launch.py
[0.454s] -- Up-to-date symlink: /home/tazimo/tazimo_ws/install/my_bot/share/my_bot/launch/launch_robot.launch.py
[0.457s] -- Up-to-date symlink: /home/tazimo/tazimo_ws/install/my_bot/share/my_bot/launch/launch_sim.launch.py
[0.458s] -- Up-to-date symlink: /home/tazimo/tazimo_ws/install/my_bot/share/my_bot/launch/online_async_launch.py
[0.458s] -- Up-to-date symlink: /home/tazimo/tazimo_ws/install/my_bot/share/my_bot/launch/rplidar.launch.py
[0.459s] -- Up-to-date symlink: /home/tazimo/tazimo_ws/install/my_bot/share/my_bot/launch/rsp.launch.py
[0.465s] -- Up-to-date symlink: /home/tazimo/tazimo_ws/install/my_bot/share/my_bot/worlds/READme.md
[0.471s] -- Up-to-date symlink: /home/tazimo/tazimo_ws/install/my_bot/share/my_bot/worlds/custom_world.world
[0.473s] -- Up-to-date symlink: /home/tazimo/tazimo_ws/install/my_bot/share/my_bot/worlds/empty.world
[0.480s] -- Up-to-date symlink: /home/tazimo/tazimo_ws/install/my_bot/share/my_bot/worlds/obstacles.world
[0.483s] -- Up-to-date symlink: /home/tazimo/tazimo_ws/install/my_bot/share/ament_index/resource_index/package_run_dependencies/my_bot
[0.486s] -- Up-to-date symlink: /home/tazimo/tazimo_ws/install/my_bot/share/ament_index/resource_index/parent_prefix_path/my_bot
[0.492s] -- Up-to-date symlink: /home/tazimo/tazimo_ws/install/my_bot/share/my_bot/environment/ament_prefix_path.sh
[0.496s] -- Up-to-date symlink: /home/tazimo/tazimo_ws/install/my_bot/share/my_bot/environment/ament_prefix_path.dsv
[0.503s] -- Up-to-date symlink: /home/tazimo/tazimo_ws/install/my_bot/share/my_bot/environment/path.sh
[0.511s] -- Up-to-date symlink: /home/tazimo/tazimo_ws/install/my_bot/share/my_bot/environment/path.dsv
[0.513s] -- Up-to-date symlink: /home/tazimo/tazimo_ws/install/my_bot/share/my_bot/local_setup.bash
[0.516s] -- Up-to-date symlink: /home/tazimo/tazimo_ws/install/my_bot/share/my_bot/local_setup.sh
[0.520s] -- Up-to-date symlink: /home/tazimo/tazimo_ws/install/my_bot/share/my_bot/local_setup.zsh
[0.527s] -- Up-to-date symlink: /home/tazimo/tazimo_ws/install/my_bot/share/my_bot/local_setup.dsv
[0.529s] -- Symlinking: /home/tazimo/tazimo_ws/install/my_bot/share/my_bot/package.dsv
[0.575s] -- Up-to-date symlink: /home/tazimo/tazimo_ws/install/my_bot/share/ament_index/resource_index/packages/my_bot
[0.580s] -- Up-to-date symlink: /home/tazimo/tazimo_ws/install/my_bot/share/my_bot/cmake/my_botConfig.cmake
[0.583s] -- Up-to-date symlink: /home/tazimo/tazimo_ws/install/my_bot/share/my_bot/cmake/my_botConfig-version.cmake
[0.585s] -- Up-to-date symlink: /home/tazimo/tazimo_ws/install/my_bot/share/my_bot/package.xml
[0.601s] Invoked command in '/home/tazimo/tazimo_ws/build/my_bot' returned '0': CMAKE_PREFIX_PATH=${CMAKE_PREFIX_PATH}:/home/tazimo/tazimo_ws/install/encoder_to_odom:/home/tazimo/tazimo_ws/install/diffdrive_arduino:/home/tazimo/tazimo_ws/install/cmdvel_to_serial:/opt/ros/humble /usr/bin/cmake --install /home/tazimo/tazimo_ws/build/my_bot
